Report 'report_power_summary': Power
Generated on Thu Dec 22 20:01:53 2022
  
--------------------------------------------------------------------------
|                        Power Summary (nanowatt)                        |
|------------------------------------------------------------------------|
| Component          Internal Switching  Dynamic Leakage  Total  Percent | 
|------------------------------------------------------------------------|
| Entire design        156294     67722   224016  244321  468337  100.00 | 
|                                                                        | 
| Power of all cells   156294     35048   191342  244321  435663   93.02 | 
|   Clock cells         10712      6424    17136     183   17319    3.70 | 
|   Data cells         145579     28624   174203  244138  418341   89.32 | 
|     Combinational         0         0        0  238636  238636   50.95 | 
|     Registers        145579     28624   174203    5503  179706   38.37 | 
|     Macros                0         0        0       0       0    0.00 | 
|     Physical              0         0        0       0       0    0.00 | 
|                                                                        | 
| Power of all nets               32674    32674           32674    6.98 | 
|   Clock nets                    32674    32674           32674    6.98 | 
|     Clock leaves                23157    23157           23157    4.94 | 
|   Data nets                         0        0               0    0.00 | 
--------------------------------------------------------------------------


info UI33: performed report_power_summary for 0 sec (CPU time: 0 sec; MEM: RSS - 551M, CVMEM - 2232M, PVMEM - 2513M)
-----------------------------------------------------------------------------------------------------------------------------------------------
| Corner     Enable Setup Hold  CRPR       SI   Power            EM   Voltage Drop DRC        Process                    RC Temp Scale Factor | 
|---------------------------------------------------------------------------------------------------------------------------------------------|
| slow       false  true  false setup_hold none leakage          none none         trans, cap new_rcmaster_techFreePDK45 25      1            | 
| fast       false  false false setup_hold none leakage          none none         trans, cap new_rcmaster_techFreePDK45 25      1            | 
| corner_0_0 true   true  true  setup_hold none leakage, dynamic none none         trans, cap new_rcmaster_techFreePDK45 25      1            | 
-----------------------------------------------------------------------------------------------------------------------------------------------


