Report 'report_mcmm_variation': MCMM Variation
Generated on Thu Dec 22 20:01:51 2022
  
-------------------------------------------------------------------
|   MCMM variability report for design 'multiplierTree' (nano)    |
|-----------------------------------------------------------------|
| MODE     CORNER     WNS     TNS      #Endpts WHS THS    #Endpts | 
|-----------------------------------------------------------------|
| new_mode corner_0_0 -0.4800 -27.6050 126     --- 0.0000 0       | 
-------------------------------------------------------------------


info UI33: performed report_mcmm_variation for 0 sec (CPU time: 0 sec; MEM: RSS - 550M, CVMEM - 2232M, PVMEM - 2513M)
Report 'report_path_group': Path Group
Generated on Thu Dec 22 20:01:51 2022
  
----------------------------------------------------------------------------------------------------------------------
|                                             PATH GROUPS (SETUP) (nano)                                             |
|--------------------------------------------------------------------------------------------------------------------|
|                 | QOR Weight Margin TNS Range Endpoints Violating Endpoints Violating Endpoints % WNS     TNS      | 
|--------------------------------------------------------------------------------------------------------------------|
| **global**      |     1             0.2000    194       126                 65                    -0.4800 -27.6050 | 
| **qor**         |     1             0.2000    194       126                 65                    -0.4800 -27.6050 | 
| **outputs**     | *   1             0.2000    65        64                  98                    -0.4800 -26.6270 | 
| sysclk_new_mode | *   1             0.2000    64        62                  97                    -0.0220 -0.9780  | 
----------------------------------------------------------------------------------------------------------------------


info UI33: performed report_path_group for 0 sec (CPU time: 0 sec; MEM: RSS - 550M, CVMEM - 2232M, PVMEM - 2513M)
SLACK HISTOGRAM
---------------
Select : SELECT_LATE

-----------------------------------------------
| Slack             # End Pts Total # End Pts | 
|---------------------------------------------|
| -0.4900 - -0.4810 1         1               | 
| -0.4800 - -0.4710 1         2               | 
| -0.4700 - -0.4610 0         2               | 
| -0.4600 - -0.4510 0         2               | 
| -0.4500 - -0.4410 0         2               | 
| -0.4400 - -0.4310 0         2               | 
| -0.4300 - -0.4210 2         4               | 
| -0.4200 - -0.4110 54        58              | 
| -0.4100 - -0.4010 6         64              | 
| -0.4000 - -0.3910 0         64              | 
| -0.3900 - -0.3810 0         64              | 
| -0.3800 - -0.3710 0         64              | 
| -0.3700 - -0.3610 0         64              | 
| -0.3600 - -0.3510 0         64              | 
| -0.3500 - -0.3410 0         64              | 
| -0.3400 - -0.3310 0         64              | 
| -0.3300 - -0.3210 0         64              | 
| -0.3200 - -0.3110 0         64              | 
| -0.3100 - -0.3010 0         64              | 
| -0.3000 - -0.2910 0         64              | 
| -0.2900 - -0.2810 0         64              | 
| -0.2800 - -0.2710 0         64              | 
| -0.2700 - -0.2610 0         64              | 
| -0.2600 - -0.2510 0         64              | 
| -0.2500 - -0.2410 0         64              | 
| -0.2400 - -0.2310 0         64              | 
| -0.2300 - -0.2210 0         64              | 
| -0.2200 - -0.2110 0         64              | 
| -0.2100 - -0.2010 0         64              | 
| -0.2000 - -0.1910 0         64              | 
| -0.1900 - -0.1810 0         64              | 
| -0.1800 - -0.1710 0         64              | 
| -0.1700 - -0.1610 0         64              | 
| -0.1600 - -0.1510 0         64              | 
| -0.1500 - -0.1410 0         64              | 
| -0.1400 - -0.1310 0         64              | 
| -0.1300 - -0.1210 0         64              | 
| -0.1200 - -0.1110 0         64              | 
| -0.1100 - -0.1010 0         64              | 
| -0.1000 - -0.0910 0         64              | 
| -0.0900 - -0.0810 0         64              | 
| -0.0800 - -0.0710 0         64              | 
| -0.0700 - -0.0610 0         64              | 
| -0.0600 - -0.0510 0         64              | 
| -0.0500 - -0.0410 0         64              | 
| -0.0400 - -0.0310 0         64              | 
| -0.0300 - -0.0210 6         70              | 
| -0.0200 - -0.0110 54        124             | 
| -0.0100 - -0.0010 2         126             | 
| 0.0000 - 0.9990   68        194             | 
-----------------------------------------------


info UI33: performed report_slack_histogram for 0 sec (CPU time: 0 sec; MEM: RSS - 550M, CVMEM - 2232M, PVMEM - 2513M)
Report 'report_path_group': Path Group
Generated on Thu Dec 22 20:01:51 2022
  
-------------------------------------------------------------------------------------------
|                                PATH GROUPS (HOLD) (nano)                                |
|-----------------------------------------------------------------------------------------|
| QOR Weight Margin TNS Range Endpoints Violating Endpoints Violating Endpoints % WNS TNS | 
-------------------------------------------------------------------------------------------


info UI33: performed report_path_group for 0 sec (CPU time: 0 sec; MEM: RSS - 550M, CVMEM - 2232M, PVMEM - 2513M)
SLACK HISTOGRAM
---------------
Select : SELECT_EARLY

---------------------------------------------
| Slack           # End Pts Total # End Pts | 
|-------------------------------------------|
| 0.0000 - 2.4990 194       194             | 
---------------------------------------------


info UI33: performed report_slack_histogram for 0 sec (CPU time: 0 sec; MEM: RSS - 550M, CVMEM - 2232M, PVMEM - 2513M)
