Report 'report_mcmm_variation': MCMM Variation
Generated on Thu Dec 22 19:52:54 2022
  
------------------------------------------------------------------------
|      MCMM variability report for design 'multiplierTree' (nano)      |
|----------------------------------------------------------------------|
| MODE     CORNER     WNS     TNS      #Endpts WHS     THS     #Endpts | 
|----------------------------------------------------------------------|
| new_mode corner_0_0 -0.4850 -29.8580 127     -0.8000 -0.8000 1       | 
------------------------------------------------------------------------


info UI33: performed report_mcmm_variation for 0 sec (CPU time: 0 sec; MEM: RSS - 565M, CVMEM - 2271M, PVMEM - 2513M)
Report 'report_path_group': Path Group
Generated on Thu Dec 22 19:52:54 2022
  
----------------------------------------------------------------------------------------------------------------------
|                                             PATH GROUPS (SETUP) (nano)                                             |
|--------------------------------------------------------------------------------------------------------------------|
|                 | QOR Weight Margin TNS Range Endpoints Violating Endpoints Violating Endpoints % WNS     TNS      | 
|--------------------------------------------------------------------------------------------------------------------|
| **global**      |     1             0.2000    194       127                 65                    -0.4850 -29.8580 | 
| **qor**         |     1             0.2000    194       127                 65                    -0.4850 -29.8580 | 
| **outputs**     | *   1             0.2000    65        64                  98                    -0.4850 -26.8000 | 
| sysclk_new_mode | *   1             0.2000    64        63                  98                    -0.0570 -3.0580  | 
----------------------------------------------------------------------------------------------------------------------


info UI33: performed report_path_group for 0 sec (CPU time: 0 sec; MEM: RSS - 565M, CVMEM - 2271M, PVMEM - 2513M)
SLACK HISTOGRAM
---------------
Select : SELECT_LATE

-----------------------------------------------
| Slack             # End Pts Total # End Pts | 
|---------------------------------------------|
| -0.4900 - -0.4810 1         1               | 
| -0.4800 - -0.4710 0         1               | 
| -0.4700 - -0.4610 0         1               | 
| -0.4600 - -0.4510 1         2               | 
| -0.4500 - -0.4410 2         4               | 
| -0.4400 - -0.4310 0         4               | 
| -0.4300 - -0.4210 9         13              | 
| -0.4200 - -0.4110 51        64              | 
| -0.4100 - -0.4010 0         64              | 
| -0.4000 - -0.3910 0         64              | 
| -0.3900 - -0.3810 0         64              | 
| -0.3800 - -0.3710 0         64              | 
| -0.3700 - -0.3610 0         64              | 
| -0.3600 - -0.3510 0         64              | 
| -0.3500 - -0.3410 0         64              | 
| -0.3400 - -0.3310 0         64              | 
| -0.3300 - -0.3210 0         64              | 
| -0.3200 - -0.3110 0         64              | 
| -0.3100 - -0.3010 0         64              | 
| -0.3000 - -0.2910 0         64              | 
| -0.2900 - -0.2810 0         64              | 
| -0.2800 - -0.2710 0         64              | 
| -0.2700 - -0.2610 0         64              | 
| -0.2600 - -0.2510 0         64              | 
| -0.2500 - -0.2410 0         64              | 
| -0.2400 - -0.2310 0         64              | 
| -0.2300 - -0.2210 0         64              | 
| -0.2200 - -0.2110 0         64              | 
| -0.2100 - -0.2010 0         64              | 
| -0.2000 - -0.1910 0         64              | 
| -0.1900 - -0.1810 0         64              | 
| -0.1800 - -0.1710 0         64              | 
| -0.1700 - -0.1610 0         64              | 
| -0.1600 - -0.1510 0         64              | 
| -0.1500 - -0.1410 0         64              | 
| -0.1400 - -0.1310 0         64              | 
| -0.1300 - -0.1210 0         64              | 
| -0.1200 - -0.1110 0         64              | 
| -0.1100 - -0.1010 0         64              | 
| -0.1000 - -0.0910 0         64              | 
| -0.0900 - -0.0810 0         64              | 
| -0.0800 - -0.0710 0         64              | 
| -0.0700 - -0.0610 0         64              | 
| -0.0600 - -0.0510 29        93              | 
| -0.0500 - -0.0410 32        125             | 
| -0.0400 - -0.0310 0         125             | 
| -0.0300 - -0.0210 1         126             | 
| -0.0200 - -0.0110 1         127             | 
| -0.0100 - -0.0010 0         127             | 
| 0.0000 - 2.4990   67        194             | 
-----------------------------------------------


info UI33: performed report_slack_histogram for 0 sec (CPU time: 0 sec; MEM: RSS - 565M, CVMEM - 2271M, PVMEM - 2513M)
Report 'report_path_group': Path Group
Generated on Thu Dec 22 19:52:54 2022
  
----------------------------------------------------------------------------------------------------------------------
|                                             PATH GROUPS (HOLD) (nano)                                              |
|--------------------------------------------------------------------------------------------------------------------|
|                  | QOR Weight Margin TNS Range Endpoints Violating Endpoints Violating Endpoints % WNS     TNS     | 
|--------------------------------------------------------------------------------------------------------------------|
| **global**       |     1             0.2000    194       1                   0.52                  -0.8000 -0.8000 | 
| **qor**          |     1             0.2000    194       1                   0.52                  -0.8000 -0.8000 | 
| **clock_gating** | *   1             0.2000    1         1                   100                   -0.8000 -0.8000 | 
----------------------------------------------------------------------------------------------------------------------


info UI33: performed report_path_group for 0 sec (CPU time: 0 sec; MEM: RSS - 565M, CVMEM - 2271M, PVMEM - 2513M)
SLACK HISTOGRAM
---------------
Select : SELECT_EARLY

-----------------------------------------------
| Slack             # End Pts Total # End Pts | 
|---------------------------------------------|
| -0.8250 - -0.8010 1         1               | 
| -0.8000 - -0.7760 0         1               | 
| -0.7750 - -0.7510 0         1               | 
| -0.7500 - -0.7260 0         1               | 
| -0.7250 - -0.7010 0         1               | 
| -0.7000 - -0.6760 0         1               | 
| -0.6750 - -0.6510 0         1               | 
| -0.6500 - -0.6260 0         1               | 
| -0.6250 - -0.6010 0         1               | 
| -0.6000 - -0.5760 0         1               | 
| -0.5750 - -0.5510 0         1               | 
| -0.5500 - -0.5260 0         1               | 
| -0.5250 - -0.5010 0         1               | 
| -0.5000 - -0.4760 0         1               | 
| -0.4750 - -0.4510 0         1               | 
| -0.4500 - -0.4260 0         1               | 
| -0.4250 - -0.4010 0         1               | 
| -0.4000 - -0.3760 0         1               | 
| -0.3750 - -0.3510 0         1               | 
| -0.3500 - -0.3260 0         1               | 
| -0.3250 - -0.3010 0         1               | 
| -0.3000 - -0.2760 0         1               | 
| -0.2750 - -0.2510 0         1               | 
| -0.2500 - -0.2260 0         1               | 
| -0.2250 - -0.2010 0         1               | 
| -0.2000 - -0.1760 0         1               | 
| -0.1750 - -0.1510 0         1               | 
| -0.1500 - -0.1260 0         1               | 
| -0.1250 - -0.1010 0         1               | 
| -0.1000 - -0.0760 0         1               | 
| -0.0750 - -0.0510 0         1               | 
| -0.0500 - -0.0260 0         1               | 
| -0.0250 - -0.0010 0         1               | 
| 0.0000 - 2.4990   193       194             | 
-----------------------------------------------


info UI33: performed report_slack_histogram for 0 sec (CPU time: 0 sec; MEM: RSS - 565M, CVMEM - 2271M, PVMEM - 2513M)
