Report 'report_power_summary': Power
Generated on Thu Dec 22 19:52:55 2022
  
--------------------------------------------------------------------------
|                        Power Summary (nanowatt)                        |
|------------------------------------------------------------------------|
| Component          Internal Switching  Dynamic Leakage  Total  Percent | 
|------------------------------------------------------------------------|
| Entire design        263774     51799   315574  242476  558050  100.00 | 
|                                                                        | 
| Power of all cells   263774     33732   297506  242476  539983   96.76 | 
|   Clock cells          4415      5109     9524     125    9650    1.73 | 
|   Data cells         259334     28623   287957  242351  530308   95.03 | 
|     Combinational         0         0        0  236956  236956   42.46 | 
|     Registers        259334     28623   287957    5395  293352   52.57 | 
|     Macros                0         0        0       0       0    0.00 | 
|     Physical              0         0        0       0       0    0.00 | 
|                                                                        | 
| Power of all nets               18067    18067           18067    3.24 | 
|   Clock nets                    18067    18067           18067    3.24 | 
|     Clock leaves                17753    17753           17753    3.18 | 
|   Data nets                         0        0               0    0.00 | 
--------------------------------------------------------------------------


info UI33: performed report_power_summary for 0 sec (CPU time: 0 sec; MEM: RSS - 568M, CVMEM - 2271M, PVMEM - 2513M)
-----------------------------------------------------------------------------------------------------------------------------------------------
| Corner     Enable Setup Hold  CRPR       SI   Power            EM   Voltage Drop DRC        Process                    RC Temp Scale Factor | 
|---------------------------------------------------------------------------------------------------------------------------------------------|
| slow       false  true  false setup_hold none leakage          none none         trans, cap new_rcmaster_techFreePDK45 25      1            | 
| fast       false  false false setup_hold none leakage          none none         trans, cap new_rcmaster_techFreePDK45 25      1            | 
| corner_0_0 true   true  true  setup_hold none leakage, dynamic none none         trans, cap new_rcmaster_techFreePDK45 25      1            | 
-----------------------------------------------------------------------------------------------------------------------------------------------


