Report 'report_power_summary': Power
Generated on Thu Dec 22 20:05:51 2022
  
--------------------------------------------------------------------------
|                        Power Summary (nanowatt)                        |
|------------------------------------------------------------------------|
| Component          Internal Switching  Dynamic Leakage  Total  Percent | 
|------------------------------------------------------------------------|
| Entire design        151993     57200   209193  246915  456107  100.00 | 
|                                                                        | 
| Power of all cells   151993     35048   187041  246915  433956   95.14 | 
|   Clock cells         10673      6424    17097     183   17279    3.79 | 
|   Data cells         141317     28624   169941  246732  416673   91.35 | 
|     Combinational         0         0        0  241229  241229   52.89 | 
|     Registers        141317     28624   169941    5503  175444   38.47 | 
|     Macros                0         0        0       0       0    0.00 | 
|     Physical              0         0        0       0       0    0.00 | 
|                                                                        | 
| Power of all nets               22152    22152           22152    4.86 | 
|   Clock nets                    22152    22152           22152    4.86 | 
|     Clock leaves                15802    15802           15802    3.46 | 
|   Data nets                         0        0               0    0.00 | 
--------------------------------------------------------------------------


info UI33: performed report_power_summary for 0 sec (CPU time: 0 sec; MEM: RSS - 642M, CVMEM - 2232M, PVMEM - 2513M)
------------------------------------------------------------------------------------------------------------------------------------------------
| Corner     Enable Setup Hold  CRPR       SI    Power            EM   Voltage Drop DRC        Process                    RC Temp Scale Factor | 
|----------------------------------------------------------------------------------------------------------------------------------------------|
| slow       false  true  false setup_hold none  leakage          none none         trans, cap new_rcmaster_techFreePDK45 25      1            | 
| fast       false  false false setup_hold none  leakage          none none         trans, cap new_rcmaster_techFreePDK45 25      1            | 
| corner_0_0 true   true  true  setup_hold delay leakage, dynamic none none         trans, cap new_rcmaster_techFreePDK45 25      1            | 
------------------------------------------------------------------------------------------------------------------------------------------------


