Report Physical info: 
------------------------+--------------------+-----------+------------
                        |                    |Area (squm)|Leakage (uW)
------------------------+--------------------+-----------+------------
Design Name             |sequentialMultiplier|           |            
  Total Instances       |                 902|       1213|      25.765
    Macros              |                   0|          0|       0.000
    Pads                |                   0|          0|       0.000
    Phys                |                   0|          0|       0.000
    Blackboxes          |                   0|          0|       0.000
    Cells               |                 902|       1213|      25.765
      Buffers           |                   0|          0|       0.000
      Inverters         |                 150|         80|       2.153
      Clock-Gates       |                   0|          0|       0.000
      Combinational     |                 647|        854|      19.321
      Latches           |                 105|        279|       4.291
      FlipFlops         |                   0|          0|       0.000
       Single-Bit FF    |                   0|          0|       0.000
       Multi-Bit FF     |                   0|          0|       0.000
       Clock-Gated      |                   0|           |            
       Bits             |                   0|          0|       0.000
         Load-Enabled   |                   0|           |            
         Clock-Gated    |                   0|           |            
  Tristate Pin Count    |                   0|           |            
Physical Info           |Placed              |           |            
  Chip Size (mm x mm)   |0.105 x 0.105       |      11016|            
  Fixed Cell Area       |                    |          0|            
    Phys Only           |                   0|          0|            
  Placeable Area        |                    |       2009|            
  Movable Cell Area     |                    |       1213|            
  Utilization (%)       |                  60|           |            
  Chip Utilization (%)  |                  60|           |            
  Total Wire Length (mm)|               7.250|           |            
  Longest Wire (mm)     |               0.058|           |            
  Average Wire (mm)     |               0.055|           |            
------------------------+--------------------+-----------+------------
