Report End Points: 
-----+-------+------+-------+------+-----+-----+-----+--------------------+---------------------
     |Group  |Launch|Capture|Shift |Delay|Depth|Slack|Begin Point         |End Point            
-----+-------+------+-------+------+-----+-----+-----+--------------------+---------------------
1    |default|sysclk|sysclk |1250.0|846.8|   21|251.2|accumulator_reg[1]/Q|accumulator_reg[30]/D
2    |default|sysclk|sysclk |1250.0|845.7|   20|252.3|accumulator_reg[1]/Q|accumulator_reg[29]/D
3    |default|sysclk|sysclk |1250.0|825.2|   20|272.8|accumulator_reg[1]/Q|accumulator_reg[25]/D
-----+-------+------+-------+------+-----+-----+-----+--------------------+---------------------
Report End Points: 
-----+-----+--------------+-------+------+-----+-----+-----+-----------+--------------------
     |Group|Launch        |Capture|Shift |Delay|Depth|Slack|Begin Point|End Point           
-----+-----+--------------+-------+------+-----+-----+-----+-----------+--------------------
1    |I2R  |rtDefaultClock|sysclk |1250.0|984.2|   22|  8.0|A[1]       |multiplier_reg[30]/D
2    |I2R  |rtDefaultClock|sysclk |1250.0|984.2|   21|  8.0|A[1]       |multiplier_reg[28]/D
3    |I2R  |rtDefaultClock|sysclk |1250.0|970.0|   22| 22.2|A[1]       |multiplier_reg[29]/D
-----+-----+--------------+-------+------+-----+-----+-----+-----------+--------------------
Report End Points: 
-----+-----+------+-------+-----+-----+-----+-----+-----------+---------
     |Group|Launch|Capture|Shift|Delay|Depth|Slack|Begin Point|End Point
-----+-----+------+-------+-----+-----+-----+-----+-----------+---------
1    |I2O  |      |       |     |     |     |     |           |         
-----+-----+------+-------+-----+-----+-----+-----+-----------+---------
Report End Points: 
-----+-----+------+-------+-----+-----+-----+-----+-----------+---------
     |Group|Launch|Capture|Shift|Delay|Depth|Slack|Begin Point|End Point
-----+-----+------+-------+-----+-----+-----+-----+-----------+---------
1    |R2O  |      |       |     |     |     |     |           |         
-----+-----+------+-------+-----+-----+-----+-----+-----------+---------
