warning: No library characterized for (process = 1.00 voltage = 0.85 temperature = 25.00) can be found in the database for power domain '/PD_TOP'  [NL-174]
Report Power (instances with prefix '*' are included in total) : 
-----+---------------------+--------------------+---------------------+-------------------+-----------------
     | Instance            | Internal Power(uw) | Switching Power(uw) | Leakage Power(uw) | Total Power(uw) 
-----+---------------------+--------------------+---------------------+-------------------+-----------------
1    |*i_0_0               |           49.920868|            43.398983|           1.822795|        95.142647
2    |*i_0_2               |           61.308887|            56.372478|           1.822795|       119.504158
3    |*i_0_4               |           25.550507|            23.755032|           3.814460|        53.119995
4    |*isNeg_reg[1]        |            1.510847|             3.598197|           0.040863|         5.149908
5    |*isNeg_reg[0]        |            1.476995|             0.971478|           0.040863|         2.489336
6    |*i_0_13              |           70.690102|           223.399628|           5.230955|       299.320679
7    |*accumulator_reg[31] |            1.409467|             5.657785|           0.040863|         7.108116
8    |*accumulator_reg[30] |            1.415557|             3.957212|           0.040863|         5.413631
9    |*accumulator_reg[29] |            1.414948|             4.972227|           0.040863|         6.428038
10   |*accumulator_reg[28] |            1.411288|             6.147674|           0.040863|         7.599824
11   |*accumulator_reg[27] |            1.414775|             6.735381|           0.040863|         8.191019
12   |*accumulator_reg[26] |            1.415438|             4.144212|           0.040863|         5.600513
13   |*accumulator_reg[25] |            1.415579|             3.837656|           0.040863|         5.294097
14   |*accumulator_reg[24] |            1.411767|             5.135149|           0.040863|         6.587779
15   |*accumulator_reg[23] |            1.414788|             6.592519|           0.040863|         8.048170
16   |*accumulator_reg[22] |            1.413858|             3.349240|           0.040863|         4.803961
17   |*accumulator_reg[21] |            1.415399|             4.148672|           0.040863|         5.604934
18   |*accumulator_reg[20] |            1.415021|             5.313703|           0.040863|         6.769586
19   |*accumulator_reg[19] |            1.414447|             7.167296|           0.040863|         8.622606
20   |*accumulator_reg[18] |            1.414892|             3.547085|           0.040863|         5.002840
21   |*accumulator_reg[17] |            1.415538|             3.904939|           0.040863|         5.361340
22   |*accumulator_reg[16] |            1.414656|             5.935720|           0.040863|         7.391239
23   |*accumulator_reg[15] |            1.413973|             3.181458|           0.040863|         4.636294
24   |*accumulator_reg[14] |            1.415339|             3.950262|           0.040863|         5.406464
25   |*accumulator_reg[13] |            1.415506|             3.944308|           0.040863|         5.400677
26   |*accumulator_reg[12] |            1.415730|             4.061015|           0.040863|         5.517608
27   |*accumulator_reg[11] |            1.416443|             3.739695|           0.040863|         5.197001
28   |*accumulator_reg[10] |            1.413715|             6.730346|           0.040863|         8.184923
29   |*accumulator_reg[9]  |            1.415311|             4.177436|           0.040863|         5.633611
30   |*accumulator_reg[8]  |            1.414076|             6.728609|           0.040863|         8.183548
31   |*accumulator_reg[7]  |            1.414640|             3.350860|           0.040863|         4.806364
32   |*accumulator_reg[6]  |            1.414640|             4.741579|           0.040863|         6.197082
33   |*accumulator_reg[5]  |            1.415064|             3.939181|           0.040863|         5.395108
34   |*accumulator_reg[4]  |            1.413417|             6.750147|           0.040863|         8.204428
35   |*accumulator_reg[3]  |            1.413983|             5.581179|           0.040863|         7.036025
36   |*accumulator_reg[2]  |            1.414305|             4.702189|           0.040863|         6.157357
37   |*accumulator_reg[1]  |            1.413668|             5.299154|           0.040863|         6.753685
38   |*accumulator_reg[0]  |            1.410488|             2.982216|           0.040863|         4.433567
39   |*multiplicand_reg[31]|            1.404532|             4.847515|           0.040863|         6.292911
40   |*multiplicand_reg[30]|            1.398464|             2.231921|           0.040863|         3.671249
41   |*multiplicand_reg[29]|            1.401159|             2.784185|           0.040863|         4.226207
42   |*multiplicand_reg[28]|            1.404340|             3.436270|           0.040863|         4.881473
43   |*multiplicand_reg[27]|            1.397486|             2.031455|           0.040863|         3.469805
44   |*multiplicand_reg[26]|            1.405028|             4.811882|           0.040863|         6.257772
45   |*multiplicand_reg[25]|            1.398393|             2.217373|           0.040863|         3.656630
46   |*multiplicand_reg[24]|            1.401134|             2.779059|           0.040863|         4.221056
47   |*multiplicand_reg[23]|            1.404340|             3.436270|           0.040863|         4.881473
48   |*multiplicand_reg[22]|            1.397486|             2.031455|           0.040863|         3.469805
49   |*multiplicand_reg[21]|            1.405028|             4.811882|           0.040863|         6.257772
50   |*multiplicand_reg[20]|            1.398592|             2.258134|           0.040863|         3.697590
51   |*multiplicand_reg[19]|            1.401204|             2.793607|           0.040863|         4.235674
52   |*multiplicand_reg[18]|            1.404166|             3.400636|           0.040863|         4.845665
53   |*multiplicand_reg[17]|            1.397415|             2.016907|           0.040863|         3.455185
54   |*multiplicand_reg[16]|            1.397415|             2.016907|           0.040863|         3.455186
55   |*multiplicand_reg[15]|            1.398088|             2.154881|           0.040863|         3.593833
56   |*multiplicand_reg[14]|            1.400462|             2.641391|           0.040863|         4.082716
57   |*multiplicand_reg[13]|            1.405024|             4.821301|           0.040863|         6.267189
58   |*multiplicand_reg[12]|            1.398777|             2.295923|           0.040863|         3.735563
59   |*multiplicand_reg[11]|            1.405024|             4.821301|           0.040863|         6.267189
60   |*multiplicand_reg[10]|            1.398603|             2.260290|           0.040863|         3.699756
61   |*multiplicand_reg[9] |            1.397887|             2.114120|           0.040863|         3.552871
62   |*multiplicand_reg[8] |            1.400288|             2.605757|           0.040863|         4.046908
63   |*multiplicand_reg[7] |            1.397486|             2.031455|           0.040863|         3.469805
64   |*multiplicand_reg[6] |            1.397894|             2.119247|           0.040863|         3.558005
65   |*multiplicand_reg[5] |            1.400263|             2.600630|           0.040863|         4.041756
66   |*multiplicand_reg[4] |            1.397614|             2.057668|           0.040863|         3.496145
67   |*multiplicand_reg[3] |            1.397486|             2.031455|           0.040863|         3.469805
68   |*multiplicand_reg[2] |            1.397672|             2.120323|           0.040863|         3.558858
69   |*multiplicand_reg[1] |            1.401171|             2.786795|           0.040863|         4.228829
70   |*multiplicand_reg[0] |            1.404443|             5.852621|           0.040863|         7.297927
71   |*ready_reg           |            1.488210|             2.178084|           0.040863|         3.707158
72   |*multiplier_reg[31]  |            1.557971|             3.733529|           0.040863|         5.332363
73   |*multiplier_reg[30]  |            1.497679|             1.498446|           0.040863|         3.036988
74   |*multiplier_reg[29]  |            1.507321|             1.915335|           0.040863|         3.463519
75   |*multiplier_reg[28]  |            1.487164|             1.115750|           0.040863|         2.643777
76   |*multiplier_reg[27]  |            1.518605|             4.322911|           0.040863|         5.882379
77   |*multiplier_reg[26]  |            1.487164|             1.115750|           0.040863|         2.643777
78   |*multiplier_reg[25]  |            1.497624|             1.496446|           0.040863|         3.034933
79   |*multiplier_reg[24]  |            1.509256|             2.260162|           0.040863|         3.810281
80   |*multiplier_reg[23]  |            1.499213|             1.554299|           0.040863|         3.094375
81   |*multiplier_reg[22]  |            1.481123|             0.907600|           0.040863|         2.429586
82   |*multiplier_reg[21]  |            1.487164|             1.115750|           0.040863|         2.643777
83   |*multiplier_reg[20]  |            1.502830|             1.685935|           0.040863|         3.229628
84   |*multiplier_reg[19]  |            1.508504|             2.126106|           0.040863|         3.675473
85   |*multiplier_reg[18]  |            1.487164|             1.115750|           0.040863|         2.643777
86   |*multiplier_reg[17]  |            1.481123|             0.907600|           0.040863|         2.429586
87   |*multiplier_reg[16]  |            1.509252|             2.259517|           0.040863|         3.809633
88   |*multiplier_reg[15]  |            1.481123|             0.907600|           0.040863|         2.429586
89   |*multiplier_reg[14]  |            1.503343|             1.704596|           0.040863|         3.248802
90   |*multiplier_reg[13]  |            1.502888|             1.688069|           0.040863|         3.231821
91   |*multiplier_reg[12]  |            1.502830|             1.685935|           0.040863|         3.229628
92   |*multiplier_reg[11]  |            1.481123|             0.907600|           0.040863|         2.429586
93   |*multiplier_reg[10]  |            1.503343|             1.704596|           0.040863|         3.248802
94   |*multiplier_reg[9]   |            1.502863|             1.688069|           0.040863|         3.231795
95   |*multiplier_reg[8]   |            1.502888|             1.688069|           0.040863|         3.231821
96   |*multiplier_reg[7]   |            1.481123|             0.907600|           0.040863|         2.429586
97   |*multiplier_reg[6]   |            1.503140|             1.704596|           0.040863|         3.248600
98   |*multiplier_reg[5]   |            1.502888|             1.688069|           0.040863|         3.231821
99   |*multiplier_reg[4]   |            1.502830|             1.685935|           0.040863|         3.229628
100  |*multiplier_reg[3]   |            1.514243|             3.149002|           0.040863|         4.704108
101  |*multiplier_reg[2]   |            1.500486|             1.687607|           0.040863|         3.228956
102  |*multiplier_reg[1]   |            1.502830|             1.685935|           0.040863|         3.229628
103  |*multiplier_reg[0]   |            1.482638|             1.098486|           0.040863|         2.621986
104  |*carry_reg           |            1.411764|             0.586559|           0.040863|         2.039186
105  |*counter_reg[4]      |            1.413052|             4.054585|           0.040863|         5.508500
106  |*counter_reg[3]      |            1.365425|             0.815339|           0.040863|         2.221627
107  |*counter_reg[2]      |            1.388569|             1.252670|           0.040863|         2.682102
108  |*counter_reg[1]      |            1.398783|             1.732927|           0.040863|         3.172573
109  |*counter_reg[0]      |            1.410753|             3.532756|           0.040863|         4.984373
110  |*i_0_1_0             |            0.513170|             0.000000|           0.022039|         0.535209
111  |*i_0_1_1             |            0.403189|             0.000000|           0.022619|         0.425808
112  |*i_0_1_2             |            0.124541|             0.000000|           0.018105|         0.142646
113  |*i_0_1_3             |            0.187801|             0.000000|           0.021200|         0.209000
114  |*i_0_1_4             |            0.200006|             0.000000|           0.021200|         0.221205
115  |*i_0_1_5             |            0.597566|             0.585817|           0.036164|         1.219547
116  |*i_0_1_6             |            0.237916|             0.000000|           0.027858|         0.265774
117  |*i_0_1_7             |            0.343936|             0.558742|           0.022619|         0.925297
118  |*i_0_1_8             |            0.200006|             0.000000|           0.021200|         0.221205
119  |*i_0_1_9             |            0.442149|             0.585817|           0.036164|         1.064130
120  |*i_0_1_10            |            0.227215|             0.000000|           0.027858|         0.255074
121  |*i_0_1_11            |            0.069826|             0.072126|           0.024415|         0.166367
122  |*i_0_1_12            |            0.379293|             0.573103|           0.022619|         0.975015
123  |*i_0_1_13            |            0.251455|             0.468738|           0.024415|         0.744608
124  |*i_0_1_14            |            0.256657|             0.654471|           0.024415|         0.935543
125  |*i_0_1_15            |            0.233516|             0.000000|           0.017393|         0.250909
126  |*i_0_1_16            |            0.884089|             0.000000|           0.036441|         0.920530
127  |*i_0_1_17            |            0.124589|             0.000000|           0.014353|         0.138942
128  |*i_0_1_18            |            0.303752|             0.000000|           0.032612|         0.336364
129  |*i_0_1_19            |            0.123761|             0.000000|           0.014353|         0.138114
130  |*i_0_1_20            |            0.301069|             0.000000|           0.032612|         0.333680
131  |*i_0_1_21            |            0.123292|             0.000000|           0.014353|         0.137646
132  |*i_0_1_22            |            0.301022|             0.000000|           0.032612|         0.333634
133  |*i_0_1_23            |            0.123028|             0.000000|           0.014353|         0.137382
134  |*i_0_1_24            |            0.300470|             0.000000|           0.032612|         0.333082
135  |*i_0_1_25            |            0.122880|             0.000000|           0.014353|         0.137233
136  |*i_0_1_26            |            0.300159|             0.000000|           0.032612|         0.332771
137  |*i_0_1_27            |            0.122796|             0.000000|           0.014353|         0.137149
138  |*i_0_1_28            |            0.299985|             0.000000|           0.032612|         0.332597
139  |*i_0_1_29            |            0.122749|             0.000000|           0.014353|         0.137102
140  |*i_0_1_30            |            0.298951|             0.000000|           0.032612|         0.331563
141  |*i_0_1_31            |            0.121213|             0.000000|           0.014353|         0.135567
142  |*i_0_1_32            |            0.295771|             0.000000|           0.032612|         0.328383
143  |*i_0_1_33            |            0.121860|             0.000000|           0.014353|         0.136214
144  |*i_0_1_34            |            0.298040|             0.000000|           0.032612|         0.330652
145  |*i_0_1_35            |            0.122223|             0.000000|           0.014353|         0.136576
146  |*i_0_1_36            |            0.298792|             0.000000|           0.032612|         0.331404
147  |*i_0_1_37            |            0.122427|             0.000000|           0.014353|         0.136780
148  |*i_0_1_38            |            0.298281|             0.000000|           0.032612|         0.330893
149  |*i_0_1_39            |            0.120926|             0.000000|           0.014353|         0.135279
150  |*i_0_1_40            |            0.296111|             0.000000|           0.032612|         0.328723
151  |*i_0_1_41            |            0.121700|             0.000000|           0.014353|         0.136053
152  |*i_0_1_42            |            0.297707|             0.000000|           0.032612|         0.330319
153  |*i_0_1_43            |            0.122133|             0.000000|           0.014353|         0.136486
154  |*i_0_1_44            |            0.298605|             0.000000|           0.032612|         0.331217
155  |*i_0_1_45            |            0.122376|             0.000000|           0.014353|         0.136729
156  |*i_0_1_46            |            0.298821|             0.000000|           0.032612|         0.331433
157  |*i_0_1_47            |            0.120881|             0.000000|           0.014353|         0.135234
158  |*i_0_1_48            |            0.296018|             0.000000|           0.032612|         0.328630
159  |*i_0_1_49            |            0.121674|             0.000000|           0.014353|         0.136027
160  |*i_0_1_50            |            0.297654|             0.000000|           0.032612|         0.330266
161  |*i_0_1_51            |            0.122119|             0.000000|           0.014353|         0.136472
162  |*i_0_1_52            |            0.298575|             0.000000|           0.032612|         0.331187
163  |*i_0_1_53            |            0.122368|             0.000000|           0.014353|         0.136721
164  |*i_0_1_54            |            0.298159|             0.000000|           0.032612|         0.330771
165  |*i_0_1_55            |            0.120874|             0.000000|           0.014353|         0.135227
166  |*i_0_1_56            |            0.296003|             0.000000|           0.032612|         0.328615
167  |*i_0_1_57            |            0.121670|             0.000000|           0.014353|         0.136023
168  |*i_0_1_58            |            0.297646|             0.000000|           0.032612|         0.330258
169  |*i_0_1_59            |            0.122116|             0.000000|           0.014353|         0.136470
170  |*i_0_1_60            |            0.298571|             0.000000|           0.032612|         0.331183
171  |*i_0_1_61            |            0.122367|             0.000000|           0.014353|         0.136720
172  |*i_0_1_62            |            0.298156|             0.000000|           0.032612|         0.330768
173  |*i_0_1_63            |            0.120872|             0.000000|           0.014353|         0.135226
174  |*i_0_1_64            |            0.295070|             0.000000|           0.032612|         0.327682
175  |*i_0_1_65            |            0.126874|             0.000000|           0.014353|         0.141227
176  |*i_0_1_66            |            0.308029|             0.000000|           0.032612|         0.340641
177  |*i_0_1_67            |            0.122116|             0.000000|           0.014353|         0.136469
178  |*i_0_1_68            |            0.297636|             0.000000|           0.032612|         0.330248
179  |*i_0_1_69            |            0.122063|             0.000000|           0.014353|         0.136416
180  |*i_0_1_70            |            0.297525|             0.000000|           0.032612|         0.330137
181  |*i_0_1_71            |            0.120761|             0.000000|           0.014353|         0.135115
182  |*i_0_1_72            |            0.295773|             0.000000|           0.032612|         0.328385
183  |*i_0_1_73            |            0.126808|             0.000000|           0.014353|         0.141161
184  |*i_0_1_74            |            0.307887|             0.000000|           0.032612|         0.340499
185  |*i_0_1_75            |            0.122081|             0.000000|           0.014353|         0.136434
186  |*i_0_1_76            |            0.297564|             0.000000|           0.032612|         0.330176
187  |*i_0_1_77            |            0.122047|             0.000000|           0.014353|         0.136400
188  |*i_0_1_78            |            0.297492|             0.000000|           0.032612|         0.330104
189  |*i_0_1_79            |            0.130167|             0.000000|           0.014353|         0.144520
190  |*i_0_1_80            |            0.322645|             0.000000|           0.032612|         0.355257
191  |*i_0_1_81            |            0.187801|             0.000000|           0.021200|         0.209000
192  |*i_0_1_82            |            0.320972|             0.000000|           0.025066|         0.346038
193  |*i_0_1_83            |            0.138581|             0.000000|           0.014353|         0.152934
194  |*i_0_1_84            |            0.275774|             0.000000|           0.032612|         0.308386
195  |*i_0_1_85            |            0.138235|             0.000000|           0.014353|         0.152589
196  |*i_0_1_86            |            0.333715|             0.000000|           0.047399|         0.381114
197  |*i_0_1_87            |            0.138678|             0.000000|           0.014353|         0.153031
198  |*i_0_1_88            |            0.334937|             0.000000|           0.047399|         0.382336
199  |*i_0_1_89            |            0.138235|             0.000000|           0.014353|         0.152589
200  |*i_0_1_90            |            0.333340|             0.000000|           0.047399|         0.380739
201  |*i_0_1_91            |            0.138235|             0.000000|           0.014353|         0.152589
202  |*i_0_1_92            |            0.336401|             0.000000|           0.047399|         0.383800
203  |*i_0_1_93            |            0.138235|             0.000000|           0.014353|         0.152589
204  |*i_0_1_94            |            0.333715|             0.000000|           0.047399|         0.381114
205  |*i_0_1_95            |            0.138272|             0.000000|           0.014353|         0.152625
206  |*i_0_1_96            |            0.333478|             0.000000|           0.047399|         0.380877
207  |*i_0_1_97            |            0.138235|             0.000000|           0.014353|         0.152589
208  |*i_0_1_98            |            0.336463|             0.000000|           0.047399|         0.383862
209  |*i_0_1_99            |            0.138235|             0.000000|           0.014353|         0.152589
210  |*i_0_1_100           |            0.333653|             0.000000|           0.047399|         0.381052
211  |*i_0_1_101           |            0.138240|             0.000000|           0.014353|         0.152593
212  |*i_0_1_102           |            0.334673|             0.000000|           0.047399|         0.382072
213  |*i_0_1_103           |            0.138235|             0.000000|           0.014353|         0.152589
214  |*i_0_1_104           |            0.328927|             0.000000|           0.047399|         0.376326
215  |*i_0_1_105           |            0.138235|             0.000000|           0.014353|         0.152589
216  |*i_0_1_106           |            0.334698|             0.000000|           0.047399|         0.382097
217  |*i_0_1_107           |            0.138235|             0.000000|           0.014353|         0.152589
218  |*i_0_1_108           |            0.328927|             0.000000|           0.047399|         0.376326
219  |*i_0_1_109           |            0.138235|             0.000000|           0.014353|         0.152589
220  |*i_0_1_110           |            0.336634|             0.000000|           0.047399|         0.384033
221  |*i_0_1_111           |            0.138235|             0.000000|           0.014353|         0.152589
222  |*i_0_1_112           |            0.333886|             0.000000|           0.047399|         0.381285
223  |*i_0_1_113           |            0.138235|             0.000000|           0.014353|         0.152589
224  |*i_0_1_114           |            0.333153|             0.000000|           0.047399|         0.380552
225  |*i_0_1_115           |            0.138235|             0.000000|           0.014353|         0.152589
226  |*i_0_1_116           |            0.333282|             0.000000|           0.047399|         0.380681
227  |*i_0_1_117           |            0.138235|             0.000000|           0.014353|         0.152589
228  |*i_0_1_118           |            0.328927|             0.000000|           0.047399|         0.376326
229  |*i_0_1_119           |            0.138235|             0.000000|           0.014353|         0.152589
230  |*i_0_1_120           |            0.337525|             0.000000|           0.047399|         0.384924
231  |*i_0_1_121           |            0.138235|             0.000000|           0.014353|         0.152589
232  |*i_0_1_122           |            0.334448|             0.000000|           0.047399|         0.381847
233  |*i_0_1_123           |            0.138235|             0.000000|           0.014353|         0.152589
234  |*i_0_1_124           |            0.328910|             0.000000|           0.047399|         0.376309
235  |*i_0_1_125           |            0.138235|             0.000000|           0.014353|         0.152589
236  |*i_0_1_126           |            0.333199|             0.000000|           0.047399|         0.380598
237  |*i_0_1_127           |            0.138235|             0.000000|           0.014353|         0.152589
238  |*i_0_1_128           |            0.328927|             0.000000|           0.047399|         0.376326
239  |*i_0_1_129           |            0.138235|             0.000000|           0.014353|         0.152589
240  |*i_0_1_130           |            0.337400|             0.000000|           0.047399|         0.384799
241  |*i_0_1_131           |            0.138235|             0.000000|           0.014353|         0.152589
242  |*i_0_1_132           |            0.334261|             0.000000|           0.047399|         0.381660
243  |*i_0_1_133           |            0.138235|             0.000000|           0.014353|         0.152589
244  |*i_0_1_134           |            0.328910|             0.000000|           0.047399|         0.376309
245  |*i_0_1_135           |            0.138235|             0.000000|           0.014353|         0.152589
246  |*i_0_1_136           |            0.333215|             0.000000|           0.047399|         0.380614
247  |*i_0_1_137           |            0.138235|             0.000000|           0.014353|         0.152589
248  |*i_0_1_138           |            0.329056|             0.000000|           0.047399|         0.376455
249  |*i_0_1_139           |            0.138235|             0.000000|           0.014353|         0.152589
250  |*i_0_1_140           |            0.337463|             0.000000|           0.047399|         0.384862
251  |*i_0_1_141           |            0.138235|             0.000000|           0.014353|         0.152589
252  |*i_0_1_142           |            0.334323|             0.000000|           0.047399|         0.381722
253  |*i_0_1_143           |            0.138235|             0.000000|           0.014353|         0.152589
254  |*i_0_1_144           |            0.328910|             0.000000|           0.047399|         0.376309
255  |*i_0_1_145           |            0.053297|             0.000000|           0.026832|         0.080128
256  |*i_0_1_146           |            0.139069|             0.000000|           0.014353|         0.153422
257  |*i_0_1_147           |            0.278275|             0.000000|           0.032612|         0.310887
258  |*i_0_1_148           |            0.655320|             0.582875|           0.035928|         1.274124
259  |*i_0_1_149           |            0.045417|             0.000000|           0.026832|         0.072249
260  |*i_0_1_150           |            0.080814|             0.000000|           0.021200|         0.102013
261  |*i_0_1_151           |            1.021433|             0.371837|           0.025066|         1.418336
262  |*i_0_1_152           |            0.487245|             0.350992|           0.014353|         0.852590
263  |*i_0_1_153           |            0.836066|             5.679600|           0.032612|         6.548277
264  |*i_0_1_154           |            0.501751|             0.361441|           0.014353|         0.877545
265  |*i_0_1_155           |            0.859455|             5.848689|           0.032612|         6.740756
266  |*i_0_1_156           |            0.487245|             0.350992|           0.014353|         0.852590
267  |*i_0_1_157           |            0.836066|             5.679600|           0.032612|         6.548277
268  |*i_0_1_158           |            0.487245|             0.350992|           0.014353|         0.852590
269  |*i_0_1_159           |            0.836066|             5.679600|           0.032612|         6.548277
270  |*i_0_1_160           |            0.487245|             0.350992|           0.014353|         0.852590
271  |*i_0_1_161           |            0.836066|             5.679600|           0.032612|         6.548277
272  |*i_0_1_162           |            0.488456|             0.351864|           0.014353|         0.854674
273  |*i_0_1_163           |            0.839843|             5.693722|           0.032612|         6.566177
274  |*i_0_1_164           |            0.487245|             0.350992|           0.014353|         0.852590
275  |*i_0_1_165           |            0.836066|             5.679600|           0.032612|         6.548277
276  |*i_0_1_166           |            0.487245|             0.350992|           0.014353|         0.852590
277  |*i_0_1_167           |            0.836066|             5.679600|           0.032612|         6.548277
278  |*i_0_1_168           |            0.487399|             0.351102|           0.014353|         0.852854
279  |*i_0_1_169           |            0.838312|             5.681393|           0.032612|         6.552317
280  |*i_0_1_170           |            0.487245|             0.350992|           0.014353|         0.852590
281  |*i_0_1_171           |            0.836066|             5.679600|           0.032612|         6.548277
282  |*i_0_1_172           |            0.487245|             0.350992|           0.014353|         0.852590
283  |*i_0_1_173           |            0.835872|             5.679600|           0.032612|         6.548084
284  |*i_0_1_174           |            0.487245|             0.350992|           0.014353|         0.852590
285  |*i_0_1_175           |            0.836066|             5.679600|           0.032612|         6.548277
286  |*i_0_1_176           |            0.487245|             0.350992|           0.014353|         0.852590
287  |*i_0_1_177           |            0.835872|             5.679600|           0.032612|         6.548084
288  |*i_0_1_178           |            0.487245|             0.350992|           0.014353|         0.852590
289  |*i_0_1_179           |            0.835872|             5.679600|           0.032612|         6.548084
290  |*i_0_1_180           |            0.487245|             0.350992|           0.014353|         0.852590
291  |*i_0_1_181           |            0.836066|             5.679600|           0.032612|         6.548277
292  |*i_0_1_182           |            0.487246|             0.350993|           0.014353|         0.852592
293  |*i_0_1_183           |            0.838091|             5.679615|           0.032612|         6.550318
294  |*i_0_1_184           |            0.487245|             0.350992|           0.014353|         0.852590
295  |*i_0_1_185           |            0.836066|             5.679600|           0.032612|         6.548277
296  |*i_0_1_186           |            0.487245|             0.350992|           0.014353|         0.852590
297  |*i_0_1_187           |            0.836066|             5.679600|           0.032612|         6.548277
298  |*i_0_1_188           |            0.487245|             0.350992|           0.014353|         0.852590
299  |*i_0_1_189           |            0.835872|             5.679600|           0.032612|         6.548084
300  |*i_0_1_190           |            0.487245|             0.350992|           0.014353|         0.852590
301  |*i_0_1_191           |            0.835872|             5.679600|           0.032612|         6.548084
302  |*i_0_1_192           |            0.487245|             0.350992|           0.014353|         0.852590
303  |*i_0_1_193           |            0.835872|             5.679600|           0.032612|         6.548084
304  |*i_0_1_194           |            0.487245|             0.350992|           0.014353|         0.852590
305  |*i_0_1_195           |            0.836066|             5.679600|           0.032612|         6.548277
306  |*i_0_1_196           |            0.487245|             0.350992|           0.014353|         0.852590
307  |*i_0_1_197           |            0.836066|             5.679600|           0.032612|         6.548277
308  |*i_0_1_198           |            0.487245|             0.350992|           0.014353|         0.852590
309  |*i_0_1_199           |            0.835872|             5.679600|           0.032612|         6.548084
310  |*i_0_1_200           |            0.487245|             0.350992|           0.014353|         0.852590
311  |*i_0_1_201           |            0.835872|             5.679600|           0.032612|         6.548084
312  |*i_0_1_202           |            0.487245|             0.350992|           0.014353|         0.852590
313  |*i_0_1_203           |            0.836066|             5.679600|           0.032612|         6.548277
314  |*i_0_1_204           |            2.059483|             0.350992|           0.014353|         2.424828
315  |*i_0_1_205           |            3.354012|             5.679600|           0.032612|         9.066224
316  |*i_0_1_206           |            2.059483|             0.350992|           0.014353|         2.424828
317  |*i_0_1_207           |            3.359915|             5.679600|           0.032612|         9.072127
318  |*i_0_1_208           |            2.059483|             0.350992|           0.014353|         2.424828
319  |*i_0_1_209           |            3.355714|             5.679600|           0.032612|         9.067926
320  |*i_0_1_210           |            2.059483|             0.350992|           0.014353|         2.424828
321  |*i_0_1_211           |            3.355714|             5.679600|           0.032612|         9.067926
322  |*i_0_1_212           |            0.297310|            32.079552|           0.021200|        32.398064
323  |*i_0_1_213           |            1.942387|             0.216905|           0.025066|         2.184357
324  |*i_0_1_214           |            0.383551|             0.000000|           0.025066|         0.408617
325  |*i_0_1_215           |            0.259554|             0.000000|           0.017393|         0.276947
326  |*i_0_1_216           |            0.181469|             0.000000|           0.017393|         0.198863
327  |*i_0_1_217           |            0.443321|             0.000000|           0.027858|         0.471179
328  |*i_0_1_218           |            0.190688|             0.000000|           0.014353|         0.205042
329  |*i_0_1_219           |            0.470100|             0.000000|           0.025066|         0.495167
330  |*i_0_1_220           |            0.225396|             0.000000|           0.018105|         0.243500
331  |*i_0_1_221           |            0.448406|             0.000000|           0.017393|         0.465799
332  |*i_0_1_222           |            0.522534|             0.371837|           0.021200|         0.915570
333  |*i_0_1_223           |            1.164013|            35.856041|           0.025066|        37.045120
334  |*i_0_1_224           |            0.656163|             2.042320|           0.036441|         2.734924
335  |*i_0_1_225           |            0.208959|             0.390662|           0.017393|         0.617014
336  |*i_0_1_226           |            0.698659|             2.084934|           0.035928|         2.819521
337  |*i_0_1_227           |            0.699350|             2.082685|           0.035928|         2.817963
338  |*i_0_1_228           |            0.698472|             2.042555|           0.035928|         2.776956
339  |*i_0_1_229           |            0.698491|             2.045436|           0.035928|         2.779855
340  |*i_0_1_230           |            0.698727|             2.089061|           0.035928|         2.823717
341  |*i_0_1_231           |            0.698915|             2.046652|           0.035928|         2.781496
342  |*i_0_1_232           |            0.698505|             2.046682|           0.035928|         2.781116
343  |*i_0_1_233           |            0.698735|             2.090388|           0.035928|         2.825051
344  |*i_0_1_234           |            0.699097|             2.089297|           0.035928|         2.824322
345  |*i_0_1_235           |            0.698813|             2.091634|           0.035928|         2.826375
346  |*i_0_1_236           |            0.699180|             2.046917|           0.035928|         2.782026
347  |*i_0_1_237           |            0.698484|             2.049798|           0.035928|         2.784210
348  |*i_0_1_238           |            0.699560|             2.093424|           0.035928|         2.828913
349  |*i_0_1_239           |            0.698433|             2.051045|           0.035928|         2.785407
350  |*i_0_1_240           |            0.698812|             2.051045|           0.035928|         2.785785
351  |*i_0_1_241           |            0.698886|             2.094750|           0.035928|         2.829565
352  |*i_0_1_242           |            0.698877|             2.093659|           0.035928|         2.828465
353  |*i_0_1_243           |            0.699348|             2.095997|           0.035928|         2.831273
354  |*i_0_1_244           |            0.698642|             2.051280|           0.035928|         2.785850
355  |*i_0_1_245           |            0.698758|             2.054161|           0.035928|         2.788848
356  |*i_0_1_246           |            0.699596|             2.097787|           0.035928|         2.833311
357  |*i_0_1_247           |            0.698574|             2.055407|           0.035928|         2.789910
358  |*i_0_1_248           |            0.699016|             2.055407|           0.035928|         2.790352
359  |*i_0_1_249           |            0.699000|             2.099113|           0.035928|         2.834041
360  |*i_0_1_250           |            0.699105|             2.098022|           0.035928|         2.833055
361  |*i_0_1_251           |            0.699617|             2.100359|           0.035928|         2.835905
362  |*i_0_1_252           |            0.698576|             2.055643|           0.035928|         2.790147
363  |*i_0_1_253           |            0.699041|             2.058523|           0.035928|         2.793493
364  |*i_0_1_254           |            0.699020|             2.102149|           0.035928|         2.837098
365  |*i_0_1_255           |            0.698806|             2.059770|           0.035928|         2.794504
366  |*i_0_1_256           |            0.699285|             2.059770|           0.035928|         2.794984
367  |*i_0_1_257           |            0.698754|             2.103475|           0.035928|         2.838158
368  |*i_0_1_258           |            0.699400|             2.102385|           0.035928|         2.837713
369  |*i_0_1_259           |            0.699653|             2.104722|           0.035928|         2.840303
370  |*i_0_1_260           |            0.699287|             2.060005|           0.035928|         2.795221
371  |*i_0_1_261           |            0.699311|             2.062886|           0.035928|         2.798126
372  |*i_0_1_262           |            0.699434|             2.106512|           0.035928|         2.841874
373  |*i_0_1_263           |            0.699087|             2.064132|           0.035928|         2.799148
374  |*i_0_1_264           |            0.699321|             2.064132|           0.035928|         2.799382
375  |*i_0_1_265           |            0.699678|             2.107838|           0.035928|         2.843445
376  |*i_0_1_266           |            0.699435|             2.106747|           0.035928|         2.842111
377  |*i_0_1_267           |            0.699689|             2.109084|           0.035928|         2.844701
378  |*i_0_1_268           |            0.699089|             2.064368|           0.035928|         2.799386
379  |*i_0_1_269           |            0.699390|             2.067249|           0.035928|         2.802567
380  |*i_0_1_270           |            0.699469|             2.110875|           0.035928|         2.846272
381  |*i_0_1_271           |            0.699123|             2.068495|           0.035928|         2.803547
382  |*i_0_1_272           |            0.698464|             2.068495|           0.035928|         2.802887
383  |*i_0_1_273           |            0.699480|             2.112200|           0.035928|         2.847609
384  |*i_0_1_274           |            0.699705|             2.111110|           0.035928|         2.846743
385  |*i_0_1_275           |            0.699724|             2.113447|           0.035928|         2.849100
386  |*i_0_1_276           |            0.699359|             2.068731|           0.035928|         2.804018
387  |*i_0_1_277           |            0.699148|             2.071611|           0.035928|         2.806688
388  |*i_0_1_278           |            0.699739|             2.115237|           0.035928|         2.850904
389  |*i_0_1_279           |            0.699392|             2.072858|           0.035928|         2.808178
390  |*i_0_1_280           |            0.699392|             2.072858|           0.035928|         2.808178
391  |*i_0_1_281           |            0.699516|             2.116563|           0.035928|         2.852007
392  |*i_0_1_282           |            0.699735|             2.115472|           0.035928|         2.851136
393  |*i_0_1_283           |            0.699526|             2.117810|           0.035928|         2.853264
394  |*i_0_1_284           |            0.699394|             2.073093|           0.035928|         2.808415
395  |*i_0_1_285           |            0.699418|             2.075974|           0.035928|         2.811320
396  |*i_0_1_286           |            0.699540|             2.119600|           0.035928|         2.855069
397  |*i_0_1_287           |            0.699428|             2.077220|           0.035928|         2.812577
398  |*i_0_1_288           |            0.703974|             2.633071|           0.035928|         3.372974
399  |*i_0_1_289           |            0.623743|            23.168945|           0.022695|        23.815382
400  |*i_0_1_290           |            0.583153|             0.338539|           0.036441|         0.958133
401  |*i_0_1_291           |            0.000000|             0.000000|           0.032601|         0.032601
402  |*i_0_1_292           |            0.000030|             0.000034|           0.018127|         0.018191
403  |*i_0_1_293           |            0.106280|             0.133941|           0.032601|         0.272823
404  |*i_0_1_294           |            0.106350|             0.130933|           0.032601|         0.269884
405  |*i_0_1_295           |            0.106412|             0.128762|           0.032601|         0.267776
406  |*i_0_1_296           |            0.106381|             0.125699|           0.032601|         0.264681
407  |*i_0_1_297           |            0.000030|             0.000035|           0.018127|         0.018191
408  |*i_0_1_298           |            0.105758|             0.133941|           0.032601|         0.272301
409  |*i_0_1_299           |            0.106316|             0.130933|           0.032601|         0.269850
410  |*i_0_1_300           |            0.106314|             0.128762|           0.032601|         0.267678
411  |*i_0_1_301           |            0.105560|             0.125699|           0.032601|         0.263860
412  |*i_0_1_302           |            0.000030|             0.000035|           0.018127|         0.018192
413  |*i_0_1_303           |            0.105388|             0.133941|           0.032601|         0.271931
414  |*i_0_1_304           |            0.106316|             0.130933|           0.032601|         0.269850
415  |*i_0_1_305           |            0.105281|             0.128762|           0.032601|         0.266644
416  |*i_0_1_306           |            0.105217|             0.125699|           0.032601|         0.263517
417  |*i_0_1_307           |            0.000030|             0.000037|           0.018127|         0.018193
418  |*i_0_1_308           |            0.105388|             0.133941|           0.032601|         0.271931
419  |*i_0_1_309           |            0.105782|             0.130933|           0.032601|         0.269316
420  |*i_0_1_310           |            0.105281|             0.128762|           0.032601|         0.266644
421  |*i_0_1_311           |            0.105217|             0.125699|           0.032601|         0.263517
422  |*i_0_1_312           |            0.486855|             5.180955|           0.014353|         5.682164
423  |*i_0_1_313           |            0.189162|             0.526608|           0.014353|         0.730123
424  |*i_0_1_314           |            0.929219|             2.918443|           0.014353|         3.862015
425  |*i_0_1_315           |            0.189344|             0.594702|           0.014353|         0.798399
426  |                     |                    |                     |                   |                 
427  |*TOTAL               |          507.057037|          1090.989868|          25.764610|      1623.811401
-----+---------------------+--------------------+---------------------+-------------------+-----------------
