Report for group default
------------------------------------------------------------------------------------------------------------------------------------------------------------
Startpoint: accumulator_reg[1]/Q
    (Clocked by sysclk R)
Endpoint: accumulator_reg[30]/D
    (Clocked by sysclk F)
Path Group: default
Data required time: 1193.4
    (Clock shift: 1250.0, minus Uncertainty: 0.0, plus Latency 0.0, minus Setup time: 56.6)
Data arrival time: 942.2
Slack: 251.2
Logic depth: 21
------------------------------------------------------------------------------------------------------------------------------------------------------------
                                                     Arrival               Arc      Net               Net    Total   fan-                                   
Path                     Module/Cell           Edge     Time    Delay    Delay    Delay     Slew     Load     Load    out     Location Power Domain      (V)
                                                        (ps)     (ps)     (ps)     (ps)     (ps)     (ff)     (ff)    (#)      (um,um)                      
------------------------------------------------------------------------------------------------------------------------------------------------------------
clk                      {create_clock}           r      0.0      0.0      0.0                        0.0      0.0      4   105,   53                       
i_0_1_221/A1->ZN         NAND2_X1                rf      0.0      0.0      0.0      0.0      0.0      0.0      0.0      1    52,   52  /PD_TOP        (1.10)
i_0_1_16/B->ZN           XNOR2_X1                ff      0.0      0.0      0.0      0.0      0.0      0.0      0.0      1    52,   52  /PD_TOP        (1.10)
i_0_1_15/A2->ZN          NAND2_X1                fr      0.0      0.0      0.0      0.0      0.0      0.0      0.0     69    52,   52  /PD_TOP        (1.10)
accumulator_reg[1]/G->Q  DLH_X2*                 rf     95.4     95.4     95.4      0.0      0.0      7.1     43.8     10    52,   52  /PD_TOP        (1.10)
i_0_13/i_180/A2->ZN      NOR2_X4                 fr    126.5     31.1     30.9      0.2     15.3      0.7      4.6      1    52,   52  /PD_TOP        (1.10)
i_0_13/i_177/A->ZN       AOI21_X4                rf    142.9     16.4     16.4      0.0     15.7      1.5      8.6      2    52,   52  /PD_TOP        (1.10)
i_0_13/i_176/B2->ZN      OAI22_X4                fr    191.9     49.0     49.0      0.0      9.4      1.5      8.7      2    52,   52  /PD_TOP        (1.10)
i_0_13/i_175/A->ZN       OAI21_X4                rf    216.5     24.6     24.6      0.0     35.7      0.7      4.6      1    52,   52  /PD_TOP        (1.10)
i_0_13/i_174/A2->ZN      NAND2_X4                fr    238.9     22.4     22.4      0.0      9.5      2.0     13.2      3    52,   52  /PD_TOP        (1.10)
i_0_13/i_168/A3->ZN      NOR3_X4                 rf    251.7     12.8     12.8      0.0     14.2      0.8      4.6      1    52,   52  /PD_TOP        (1.10)
i_0_13/i_160/A4->ZN      NOR4_X4                 fr    356.2    104.5    104.5      0.0      6.7      2.2     13.2      3    52,   52  /PD_TOP        (1.10)
i_0_13/i_154/A3->ZN      NOR3_X4                 rf    374.4     18.2     18.2      0.0     64.3      0.8      4.6      1    52,   52  /PD_TOP        (1.10)
i_0_13/i_146/A4->ZN      NOR4_X4                 fr    479.4    105.0    105.0      0.0      6.7      2.2     13.4      3    52,   52  /PD_TOP        (1.10)
i_0_13/i_140/A3->ZN      NOR3_X4                 rf    497.6     18.2     18.2      0.0     64.7      0.8      4.6      1    52,   52  /PD_TOP        (1.10)
i_0_13/i_132/A4->ZN      NOR4_X4*                fr    644.7    147.1    147.1      0.0      6.7      2.1     35.0      3    52,   52  /PD_TOP        (1.10)
i_0_13/i_131/A->ZN       INV_X8                  rf    651.2      6.5      6.5      0.0     15.3      0.8      3.1      1    52,   52  /PD_TOP        (1.10)
i_0_13/i_128/C1->ZN      AOI221_X4               fr    748.9     97.7     97.7      0.0      3.3      3.0     18.2      4    52,   52  /PD_TOP        (1.10)
i_0_13/i_113/A3->ZN      NOR3_X4                 rf    761.8     12.9     12.8      0.1     14.4      0.7      4.6      1    52,   52  /PD_TOP        (1.10)
i_0_13/i_98/A3->ZN       NOR3_X4                 fr    827.9     66.1     66.1      0.0      6.7      2.3     12.2      3    52,   52  /PD_TOP        (1.10)
i_0_13/i_94/B2->ZN       AOI21_X4*               rf    869.4     41.5     41.5      0.0     41.7      2.3     35.6      3    52,   52  /PD_TOP        (1.10)
i_0_13/i_93/A->ZN        INV_X8                  fr    883.5     14.1     14.1      0.0     15.3      1.6      8.0      2    52,   52  /PD_TOP        (1.10)
i_0_13/i_89/C1->ZN       AOI221_X2               rf    899.1     15.6     15.6      0.0      6.2      0.8      4.5      1    52,   52  /PD_TOP        (1.10)
i_0_13/i_88/B->ZN        XNOR2_X2                ff    942.2     43.1     43.1      0.0     16.1      0.7      4.8      1    52,   52  /PD_TOP        (1.10)
i_0_1_78/A1->ZN          AOI22_X1                fr    942.2      0.0      0.0      0.0     11.7      0.0      0.0      1    52,   52  /PD_TOP        (1.10)
i_0_1_77/A->ZN           INV_X1                  rf    942.2      0.0      0.0      0.0      0.0      0.0      0.0      1    52,   52  /PD_TOP        (1.10)
accumulator_reg[30]/D    DLH_X2                   f    942.2      0.0               0.0      0.0                             52,   52  /PD_TOP        (1.10)
------------------------------------------------------------------------------------------------------------------------------------------------------------
Report for group I2R
------------------------------------------------------------------------------------------------------------------------------------------------------------
Startpoint: A[1]
    (Clocked by rtDefaultClock R)
Endpoint: multiplier_reg[30]/D
    (Clocked by sysclk F)
Path Group: I2R
Data required time: 1192.2
    (Clock shift: 1250.0, minus Uncertainty: 0.0, plus Latency 0.0, minus Setup time: 57.8)
Data arrival time: 1184.2
Slack: 8.0
Logic depth: 22
------------------------------------------------------------------------------------------------------------------------------------------------------------
                                                     Arrival               Arc      Net               Net    Total   fan-                                   
Path                     Module/Cell           Edge     Time    Delay    Delay    Delay     Slew     Load     Load    out     Location Power Domain      (V)
                                                        (ps)     (ps)     (ps)     (ps)     (ps)     (ff)     (ff)    (#)      (um,um)                      
------------------------------------------------------------------------------------------------------------------------------------------------------------
A[1]                     {set_input_delay}        f    200.0    200.0    200.0                        9.3     22.8      4   105,   55                       
i_0_2/i_60/A2->ZN        OR3_X4                  ff    305.6    105.6    104.7      0.9    100.0      1.9      9.6      3    52,   52  /PD_TOP        (1.10)
i_0_2/i_59/A1->ZN        OR2_X4                  ff    349.5     43.9     43.9      0.0     13.4      1.2      6.8      2    52,   52  /PD_TOP        (1.10)
i_0_2/i_58/A1->ZN        OR2_X4                  ff    394.2     44.7     44.7      0.0      9.0      2.0     11.6      3    52,   52  /PD_TOP        (1.10)
i_0_2/i_57/A1->ZN        OR3_X4                  ff    455.4     61.2     61.2      0.0     10.3      1.9      9.6      3    52,   52  /PD_TOP        (1.10)
i_0_2/i_56/A1->ZN        OR2_X4                  ff    502.0     46.6     46.6      0.0     13.4      2.0     11.6      3    52,   52  /PD_TOP        (1.10)
i_0_2/i_55/A1->ZN        OR3_X4                  ff    564.6     62.6     62.6      0.0     10.3      1.9     11.7      3    52,   52  /PD_TOP        (1.10)
i_0_2/i_54/A1->ZN        NOR2_X4                 fr    595.5     30.9     30.9      0.0     14.0      1.2      8.7      2    52,   52  /PD_TOP        (1.10)
i_0_2/i_53/A1->ZN        NAND2_X4                rf    617.0     21.5     21.5      0.0     20.5      1.9     13.7      3    52,   52  /PD_TOP        (1.10)
i_0_2/i_51/A1->ZN        NOR3_X4                 fr    660.7     43.7     43.7      0.0     10.7      1.3      8.8      2    52,   52  /PD_TOP        (1.10)
i_0_2/i_50/A1->ZN        NAND2_X4                rf    684.3     23.6     23.6      0.0     35.7      2.0     11.6      3    52,   52  /PD_TOP        (1.10)
i_0_2/i_49/A1->ZN        OR3_X4                  ff    745.3     61.0     61.0      0.0      9.8      1.9      9.6      3    52,   52  /PD_TOP        (1.10)
i_0_2/i_48/A1->ZN        OR2_X4                  ff    795.4     50.1     50.1      0.0     13.4      2.7     18.7      4    52,   52  /PD_TOP        (1.10)
i_0_2/i_45/A1->ZN        NOR4_X4                 fr    854.3     58.9     58.9      0.0     12.1      1.4      8.9      2    52,   52  /PD_TOP        (1.10)
i_0_2/i_44/A1->ZN        NAND2_X4                rf    875.5     21.2     21.2      0.0     53.8      1.2      6.8      2    52,   52  /PD_TOP        (1.10)
i_0_2/i_43/A1->ZN        OR2_X4                  ff    921.0     45.5     45.5      0.0      8.0      1.9     13.7      3    52,   52  /PD_TOP        (1.10)
i_0_2/i_41/A1->ZN        NOR3_X4                 fr    964.8     43.8     43.8      0.0     10.8      1.3      8.8      2    52,   52  /PD_TOP        (1.10)
i_0_2/i_40/A1->ZN        NAND2_X4                rf    988.4     23.6     23.6      0.0     35.7      2.0     11.6      3    52,   52  /PD_TOP        (1.10)
i_0_2/i_39/A1->ZN        OR3_X4                  ff   1056.5     68.1     68.1      0.0      9.8      3.4     21.5      5    52,   52  /PD_TOP        (1.10)
i_0_2/i_37/A1->ZN        NOR3_X4                 fr   1093.8     37.3     37.2      0.1     16.7      0.7      4.4      1    52,   52  /PD_TOP        (1.10)
i_0_2/i_34/B->ZN         XNOR2_X2                rf   1118.8     25.0     25.0      0.0     27.7      0.7      4.8      1    52,   52  /PD_TOP        (1.10)
i_0_1_211/A1->ZN         AOI22_X4                fr   1179.4     60.6     60.6      0.0     11.7      0.7     26.2      1    52,   52  /PD_TOP        (1.10)
i_0_1_210/A->ZN          INV_X4                  rf   1184.2      4.8      4.8      0.0     50.8      0.6      1.6      1    52,   52  /PD_TOP        (1.10)
multiplier_reg[30]/D     DLH_X2                   f   1184.2      0.0               0.0      3.3                             52,   52  /PD_TOP        (1.10)
------------------------------------------------------------------------------------------------------------------------------------------------------------
Report for group I2O
Report for group R2O
