Report Physical info: 
------------------------+-------------+-----------+------------
                        |             |Area (squm)|Leakage (uW)
------------------------+-------------+-----------+------------
Design Name             |VA           |           |            
  Total Instances       |           35|        139|       2.493
    Macros              |            0|          0|       0.000
    Pads                |            0|          0|       0.000
    Phys                |            0|          0|       0.000
    Blackboxes          |            0|          0|       0.000
    Cells               |           35|        139|       2.493
      Buffers           |            0|          0|       0.000
      Inverters         |            1|          1|       0.014
      Clock-Gates       |            0|          0|       0.000
      Combinational     |           34|        139|       2.478
      Latches           |            0|          0|       0.000
      FlipFlops         |            0|          0|       0.000
       Single-Bit FF    |            0|          0|       0.000
       Multi-Bit FF     |            0|          0|       0.000
       Clock-Gated      |            0|           |            
       Bits             |            0|          0|       0.000
         Load-Enabled   |            0|           |            
         Clock-Gated    |            0|           |            
  Tristate Pin Count    |            0|           |            
Physical Info           |Placed       |           |            
  Chip Size (mm x mm)   |0.075 x 0.075|       5659|            
  Fixed Cell Area       |             |          0|            
    Phys Only           |            0|          0|            
  Placeable Area        |             |        213|            
  Movable Cell Area     |             |        139|            
  Utilization (%)       |           65|           |            
  Chip Utilization (%)  |           65|           |            
  Total Wire Length (mm)|        3.886|           |            
  Longest Wire (mm)     |        0.041|           |            
  Average Wire (mm)     |        0.039|           |            
------------------------+-------------+-----------+------------
