Report for group default
Report for group I2R
Report for group I2O
------------------------------------------------------------------------------------------------------------------------------------------------------------
Startpoint: CIN
    (Clocked by rtDefaultClock R)
Endpoint: OVF
    (Clocked by vsysclk R)
Path Group: I2O
Data required time: 19500.0
    (Clock shift: 20000.0, minus Uncertainty: 0.0, plus Latency 0.0, minus Out delay: 500.0)
Data arrival time: 3569.7
Slack: 15930.3
Logic depth: 34
------------------------------------------------------------------------------------------------------------------------------------------------------------
                                                     Arrival               Arc      Net               Net    Total   fan-                                   
Path                     Module/Cell           Edge     Time    Delay    Delay    Delay     Slew     Load     Load    out     Location Power Domain      (V)
                                                        (ps)     (ps)     (ps)     (ps)     (ps)     (ff)     (ff)    (#)      (um,um)                      
------------------------------------------------------------------------------------------------------------------------------------------------------------
CIN                      {set_input_delay}        f   1000.0   1000.0   1000.0                        4.8      8.5      1     0,   37                       
i_0_0/i_0/A->CO          FA_X1                   ff   1119.5    119.5    119.1      0.4    100.0      0.8      3.6      1    37,   37  /PD_TOP        (1.10)
i_0_0/i_1/CI->CO         FA_X1                   ff   1193.7     74.2     74.2      0.0     15.9      0.8      3.6      1    37,   37  /PD_TOP        (1.10)
i_0_0/i_2/CI->CO         FA_X1                   ff   1267.9     74.2     74.2      0.0     15.9      0.8      3.6      1    37,   37  /PD_TOP        (1.10)
i_0_0/i_3/CI->CO         FA_X1                   ff   1342.1     74.2     74.2      0.0     15.9      0.8      3.6      1    37,   37  /PD_TOP        (1.10)
i_0_0/i_4/CI->CO         FA_X1                   ff   1416.3     74.2     74.2      0.0     15.9      0.8      3.6      1    37,   37  /PD_TOP        (1.10)
i_0_0/i_5/CI->CO         FA_X1                   ff   1490.5     74.2     74.2      0.0     15.9      0.8      3.6      1    37,   37  /PD_TOP        (1.10)
i_0_0/i_6/CI->CO         FA_X1                   ff   1564.7     74.2     74.2      0.0     15.9      0.8      3.6      1    37,   37  /PD_TOP        (1.10)
i_0_0/i_7/CI->CO         FA_X1                   ff   1638.9     74.2     74.2      0.0     15.9      0.8      3.6      1    37,   37  /PD_TOP        (1.10)
i_0_0/i_8/CI->CO         FA_X1                   ff   1713.1     74.2     74.2      0.0     15.9      0.8      3.6      1    37,   37  /PD_TOP        (1.10)
i_0_0/i_9/CI->CO         FA_X1                   ff   1787.3     74.2     74.2      0.0     15.9      0.8      3.6      1    37,   37  /PD_TOP        (1.10)
i_0_0/i_10/CI->CO        FA_X1                   ff   1861.5     74.2     74.2      0.0     15.9      0.8      3.6      1    37,   37  /PD_TOP        (1.10)
i_0_0/i_11/CI->CO        FA_X1                   ff   1935.7     74.2     74.2      0.0     15.9      0.8      3.6      1    37,   37  /PD_TOP        (1.10)
i_0_0/i_12/CI->CO        FA_X1                   ff   2009.9     74.2     74.2      0.0     15.9      0.8      3.6      1    37,   37  /PD_TOP        (1.10)
i_0_0/i_13/CI->CO        FA_X1                   ff   2084.1     74.2     74.2      0.0     15.9      0.8      3.6      1    37,   37  /PD_TOP        (1.10)
i_0_0/i_14/CI->CO        FA_X1                   ff   2158.3     74.2     74.2      0.0     15.9      0.8      3.6      1    37,   37  /PD_TOP        (1.10)
i_0_0/i_15/CI->CO        FA_X1                   ff   2232.5     74.2     74.2      0.0     15.9      0.8      3.6      1    37,   37  /PD_TOP        (1.10)
i_0_0/i_16/CI->CO        FA_X1                   ff   2306.7     74.2     74.2      0.0     15.9      0.8      3.6      1    37,   37  /PD_TOP        (1.10)
i_0_0/i_17/CI->CO        FA_X1                   ff   2380.9     74.2     74.2      0.0     15.9      0.8      3.6      1    37,   37  /PD_TOP        (1.10)
i_0_0/i_18/CI->CO        FA_X1                   ff   2455.1     74.2     74.2      0.0     15.9      0.8      3.6      1    37,   37  /PD_TOP        (1.10)
i_0_0/i_19/CI->CO        FA_X1                   ff   2529.3     74.2     74.2      0.0     15.9      0.8      3.6      1    37,   37  /PD_TOP        (1.10)
i_0_0/i_20/CI->CO        FA_X1                   ff   2603.5     74.2     74.2      0.0     15.9      0.8      3.6      1    37,   37  /PD_TOP        (1.10)
i_0_0/i_21/CI->CO        FA_X1                   ff   2677.7     74.2     74.2      0.0     15.9      0.8      3.6      1    37,   37  /PD_TOP        (1.10)
i_0_0/i_22/CI->CO        FA_X1                   ff   2751.9     74.2     74.2      0.0     15.9      0.8      3.6      1    37,   37  /PD_TOP        (1.10)
i_0_0/i_23/CI->CO        FA_X1                   ff   2826.1     74.2     74.2      0.0     15.9      0.8      3.6      1    37,   37  /PD_TOP        (1.10)
i_0_0/i_24/CI->CO        FA_X1                   ff   2900.3     74.2     74.2      0.0     15.9      0.8      3.6      1    37,   37  /PD_TOP        (1.10)
i_0_0/i_25/CI->CO        FA_X1                   ff   2974.5     74.2     74.2      0.0     15.9      0.8      3.6      1    37,   37  /PD_TOP        (1.10)
i_0_0/i_26/CI->CO        FA_X1                   ff   3048.7     74.2     74.2      0.0     15.9      0.8      3.6      1    37,   37  /PD_TOP        (1.10)
i_0_0/i_27/CI->CO        FA_X1                   ff   3122.9     74.2     74.2      0.0     15.9      0.8      3.6      1    37,   37  /PD_TOP        (1.10)
i_0_0/i_28/CI->CO        FA_X1                   ff   3197.1     74.2     74.2      0.0     15.9      0.8      3.6      1    37,   37  /PD_TOP        (1.10)
i_0_0/i_29/CI->CO        FA_X1                   ff   3271.3     74.2     74.2      0.0     15.9      0.8      3.6      1    37,   37  /PD_TOP        (1.10)
i_0_0/i_30/CI->CO        FA_X1                   ff   3345.5     74.2     74.2      0.0     15.9      0.8      3.6      1    37,   37  /PD_TOP        (1.10)
i_0_0/i_31/CI->S         FA_X1                   fr   3500.3    154.8    154.8      0.0     15.9      0.7     20.0      2    37,   37  /PD_TOP        (1.10)
i_0_1_0/A2->ZN           NAND2_X4                rf   3519.6     19.3     19.3      0.0     50.2      0.6      4.3      1    37,   37  /PD_TOP        (1.10)
i_0_1_2/B->ZN            XNOR2_X2                ff   3569.2     49.6     49.6      0.0      7.0      5.1     15.1      1    37,   37  /PD_TOP        (1.10)
OVF                                               f   3569.7      0.5               0.5     20.8                             40,    0                       
------------------------------------------------------------------------------------------------------------------------------------------------------------
Report for group R2O
