warning: No library characterized for (process = 1.00 voltage = 0.85 temperature = 25.00) can be found in the database for power domain '/PD_TOP'  [NL-174]
Report Power (instances with prefix '*' are included in total) : 
-----+-------------+--------------------+---------------------+-------------------+-----------------
     | Instance    | Internal Power(uw) | Switching Power(uw) | Leakage Power(uw) | Total Power(uw) 
-----+-------------+--------------------+---------------------+-------------------+-----------------
1    |*secondStage |         2479.279297|          8107.113281|         121.616631|     10708.008789
2    |*firstStage  |          256.255829|          2821.052002|          22.786915|      3100.094482
3    |*thirdStage  |          151.102448|           746.517822|          10.239393|       907.859741
4    |*i_0_0       |           47.820595|           301.368225|           5.933385|       355.122223
5    |*Res_reg[63] |            1.793962|             4.624018|           0.040863|         6.458842
6    |*Res_reg[62] |            1.794751|             4.075355|           0.040863|         5.910969
7    |*Res_reg[61] |            1.795816|             3.715740|           0.040863|         5.552419
8    |*Res_reg[60] |            1.797475|             3.811637|           0.040863|         5.649975
9    |*Res_reg[59] |            1.795307|             4.070560|           0.040863|         5.906730
10   |*Res_reg[58] |            1.795306|             4.070560|           0.040863|         5.906729
11   |*Res_reg[57] |            1.797433|             3.720535|           0.040863|         5.558831
12   |*Res_reg[56] |            1.795415|             3.816432|           0.040863|         5.652710
13   |*Res_reg[55] |            1.797779|             4.065765|           0.040863|         5.904407
14   |*Res_reg[54] |            1.795263|             4.065766|           0.040863|         5.901892
15   |*Res_reg[53] |            1.795456|             3.725329|           0.040863|         5.561648
16   |*Res_reg[52] |            1.797261|             3.821227|           0.040863|         5.659350
17   |*Res_reg[51] |            1.797774|             4.060970|           0.040863|         5.899607
18   |*Res_reg[50] |            1.797781|             4.060970|           0.040863|         5.899614
19   |*Res_reg[49] |            1.795454|             3.730124|           0.040863|         5.566441
20   |*Res_reg[48] |            1.797254|             3.826022|           0.040863|         5.664139
21   |*Res_reg[47] |            1.797004|             4.056176|           0.040863|         5.894043
22   |*Res_reg[46] |            1.796958|             4.056176|           0.040863|         5.893997
23   |*Res_reg[45] |            1.797351|             3.734919|           0.040863|         5.573133
24   |*Res_reg[44] |            1.797243|             3.830817|           0.040863|         5.668923
25   |*Res_reg[43] |            1.796960|             4.051381|           0.040863|         5.889204
26   |*Res_reg[42] |            1.797014|             4.051381|           0.040863|         5.889258
27   |*Res_reg[41] |            1.797347|             3.739714|           0.040863|         5.577924
28   |*Res_reg[40] |            1.797249|             3.835611|           0.040863|         5.673723
29   |*Res_reg[39] |            1.795312|             4.046586|           0.040863|         5.882760
30   |*Res_reg[38] |            1.795315|             4.046585|           0.040863|         5.882763
31   |*Res_reg[37] |            1.797344|             3.744509|           0.040863|         5.582716
32   |*Res_reg[36] |            1.797228|             3.840406|           0.040863|         5.678497
33   |*Res_reg[35] |            1.796998|             4.041791|           0.040863|         5.879652
34   |*Res_reg[34] |            1.797018|             4.041791|           0.040863|         5.879672
35   |*Res_reg[33] |            1.797343|             3.749304|           0.040863|         5.587510
36   |*Res_reg[32] |            1.797207|             3.845201|           0.040863|         5.683271
37   |*Res_reg[31] |            1.796990|             4.036996|           0.040863|         5.874849
38   |*Res_reg[30] |            1.797036|             4.036996|           0.040863|         5.874896
39   |*Res_reg[29] |            1.797319|             3.754099|           0.040863|         5.592281
40   |*Res_reg[28] |            1.797236|             3.849996|           0.040863|         5.688095
41   |*Res_reg[27] |            1.797041|             4.032201|           0.040863|         5.870105
42   |*Res_reg[26] |            1.797041|             4.032201|           0.040863|         5.870105
43   |*Res_reg[25] |            1.797328|             3.758893|           0.040863|         5.597085
44   |*Res_reg[24] |            1.797212|             3.854791|           0.040863|         5.692866
45   |*Res_reg[23] |            1.797045|             4.027407|           0.040863|         5.865315
46   |*Res_reg[22] |            1.797021|             4.027406|           0.040863|         5.865290
47   |*Res_reg[21] |            1.797326|             3.763689|           0.040863|         5.601877
48   |*Res_reg[20] |            1.797224|             3.859586|           0.040863|         5.697672
49   |*Res_reg[19] |            1.797045|             4.022611|           0.040863|         5.860519
50   |*Res_reg[18] |            1.797051|             4.022612|           0.040863|         5.860525
51   |*Res_reg[17] |            1.797322|             3.768483|           0.040863|         5.606668
52   |*Res_reg[16] |            1.797219|             3.864380|           0.040863|         5.702462
53   |*Res_reg[15] |            1.797036|             4.017817|           0.040863|         5.855716
54   |*Res_reg[14] |            1.797042|             4.017817|           0.040863|         5.855722
55   |*Res_reg[13] |            1.797292|             3.773278|           0.040863|         5.611433
56   |*Res_reg[12] |            1.797209|             3.869176|           0.040863|         5.707248
57   |*Res_reg[11] |            1.797032|             4.013021|           0.040863|         5.850917
58   |*Res_reg[10] |            1.796982|             4.013022|           0.040863|         5.850867
59   |*Res_reg[9]  |            1.797250|             3.778073|           0.040863|         5.616186
60   |*Res_reg[8]  |            1.797117|             3.873971|           0.040863|         5.711950
61   |*Res_reg[7]  |            1.796867|             4.008226|           0.040863|         5.845957
62   |*Res_reg[6]  |            1.796675|             4.008227|           0.040863|         5.845765
63   |*Res_reg[5]  |            1.796560|             3.782868|           0.040863|         5.620291
64   |*Res_reg[4]  |            1.795878|             3.878765|           0.040863|         5.715506
65   |*Res_reg[3]  |            1.795120|             4.003432|           0.040863|         5.839415
66   |*Res_reg[2]  |            1.795903|             4.003432|           0.040863|         5.840198
67   |*Res_reg[1]  |            1.803901|             3.787663|           0.040863|         5.632427
68   |*Res_reg[0]  |            1.832302|             3.883560|           0.040863|         5.756725
69   |*B_in_reg[31]|            1.591882|            15.517194|           0.040863|        17.149940
70   |*B_in_reg[30]|            1.542001|             1.185475|           0.040863|         2.768339
71   |*B_in_reg[29]|            1.571113|             3.994965|           0.040863|         5.606941
72   |*B_in_reg[28]|            1.568926|             3.384725|           0.040863|         4.994514
73   |*B_in_reg[27]|            1.571083|             3.978178|           0.040863|         5.590124
74   |*B_in_reg[26]|            1.571113|             3.994965|           0.040863|         5.606941
75   |*B_in_reg[25]|            1.571083|             3.978178|           0.040863|         5.590124
76   |*B_in_reg[24]|            1.571003|             3.933939|           0.040863|         5.545805
77   |*B_in_reg[23]|            1.571083|             3.978178|           0.040863|         5.590124
78   |*B_in_reg[22]|            1.547868|             1.395099|           0.040863|         2.983830
79   |*B_in_reg[21]|            1.572082|             4.532563|           0.040863|         6.145507
80   |*B_in_reg[20]|            1.572037|             4.507689|           0.040863|         6.120589
81   |*B_in_reg[19]|            1.571083|             3.978178|           0.040863|         5.590124
82   |*B_in_reg[18]|            1.571003|             3.933939|           0.040863|         5.545805
83   |*B_in_reg[17]|            1.568926|             3.384725|           0.040863|         4.994514
84   |*B_in_reg[16]|            1.568926|             3.384725|           0.040863|         4.994514
85   |*B_in_reg[15]|            1.568926|             3.384725|           0.040863|         4.994514
86   |*B_in_reg[14]|            1.571083|             3.978178|           0.040863|         5.590124
87   |*B_in_reg[13]|            1.571113|             3.994965|           0.040863|         5.606941
88   |*B_in_reg[12]|            1.571003|             3.933939|           0.040863|         5.545805
89   |*B_in_reg[11]|            1.568926|             3.384725|           0.040863|         4.994514
90   |*B_in_reg[10]|            1.571113|             3.994965|           0.040863|         5.606941
91   |*B_in_reg[9] |            1.571003|             3.933939|           0.040863|         5.545805
92   |*B_in_reg[8] |            1.568926|             3.384725|           0.040863|         4.994514
93   |*B_in_reg[7] |            1.571098|             3.986960|           0.040863|         5.598921
94   |*B_in_reg[6] |            1.571003|             3.933939|           0.040863|         5.545805
95   |*B_in_reg[5] |            1.568926|             3.384725|           0.040863|         4.994514
96   |*B_in_reg[4] |            1.571994|             4.483902|           0.040863|         6.096759
97   |*B_in_reg[3] |            1.571003|             3.933939|           0.040863|         5.545805
98   |*B_in_reg[2] |            1.571003|             3.933939|           0.040863|         5.545805
99   |*B_in_reg[1] |            1.571003|             3.933939|           0.040863|         5.545805
100  |*B_in_reg[0] |            1.587483|            13.076810|           0.040863|        14.705156
101  |*A_in_reg[31]|            1.575531|            11.404282|           0.040863|        13.020676
102  |*A_in_reg[30]|            1.571003|             3.933939|           0.040863|         5.545805
103  |*A_in_reg[29]|            1.548928|             1.432976|           0.040863|         3.022768
104  |*A_in_reg[28]|            1.571054|             3.962293|           0.040863|         5.574210
105  |*A_in_reg[27]|            1.571083|             3.978178|           0.040863|         5.590124
106  |*A_in_reg[26]|            1.572113|             4.549908|           0.040863|         6.162884
107  |*A_in_reg[25]|            1.573235|             5.172051|           0.040863|         6.786149
108  |*A_in_reg[24]|            1.572065|             4.523120|           0.040863|         6.136048
109  |*A_in_reg[23]|            1.571003|             3.933939|           0.040863|         5.545805
110  |*A_in_reg[22]|            1.548445|             1.415740|           0.040863|         3.005049
111  |*A_in_reg[21]|            1.572082|             4.532563|           0.040863|         6.145507
112  |*A_in_reg[20]|            1.572037|             4.507689|           0.040863|         6.120589
113  |*A_in_reg[19]|            1.572057|             4.518407|           0.040863|         6.131327
114  |*A_in_reg[18]|            1.572068|             4.524614|           0.040863|         6.137545
115  |*A_in_reg[17]|            1.568926|             3.384725|           0.040863|         4.994514
116  |*A_in_reg[16]|            1.571003|             3.933939|           0.040863|         5.545805
117  |*A_in_reg[15]|            1.958073|             3.933939|           0.040863|         5.932875
118  |*A_in_reg[14]|            1.950675|             3.384725|           0.040863|         5.376263
119  |*A_in_reg[13]|            1.958073|             3.933939|           0.040863|         5.932875
120  |*A_in_reg[12]|            1.958073|             3.933939|           0.040863|         5.932875
121  |*A_in_reg[11]|            1.958610|             3.986960|           0.040863|         5.986433
122  |*A_in_reg[10]|            1.958073|             3.933939|           0.040863|         5.932875
123  |*A_in_reg[9] |            1.958200|             3.946435|           0.040863|         5.945498
124  |*A_in_reg[8] |            1.958326|             3.958955|           0.040863|         5.958145
125  |*A_in_reg[7] |            1.958610|             3.986960|           0.040863|         5.986433
126  |*A_in_reg[6] |            1.958073|             3.933939|           0.040863|         5.932875
127  |*A_in_reg[5] |            1.950675|             3.384725|           0.040863|         5.376263
128  |*A_in_reg[4] |            1.963636|             4.483902|           0.040863|         6.488401
129  |*A_in_reg[3] |            1.958073|             3.933939|           0.040863|         5.932875
130  |*A_in_reg[2] |            1.958073|             3.933939|           0.040863|         5.932875
131  |*A_in_reg[1] |            1.958073|             3.933939|           0.040863|         5.932875
132  |*A_in_reg[0] |            1.987310|             6.824383|           0.040863|         8.852556
133  |*i_0_11      |           66.895401|           112.500122|           2.909611|       182.305130
134  |*i_0_13      |           28.788372|           139.645386|           3.031131|       171.464890
135  |*i_0_1_0     |            0.215374|             0.086762|           0.025066|         0.327202
136  |*i_0_1_151   |            1.020722|             0.371837|           0.025066|         1.417625
137  |*i_0_1_152   |            1.020722|             0.371837|           0.025066|         1.417625
138  |*i_0_1_153   |            1.020722|             0.371837|           0.025066|         1.417625
139  |*i_0_1_154   |            1.020722|             0.371837|           0.025066|         1.417625
140  |*i_0_1_155   |            1.020722|             0.371837|           0.025066|         1.417625
141  |*i_0_1_156   |            1.020722|             0.371837|           0.025066|         1.417625
142  |*i_0_1_157   |            1.020722|             0.371837|           0.025066|         1.417625
143  |*i_0_1_158   |            1.020722|             0.371837|           0.025066|         1.417625
144  |*i_0_1_159   |            1.020722|             0.371837|           0.025066|         1.417625
145  |*i_0_1_160   |            1.020722|             0.371837|           0.025066|         1.417625
146  |*i_0_1_161   |            1.020722|             0.371837|           0.025066|         1.417625
147  |*i_0_1_162   |            1.020722|             0.371837|           0.025066|         1.417625
148  |*i_0_1_163   |            1.020722|             0.371837|           0.025066|         1.417625
149  |*i_0_1_164   |            1.020722|             0.371837|           0.025066|         1.417625
150  |*i_0_1_165   |            1.020722|             0.371837|           0.025066|         1.417625
151  |*i_0_1_166   |            1.020722|             0.371837|           0.025066|         1.417625
152  |*i_0_1_167   |            1.020722|             0.371837|           0.025066|         1.417625
153  |*i_0_1_168   |            1.020722|             0.371837|           0.025066|         1.417625
154  |*i_0_1_169   |            1.020722|             0.371837|           0.025066|         1.417625
155  |*i_0_1_170   |            1.020722|             0.371837|           0.025066|         1.417625
156  |*i_0_1_171   |            1.020722|             0.371837|           0.025066|         1.417625
157  |*i_0_1_172   |            1.020722|             0.371837|           0.025066|         1.417625
158  |*i_0_1_173   |            1.020722|             0.371837|           0.025066|         1.417625
159  |*i_0_1_174   |            1.020722|             0.371837|           0.025066|         1.417625
160  |*i_0_1_175   |            1.020722|             0.371837|           0.025066|         1.417625
161  |*i_0_1_176   |            1.020722|             0.371837|           0.025066|         1.417625
162  |*i_0_1_177   |            1.020722|             0.371837|           0.025066|         1.417625
163  |*i_0_1_178   |            1.020722|             0.371837|           0.025066|         1.417625
164  |*i_0_1_179   |            1.020722|             0.371837|           0.025066|         1.417625
165  |*i_0_1_180   |            1.020722|             0.371837|           0.025066|         1.417625
166  |*i_0_1_181   |            1.020722|             0.371837|           0.025066|         1.417625
167  |*i_0_1_3     |            0.522411|             0.371837|           0.021200|         0.915447
168  |*i_0_1_185   |            1.020722|             0.371837|           0.025066|         1.417625
169  |*i_0_1_186   |            1.020722|             0.371837|           0.025066|         1.417625
170  |*i_0_1_187   |            1.020722|             0.371837|           0.025066|         1.417625
171  |*i_0_1_188   |            1.020722|             0.371837|           0.025066|         1.417625
172  |*i_0_1_189   |            1.020722|             0.371837|           0.025066|         1.417625
173  |*i_0_1_190   |            1.020722|             0.371837|           0.025066|         1.417625
174  |*i_0_1_191   |            1.020722|             0.371837|           0.025066|         1.417625
175  |*i_0_1_192   |            1.020722|             0.371837|           0.025066|         1.417625
176  |*i_0_1_193   |            1.020722|             0.371837|           0.025066|         1.417625
177  |*i_0_1_194   |            1.020722|             0.371837|           0.025066|         1.417625
178  |*i_0_1_195   |            1.020722|             0.371837|           0.025066|         1.417625
179  |*i_0_1_196   |            1.020722|             0.371837|           0.025066|         1.417625
180  |*i_0_1_197   |            1.020722|             0.371837|           0.025066|         1.417625
181  |*i_0_1_198   |            1.020722|             0.371837|           0.025066|         1.417625
182  |*i_0_1_199   |            1.020722|             0.371837|           0.025066|         1.417625
183  |*i_0_1_200   |            1.020722|             0.371837|           0.025066|         1.417625
184  |*i_0_1_201   |            1.020722|             0.371837|           0.025066|         1.417625
185  |*i_0_1_202   |            1.020722|             0.371837|           0.025066|         1.417625
186  |*i_0_1_203   |            1.020722|             0.371837|           0.025066|         1.417625
187  |*i_0_1_204   |            1.020722|             0.371837|           0.025066|         1.417625
188  |*i_0_1_205   |            1.020722|             0.371837|           0.025066|         1.417625
189  |*i_0_1_206   |            1.020722|             0.371837|           0.025066|         1.417625
190  |*i_0_1_207   |            1.020722|             0.371837|           0.025066|         1.417625
191  |*i_0_1_208   |            1.020722|             0.371837|           0.025066|         1.417625
192  |*i_0_1_209   |            1.020722|             0.371837|           0.025066|         1.417625
193  |*i_0_1_210   |            1.020722|             0.371837|           0.025066|         1.417625
194  |*i_0_1_211   |            1.020722|             0.371837|           0.025066|         1.417625
195  |*i_0_1_212   |            1.020722|             0.371837|           0.025066|         1.417625
196  |*i_0_1_213   |            1.020722|             0.371837|           0.025066|         1.417625
197  |*i_0_1_214   |            1.020722|             0.371837|           0.025066|         1.417625
198  |*i_0_1_215   |            1.020722|             0.371837|           0.025066|         1.417625
199  |*i_0_1_216   |            1.020722|             0.371837|           0.025066|         1.417625
200  |*i_0_1_218   |            0.702605|             9.985271|           0.035928|        10.723804
201  |*i_0_1_219   |            0.708533|             4.246246|           0.035928|         4.990708
202  |*i_0_1_220   |            0.709743|             4.800779|           0.035928|         5.546451
203  |*i_0_1_221   |            0.711677|             4.236718|           0.035928|         4.984323
204  |*i_0_1_222   |            0.708648|             3.156441|           0.035928|         3.901018
205  |*i_0_1_225   |            0.708648|             3.156441|           0.035928|         3.901018
206  |*i_0_1_228   |            0.708643|             3.156441|           0.035928|         3.901014
207  |*i_0_1_229   |            0.708646|             3.156441|           0.035928|         3.901016
208  |*i_0_1_230   |            0.707569|             3.156441|           0.035928|         3.899939
209  |*i_0_1_231   |            0.707906|             3.156441|           0.035928|         3.900276
210  |*i_0_1_232   |            0.711198|             4.804370|           0.035928|         5.551497
211  |*i_0_1_233   |            0.710498|             5.352962|           0.035928|         6.099388
212  |*i_0_1_234   |            0.708648|             3.156441|           0.035928|         3.901018
213  |*i_0_1_235   |            0.711198|             4.804371|           0.035928|         5.551498
214  |*i_0_1_236   |            0.710272|             5.352962|           0.035928|         6.099163
215  |*i_0_1_237   |            0.708648|             3.156441|           0.035928|         3.901018
216  |*i_0_1_238   |            0.710844|             4.804371|           0.035928|         5.551144
217  |*i_0_1_239   |            0.710873|             4.804370|           0.035928|         5.551172
218  |*i_0_1_240   |            0.707907|             3.156441|           0.035928|         3.900277
219  |*i_0_1_241   |            0.711832|             4.052625|           0.035928|         4.800385
220  |*i_0_1_243   |            0.707570|             3.156441|           0.035928|         3.899940
221  |*i_0_1_244   |            0.707907|             3.156441|           0.035928|         3.900277
222  |*i_0_1_246   |            0.707570|             3.156441|           0.035928|         3.899940
223  |*i_0_1_247   |            0.707697|             3.156441|           0.035928|         3.900067
224  |*i_0_1_248   |            0.413772|             2.361404|           0.025066|         2.800242
225  |*i_0_1_249   |            0.703844|             3.144112|           0.035928|         3.883884
226  |*i_0_1_250   |            0.705517|             3.149506|           0.035928|         3.890951
227  |*i_0_1_251   |            0.709743|             4.800778|           0.035928|         5.546451
228  |*i_0_1_252   |            0.708648|             3.156441|           0.035928|         3.901018
229  |*i_0_1_266   |            0.712146|             3.687583|           0.035928|         4.435657
230  |*i_0_1_271   |            0.708464|             3.156441|           0.035928|         3.900834
231  |*i_0_1_272   |            0.708256|             3.156441|           0.035928|         3.900625
232  |*i_0_1_276   |            0.708256|             3.156441|           0.035928|         3.900625
233  |*i_0_1_277   |            0.707647|             3.156441|           0.035928|         3.900017
234  |*i_0_1_278   |            0.708648|             3.156441|           0.035928|         3.901018
235  |*i_0_1_1     |            0.707907|             3.156441|           0.035928|         3.900277
236  |*i_0_1_2     |            0.708256|             3.156441|           0.035928|         3.900625
237  |*i_0_1_4     |            0.567222|             0.141221|           0.034026|         0.742470
238  |*i_0_1_5     |            0.243006|             0.575813|           0.014353|         0.833172
239  |*i_0_1_6     |            0.180156|             0.548828|           0.014353|         0.743337
240  |*i_0_1_7     |            0.615984|             0.156143|           0.034026|         0.806153
241  |*i_0_1_8     |            0.238973|             0.566258|           0.014353|         0.819584
242  |*i_0_1_9     |            0.187929|             0.572507|           0.014353|         0.774789
243  |*i_0_1_10    |            0.617519|             0.157710|           0.034026|         0.809254
244  |*i_0_1_11    |            0.240289|             0.569375|           0.014353|         0.824017
245  |*i_0_1_12    |            0.189138|             0.576191|           0.014353|         0.779682
246  |*i_0_1_13    |            0.610899|             0.156452|           0.034026|         0.801377
247  |*i_0_1_14    |            0.242158|             0.573805|           0.014353|         0.830316
248  |*i_0_1_16    |            0.189279|             0.576620|           0.014353|         0.780253
249  |*i_0_1_17    |            0.605698|             0.155296|           0.034026|         0.795020
250  |*i_0_1_18    |            0.242852|             0.575448|           0.014353|         0.832653
251  |*i_0_1_19    |            0.189294|             0.576665|           0.014353|         0.780312
252  |*i_0_1_20    |            0.602620|             0.154598|           0.034026|         0.791244
253  |*i_0_1_21    |            0.243050|             0.575918|           0.014353|         0.833321
254  |*i_0_1_23    |            0.189296|             0.576669|           0.014353|         0.780318
255  |*i_0_1_24    |            0.601068|             0.154217|           0.034026|         0.789311
256  |*i_0_1_25    |            0.243094|             0.576022|           0.014353|         0.833469
257  |*i_0_1_26    |            0.189296|             0.576669|           0.014353|         0.780318
258  |*i_0_1_27    |            0.602259|             0.154007|           0.034026|         0.790292
259  |*i_0_1_28    |            0.242933|             0.575642|           0.014353|         0.832928
260  |*i_0_1_29    |            0.189193|             0.576357|           0.014353|         0.779903
261  |*i_0_1_30    |            0.597000|             0.153945|           0.034026|         0.784971
262  |*i_0_1_31    |            0.242882|             0.575520|           0.014353|         0.832755
263  |*i_0_1_32    |            0.189090|             0.576045|           0.014353|         0.779488
264  |*i_0_1_33    |            0.589841|             0.153979|           0.034026|         0.777847
265  |*i_0_1_34    |            0.240194|             0.569150|           0.014353|         0.823696
266  |*i_0_1_35    |            0.186966|             0.569571|           0.014353|         0.770890
267  |*i_0_1_36    |            0.593678|             0.153880|           0.034026|         0.781585
268  |*i_0_1_37    |            0.186904|             0.573583|           0.014353|         0.774841
269  |*i_0_1_38    |            0.188468|             0.574149|           0.014353|         0.776971
270  |*i_0_1_39    |            0.601552|             0.153835|           0.034026|         0.789414
271  |*i_0_1_40    |            0.242977|             0.575744|           0.014353|         0.833074
272  |*i_0_1_41    |            0.189194|             0.576360|           0.014353|         0.779907
273  |*i_0_1_42    |            0.606817|             0.153874|           0.034026|         0.794717
274  |*i_0_1_43    |            0.241451|             0.572129|           0.014353|         0.827934
275  |*i_0_1_44    |            0.188007|             0.572743|           0.014353|         0.775103
276  |*i_0_1_45    |            0.594210|             0.153850|           0.034026|         0.782086
277  |*i_0_1_46    |            0.242264|             0.574056|           0.014353|         0.830674
278  |*i_0_1_47    |            0.188636|             0.574660|           0.014353|         0.777650
279  |*i_0_1_48    |            0.592841|             0.153863|           0.034026|         0.780730
280  |*i_0_1_49    |            0.241770|             0.572885|           0.014353|         0.829007
281  |*i_0_1_50    |            0.188252|             0.573489|           0.014353|         0.776094
282  |*i_0_1_51    |            0.597566|             0.153826|           0.034026|         0.785418
283  |*i_0_1_52    |            0.187626|             0.575799|           0.014353|         0.777779
284  |*i_0_1_53    |            0.189210|             0.576409|           0.014353|         0.779972
285  |*i_0_1_54    |            0.597965|             0.153824|           0.034026|         0.785815
286  |*i_0_1_55    |            0.243041|             0.575897|           0.014353|         0.833291
287  |*i_0_1_56    |            0.189242|             0.576508|           0.014353|         0.780103
288  |*i_0_1_57    |            0.597839|             0.153824|           0.034026|         0.785689
289  |*i_0_1_58    |            0.243029|             0.575869|           0.014353|         0.833251
290  |*i_0_1_59    |            0.189233|             0.576479|           0.014353|         0.780066
291  |*i_0_1_60    |            0.595604|             0.153835|           0.034026|         0.783466
292  |*i_0_1_61    |            0.253111|             0.574982|           0.014353|         0.842446
293  |*i_0_1_62    |            0.188942|             0.575591|           0.014353|         0.778886
294  |*i_0_1_63    |            0.597263|             0.153826|           0.034026|         0.785115
295  |*i_0_1_64    |            0.242962|             0.575710|           0.014353|         0.833025
296  |*i_0_1_65    |            0.189181|             0.576320|           0.014353|         0.779854
297  |*i_0_1_66    |            0.597132|             0.153827|           0.034026|         0.784985
298  |*i_0_1_67    |            0.187583|             0.575667|           0.014353|         0.777603
299  |*i_0_1_68    |            0.189167|             0.576277|           0.014353|         0.779797
300  |*i_0_1_69    |            0.591885|             0.153873|           0.034026|         0.779784
301  |*i_0_1_70    |            0.241358|             0.571909|           0.014353|         0.827621
302  |*i_0_1_71    |            0.186027|             0.572516|           0.014353|         0.772896
303  |*i_0_1_72    |            0.597800|             0.153824|           0.034026|         0.785651
304  |*i_0_1_73    |            0.243025|             0.575860|           0.014353|         0.833238
305  |*i_0_1_74    |            0.189230|             0.576470|           0.014353|         0.780054
306  |*i_0_1_75    |            0.605925|             0.153859|           0.034026|         0.793811
307  |*i_0_1_76    |            0.186719|             0.573015|           0.014353|         0.774087
308  |*i_0_1_77    |            0.188295|             0.573622|           0.014353|         0.776271
309  |*i_0_1_78    |            0.596011|             0.153832|           0.034026|         0.783870
310  |*i_0_1_79    |            0.242746|             0.575197|           0.014353|         0.832296
311  |*i_0_1_80    |            0.186660|             0.575807|           0.014353|         0.776820
312  |*i_0_1_81    |            0.598005|             0.153824|           0.034026|         0.785854
313  |*i_0_1_82    |            0.243045|             0.575906|           0.014353|         0.833304
314  |*i_0_1_83    |            0.186990|             0.576516|           0.014353|         0.777860
315  |*i_0_1_84    |            0.598726|             0.153822|           0.034026|         0.786574
316  |*i_0_1_85    |            0.243093|             0.576020|           0.014353|         0.833466
317  |*i_0_1_86    |            0.189283|             0.576631|           0.014353|         0.780267
318  |*i_0_1_87    |            0.600414|             0.153823|           0.034026|         0.788263
319  |*i_0_1_88    |            0.187689|             0.575991|           0.014353|         0.778033
320  |*i_0_1_89    |            0.189273|             0.576602|           0.014353|         0.780229
321  |*i_0_1_90    |            0.592920|             0.153860|           0.034026|         0.780806
322  |*i_0_1_91    |            0.241803|             0.572964|           0.014353|         0.829120
323  |*i_0_1_92    |            0.188279|             0.573571|           0.014353|         0.776203
324  |*i_0_1_93    |            0.599340|             0.153822|           0.034026|         0.787188
325  |*i_0_1_94    |            0.187710|             0.576058|           0.014353|         0.778121
326  |*i_0_1_95    |            0.189295|             0.576668|           0.014353|         0.780317
327  |*i_0_1_96    |            0.589316|             0.153913|           0.034026|         0.777255
328  |*i_0_1_97    |            0.239978|             0.568639|           0.014353|         0.822971
329  |*i_0_1_98    |            0.186858|             0.569242|           0.014353|         0.770453
330  |*i_0_1_99    |            0.590784|             0.153889|           0.034026|         0.778700
331  |*i_0_1_100   |            0.251192|             0.570623|           0.014353|         0.836168
332  |*i_0_1_101   |            0.187509|             0.571228|           0.014353|         0.773090
333  |*i_0_1_102   |            0.598503|             0.153823|           0.034026|         0.786352
334  |*i_0_1_103   |            0.243081|             0.575993|           0.014353|         0.833427
335  |*i_0_1_104   |            0.189274|             0.576603|           0.014353|         0.780231
336  |*i_0_1_105   |            0.593990|             0.153849|           0.034026|         0.781865
337  |*i_0_1_106   |            0.242195|             0.573892|           0.014353|         0.830441
338  |*i_0_1_107   |            0.188584|             0.574501|           0.014353|         0.777438
339  |*i_0_1_108   |            0.590802|             0.153889|           0.034026|         0.778716
340  |*i_0_1_109   |            0.251202|             0.570644|           0.014353|         0.836199
341  |*i_0_1_110   |            0.187516|             0.571249|           0.014353|         0.773118
342  |*i_0_1_111   |            0.593093|             0.153858|           0.034026|         0.780977
343  |*i_0_1_112   |            0.241871|             0.573125|           0.014353|         0.829349
344  |*i_0_1_113   |            0.188331|             0.573732|           0.014353|         0.776417
345  |*i_0_1_114   |            0.596409|             0.153830|           0.034026|         0.784265
346  |*i_0_1_115   |            0.242825|             0.575385|           0.014353|         0.832563
347  |*i_0_1_116   |            0.187258|             0.575995|           0.014353|         0.777606
348  |*i_0_1_117   |            0.496982|             0.148378|           0.022619|         0.667979
349  |*i_0_1_118   |            0.561465|             0.252338|           0.017393|         0.831196
350  |*i_0_1_119   |            0.243009|             0.562126|           0.014353|         0.819487
351  |*i_0_1_120   |            0.601852|             0.153827|           0.034026|         0.789705
352  |*i_0_1_121   |            0.242932|             0.575640|           0.014353|         0.832925
353  |*i_0_1_122   |            0.189158|             0.576250|           0.014353|         0.779761
354  |*i_0_1_123   |            0.595659|             0.153835|           0.034026|         0.783520
355  |*i_0_1_124   |            0.253125|             0.575012|           0.014353|         0.842490
356  |*i_0_1_125   |            0.188952|             0.575622|           0.014353|         0.778927
357  |*i_0_1_126   |            0.595589|             0.153835|           0.034026|         0.783450
358  |*i_0_1_127   |            0.242651|             0.574973|           0.014353|         0.831978
359  |*i_0_1_128   |            0.188939|             0.575583|           0.014353|         0.778875
360  |*i_0_1_129   |            0.587782|             0.153943|           0.034026|         0.775751
361  |*i_0_1_130   |            0.238969|             0.566248|           0.014353|         0.819571
362  |*i_0_1_131   |            0.183756|             0.566849|           0.014353|         0.764957
363  |*i_0_1_132   |            0.604798|             0.153847|           0.034026|         0.792671
364  |*i_0_1_133   |            0.252671|             0.573982|           0.014353|         0.841006
365  |*i_0_1_134   |            0.188613|             0.574590|           0.014353|         0.777557
366  |*i_0_1_135   |            0.595413|             0.153836|           0.034026|         0.783276
367  |*i_0_1_136   |            0.242609|             0.574872|           0.014353|         0.831834
368  |*i_0_1_137   |            0.188906|             0.575482|           0.014353|         0.778741
369  |*i_0_1_138   |            0.588059|             0.153937|           0.034026|         0.776022
370  |*i_0_1_139   |            0.324184|             0.566704|           0.014353|         0.905241
371  |*i_0_1_140   |            0.184433|             0.567305|           0.014353|         0.766091
372  |*i_0_1_141   |            0.604602|             0.153846|           0.034026|         0.792473
373  |*i_0_1_142   |            0.242296|             0.574131|           0.014353|         0.830780
374  |*i_0_1_143   |            0.188662|             0.574740|           0.014353|         0.777755
375  |*i_0_1_300   |            0.603439|             0.153836|           0.034026|         0.791301
376  |*i_0_1_301   |            0.253076|             0.574903|           0.014353|         0.842332
377  |*i_0_1_302   |            0.188916|             0.575512|           0.014353|         0.778781
378  |*i_0_1_303   |            0.603128|             0.153834|           0.034026|         0.790988
379  |*i_0_1_304   |            0.242695|             0.575076|           0.014353|         0.832124
380  |*i_0_1_305   |            0.188973|             0.575686|           0.014353|         0.779011
381  |*i_0_1_306   |            0.496620|             0.148369|           0.022619|         0.667608
382  |*i_0_1_307   |            0.468576|             0.247694|           0.017393|         0.733663
383  |*i_0_1_308   |            0.253855|             0.562918|           0.014353|         0.831126
384  |*i_0_1_144   |            1.093049|             2.915960|           0.014353|         4.023362
385  |*i_0_1_145   |            0.496783|             0.148372|           0.022619|         0.667775
386  |*i_0_1_146   |            0.470640|             0.249888|           0.017393|         0.737921
387  |*i_0_1_147   |            0.187481|             0.562616|           0.014353|         0.764450
388  |*i_0_1_313   |            0.496990|             0.148379|           0.022619|         0.667988
389  |*i_0_1_314   |            0.475414|             0.252439|           0.017393|         0.745246
390  |*i_0_1_315   |            0.253486|             0.562102|           0.014353|         0.829941
391  |*i_0_1_322   |            0.496988|             0.148379|           0.022619|         0.667986
392  |*i_0_1_323   |            0.475370|             0.252415|           0.017393|         0.745178
393  |*i_0_1_324   |            0.243001|             0.562107|           0.014353|         0.819461
394  |*i_0_1_325   |            0.498484|             0.148453|           0.022619|         0.669557
395  |*i_0_1_326   |            0.501434|             0.266611|           0.017393|         0.785438
396  |*i_0_1_327   |            2.269476|             0.555986|           0.014353|         2.839815
397  |*i_0_1_331   |            0.495910|             0.148379|           0.022619|         0.666908
398  |*i_0_1_332   |            0.441371|             0.234363|           0.017393|         0.693127
399  |*i_0_1_333   |            0.253475|             0.562078|           0.014353|         0.829906
400  |*i_0_1_148   |            4.316028|             3.693045|           0.014353|         8.023426
401  |*i_0_1_149   |            0.816399|            25.868084|           0.017393|        26.701878
402  |*i_0_1_344   |            0.367177|             0.144150|           0.017393|         0.528721
403  |*i_0_1_345   |            0.169268|             0.326824|           0.017393|         0.513486
404  |*i_0_1_346   |            0.228404|             0.122259|           0.017393|         0.368056
405  |*i_0_1_347   |            0.351899|             0.148731|           0.017393|         0.518024
406  |*i_0_1_150   |            0.000122|             0.000075|           0.017393|         0.017590
407  |*i_0_1_358   |            0.496193|             0.148367|           0.022619|         0.667180
408  |*i_0_1_359   |            0.546846|             0.240792|           0.017393|         0.805031
409  |*i_0_1_360   |            0.243408|             0.563050|           0.014353|         0.820811
410  |*i_0_1_15    |            1.314170|             2.272145|           0.032612|         3.618926
411  |*i_0_1_22    |            0.823904|             0.140416|           0.014353|         0.978672
412  |*i_0_1_182   |            1.193730|             1.466761|           0.021438|         2.681930
413  |*i_0_1_183   |            0.489216|             5.731731|           0.014353|         6.235301
414  |*i_0_1_263   |            1.270123|             2.271954|           0.032612|         3.574688
415  |*i_0_1_264   |            0.823834|             0.140404|           0.014353|         0.978591
416  |*i_0_1_265   |            1.282892|             2.272156|           0.032612|         3.587660
417  |*i_0_1_267   |            0.823908|             0.140416|           0.014353|         0.978677
418  |*i_0_1_268   |            1.250932|             2.271935|           0.032612|         3.555479
419  |*i_0_1_269   |            0.823827|             0.140403|           0.014353|         0.978583
420  |*i_0_1_270   |            1.293455|             2.273444|           0.032612|         3.599512
421  |*i_0_1_273   |            0.824375|             0.140496|           0.014353|         0.979224
422  |*i_0_1_274   |            1.621596|             2.363716|           0.032612|         4.017924
423  |*i_0_1_275   |            0.857108|             0.146074|           0.014353|         1.017536
424  |*i_0_1_316   |            0.443982|             0.000000|           0.027858|         0.471840
425  |*i_0_1_317   |            0.208024|             0.000000|           0.014353|         0.222377
426  |*i_0_1_318   |            0.381487|             0.000000|           0.017393|         0.398881
427  |*i_0_1_319   |            0.711100|             4.747663|           0.035928|         5.494691
428  |*i_0_1_320   |            0.712218|             3.687568|           0.035928|         4.435715
429  |*i_0_1_321   |            0.711675|             4.217838|           0.035928|         4.965441
430  |*i_0_1_328   |            0.710566|             4.747733|           0.035928|         5.494227
431  |*i_0_1_330   |            0.709026|             7.384350|           0.035928|         8.129305
432  |*i_0_1_336   |            0.708373|             8.008043|           0.035928|         8.752344
433  |*i_0_1_337   |            0.707360|             8.972744|           0.035928|         9.716032
434  |*i_0_1_338   |            0.711152|             4.539583|           0.035928|         5.286664
435  |*i_0_1_339   |            0.711675|             4.217838|           0.035928|         4.965442
436  |*i_0_1_340   |            1.363984|             4.009688|           0.035928|         5.409602
437  |*i_0_1_341   |            0.711857|             4.009688|           0.035928|         4.757474
438  |*i_0_1_350   |            0.711866|             4.009688|           0.035928|         4.757483
439  |*i_0_1_351   |            1.364017|             4.009688|           0.035928|         5.409635
440  |*i_0_1_352   |            1.363377|             4.009688|           0.035928|         5.408995
441  |*i_0_1_353   |            1.363701|             4.009688|           0.035928|         5.409318
442  |*i_0_1_355   |            1.361107|             3.687582|           0.035928|         5.084619
443  |*i_0_1_356   |            1.361108|             3.687582|           0.035928|         5.084619
444  |*i_0_1_357   |            0.708464|             3.156441|           0.035928|         3.900834
445  |*i_0_1_361   |            0.712146|             3.687583|           0.035928|         4.435657
446  |*i_0_1_362   |            0.708694|             6.866087|           0.035928|         7.610710
447  |*i_0_1_363   |            0.707527|             7.621817|           0.035928|         8.365273
448  |*i_0_1_364   |            0.710088|             5.277445|           0.035928|         6.023461
449  |*i_0_1_365   |            0.709600|             5.807052|           0.035928|         6.552580
450  |*i_0_1_366   |            0.711456|             4.217839|           0.035928|         4.965223
451  |*i_0_1_184   |            0.791956|             5.684534|           0.014353|         6.490843
452  |*i_0_1_217   |            0.202150|             0.337391|           0.017393|         0.556934
453  |*i_0_1_223   |            0.678234|             3.998637|           0.036441|         4.713312
454  |*i_0_1_224   |            1.235027|            53.544098|           0.021438|        54.800564
455  |*i_0_1_372   |            1.245058|             0.451198|           0.021438|         1.717693
456  |*i_0_1_226   |            1.250989|             4.371599|           0.021438|         5.644026
457  |*i_0_1_227   |            1.966942|             0.529338|           0.022695|         2.518976
458  |*i_0_1_242   |            0.587656|             0.889801|           0.036441|         1.513897
459  |*i_0_1_245   |            0.000000|             0.000000|           0.032601|         0.032601
460  |*i_0_1_253   |            0.000034|             0.000039|           0.018127|         0.018200
461  |*i_0_1_254   |            0.097885|             0.124408|           0.032601|         0.254895
462  |*i_0_1_255   |            0.103790|             0.129059|           0.032601|         0.265451
463  |*i_0_1_256   |            0.158306|             0.191986|           0.032601|         0.382893
464  |*i_0_1_257   |            0.086820|             0.103634|           0.032601|         0.223055
465  |*i_0_1_258   |            0.000149|             0.000043|           0.018127|         0.018319
466  |*i_0_1_259   |            0.413043|             0.125888|           0.032601|         0.571532
467  |*i_0_1_260   |            0.813351|             0.258460|           0.032601|         1.104412
468  |*i_0_1_261   |            0.089197|             0.107552|           0.032601|         0.229351
469  |*i_0_1_262   |            0.079948|             0.095092|           0.032601|         0.207642
470  |*i_0_1_279   |            0.000027|             0.000032|           0.018127|         0.018186
471  |*i_0_1_280   |            0.089137|             0.113022|           0.032601|         0.234761
472  |*i_0_1_281   |            0.090409|             0.112083|           0.032601|         0.235094
473  |*i_0_1_282   |            0.137690|             0.168125|           0.032601|         0.338416
474  |*i_0_1_283   |            0.102629|             0.122575|           0.032601|         0.257805
475  |*i_0_1_284   |            0.000325|             0.000099|           0.018127|         0.018550
476  |*i_0_1_285   |            0.465650|             0.144456|           0.032601|         0.642707
477  |*i_0_1_286   |            1.147387|             0.352613|           0.032601|         1.532601
478  |*i_0_1_287   |            0.081819|             0.099833|           0.032601|         0.214254
479  |*i_0_1_288   |            0.107842|             0.128857|           0.032601|         0.269300
480  |*i_0_1_289   |            0.227008|             0.396968|           0.017393|         0.641369
481  |*i_0_1_290   |            4.368346|            24.789392|           0.014353|        29.172092
482  |*i_0_1_291   |            1.355010|             6.624777|           0.026832|         8.006618
483  |             |                    |                     |                   |                 
484  |*TOTAL       |         3464.849121|         13265.409180|         180.325531|     16910.583984
-----+-------------+--------------------+---------------------+-------------------+-----------------
