Report for group default
------------------------------------------------------------------------------------------------------------------------------------------------------------
Startpoint: A_in_reg[0]/Q
    (Clocked by sysclk R)
Endpoint: Res_reg[55]/D
    (Clocked by sysclk R)
Path Group: default
Data required time: 2442.2
    (Clock shift: 2500.0, minus Uncertainty: 0.0, plus Latency 0.0, minus Setup time: 57.8)
Data arrival time: 2438.9
Slack: 3.3
Logic depth: 52
------------------------------------------------------------------------------------------------------------------------------------------------------------
                                                     Arrival               Arc      Net               Net    Total   fan-                                   
Path                     Module/Cell           Edge     Time    Delay    Delay    Delay     Slew     Load     Load    out     Location Power Domain      (V)
                                                        (ps)     (ps)     (ps)     (ps)     (ps)     (ff)     (ff)    (#)      (um,um)                      
------------------------------------------------------------------------------------------------------------------------------------------------------------
clk                      {create_clock}           r      0.0      0.0      0.0                        0.0      0.0      2    61,    0                       
i_0_1_316/B2->ZN         AOI21_X1                rf      0.0      0.0      0.0      0.0      0.0      0.0      0.0      1   114,  113  /PD_TOP        (1.10)
i_0_1_317/A->ZN          INV_X1                  fr      0.0      0.0      0.0      0.0      0.0      0.0      0.0     64   114,  113  /PD_TOP        (1.10)
A_in_reg[0]/G->Q         DLH_X2*                 rf    100.3    100.3    100.3      0.0      0.0      1.7     56.4      3   114,  113  /PD_TOP        (1.10)
i_0_11/i_144/A->ZN       INV_X8                  fr    116.7     16.4     16.4      0.0     15.3      2.1     13.4      3   114,  113  /PD_TOP        (1.10)
i_0_11/i_143/A1->ZN      NAND4_X4*               rf    168.4     51.7     51.7      0.0      7.6      2.6     39.3      4   114,  113  /PD_TOP        (1.10)
i_0_11/i_142/A->ZN       INV_X8                  fr    184.8     16.4     16.4      0.0     15.3      2.1     13.4      3   114,  113  /PD_TOP        (1.10)
i_0_11/i_86/A1->ZN       NAND3_X4*               rf    221.3     36.5     36.5      0.0      7.6      1.3     30.5      2   114,  113  /PD_TOP        (1.10)
i_0_11/i_85/A->ZN        INV_X8                  fr    237.7     16.4     16.4      0.0     15.3      2.1     13.4      3   114,  113  /PD_TOP        (1.10)
i_0_11/i_55/A1->ZN       NAND4_X4*               rf    284.5     46.8     46.8      0.0      7.6      1.4     30.6      2   114,  113  /PD_TOP        (1.10)
i_0_11/i_53/A->ZN        INV_X8                  fr    299.1     14.6     14.6      0.0     15.3      1.2      9.1      2   114,  113  /PD_TOP        (1.10)
i_0_11/i_52/A1->ZN       NAND2_X4                rf    310.4     11.3     11.3      0.0      6.5      0.6      4.4      1   114,  113  /PD_TOP        (1.10)
i_0_11/i_51/A1->ZN       NAND2_X2                fr    322.2     11.8     11.8      0.0      7.0      0.7      2.0      1   114,  113  /PD_TOP        (1.10)
i_0_1_353/B->Z           MUX2_X2*                rr    391.0     68.8     68.8      0.0      8.4      1.9     33.1      3   114,  113  /PD_TOP        (1.10)
firstStage/i_0_703/A1->ZN
                         NAND2_X4                rf    417.5     26.5     26.5      0.0     15.3      0.6     26.0      1   114,  113  /PD_TOP        (1.10)
firstStage/i_0_666/A->ZN INV_X8                  fr    435.6     18.1     18.1      0.0     15.9      9.2     16.9      2   114,  113  /PD_TOP        (1.10)
secondStage/genblk2_0_parallelAdderStage1/genblk1_16_fa/i_0_0/B->Z
                         XOR2_X2                 rr    497.1     60.2     60.2      0.0      8.4      1.4      8.5      2    55,  120  /PD_TOP        (1.10)
secondStage/genblk2_0_parallelAdderStage1/genblk1_16_fa/i_0_1/A->Z
                         XOR2_X2                 rr    578.4     81.3     81.3      0.0     36.2      6.1     13.5      2    55,  120  /PD_TOP        (1.10)
secondStage/genblk3_0_parallelAdderStage2/genblk1_16_fa/i_0_0/A->Z
                         XOR2_X2                 rr    649.0     70.1     70.1      0.0     47.8      1.4      8.5      2    54,   78  /PD_TOP        (1.10)
secondStage/genblk3_0_parallelAdderStage2/genblk1_16_fa/i_0_1/A->Z
                         XOR2_X2                 rr    726.4     77.4     77.4      0.0     36.2      4.6     11.9      2    54,   78  /PD_TOP        (1.10)
secondStage/genblk4_0_parallelAdderStage3/genblk1_16_fa/i_0_0/A->Z
                         XOR2_X2                 rr    796.5     69.8     69.8      0.0     44.2      1.4      8.5      2    54,   48  /PD_TOP        (1.10)
secondStage/genblk4_0_parallelAdderStage3/genblk1_16_fa/i_0_1/A->Z
                         XOR2_X2                 rr    884.4     87.9     87.9      0.0     36.2      8.8     16.1      2    54,   48  /PD_TOP        (1.10)
secondStage/genblk5_0_parallelAdderStage4/genblk1_16_fa/i_0_0/A->Z
                         XOR2_X2                 rr    956.0     70.5     70.5      0.0     53.8      1.4      8.5      2   110,   54  /PD_TOP        (1.10)
secondStage/genblk5_0_parallelAdderStage4/genblk1_16_fa/i_0_1/A->Z
                         XOR2_X2                 rr   1025.3     69.3     69.3      0.0     36.2      1.4      8.7      2   110,   54  /PD_TOP        (1.10)
secondStage/genblk6_0_parallelAdderStage5/genblk1_16_fa/i_0_0/A->Z
                         XOR2_X2                 rr   1094.1     68.8     68.8      0.0     36.7      1.4      8.5      2   110,   54  /PD_TOP        (1.10)
secondStage/genblk6_0_parallelAdderStage5/genblk1_16_fa/i_0_1/A->Z
                         XOR2_X2                 rr   1163.4     69.3     69.3      0.0     36.2      1.4      8.7      2   110,   54  /PD_TOP        (1.10)
secondStage/genblk7_0_parallelAdderStage6/genblk1_16_fa/i_0_0/A->Z
                         XOR2_X2                 rr   1232.2     68.8     68.8      0.0     36.7      1.4      8.5      2   110,   54  /PD_TOP        (1.10)
secondStage/genblk7_0_parallelAdderStage6/genblk1_16_fa/i_0_1/A->Z
                         XOR2_X2                 rr   1296.5     64.3     64.3      0.0     36.2      1.2      6.7      2   110,   54  /PD_TOP        (1.10)
secondStage/genblk8_0_parallelAdderStage7/genblk1_16_fa/i_0_0/A->Z
                         XOR2_X2                 rr   1360.1     63.6     63.6      0.0     32.1      1.2      6.7      2   110,   54  /PD_TOP        (1.10)
secondStage/genblk9_0_finalStage/genblk1_16_fa/i_0_0/A->Z
                         XOR2_X2                 rr   1443.2     83.1     83.1      0.0     32.1      7.9     14.5      2   110,   54  /PD_TOP        (1.10)
thirdStage/i_0/i_189/A1->ZN
                         OR2_X4                  rr   1476.5     33.3     32.2      1.1     50.1      1.3      9.0      2   114,  113  /PD_TOP        (1.10)
thirdStage/i_0/i_193/A->ZN
                         OAI21_X4                rf   1494.8     18.3     18.3      0.0      9.2      0.7      4.8      1   114,  113  /PD_TOP        (1.10)
thirdStage/i_0/i_194/B2->ZN
                         OAI21_X4                fr   1531.7     36.9     36.9      0.0      9.6      1.3      8.2      2   114,  113  /PD_TOP        (1.10)
thirdStage/i_0/i_204/A1->ZN
                         NAND2_X4*               rf   1564.1     32.4     32.4      0.0     22.9      1.2     30.5      2   114,  113  /PD_TOP        (1.10)
thirdStage/i_0/i_224/A->ZN
                         INV_X8                  fr   1576.6     12.5     12.5      0.0     15.3      0.7      4.3      1   114,  113  /PD_TOP        (1.10)
thirdStage/i_0/i_225/A1->ZN
                         NAND4_X4                rf   1603.0     26.4     26.4      0.0      5.3      1.5      9.6      2   114,  113  /PD_TOP        (1.10)
thirdStage/i_0/i_232/A1->ZN
                         NAND2_X4                fr   1622.3     19.3     19.3      0.0     20.0      0.7      4.7      1   114,  113  /PD_TOP        (1.10)
thirdStage/i_0/i_234/B1->ZN
                         OAI21_X4                rf   1637.8     15.5     15.5      0.0      9.7      1.4      7.4      2   114,  113  /PD_TOP        (1.10)
thirdStage/i_0/i_237/A1->ZN
                         NAND3_X4                fr   1654.9     17.1     17.1      0.0     10.7      0.7      4.7      1   114,  113  /PD_TOP        (1.10)
thirdStage/i_0/i_240/A1->ZN
                         NAND3_X4                rf   1674.1     19.2     19.2      0.0     12.4      0.7      4.8      1   114,  113  /PD_TOP        (1.10)
thirdStage/i_0/i_243/B1->ZN
                         AOI21_X4*               fr   1740.1     66.0     66.0      0.0     11.1      3.3     44.0      5   114,  113  /PD_TOP        (1.10)
thirdStage/i_0/i_430/A->ZN
                         INV_X8                  rf   1747.2      7.1      7.0      0.1     15.3      0.7      4.7      1   114,  113  /PD_TOP        (1.10)
thirdStage/i_0/i_431/A2->ZN
                         NOR4_X4*                fr   1875.4    128.2    128.2      0.0      3.5      1.4     30.9      2   114,  113  /PD_TOP        (1.10)
thirdStage/i_0/i_432/B2->ZN
                         OAI21_X4                rf   1896.3     20.9     20.9      0.0     15.3      1.3      8.8      2   114,  113  /PD_TOP        (1.10)
thirdStage/i_0/i_439/A1->ZN
                         NAND2_X4                fr   1922.6     26.3     26.3      0.0     11.3      3.2     22.1      5   114,  113  /PD_TOP        (1.10)
thirdStage/i_0/i_440/A1->ZN
                         NAND4_X4*               rf   1976.6     54.0     53.9      0.1     19.2      2.2     35.8      3   114,  113  /PD_TOP        (1.10)
thirdStage/i_0/i_446/A1->ZN
                         NAND3_X4                fr   2001.3     24.7     24.7      0.0     15.3      2.1     13.3      3   114,  113  /PD_TOP        (1.10)
thirdStage/i_0/i_160/B1->ZN
                         OAI21_X4                rf   2017.4     16.1     16.1      0.0     17.1      0.7      3.8      1   114,  113  /PD_TOP        (1.10)
thirdStage/i_0/i_159/A->ZN
                         XNOR2_X2*               ff   2087.1     69.7     69.7      0.0      9.2      3.0     40.5      4   114,  113  /PD_TOP        (1.10)
i_0_1_260/A4->ZN         NOR4_X4                 fr   2171.5     84.4     84.3      0.1     15.3      0.8      4.6      1   114,  113  /PD_TOP        (1.10)
i_0_1_258/A3->ZN         NAND4_X4                rf   2208.6     37.1     37.1      0.0     43.5      0.8      4.7      1   114,  113  /PD_TOP        (1.10)
i_0_1_245/A3->ZN         NOR4_X4                 fr   2297.0     88.4     88.4      0.0     15.8      1.5      7.8      2   114,  113  /PD_TOP        (1.10)
i_0_1_291/A1->ZN         NOR3_X4*                rf   2343.8     46.8     46.8      0.0     51.1      6.7     73.0      9   114,  113  /PD_TOP        (1.10)
i_0_1_372/A->Z           BUF_X4                  ff   2371.3     27.5     27.3      0.2     15.3      0.7      5.0      1   114,  113  /PD_TOP        (1.10)
i_0_1_15/A2->ZN          AOI22_X4                fr   2434.1     62.8     62.8      0.0      4.9      0.7     26.2      1   114,  113  /PD_TOP        (1.10)
i_0_1_22/A->ZN           INV_X4                  rf   2438.9      4.8      4.8      0.0     50.8      0.6      1.6      1   114,  113  /PD_TOP        (1.10)
Res_reg[55]/D            DLH_X2                   f   2438.9      0.0               0.0      3.3                            114,  113  /PD_TOP        (1.10)
------------------------------------------------------------------------------------------------------------------------------------------------------------
Report for group I2R
------------------------------------------------------------------------------------------------------------------------------------------------------------
Startpoint: A[31]
    (Clocked by rtDefaultClock R)
Endpoint: A_in_reg[31]/D
    (Clocked by sysclk F)
Path Group: I2R
Data required time: 1191.6
    (Clock shift: 1250.0, minus Uncertainty: 0.0, plus Latency 0.0, minus Setup time: 58.4)
Data arrival time: 296.1
Slack: 895.5
Logic depth: 4
------------------------------------------------------------------------------------------------------------------------------------------------------------
                                                     Arrival               Arc      Net               Net    Total   fan-                                   
Path                     Module/Cell           Edge     Time    Delay    Delay    Delay     Slew     Load     Load    out     Location Power Domain      (V)
                                                        (ps)     (ps)     (ps)     (ps)     (ps)     (ff)     (ff)    (#)      (um,um)                      
------------------------------------------------------------------------------------------------------------------------------------------------------------
A[31]                    {set_input_delay}        f    200.0    200.0    200.0                       23.0     48.5      1     0,   55                       
i_0_1_184/A->ZN          INV_X8                  fr    249.0     49.0     40.6      8.4    100.0      1.2     18.8      2   114,  113  /PD_TOP        (1.10)
i_0_1_226/A->Z           BUF_X8                  rr    270.7     21.7     21.7      0.0      8.9      0.6     14.5      1   114,  113  /PD_TOP        (1.10)
i_0_1_182/A->Z           BUF_X4                  rr    289.7     19.0     19.0      0.0      7.6      0.6      4.8      1   114,  113  /PD_TOP        (1.10)
i_0_1_3/A1->ZN           NOR2_X2                 rf    296.1      6.4      6.4      0.0      6.2      0.6      1.6      1   114,  113  /PD_TOP        (1.10)
A_in_reg[31]/D           DLH_X2                   f    296.1      0.0               0.0      4.8                            114,  113  /PD_TOP        (1.10)
------------------------------------------------------------------------------------------------------------------------------------------------------------
Report for group I2O
Report for group R2O
