Report Physical info: 
------------------------+-------------+-----------+------------
                        |             |Area (squm)|Leakage (uW)
------------------------+-------------+-----------+------------
Design Name             |FPU_boothAlgo|           |            
  Total Instances       |         1045|       1388|      28.358
    Macros              |            0|          0|       0.000
    Pads                |            0|          0|       0.000
    Phys                |            0|          0|       0.000
    Blackboxes          |            0|          0|       0.000
    Cells               |         1045|       1388|      28.358
      Buffers           |            0|          0|       0.000
      Inverters         |          216|        115|       3.100
      Clock-Gates       |            0|          0|       0.000
      Combinational     |          639|        768|      17.493
      Latches           |          190|        505|       7.764
      FlipFlops         |            0|          0|       0.000
       Single-Bit FF    |            0|          0|       0.000
       Multi-Bit FF     |            0|          0|       0.000
       Clock-Gated      |            0|           |            
       Bits             |            0|          0|       0.000
         Load-Enabled   |            0|           |            
         Clock-Gated    |            0|           |            
  Tristate Pin Count    |            0|           |            
Physical Info           |Placed       |           |            
  Chip Size (mm x mm)   |0.108 x 0.108|      11685|            
  Fixed Cell Area       |             |          0|            
    Phys Only           |            0|          0|            
  Placeable Area        |             |       2288|            
  Movable Cell Area     |             |       1388|            
  Utilization (%)       |           60|           |            
  Chip Utilization (%)  |           60|           |            
  Total Wire Length (mm)|        5.732|           |            
  Longest Wire (mm)     |        0.063|           |            
  Average Wire (mm)     |        0.058|           |            
------------------------+-------------+-----------+------------
