Report for group default
------------------------------------------------------------------------------------------------------------------------------------------------------------
Startpoint: multiplier/accumulator_A_reg[5]/Q
    (Clocked by sysclk R)
Endpoint: multiplier/accumulator_A_reg[29]/D
    (Clocked by sysclk F)
Path Group: default
Data required time: 943.4
    (Clock shift: 1000.0, minus Uncertainty: 0.0, plus Latency 0.0, minus Setup time: 56.6)
Data arrival time: 778.6
Slack: 164.8
Logic depth: 23
------------------------------------------------------------------------------------------------------------------------------------------------------------
                                                     Arrival               Arc      Net               Net    Total   fan-                                   
Path                     Module/Cell           Edge     Time    Delay    Delay    Delay     Slew     Load     Load    out     Location Power Domain      (V)
                                                        (ps)     (ps)     (ps)     (ps)     (ps)     (ff)     (ff)    (#)      (um,um)                      
------------------------------------------------------------------------------------------------------------------------------------------------------------
clk                      {create_clock}           r      0.0      0.0      0.0                        0.0      0.0      5     0,   51                       
multiplier/i_0_166/A2->ZN
                         NAND3_X1                rf      0.0      0.0      0.0      0.0      0.0      0.0      0.0      3    54,   54  /PD_TOP        (1.10)
multiplier/i_0_165/A2->ZN
                         AND2_X2                 ff      0.0      0.0      0.0      0.0      0.0      0.0      0.0     33    54,   54  /PD_TOP        (1.10)
multiplier/i_0_164/A->ZN INV_X1                  fr      0.0      0.0      0.0      0.0      0.0      0.0      0.0     32    54,   54  /PD_TOP        (1.10)
multiplier/i_0_15/A1->ZN OR2_X2                  rr      0.0      0.0      0.0      0.0      0.0      0.0      0.0     69    54,   54  /PD_TOP        (1.10)
multiplier/accumulator_A_reg[5]/G->Q
                         DLH_X2*                 rf    102.3    102.3    102.3      0.0      0.0      6.3     62.7      9    54,   54  /PD_TOP        (1.10)
multiplier/i_8/i_91/A->ZN
                         INV_X8                  fr    119.2     16.9     16.7      0.2     15.3      1.9     13.9      3    54,   54  /PD_TOP        (1.10)
multiplier/i_8/i_88/A1->ZN
                         NAND2_X4                rf    135.3     16.1     16.1      0.0      7.7      2.1     12.2      3    54,   54  /PD_TOP        (1.10)
multiplier/i_8/i_86/A3->ZN
                         AND3_X4                 ff    171.2     35.9     35.9      0.0     10.1      1.5      9.7      2    54,   54  /PD_TOP        (1.10)
multiplier/i_8/i_82/A->ZN
                         OAI21_X4                fr    203.8     32.6     32.6      0.0      7.5      0.6     26.1      1    54,   54  /PD_TOP        (1.10)
multiplier/i_8/i_81/A->ZN
                         INV_X8                  rf    210.0      6.2      6.2      0.0     43.7      0.8      3.3      1    54,   54  /PD_TOP        (1.10)
multiplier/i_8/i_80/A->ZN
                         AOI221_X2               fr    301.6     91.6     91.6      0.0      3.3      1.6      8.1      2    54,   54  /PD_TOP        (1.10)
multiplier/i_8/i_141/C2->ZN
                         AOI211_X4               rf    367.3     65.7     65.7      0.0     61.8      0.7     26.1      1    54,   54  /PD_TOP        (1.10)
multiplier/i_8/i_140/A->ZN
                         INV_X8                  fr    379.1     11.8     11.8      0.0     10.3      1.3      7.3      2    54,   54  /PD_TOP        (1.10)
multiplier/i_8/i_175/B1->ZN
                         AOI21_X4                rf    393.6     14.5     14.5      0.0      6.1      1.5      8.0      2    54,   54  /PD_TOP        (1.10)
multiplier/i_8/i_205/C1->ZN
                         OAI221_X2               fr    430.7     37.1     37.1      0.0      9.2      0.9      5.0      1    54,   54  /PD_TOP        (1.10)
multiplier/i_8/i_204/B->ZN
                         OAI211_X4               rf    464.7     34.0     34.0      0.0     42.5      0.8      4.8      1    54,   54  /PD_TOP        (1.10)
multiplier/i_8/i_203/B2->ZN
                         OAI21_X4                fr    505.1     40.4     40.4      0.0     14.8      1.4      9.3      2    54,   54  /PD_TOP        (1.10)
multiplier/i_8/i_202/A2->ZN
                         NAND2_X4                rf    528.1     23.0     23.0      0.0     24.2      2.0     14.3      3    54,   54  /PD_TOP        (1.10)
multiplier/i_8/i_201/A2->ZN
                         NOR2_X4*                fr    588.6     60.5     60.5      0.0     10.9      1.3     30.6      2    54,   54  /PD_TOP        (1.10)
multiplier/i_8/i_200/A->ZN
                         INV_X8                  rf    597.1      8.5      8.5      0.0     15.3      1.3      9.6      2    54,   54  /PD_TOP        (1.10)
multiplier/i_8/i_199/A2->ZN
                         NOR2_X4                 fr    635.3     38.2     38.2      0.0      4.1      2.0     13.9      3    54,   54  /PD_TOP        (1.10)
multiplier/i_8/i_198/A2->ZN
                         NAND2_X4*               rf    668.8     33.5     33.5      0.0     26.5      1.3     30.6      2    54,   54  /PD_TOP        (1.10)
multiplier/i_8/i_213/A->ZN
                         INV_X8                  fr    685.4     16.6     16.6      0.0     15.3      2.0     13.7      3    54,   54  /PD_TOP        (1.10)
multiplier/i_8/i_217/A1->ZN
                         NAND3_X4                rf    709.6     24.2     24.2      0.0      7.6      2.0     13.9      3    54,   54  /PD_TOP        (1.10)
multiplier/i_8/i_215/B2->ZN
                         OAI21_X4                fr    772.4     62.8     62.8      0.0     16.8      0.6     26.1      1    54,   54  /PD_TOP        (1.10)
multiplier/i_8/i_214/A->ZN
                         INV_X8                  rf    778.6      6.2      6.2      0.0     43.7      0.8      3.3      1    54,   54  /PD_TOP        (1.10)
multiplier/i_0_76/B2->ZN AOI222_X1               fr    778.6      0.0      0.0      0.0      3.3      0.0      0.0      1    54,   54  /PD_TOP        (1.10)
multiplier/i_0_75/A->ZN  INV_X1                  rf    778.6      0.0      0.0      0.0      0.0      0.0      0.0      1    54,   54  /PD_TOP        (1.10)
multiplier/accumulator_A_reg[29]/D
                         DLH_X2                   f    778.6      0.0               0.0      0.0                             54,   54  /PD_TOP        (1.10)
------------------------------------------------------------------------------------------------------------------------------------------------------------
Report for group I2R
------------------------------------------------------------------------------------------------------------------------------------------------------------
Startpoint: enable
    (Clocked by rtDefaultClock R)
Endpoint: multiplier/accumulator_A_reg[30]/D
    (Clocked by sysclk F)
Path Group: I2R
Data required time: 943.4
    (Clock shift: 1000.0, minus Uncertainty: 0.0, plus Latency 0.0, minus Setup time: 56.6)
Data arrival time: 200.9
Slack: 742.5
Logic depth: 6
------------------------------------------------------------------------------------------------------------------------------------------------------------
                                                     Arrival               Arc      Net               Net    Total   fan-                                   
Path                     Module/Cell           Edge     Time    Delay    Delay    Delay     Slew     Load     Load    out     Location Power Domain      (V)
                                                        (ps)     (ps)     (ps)     (ps)     (ps)     (ff)     (ff)    (#)      (um,um)                      
------------------------------------------------------------------------------------------------------------------------------------------------------------
enable                   {set_input_delay}        r    200.0    200.0    200.0                        9.4     47.0      4     0,   51                       
multiplier/i_0_166/A1->ZN
                         NAND3_X1                rf    200.9      0.9      0.0      0.9    100.0      0.0      0.0      3    54,   54  /PD_TOP        (1.10)
multiplier/i_0_165/A2->ZN
                         AND2_X2                 ff    200.9      0.0      0.0      0.0      0.0      0.0      0.0     33    54,   54  /PD_TOP        (1.10)
multiplier/i_0_164/A->ZN INV_X1                  fr    200.9      0.0      0.0      0.0      0.0      0.0      0.0     32    54,   54  /PD_TOP        (1.10)
multiplier/i_0_136/A1->ZN
                         NOR2_X1                 rf    200.9      0.0      0.0      0.0      0.0      0.0      0.0     32    54,   54  /PD_TOP        (1.10)
multiplier/i_0_78/C1->ZN AOI222_X1               fr    200.9      0.0      0.0      0.0      0.0      0.0      0.0      1    54,   54  /PD_TOP        (1.10)
multiplier/i_0_77/A->ZN  INV_X1                  rf    200.9      0.0      0.0      0.0      0.0      0.0      0.0      1    54,   54  /PD_TOP        (1.10)
multiplier/accumulator_A_reg[30]/D
                         DLH_X2                   f    200.9      0.0               0.0      0.0                             54,   54  /PD_TOP        (1.10)
------------------------------------------------------------------------------------------------------------------------------------------------------------
Report for group I2O
Report for group R2O
