Report End Points: 
-----+-------+------+-------+-----+-----+-----+-----+-----------+---------
     |Group  |Launch|Capture|Shift|Delay|Depth|Slack|Begin Point|End Point
-----+-------+------+-------+-----+-----+-----+-----+-----------+---------
1    |default|      |       |     |     |     |     |           |         
-----+-------+------+-------+-----+-----+-----+-----+-----------+---------
Report End Points: 
-----+-----+------+-------+-----+-----+-----+-----+-----------+---------
     |Group|Launch|Capture|Shift|Delay|Depth|Slack|Begin Point|End Point
-----+-----+------+-------+-----+-----+-----+-----+-----------+---------
1    |I2R  |      |       |     |     |     |     |           |         
-----+-----+------+-------+-----+-----+-----+-----+-----------+---------
Report End Points: 
-----+-----+--------------+-------+-------+-----+-----+-------+-----------+---------
     |Group|Launch        |Capture|Shift  |Delay|Depth|Slack  |Begin Point|End Point
-----+-----+--------------+-------+-------+-----+-----+-------+-----------+---------
1    |I2O  |rtDefaultClock|vsysclk|20000.0|481.9|   10|18018.1|A[28]      |OVF      
2    |I2O  |rtDefaultClock|vsysclk|20000.0|407.2|    8|18092.8|A[28]      |SUM[31]  
3    |I2O  |rtDefaultClock|vsysclk|20000.0|403.7|    8|18096.3|A[24]      |SUM[27]  
-----+-----+--------------+-------+-------+-----+-----+-------+-----------+---------
Report End Points: 
-----+-----+------+-------+-----+-----+-----+-----+-----------+---------
     |Group|Launch|Capture|Shift|Delay|Depth|Slack|Begin Point|End Point
-----+-----+------+-------+-----+-----+-----+-----+-----------+---------
1    |R2O  |      |       |     |     |     |     |           |         
-----+-----+------+-------+-----+-----+-----+-----+-----------+---------
