warning: No library characterized for (process = 1.00 voltage = 0.85 temperature = 25.00) can be found in the database for power domain '/PD_TOP'  [NL-174]
Report Power (instances with prefix '*' are included in total) : 
-----+----------------------+--------------------+---------------------+-------------------+-----------------
     | Instance             | Internal Power(uw) | Switching Power(uw) | Leakage Power(uw) | Total Power(uw) 
-----+----------------------+--------------------+---------------------+-------------------+-----------------
1    |*genblk2_0_Skip       |            0.000000|             0.000000|           0.000000|         0.000000
2    |*genblk2_1_Skip       |            0.000000|             0.000000|           0.000000|         0.000000
3    |*genblk2_2_Skip       |            0.000000|             0.000000|           0.000000|         0.000000
4    |*genblk2_3_Skip       |            0.000000|             0.000000|           0.000000|         0.000000
5    |*genblk2_4_Skip       |            0.000000|             0.000000|           0.000000|         0.000000
6    |*genblk2_5_Skip       |            0.000000|             0.000000|           0.000000|         0.000000
7    |*genblk2_6_Skip       |            0.000000|             0.000000|           0.000000|         0.000000
8    |*genblk2_7_Skip       |            0.000000|             0.000000|           0.000000|         0.000000
9    |*genblk1_7_rippleAdder|           20.420309|            65.298615|           0.477170|        86.196098
10   |*genblk1_6_rippleAdder|           20.423170|            63.919106|           0.477170|        84.819443
11   |*genblk1_5_rippleAdder|           20.423244|            63.884445|           0.477170|        84.784859
12   |*genblk1_4_rippleAdder|           20.423262|            63.875481|           0.477170|        84.775909
13   |*genblk1_3_rippleAdder|           20.423334|            63.840816|           0.477170|        84.741318
14   |*genblk1_2_rippleAdder|           20.423351|            63.831848|           0.477170|        84.732368
15   |*genblk1_1_rippleAdder|           20.423420|            63.800312|           0.477170|        84.700897
16   |*genblk1_0_rippleAdder|           20.423048|            67.289619|           0.477170|        88.189835
17   |*i_0_0_0              |            0.582673|             0.976655|           0.017393|         1.576721
18   |*i_0_0_1              |            1.039903|             1.316520|           0.014353|         2.370776
19   |*i_0_0_2              |            1.800239|             4.600015|           0.036441|         6.436694
20   |                      |                    |                     |                   |                 
21   |*TOTAL                |          166.805954|           522.633362|           3.885550|       693.324951
-----+----------------------+--------------------+---------------------+-------------------+-----------------
