Report Physical info: 
------------------------+-------------+-----------+------------
                        |             |Area (squm)|Leakage (uW)
------------------------+-------------+-----------+------------
Design Name             |FPU_CIA      |           |            
  Total Instances       |         1069|       1219|      28.892
    Macros              |            0|          0|       0.000
    Pads                |            0|          0|       0.000
    Phys                |            0|          0|       0.000
    Blackboxes          |            0|          0|       0.000
    Cells               |         1069|       1219|      28.892
      Buffers           |            0|          0|       0.000
      Inverters         |          237|        126|       3.402
      Clock-Gates       |            0|          0|       0.000
      Combinational     |          832|       1093|      25.490
      Latches           |            0|          0|       0.000
      FlipFlops         |            0|          0|       0.000
       Single-Bit FF    |            0|          0|       0.000
       Multi-Bit FF     |            0|          0|       0.000
       Clock-Gated      |            0|           |            
       Bits             |            0|          0|       0.000
         Load-Enabled   |            0|           |            
         Clock-Gated    |            0|           |            
  Tristate Pin Count    |            0|           |            
Physical Info           |Placed       |           |            
  Chip Size (mm x mm)   |0.105 x 0.105|      11041|            
  Fixed Cell Area       |             |          0|            
    Phys Only           |            0|          0|            
  Placeable Area        |             |       2017|            
  Movable Cell Area     |             |       1219|            
  Utilization (%)       |           60|           |            
  Chip Utilization (%)  |           60|           |            
  Total Wire Length (mm)|        5.200|           |            
  Longest Wire (mm)     |        0.056|           |            
  Average Wire (mm)     |        0.054|           |            
------------------------+-------------+-----------+------------
