warning: No library characterized for (process = 1.00 voltage = 0.85 temperature = 25.00) can be found in the database for power domain '/PD_TOP'  [NL-174]
Report Power (instances with prefix '*' are included in total) : 
-----+----------+--------------------+---------------------+-------------------+-----------------
     | Instance | Internal Power(uw) | Switching Power(uw) | Leakage Power(uw) | Total Power(uw) 
-----+----------+--------------------+---------------------+-------------------+-----------------
1    |*add1     |           40.239643|           174.923737|           1.011103|       216.174500
2    |*add2     |          193.082748|           495.782654|           5.131432|       693.996887
3    |*i_0_3    |           38.108719|            64.506020|           1.822795|       104.437531
4    |*i_0_16   |           50.224064|            72.194443|           1.317109|       123.735619
5    |*i_0_19   |           26.100735|            41.463043|           1.301777|        68.865555
6    |*i_0_0_0  |            2.378925|             2.615906|           0.061230|         5.056060
7    |*i_0_0_1  |            3.329323|             2.354033|           0.075762|         5.759119
8    |*i_0_0_2  |            3.095370|             2.212200|           0.075762|         5.383332
9    |*i_0_0_3  |            3.323140|             2.384143|           0.075762|         5.783045
10   |*i_0_0_4  |            3.313751|             2.320204|           0.075762|         5.709717
11   |*i_0_0_5  |            3.512806|             2.457793|           0.075762|         6.046361
12   |*i_0_0_6  |            3.578748|             2.566516|           0.075762|         6.221026
13   |*i_0_0_7  |            2.475284|             2.244559|           0.061230|         4.781073
14   |*i_0_0_8  |            2.241922|             1.842504|           0.061230|         4.145656
15   |*i_0_0_9  |            2.177584|             1.626160|           0.061230|         3.864973
16   |*i_0_0_10 |            2.166960|             1.523715|           0.061230|         3.751905
17   |*i_0_0_11 |            2.154358|             1.477384|           0.061230|         3.692972
18   |*i_0_0_12 |            2.161900|             1.455379|           0.061230|         3.678509
19   |*i_0_0_13 |            0.975495|             1.268459|           0.027858|         2.271813
20   |*i_0_0_14 |            0.564285|             2.706437|           0.021200|         3.291921
21   |*i_0_0_15 |            0.631982|             2.721282|           0.014353|         3.367617
22   |*i_0_0_16 |            1.166430|             7.870885|           0.034026|         9.071341
23   |*i_0_0_17 |            0.624101|             2.687347|           0.014353|         3.325802
24   |*i_0_0_18 |            1.154828|             7.772735|           0.034026|         8.961589
25   |*i_0_0_19 |            0.628050|             2.704352|           0.014353|         3.346755
26   |*i_0_0_20 |            1.159637|             7.821917|           0.034026|         9.015580
27   |*i_0_0_21 |            0.650654|             1.993918|           0.014353|         2.658925
28   |*i_0_0_22 |            1.157746|             7.809733|           0.034026|         9.001505
29   |*i_0_0_23 |            0.626495|             2.697655|           0.014353|         3.338503
30   |*i_0_0_24 |            1.156496|             7.802547|           0.034026|         8.993069
31   |*i_0_0_25 |            0.625316|             2.692581|           0.014353|         3.332251
32   |*i_0_0_26 |            1.157326|             7.787873|           0.034026|         8.979225
33   |*i_0_0_27 |            0.625972|             2.695404|           0.014353|         3.335728
34   |*i_0_0_28 |            1.151757|             7.796036|           0.034026|         8.981819
35   |*i_0_0_29 |            0.649401|             1.990078|           0.014353|         2.653833
36   |*i_0_0_30 |            1.155241|             7.794696|           0.034026|         8.983963
37   |*i_0_0_31 |            0.625649|             2.694014|           0.014353|         3.334016
38   |*i_0_0_32 |            1.158001|             7.792017|           0.034026|         8.984044
39   |*i_0_0_33 |            0.625769|             2.694531|           0.014353|         3.334654
40   |*i_0_0_34 |            1.155116|             7.793512|           0.034026|         8.982655
41   |*i_0_0_35 |            0.625750|             2.694448|           0.014353|         3.334552
42   |*i_0_0_36 |            1.154230|             7.793272|           0.034026|         8.981528
43   |*i_0_0_37 |            0.649271|             1.989681|           0.014353|         2.653305
44   |*i_0_0_38 |            1.155103|             7.793138|           0.034026|         8.982267
45   |*i_0_0_39 |            0.625733|             2.694375|           0.014353|         3.334461
46   |*i_0_0_40 |            1.154940|             7.793061|           0.034026|         8.982027
47   |*i_0_0_41 |            0.625730|             2.694360|           0.014353|         3.334443
48   |*i_0_0_42 |            1.154689|             7.793019|           0.034026|         8.981734
49   |*i_0_0_43 |            0.625728|             2.694352|           0.014353|         3.334433
50   |*i_0_0_44 |            1.153950|             7.792994|           0.034026|         8.980970
51   |*i_0_0_45 |            0.649258|             1.989641|           0.014353|         2.653252
52   |*i_0_0_46 |            1.155078|             7.792980|           0.034026|         8.982084
53   |*i_0_0_47 |            0.625726|             2.694345|           0.014353|         3.334424
54   |*i_0_0_48 |            1.154926|             7.792973|           0.034026|         8.981925
55   |*i_0_0_49 |            0.625726|             2.694343|           0.014353|         3.334422
56   |*i_0_0_50 |            1.154681|             7.792968|           0.034026|         8.981676
57   |*i_0_0_51 |            0.625725|             2.694343|           0.014353|         3.334421
58   |*i_0_0_52 |            1.154181|             7.792967|           0.034026|         8.981174
59   |*i_0_0_53 |            0.649257|             1.989637|           0.014353|         2.653247
60   |*i_0_0_54 |            1.151263|             7.792965|           0.034026|         8.978255
61   |*i_0_0_55 |            0.625725|             2.694342|           0.014353|         3.334420
62   |*i_0_0_56 |            1.151813|             7.792965|           0.034026|         8.978804
63   |*i_0_0_57 |            0.625725|             2.694342|           0.014353|         3.334420
64   |*i_0_0_58 |            1.150750|             7.792965|           0.034026|         8.977741
65   |*i_0_0_59 |            1.246866|             2.743593|           0.022695|         4.013154
66   |*i_0_0_60 |            0.528272|             5.464480|           0.014353|         6.007105
67   |*i_0_0_61 |            1.181580|             7.790338|           0.032612|         9.004530
68   |*i_0_0_62 |            0.533261|             4.851180|           0.014353|         5.398794
69   |*i_0_0_63 |            1.181580|             7.790338|           0.032612|         9.004530
70   |*i_0_0_64 |            0.559969|             3.667039|           0.014353|         4.241361
71   |*i_0_0_65 |            1.181580|             7.790338|           0.032612|         9.004530
72   |*i_0_0_66 |            0.566795|             3.426575|           0.014353|         4.007723
73   |*i_0_0_67 |            1.181580|             7.790338|           0.032612|         9.004530
74   |*i_0_0_68 |            0.566795|             3.426575|           0.014353|         4.007723
75   |*i_0_0_69 |            1.181580|             7.790338|           0.032612|         9.004530
76   |*i_0_0_70 |            0.533190|             4.859924|           0.014353|         5.407467
77   |*i_0_0_71 |            1.181580|             7.790338|           0.032612|         9.004530
78   |*i_0_0_72 |            0.560044|             3.664392|           0.014353|         4.238789
79   |*i_0_0_73 |            1.181580|             7.790338|           0.032612|         9.004530
80   |*i_0_0_74 |            1.101441|             3.491876|           0.034026|         4.627343
81   |*i_0_0_75 |            0.533190|             4.859924|           0.014353|         5.407467
82   |*i_0_0_76 |            1.181580|             7.790338|           0.032612|         9.004530
83   |*i_0_0_77 |            0.560044|             3.664392|           0.014353|         4.238789
84   |*i_0_0_78 |            1.181580|             7.790338|           0.032612|         9.004530
85   |*i_0_0_79 |            0.550149|             4.012996|           0.014353|         4.577497
86   |*i_0_0_80 |            1.181580|             7.790338|           0.032612|         9.004530
87   |*i_0_0_81 |            0.494913|            10.293266|           0.014353|        10.802532
88   |*i_0_0_82 |            1.181580|             7.790338|           0.032612|         9.004530
89   |*i_0_0_83 |            0.566795|             3.426575|           0.014353|         4.007723
90   |*i_0_0_84 |            1.181580|             7.790338|           0.032612|         9.004530
91   |*i_0_0_85 |            0.528842|             5.394478|           0.014353|         5.937673
92   |*i_0_0_86 |            1.181580|             7.790338|           0.032612|         9.004530
93   |*i_0_0_87 |            0.553248|             3.903820|           0.014353|         4.471421
94   |*i_0_0_88 |            1.181580|             7.790338|           0.032612|         9.004530
95   |*i_0_0_89 |            1.143156|            10.359405|           0.034026|        11.536587
96   |*i_0_0_90 |            0.566795|             3.426575|           0.014353|         4.007723
97   |*i_0_0_91 |            1.181580|             7.790338|           0.032612|         9.004530
98   |*i_0_0_92 |            0.528842|             5.394478|           0.014353|         5.937673
99   |*i_0_0_93 |            1.181580|             7.790338|           0.032612|         9.004530
100  |*i_0_0_94 |            0.553248|             3.903820|           0.014353|         4.471421
101  |*i_0_0_95 |            1.181580|             7.790338|           0.032612|         9.004530
102  |*i_0_0_96 |            0.494913|            10.293266|           0.014353|        10.802532
103  |*i_0_0_97 |            1.181580|             7.790338|           0.032612|         9.004530
104  |*i_0_0_98 |            1.101221|             3.491876|           0.034026|         4.627123
105  |*i_0_0_99 |            1.113271|             5.463311|           0.034026|         6.610608
106  |*i_0_0_100|            1.104120|             3.966183|           0.034026|         5.104330
107  |*i_0_0_101|            0.164008|             0.718389|           0.014353|         0.896750
108  |*i_0_0_102|            0.317548|             2.163261|           0.032612|         2.513421
109  |*i_0_0_103|            0.184650|             0.808807|           0.014353|         1.007810
110  |*i_0_0_104|            0.337567|             2.435534|           0.032612|         2.805712
111  |*i_0_0_105|            0.207900|             0.910647|           0.014353|         1.132901
112  |*i_0_0_106|            0.375399|             2.742203|           0.032612|         3.150213
113  |*i_0_0_107|            0.255406|             0.839192|           0.014353|         1.108951
114  |*i_0_0_108|            0.450206|             3.275197|           0.032612|         3.758015
115  |*i_0_0_109|            0.276655|             1.211806|           0.014353|         1.502814
116  |*i_0_0_110|            0.495492|             3.649072|           0.032612|         4.177177
117  |*i_0_0_111|            0.307059|             1.344982|           0.014353|         1.666393
118  |*i_0_0_112|            0.541395|             4.050100|           0.032612|         4.624106
119  |*i_0_0_113|            0.323740|             1.418051|           0.014353|         1.756145
120  |*i_0_0_114|            0.569284|             4.270132|           0.032612|         4.872027
121  |*i_0_0_115|            0.341650|             1.122568|           0.014353|         1.478571
122  |*i_0_0_116|            0.572138|             4.381155|           0.032612|         4.985905
123  |*i_0_0_117|            0.349508|             1.530919|           0.014353|         1.894780
124  |*i_0_0_118|            0.597263|             4.610007|           0.032612|         5.239882
125  |*i_0_0_119|            0.356960|             1.563560|           0.014353|         1.934874
126  |*i_0_0_120|            0.887472|             4.708299|           0.032612|         5.628383
127  |*i_0_0_121|            0.367682|             1.610526|           0.014353|         1.992561
128  |*i_0_0_122|            0.916535|             4.849723|           0.032612|         5.798871
129  |*i_0_0_123|            0.388154|             1.275366|           0.014353|         1.677873
130  |*i_0_0_124|            0.941676|             4.977498|           0.032612|         5.951786
131  |*i_0_0_125|            0.386138|             1.691368|           0.014353|         2.091859
132  |*i_0_0_126|            0.965438|             5.093161|           0.032612|         6.091210
133  |*i_0_0_127|            0.393889|             1.725317|           0.014353|         2.133559
134  |*i_0_0_128|            0.986990|             5.195392|           0.032612|         6.214994
135  |*i_0_0_129|            0.400946|             1.756229|           0.014353|         2.171528
136  |*i_0_0_130|            1.006132|             5.288475|           0.032612|         6.327219
137  |*i_0_0_131|            0.418687|             1.375689|           0.014353|         1.808729
138  |*i_0_0_132|            1.022473|             5.369037|           0.032612|         6.424121
139  |*i_0_0_133|            0.412487|             1.806782|           0.014353|         2.233622
140  |*i_0_0_134|            1.037671|             5.440703|           0.032612|         6.510986
141  |*i_0_0_135|            0.417104|             1.827004|           0.014353|         2.258461
142  |*i_0_0_136|            1.051184|             5.501596|           0.032612|         6.585392
143  |*i_0_0_137|            0.423565|             1.855305|           0.014353|         2.293223
144  |*i_0_0_138|            1.077818|             5.586819|           0.032612|         6.697248
145  |*i_0_0_139|            0.453790|             1.491029|           0.014353|         1.959173
146  |*i_0_0_140|            1.084105|             5.819186|           0.032612|         6.935903
147  |*i_0_0_141|            0.597162|             2.455738|           0.014353|         3.067253
148  |*i_0_0_142|            1.063601|             7.394882|           0.034026|         8.492509
149  |*i_0_0_143|            0.596769|             2.454122|           0.014353|         3.065245
150  |*i_0_0_144|            0.990891|             7.390018|           0.034026|         8.414935
151  |*i_0_0_145|            0.597009|             2.455108|           0.014353|         3.066470
152  |*i_0_0_146|            0.992599|             7.392986|           0.034026|         8.419612
153  |*i_0_0_147|            1.098341|            13.570408|           0.025066|        14.693815
154  |*i_0_0_148|            0.093485|             0.440605|           0.048314|         0.582404
155  |*i_0_0_149|            1.246077|             0.740866|           0.032612|         2.019555
156  |*i_0_0_150|            0.107686|             0.489816|           0.048314|         0.645816
157  |*i_0_0_151|            0.083269|             0.472663|           0.034026|         0.589957
158  |*i_0_0_152|            0.055410|             0.109626|           0.027858|         0.192895
159  |*i_0_0_153|            0.020263|             0.047824|           0.021200|         0.089286
160  |*i_0_0_154|            0.036998|             0.127599|           0.017393|         0.181990
161  |*i_0_0_155|            0.096783|             0.518672|           0.034026|         0.649481
162  |*i_0_0_156|            0.670532|             1.138435|           0.034026|         1.842993
163  |*i_0_0_157|            0.124862|             0.269747|           0.041741|         0.436350
164  |*i_0_0_158|            0.096713|             0.518716|           0.034026|         0.649455
165  |*i_0_0_159|            0.672704|             1.141315|           0.034026|         1.848046
166  |*i_0_0_160|            0.129214|             0.287875|           0.041741|         0.458831
167  |*i_0_0_161|            0.096876|             0.519222|           0.034026|         0.650125
168  |*i_0_0_162|            0.695096|             1.143636|           0.034026|         1.872758
169  |*i_0_0_163|            0.127406|             0.311209|           0.034026|         0.472641
170  |*i_0_0_164|            0.099278|             0.528587|           0.034026|         0.661891
171  |*i_0_0_165|            0.789702|             1.269193|           0.034026|         2.092921
172  |*i_0_0_166|            0.130016|             0.318947|           0.034026|         0.482989
173  |*i_0_0_167|            0.042638|             0.197027|           0.017393|         0.257059
174  |*i_0_0_168|            0.073136|             0.420256|           0.014353|         0.507746
175  |*i_0_0_169|            0.096988|             1.532100|           0.017393|         1.646481
176  |*i_0_0_170|            0.083890|             0.444844|           0.034026|         0.562760
177  |*i_0_0_171|            0.969991|             1.415692|           0.034026|         2.419710
178  |*i_0_0_172|            0.785727|             2.285084|           0.032612|         3.103424
179  |*i_0_0_173|            0.154592|             0.359889|           0.033938|         0.548418
180  |*i_0_0_174|            0.079874|             0.532677|           0.022619|         0.635170
181  |*i_0_0_175|            0.016184|             0.019601|           0.033938|         0.069722
182  |*i_0_0_176|            0.779375|             1.896927|           0.032612|         2.708914
183  |*i_0_0_177|            0.154639|             0.373827|           0.033938|         0.562403
184  |*i_0_0_178|            0.077627|             0.518167|           0.022619|         0.618414
185  |*i_0_0_179|            0.011783|             0.015368|           0.033938|         0.061089
186  |*i_0_0_180|            0.104186|             0.184417|           0.034026|         0.322629
187  |*i_0_0_181|            0.154426|             0.366241|           0.033938|         0.554605
188  |*i_0_0_182|            0.062493|             0.417728|           0.022619|         0.502841
189  |*i_0_0_183|            0.011753|             0.015337|           0.033938|         0.061028
190  |*i_0_0_184|            0.113757|             0.190762|           0.034026|         0.338546
191  |*i_0_0_185|            0.133867|             0.315678|           0.033938|         0.483482
192  |*i_0_0_186|            0.165091|             1.112931|           0.021200|         1.299221
193  |*i_0_0_187|            0.062467|             0.417564|           0.022619|         0.502651
194  |*i_0_0_188|            0.011706|             0.015293|           0.033938|         0.060936
195  |*i_0_0_189|            0.092558|             0.160819|           0.034026|         0.287403
196  |*i_0_0_190|            0.562604|             2.602055|           0.014353|         3.179013
197  |*i_0_0_191|            0.981259|             7.072594|           0.034026|         8.087879
198  |*i_0_0_192|            0.062508|             0.418218|           0.022619|         0.503345
199  |*i_0_0_193|            0.011784|             0.015370|           0.033938|         0.061092
200  |*i_0_0_194|            0.099711|             0.177181|           0.034026|         0.310919
201  |*i_0_0_195|            0.087938|             0.688112|           0.017393|         0.793443
202  |*i_0_0_196|            0.618756|             2.863785|           0.014353|         3.496894
203  |*i_0_0_197|            1.063259|             7.779226|           0.034026|         8.876511
204  |*i_0_0_198|            0.062541|             0.418213|           0.022619|         0.503373
205  |*i_0_0_199|            0.011853|             0.015436|           0.033938|         0.061227
206  |*i_0_0_200|            0.117542|             0.200354|           0.034026|         0.351921
207  |*i_0_0_201|            0.618078|             2.872239|           0.014353|         3.504670
208  |*i_0_0_202|            1.061033|             7.774944|           0.034026|         8.870004
209  |*i_0_0_203|            0.062563|             0.418811|           0.022619|         0.503994
210  |*i_0_0_204|            0.012163|             0.015481|           0.033938|         0.061582
211  |*i_0_0_205|            0.132499|             0.205543|           0.034026|         0.372068
212  |*i_0_0_206|            0.067084|             0.521919|           0.017393|         0.606396
213  |*i_0_0_207|            0.617536|             2.871748|           0.014353|         3.503637
214  |*i_0_0_208|            1.021330|             7.768870|           0.034026|         8.824227
215  |*i_0_0_209|            0.006000|             0.058111|           0.017393|         0.081504
216  |*i_0_0_210|            0.063685|             0.418862|           0.022619|         0.505166
217  |*i_0_0_211|            0.012179|             0.015498|           0.033938|         0.061615
218  |*i_0_0_212|            0.126507|             0.224127|           0.034026|         0.384659
219  |*i_0_0_213|            0.069383|             0.320705|           0.014353|         0.404441
220  |*i_0_0_214|            0.137917|             0.872159|           0.034026|         1.044102
221  |*i_0_0_215|            0.868869|             2.923825|           0.032612|         3.825305
222  |*i_0_0_216|            0.062571|             0.418874|           0.022619|         0.504064
223  |*i_0_0_217|            0.012179|             0.015496|           0.033938|         0.061612
224  |*i_0_0_218|            0.115647|             0.209930|           0.034026|         0.359603
225  |*i_0_0_219|            0.073275|             0.338694|           0.014353|         0.426322
226  |*i_0_0_220|            0.120234|             0.921079|           0.034026|         1.075340
227  |*i_0_0_221|            0.856595|             2.898825|           0.032612|         3.788032
228  |*i_0_0_222|            0.064404|             0.371613|           0.034026|         0.470043
229  |*i_0_0_223|            0.192995|             0.163417|           0.047399|         0.403810
230  |*i_0_0_224|            0.116980|             0.232170|           0.034026|         0.383176
231  |*i_0_0_225|            0.464397|            17.706102|           0.014353|        18.184853
232  |*i_0_0_226|            0.680222|            21.104244|           0.021200|        21.805666
233  |*i_0_0_227|            0.073069|             0.339793|           0.014353|         0.427215
234  |*i_0_0_228|            0.119981|             0.919235|           0.034026|         1.073242
235  |*i_0_0_229|            0.901479|             2.901134|           0.034026|         3.836639
236  |*i_0_0_230|            0.099530|             0.677291|           0.017393|         0.794214
237  |*i_0_0_231|            0.064329|             0.430576|           0.022619|         0.517525
238  |*i_0_0_232|            0.011850|             0.018705|           0.022039|         0.052594
239  |*i_0_0_233|            0.824979|             1.402860|           0.027858|         2.255698
240  |*i_0_0_234|            0.781201|             1.353917|           0.034026|         2.169144
241  |*i_0_0_235|            0.046993|             0.239894|           0.014353|         0.301240
242  |*i_0_0_236|            0.077512|             0.926062|           0.027858|         1.031432
243  |*i_0_0_237|            0.023687|             0.039731|           0.021200|         0.084617
244  |*i_0_0_238|            0.903511|             2.895841|           0.034026|         3.833379
245  |*i_0_0_239|            0.064603|             0.432343|           0.022619|         0.519566
246  |*i_0_0_240|            0.013759|             0.019223|           0.022039|         0.055021
247  |*i_0_0_241|            0.832708|             1.382869|           0.027858|         2.243434
248  |*i_0_0_242|            0.927875|             1.408186|           0.034026|         2.370087
249  |*i_0_0_243|            0.054933|             0.168729|           0.014353|         0.238016
250  |*i_0_0_244|            0.126003|             1.260286|           0.034026|         1.420315
251  |*i_0_0_245|            0.905303|             2.916875|           0.034026|         3.856205
252  |*i_0_0_246|            0.080967|             0.437168|           0.034026|         0.552162
253  |*i_0_0_247|            1.115456|             1.492350|           0.043178|         2.650984
254  |*i_0_0_248|            0.055193|             0.342131|           0.014353|         0.411677
255  |*i_0_0_249|            0.149014|             1.149867|           0.034026|         1.332907
256  |*i_0_0_250|            0.903615|             2.907202|           0.034026|         3.844843
257  |*i_0_0_251|            0.023880|             0.042396|           0.022619|         0.088896
258  |*i_0_0_252|            0.080827|             0.435656|           0.034026|         0.550509
259  |*i_0_0_253|            1.451487|             1.481031|           0.043178|         2.975696
260  |*i_0_0_254|            0.121429|             0.483993|           0.034026|         0.639448
261  |*i_0_0_255|            0.902938|             2.909041|           0.034026|         3.846005
262  |*i_0_0_256|            0.031413|             0.521994|           0.017393|         0.570800
263  |*i_0_0_257|            0.025814|             0.045453|           0.022619|         0.093886
264  |*i_0_0_258|            0.067967|             0.384937|           0.034026|         0.486929
265  |*i_0_0_259|            0.476559|             0.487368|           0.041741|         1.005668
266  |*i_0_0_260|            0.216269|             0.256214|           0.022619|         0.495103
267  |*i_0_0_261|            0.115695|             0.179165|           0.022039|         0.316899
268  |*i_0_0_262|            0.877766|             1.224699|           0.022039|         2.124504
269  |*i_0_0_263|            0.113132|             0.141280|           0.033938|         0.288349
270  |*i_0_0_264|            0.044346|             0.134954|           0.014353|         0.193653
271  |*i_0_0_265|            0.072539|             0.875123|           0.022619|         0.970282
272  |*i_0_0_266|            0.113111|             0.134975|           0.033938|         0.282024
273  |*i_0_0_267|            0.302301|             2.737293|           0.014353|         3.053947
274  |*i_0_0_268|            0.550402|             5.932965|           0.022619|         6.505986
275  |*i_0_0_269|            0.112299|             0.278578|           0.041741|         0.432618
276  |*i_0_0_270|            0.820914|             1.097664|           0.022039|         1.940616
277  |*i_0_0_271|            0.113170|             0.141288|           0.033938|         0.288395
278  |*i_0_0_272|            0.276065|             3.675925|           0.014353|         3.966343
279  |*i_0_0_273|            0.403508|             5.414190|           0.021200|         5.838899
280  |*i_0_0_274|            0.264078|             0.322471|           0.043178|         0.629727
281  |*i_0_0_275|            0.757470|             0.840062|           0.027858|         1.625391
282  |*i_0_0_276|            0.065258|             0.280566|           0.014353|         0.360177
283  |*i_0_0_277|            0.091545|             0.920827|           0.022619|         1.034991
284  |*i_0_0_278|            0.141731|             0.168040|           0.033938|         0.343708
285  |*i_0_0_279|            0.443439|             3.484250|           0.014353|         3.942042
286  |*i_0_0_280|            0.655263|            10.957546|           0.017393|        11.630202
287  |*i_0_0_281|            0.161489|             0.369947|           0.033938|         0.565374
288  |*i_0_0_282|            0.112980|             0.099229|           0.033938|         0.246147
289  |*i_0_0_283|            0.065196|             0.283823|           0.014353|         0.363373
290  |*i_0_0_284|            0.091016|             0.920964|           0.022619|         1.034600
291  |*i_0_0_285|            0.141738|             0.168069|           0.033938|         0.343744
292  |*i_0_0_286|            0.095025|             2.351781|           0.014353|         2.461159
293  |*i_0_0_287|            0.247869|             1.999566|           0.034026|         2.281462
294  |*i_0_0_288|            0.000017|             0.000202|           0.017393|         0.017612
295  |*i_0_0_289|            0.094811|             4.079504|           0.014353|         4.188667
296  |*i_0_0_290|            0.219869|             5.342676|           0.027858|         5.590404
297  |*i_0_0_291|            0.126893|             0.568972|           0.021200|         0.717064
298  |*i_0_0_292|            0.019348|             0.227431|           0.014353|         0.261132
299  |*i_0_0_293|            0.043339|             0.377413|           0.022619|         0.443371
300  |*i_0_0_294|            0.000198|             0.001093|           0.014353|         0.015644
301  |*i_0_0_295|            0.000293|             0.004436|           0.021200|         0.025929
302  |*i_0_0_296|            0.347012|             9.458160|           0.014353|         9.819525
303  |*i_0_0_297|            0.648453|            18.275417|           0.027858|        18.951731
304  |*i_0_0_298|            0.299476|             1.235768|           0.017393|         1.552637
305  |*i_0_0_299|            0.404184|             4.142930|           0.014353|         4.561467
306  |*i_0_0_300|            0.598557|            10.006572|           0.017393|        10.622523
307  |*i_0_0_301|            0.019294|             0.514222|           0.014353|         0.547870
308  |*i_0_0_302|            0.028802|             0.940641|           0.021200|         0.990642
309  |*i_0_0_303|            0.019561|             0.118238|           0.014353|         0.152152
310  |*i_0_0_304|            0.023762|             0.441796|           0.021200|         0.486757
311  |*i_0_0_305|            0.202155|             4.849214|           0.022695|         5.074064
312  |*i_0_0_306|            0.054721|             0.160267|           0.022695|         0.237683
313  |*i_0_0_307|            0.007616|             0.017773|           0.021200|         0.046589
314  |*i_0_0_308|            0.300344|             0.287001|           0.026733|         0.614078
315  |*i_0_0_309|            0.324737|             0.314082|           0.026733|         0.665552
316  |*i_0_0_310|            0.774354|             5.109048|           0.017393|         5.900796
317  |*i_0_0_311|            0.575989|             2.208486|           0.014353|         2.798828
318  |*i_0_0_312|            0.800700|             7.752121|           0.027858|         8.580680
319  |*i_0_0_313|            0.545092|             1.071606|           0.017393|         1.634092
320  |*i_0_0_314|            1.025562|             1.893719|           0.022695|         2.941977
321  |*i_0_0_315|            0.469702|            20.997499|           0.014353|        21.481556
322  |*i_0_0_316|            0.789897|            26.931488|           0.021200|        27.742586
323  |*i_0_0_317|            0.790491|             5.184665|           0.017393|         5.992549
324  |*i_0_0_318|            1.348445|             2.333913|           0.032612|         3.714970
325  |*i_0_0_319|            0.789506|             5.176427|           0.017393|         5.983326
326  |*i_0_0_320|            1.344360|             2.316086|           0.032612|         3.693058
327  |*i_0_0_321|            0.789459|             5.182736|           0.017393|         5.989589
328  |*i_0_0_322|            1.349597|             2.302420|           0.032612|         3.684629
329  |*i_0_0_323|            0.788928|             5.179329|           0.017393|         5.985651
330  |*i_0_0_324|            1.342064|             2.293701|           0.032612|         3.668377
331  |*i_0_0_325|            0.790978|             5.195745|           0.017393|         6.004117
332  |*i_0_0_326|            1.347648|             2.335864|           0.032612|         3.716125
333  |*i_0_0_327|            0.790928|             5.193587|           0.017393|         6.001908
334  |*i_0_0_328|            1.347687|             2.321394|           0.032612|         3.701693
335  |*i_0_0_329|            0.608120|             5.200724|           0.017393|         5.826238
336  |*i_0_0_330|            0.014666|             0.352971|           0.014353|         0.381991
337  |*i_0_0_331|            0.034276|             0.271136|           0.034026|         0.339438
338  |*i_0_0_332|            0.338533|             0.346878|           0.018127|         0.703538
339  |*i_0_0_333|            0.338421|             0.350047|           0.018127|         0.706595
340  |*i_0_0_334|            0.338521|             0.347236|           0.018127|         0.703884
341  |*i_0_0_335|            0.338506|             0.347654|           0.018127|         0.704287
342  |*i_0_0_336|            0.653389|             2.197762|           0.014353|         2.865504
343  |*i_0_0_337|            1.026231|             7.912730|           0.034026|         8.972987
344  |*i_0_0_338|            0.764300|             1.089057|           0.036441|         1.889798
345  |*i_0_0_339|            1.612980|             1.447615|           0.036441|         3.097036
346  |*i_0_0_340|            1.447346|             1.302537|           0.036441|         2.786324
347  |*i_0_0_341|            0.075416|             0.230030|           0.014353|         0.319799
348  |*i_0_0_342|            0.125311|             2.681287|           0.021200|         2.827797
349  |*i_0_0_343|            0.075746|             0.613584|           0.014353|         0.703683
350  |*i_0_0_344|            0.147725|             2.952954|           0.026832|         3.127510
351  |*i_0_0_345|            0.118633|             0.949030|           0.021200|         1.088863
352  |*i_0_0_346|            0.394602|             3.512972|           0.014353|         3.921927
353  |*i_0_0_347|            0.805738|             8.917534|           0.022619|         9.745891
354  |*i_0_0_348|            0.223003|             0.470896|           0.021200|         0.715098
355  |*i_0_0_349|            0.224358|             0.475162|           0.021200|         0.720720
356  |*i_0_0_350|            0.316946|             0.499131|           0.027858|         0.843935
357  |*i_0_0_351|            0.236620|             4.654595|           0.014353|         4.905569
358  |*i_0_0_352|            0.352653|             5.131280|           0.021200|         5.505133
359  |*i_0_0_353|            0.481520|             2.848382|           0.014353|         3.344255
360  |*i_0_0_354|            1.402022|             9.303280|           0.041741|        10.747043
361  |*i_0_0_355|            0.924661|             1.014711|           0.022619|         1.961992
362  |*i_0_0_356|            0.596520|             0.399673|           0.027025|         1.023218
363  |*i_0_0_357|            0.884547|             0.911991|           0.022619|         1.819158
364  |*i_0_0_358|            0.949049|             1.312564|           0.034566|         2.296179
365  |*i_0_0_359|            0.856906|             0.953618|           0.022619|         1.833143
366  |*i_0_0_360|            0.881276|             1.408609|           0.027858|         2.317744
367  |*i_0_0_361|            0.265987|             0.244043|           0.032601|         0.542631
368  |*i_0_0_362|            0.621217|             1.201232|           0.017393|         1.839843
369  |*i_0_0_363|            0.819281|             1.287489|           0.027858|         2.134629
370  |*i_0_0_364|            0.845398|             1.384401|           0.022619|         2.252419
371  |*i_0_0_365|            0.834069|             1.361532|           0.027858|         2.223460
372  |*i_0_0_366|            0.704242|             1.166292|           0.022619|         1.893153
373  |*i_0_0_367|            0.754938|             1.226190|           0.027858|         2.008987
374  |*i_0_0_368|            0.779583|             1.283806|           0.022619|         2.086009
375  |*i_0_0_369|            0.836946|             1.319775|           0.027858|         2.184580
376  |*i_0_0_370|            0.803509|             6.115116|           0.022619|         6.941245
377  |*i_0_0_371|            0.690539|             1.102053|           0.027858|         1.820450
378  |*i_0_0_372|            0.659005|             1.088057|           0.022619|         1.769681
379  |*i_0_0_373|            0.770234|             1.061907|           0.034566|         1.866707
380  |*i_0_0_374|            0.643385|             0.729163|           0.022619|         1.395167
381  |*i_0_0_375|            0.670926|             0.915388|           0.034566|         1.620880
382  |*i_0_0_376|            0.481135|             0.546625|           0.022619|         1.050379
383  |*i_0_0_377|            0.564079|             2.655952|           0.021200|         3.241231
384  |*i_0_0_378|            0.000000|             0.000000|           0.032601|         0.032602
385  |*i_0_0_379|            0.011895|             0.011413|           0.026733|         0.050042
386  |*i_0_0_380|            0.470337|             4.824712|           0.014353|         5.309402
387  |*i_0_0_381|            1.152789|            11.728770|           0.032612|        12.914172
388  |*i_0_0_382|            0.277874|             0.516943|           0.014353|         0.809171
389  |*i_0_0_383|            0.413155|             5.442448|           0.021200|         5.876802
390  |*i_0_0_384|            0.459763|             3.809432|           0.014353|         4.283548
391  |*i_0_0_385|            1.163200|            13.545960|           0.034026|        14.743186
392  |*i_0_0_386|            0.466857|             5.267698|           0.014353|         5.748909
393  |*i_0_0_387|            1.165753|            13.079929|           0.034026|        14.279708
394  |*i_0_0_388|            0.125242|             0.339280|           0.018105|         0.482627
395  |*i_0_0_389|            0.430228|             1.815817|           0.021200|         2.267244
396  |*i_0_0_390|            0.467634|             5.168985|           0.014353|         5.650972
397  |*i_0_0_391|            1.160404|            12.111481|           0.034026|        13.305911
398  |*i_0_0_392|            0.467610|             3.814727|           0.014353|         4.296689
399  |*i_0_0_393|            1.164455|            13.099492|           0.034026|        14.297973
400  |*i_0_0_394|            0.416896|             0.872989|           0.017393|         1.307278
401  |*i_0_0_395|            0.467597|             3.854429|           0.014353|         4.336379
402  |*i_0_0_396|            1.186702|            15.937588|           0.034026|        17.158316
403  |*i_0_0_397|            0.467975|             2.356745|           0.014353|         2.839074
404  |*i_0_0_398|            1.179584|            15.827184|           0.034026|        17.040794
405  |*i_0_0_399|            0.053619|             0.174356|           0.022695|         0.250670
406  |*i_0_0_400|            0.326714|             0.842387|           0.018105|         1.187206
407  |*i_0_0_401|            0.467959|             3.362936|           0.014353|         3.845248
408  |*i_0_0_402|            1.146870|            10.685888|           0.032612|        11.865370
409  |*i_0_0_403|            0.467239|             1.933267|           0.014353|         2.414859
410  |*i_0_0_404|            1.151334|            13.452960|           0.032612|        14.636906
411  |*i_0_0_405|            1.183361|             2.160904|           0.025066|         3.369331
412  |*i_0_0_406|            0.468081|             2.408418|           0.014353|         2.890852
413  |*i_0_0_407|            1.140079|            10.058906|           0.032612|        11.231597
414  |*i_0_0_408|            1.132675|             4.537709|           0.032612|         5.702996
415  |*i_0_0_409|            0.327418|             0.839210|           0.018105|         1.184733
416  |*i_0_0_410|            0.603185|             2.542279|           0.021200|         3.166663
417  |*i_0_0_411|            0.467840|             4.186580|           0.014353|         4.668773
418  |*i_0_0_412|            1.146973|            10.195550|           0.032612|        11.375135
419  |*i_0_0_413|            0.467936|             3.392100|           0.014353|         3.874389
420  |*i_0_0_414|            1.153206|             9.237463|           0.032612|        10.423281
421  |*i_0_0_415|            0.584159|             1.223212|           0.017393|         1.824765
422  |*i_0_0_416|            0.466326|             0.989693|           0.014353|         1.470372
423  |*i_0_0_417|            1.161841|            13.477664|           0.032612|        14.672117
424  |*i_0_0_418|            0.467891|             3.885377|           0.014353|         4.367620
425  |*i_0_0_419|            1.147435|            11.894672|           0.032612|        13.074719
426  |*i_0_0_420|            0.011391|             0.033304|           0.014353|         0.059048
427  |*i_0_0_421|            0.015816|             0.223721|           0.021200|         0.260736
428  |*i_0_0_422|            0.107654|             0.321532|           0.014353|         0.443539
429  |*i_0_0_423|            0.208578|             2.125011|           0.018105|         2.351694
430  |*i_0_0_424|            0.467767|             4.744780|           0.014353|         5.226900
431  |*i_0_0_425|            1.143614|            10.686240|           0.032612|        11.862466
432  |*i_0_0_426|            0.467990|             3.238237|           0.014353|         3.720580
433  |*i_0_0_427|            1.159268|            11.998400|           0.034026|        13.191694
434  |*i_0_0_428|            0.515907|             1.853488|           0.021200|         2.390594
435  |*i_0_0_429|            0.467948|             3.751915|           0.014353|         4.234216
436  |*i_0_0_430|            1.142708|            11.681778|           0.032612|        12.857098
437  |*i_0_0_431|            0.467900|             3.750768|           0.014353|         4.233021
438  |*i_0_0_432|            1.149835|            10.585912|           0.034026|        11.769773
439  |*i_0_0_433|            0.327427|             1.035330|           0.018105|         1.380862
440  |*i_0_0_434|            0.602074|             2.541773|           0.021200|         3.165047
441  |*i_0_0_435|            0.467635|             5.179077|           0.014353|         5.661065
442  |*i_0_0_436|            1.141746|             9.198511|           0.032612|        10.372869
443  |*i_0_0_437|            0.467851|             4.297728|           0.014353|         4.779932
444  |*i_0_0_438|            1.144546|            10.613656|           0.032612|        11.790814
445  |*i_0_0_439|            0.584065|             1.223013|           0.017393|         1.824472
446  |*i_0_0_440|            0.468093|             2.367393|           0.014353|         2.849839
447  |*i_0_0_441|            1.147853|            13.432044|           0.032612|        14.612508
448  |*i_0_0_442|            0.467918|             3.782662|           0.014353|         4.264933
449  |*i_0_0_443|            1.146217|            11.895039|           0.032612|        13.073868
450  |*i_0_0_444|            0.031363|             0.117493|           0.017393|         0.166249
451  |*i_0_0_445|            0.411345|             2.388962|           0.014353|         2.814660
452  |*i_0_0_446|            0.590546|             8.038587|           0.017393|         8.646525
453  |*i_0_0_447|            1.141138|             2.777260|           0.032612|         3.951010
454  |*i_0_0_448|            0.465779|             1.394608|           0.014353|         1.874740
455  |*i_0_0_449|            1.157798|            10.000113|           0.032612|        11.190523
456  |*i_0_0_450|            0.079985|             0.343295|           0.021200|         0.444479
457  |*i_0_0_451|            0.264105|             0.829919|           0.018105|         1.112129
458  |*i_0_0_452|            0.643170|             1.190861|           0.017393|         1.851424
459  |*i_0_0_453|            1.141525|             4.287640|           0.032612|         5.461777
460  |*i_0_0_454|            1.141395|             3.588373|           0.032612|         4.762380
461  |*i_0_0_455|            1.010249|             2.201330|           0.025066|         3.236645
462  |*i_0_0_456|            1.114944|             2.277757|           0.032612|         3.425313
463  |*i_0_0_457|            0.465756|             1.385866|           0.014353|         1.865974
464  |*i_0_0_458|            1.143982|             8.592238|           0.034026|         9.770246
465  |*i_0_0_459|            0.919223|             2.885506|           0.022619|         3.827348
466  |*i_0_0_460|            1.134309|             3.203228|           0.032612|         4.370149
467  |*i_0_0_461|            0.924528|             2.737798|           0.027858|         3.690185
468  |*i_0_0_462|            0.871977|             2.704445|           0.027858|         3.604280
469  |*i_0_0_463|            0.866323|             2.704379|           0.027858|         3.598561
470  |*i_0_0_464|            0.865922|             2.015157|           0.027858|         2.908937
471  |*i_0_0_465|            0.872779|             2.716789|           0.027858|         3.617426
472  |*i_0_0_466|            0.876206|             2.720442|           0.027858|         3.624507
473  |*i_0_0_467|            1.578463|             0.941159|           0.036164|         2.555785
474  |*i_0_0_468|            0.055947|             0.182474|           0.021200|         0.259621
475  |*i_0_0_469|            1.104358|             2.925322|           0.034026|         4.063705
476  |*i_0_0_470|            0.058264|             0.353312|           0.014353|         0.425929
477  |*i_0_0_471|            0.094414|             1.134050|           0.021200|         1.249664
478  |*i_0_0_472|            1.104358|             2.925322|           0.034026|         4.063705
479  |*i_0_0_473|            0.100968|             0.612263|           0.014353|         0.727584
480  |*i_0_0_474|            0.159554|             1.965226|           0.021200|         2.145979
481  |*i_0_0_475|            1.103996|             2.925322|           0.034026|         4.063344
482  |*i_0_0_476|            0.171206|             1.038187|           0.014353|         1.223746
483  |*i_0_0_477|            0.262558|             3.332342|           0.021200|         3.616100
484  |*i_0_0_478|            1.104371|             2.925322|           0.034026|         4.063719
485  |*i_0_0_479|            0.278097|             1.686369|           0.014353|         1.978819
486  |*i_0_0_480|            0.414733|             5.412858|           0.021200|         5.848790
487  |*i_0_0_481|            1.104358|             2.925322|           0.034026|         4.063705
488  |*i_0_0_482|            0.411244|             2.493766|           0.014353|         2.919363
489  |*i_0_0_483|            0.600524|             8.004417|           0.021200|         8.626141
490  |*i_0_0_484|            1.104371|             2.925322|           0.034026|         4.063719
491  |*i_0_0_485|            1.116140|             4.914494|           0.034026|         6.064660
492  |*i_0_0_486|            0.473089|            10.284595|           0.014353|        10.772037
493  |*i_0_0_487|            1.208639|            18.211021|           0.034026|        19.453686
494  |*i_0_0_488|            0.534792|             1.322625|           0.014353|         1.871770
495  |*i_0_0_489|            0.890504|             7.249063|           0.022619|         8.162188
496  |*i_0_0_490|            1.239820|             1.458456|           0.032612|         2.730888
497  |*i_0_0_491|            0.908984|             1.460909|           0.022619|         2.392513
498  |*i_0_0_492|            0.624649|             1.333906|           0.021200|         1.979755
499  |*i_0_0_493|            0.867794|             0.880048|           0.017393|         1.765235
500  |*i_0_0_494|            0.210916|             1.238300|           0.022619|         1.471836
501  |*i_0_0_495|            0.051494|             0.148861|           0.014353|         0.214708
502  |*i_0_0_496|            0.103173|             0.849794|           0.034566|         0.987532
503  |*i_0_0_497|            1.283756|             0.940742|           0.041741|         2.266240
504  |*i_0_0_498|            1.157858|             0.865044|           0.033938|         2.056839
505  |*i_0_0_499|            0.675367|             0.508043|           0.033938|         1.217348
506  |*i_0_0_500|            0.179173|             0.925754|           0.034026|         1.138953
507  |*i_0_0_501|            1.108835|             2.935388|           0.034026|         4.078249
508  |*i_0_0_502|            0.666434|             1.416474|           0.014353|         2.097261
509  |*i_0_0_503|            1.055538|             7.774496|           0.034026|         8.864060
510  |*i_0_0_504|            0.665891|             1.048467|           0.022619|         1.736978
511  |*i_0_0_505|            0.674406|             0.691031|           0.033938|         1.399374
512  |*i_0_0_506|            0.923902|             1.446912|           0.022619|         2.393433
513  |*i_0_0_507|            0.139455|             0.515108|           0.034026|         0.688589
514  |*i_0_0_508|            0.472851|             2.184291|           0.014353|         2.671495
515  |*i_0_0_509|            0.919079|             5.943312|           0.034026|         6.896417
516  |*i_0_0_510|            0.977911|             2.073950|           0.032612|         3.084473
517  |*i_0_0_511|            1.165602|             1.341341|           0.033938|         2.540881
518  |*i_0_0_512|            0.675367|             0.508043|           0.033938|         1.217348
519  |*i_0_0_513|            0.132895|             0.466763|           0.034026|         0.633684
520  |*i_0_0_514|            1.020850|             2.456080|           0.032612|         3.509543
521  |*i_0_0_515|            1.135026|             2.836414|           0.034026|         4.005467
522  |*i_0_0_516|            0.415392|             1.249447|           0.014353|         1.679192
523  |*i_0_0_517|            1.180290|             6.869549|           0.033938|         8.083776
524  |*i_0_0_518|            0.675367|             0.508043|           0.033938|         1.217348
525  |*i_0_0_519|            0.163611|             0.601208|           0.034026|         0.798845
526  |*i_0_0_520|            0.446024|             2.060368|           0.014353|         2.520745
527  |*i_0_0_521|            0.859405|             5.606126|           0.034026|         6.499557
528  |*i_0_0_522|            0.920325|             2.190985|           0.032612|         3.143921
529  |*i_0_0_523|            1.165612|             2.229756|           0.033938|         3.429306
530  |*i_0_0_524|            0.675367|             0.508043|           0.033938|         1.217348
531  |*i_0_0_525|            0.159870|             0.830386|           0.034026|         1.024282
532  |*i_0_0_526|            1.092171|             2.940581|           0.034026|         4.066779
533  |*i_0_0_527|            0.436861|             2.193822|           0.014353|         2.645037
534  |*i_0_0_528|            0.934281|             5.855529|           0.032612|         6.822423
535  |*i_0_0_529|            1.166436|             2.595333|           0.033938|         3.795707
536  |*i_0_0_530|            0.675367|             0.508043|           0.033938|         1.217348
537  |*i_0_0_531|            0.153992|             0.603772|           0.034026|         0.791790
538  |*i_0_0_532|            0.415014|             1.917121|           0.014353|         2.346488
539  |*i_0_0_533|            0.816016|             5.216360|           0.034026|         6.066401
540  |*i_0_0_534|            0.921377|             2.190985|           0.032612|         3.144974
541  |*i_0_0_535|            1.167066|             2.612486|           0.033938|         3.813490
542  |*i_0_0_536|            0.546044|             5.533804|           0.017393|         6.097241
543  |*i_0_0_537|            0.675367|             0.508043|           0.033938|         1.217348
544  |*i_0_0_538|            0.148197|             0.554255|           0.034026|         0.736477
545  |*i_0_0_539|            1.077636|             2.915357|           0.034026|         4.027020
546  |*i_0_0_540|            1.169311|             2.948585|           0.032612|         4.150508
547  |*i_0_0_541|            0.893120|             2.964991|           0.022619|         3.880730
548  |*i_0_0_542|            0.638141|             0.691031|           0.033938|         1.363109
549  |*i_0_0_543|            0.111189|             0.535426|           0.034026|         0.680641
550  |*i_0_0_544|            0.381250|             1.761152|           0.014353|         2.156756
551  |*i_0_0_545|            0.740247|             4.791980|           0.034026|         5.566253
552  |*i_0_0_546|            0.751252|             1.863051|           0.032612|         2.646914
553  |*i_0_0_547|            0.729737|             2.011296|           0.034026|         2.775059
554  |*i_0_0_548|            1.222660|             2.443550|           0.032612|         3.698822
555  |*i_0_0_549|            0.111826|             0.388527|           0.034026|         0.534379
556  |*i_0_0_550|            0.456979|             2.112253|           0.014353|         2.583585
557  |*i_0_0_551|            0.912227|             5.744285|           0.034026|         6.690538
558  |*i_0_0_552|            0.297781|             0.906208|           0.014353|         1.218342
559  |*i_0_0_553|            0.766565|             5.903785|           0.032612|         6.702962
560  |*i_0_0_554|            0.735108|             2.011296|           0.034026|         2.780431
561  |*i_0_0_555|            1.216476|             2.888487|           0.032612|         4.137575
562  |*i_0_0_556|            0.105065|             0.406701|           0.034026|         0.545792
563  |*i_0_0_557|            0.348401|             1.611363|           0.014353|         1.974117
564  |*i_0_0_558|            0.691806|             4.379813|           0.034026|         5.105645
565  |*i_0_0_559|            0.749867|             1.863050|           0.032612|         2.645530
566  |*i_0_0_560|            0.729584|             1.987279|           0.034026|         2.750890
567  |*i_0_0_561|            1.222863|             2.428893|           0.032612|         3.684369
568  |*i_0_0_562|            0.106016|             0.977690|           0.034026|         1.117733
569  |*i_0_0_563|            0.429990|             1.986300|           0.014353|         2.430643
570  |*i_0_0_564|            0.790048|             5.404592|           0.034026|         6.228665
571  |*i_0_0_565|            1.095295|             2.534856|           0.032612|         3.662763
572  |*i_0_0_566|            0.309851|             0.955790|           0.014353|         1.279994
573  |*i_0_0_567|            0.757351|             6.178362|           0.034026|         6.969740
574  |*i_0_0_568|            1.222660|             2.443550|           0.032612|         3.698822
575  |*i_0_0_569|            0.090479|             0.315854|           0.034026|         0.440359
576  |*i_0_0_570|            0.313376|             1.448493|           0.014353|         1.776223
577  |*i_0_0_571|            0.613465|             3.939186|           0.034026|         4.586677
578  |*i_0_0_572|            0.428330|             1.510562|           0.027858|         1.966751
579  |*i_0_0_573|            0.157076|             0.284360|           0.021200|         0.462636
580  |*i_0_0_574|            0.729421|             1.965176|           0.034026|         2.728623
581  |*i_0_0_575|            1.222863|             2.428893|           0.032612|         3.684369
582  |*i_0_0_576|            0.092979|             0.464865|           0.034026|         0.591870
583  |*i_0_0_577|            0.404784|             1.871000|           0.014353|         2.290137
584  |*i_0_0_578|            0.819084|             5.088196|           0.034026|         5.941306
585  |*i_0_0_579|            0.428330|             1.510562|           0.027858|         1.966751
586  |*i_0_0_580|            0.158033|             0.284360|           0.021200|         0.463592
587  |*i_0_0_581|            0.729400|             1.965176|           0.034026|         2.728601
588  |*i_0_0_582|            1.222660|             2.443550|           0.032612|         3.698822
589  |*i_0_0_583|            0.079373|             0.315383|           0.034026|         0.428781
590  |*i_0_0_584|            0.549695|             1.289154|           0.032612|         1.871461
591  |*i_0_0_585|            0.243240|             0.750317|           0.014353|         1.007910
592  |*i_0_0_586|            0.439001|             4.809533|           0.027858|         5.276393
593  |*i_0_0_587|            0.156885|             0.284360|           0.021200|         0.462445
594  |*i_0_0_588|            0.729571|             1.989192|           0.034026|         2.752789
595  |*i_0_0_589|            1.222863|             2.428893|           0.032612|         3.684369
596  |*i_0_0_590|            0.084791|             0.765998|           0.034026|         0.884814
597  |*i_0_0_591|            0.372125|             1.720043|           0.014353|         2.106522
598  |*i_0_0_592|            0.771572|             4.677668|           0.034026|         5.483266
599  |*i_0_0_593|            0.797593|             2.336574|           0.032612|         3.166778
600  |*i_0_0_594|            1.350126|             2.972431|           0.022695|         4.345252
601  |*i_0_0_595|            1.147789|             1.891788|           0.041741|         3.081318
602  |*i_0_0_596|            0.355674|            13.352633|           0.014353|        13.722660
603  |*i_0_0_597|            0.536927|             6.533280|           0.021200|         7.091406
604  |*i_0_0_598|            0.067620|             0.238314|           0.034026|         0.339960
605  |*i_0_0_599|            0.444235|             1.092099|           0.032612|         1.568946
606  |*i_0_0_600|            0.418294|             1.146446|           0.034026|         1.598766
607  |*i_0_0_601|            1.195537|             5.402433|           0.032612|         6.630582
608  |*i_0_0_602|            0.068554|             0.217998|           0.034026|         0.320578
609  |*i_0_0_603|            0.333813|             1.542954|           0.014353|         1.891121
610  |*i_0_0_604|            0.687601|             4.196075|           0.034026|         4.917702
611  |*i_0_0_605|            0.237726|             1.099488|           0.014353|         1.351568
612  |*i_0_0_606|            0.428682|             2.988497|           0.034026|         3.451205
613  |*i_0_0_607|            1.193358|             5.775193|           0.032612|         7.001163
614  |*i_0_0_608|            0.055201|             0.272782|           0.034026|         0.362009
615  |*i_0_0_609|            0.229540|             0.846370|           0.027858|         1.103769
616  |*i_0_0_610|            0.418292|             1.147550|           0.034026|         1.599868
617  |*i_0_0_611|            1.196030|             5.318036|           0.032612|         6.546678
618  |*i_0_0_612|            0.064733|             0.145451|           0.021200|         0.231383
619  |*i_0_0_613|            0.058634|             0.194844|           0.034026|         0.287504
620  |*i_0_0_614|            0.290688|             1.343623|           0.014353|         1.648664
621  |*i_0_0_615|            0.614520|             3.653991|           0.034026|         4.302537
622  |*i_0_0_616|            0.476884|             1.999331|           0.021200|         2.497415
623  |*i_0_0_617|            0.207094|             3.850768|           0.014353|         4.072215
624  |*i_0_0_618|            0.298226|             4.067487|           0.021200|         4.386912
625  |*i_0_0_619|            0.277035|             1.139571|           0.021200|         1.437805
626  |*i_0_0_620|            1.204040|             3.947572|           0.032612|         5.184224
627  |*i_0_0_621|            0.151899|             0.675762|           0.017393|         0.845055
628  |*i_0_0_622|            0.315151|             7.134728|           0.022695|         7.472574
629  |*i_0_0_623|            0.167053|             0.784037|           0.032612|         0.983702
630  |*i_0_0_624|            0.317688|             0.714140|           0.033938|         1.065765
631  |*i_0_0_625|            0.467652|             5.282898|           0.014353|         5.764903
632  |*i_0_0_626|            1.133366|             8.751196|           0.034026|         9.918588
633  |*i_0_0_627|            0.324792|             7.636930|           0.022695|         7.984417
634  |*i_0_0_628|            0.026145|             0.131688|           0.022619|         0.180452
635  |*i_0_0_629|            0.011782|             0.017025|           0.022039|         0.050846
636  |*i_0_0_630|            0.062875|             0.132105|           0.022695|         0.217675
637  |*i_0_0_631|            0.380596|             1.143960|           0.014353|         1.538909
638  |*i_0_0_632|            0.549376|             7.009633|           0.021200|         7.580208
639  |*i_0_0_633|            0.467629|             5.365840|           0.014353|         5.847823
640  |*i_0_0_634|            1.136244|             9.222108|           0.034026|        10.392378
641  |*i_0_0_635|            0.020492|             0.112980|           0.034566|         0.168038
642  |*i_0_0_636|            0.467778|             4.831697|           0.014353|         5.313828
643  |*i_0_0_637|            1.142436|            10.235226|           0.034026|        11.411688
644  |*i_0_0_638|            0.014355|             0.060460|           0.026832|         0.101647
645  |*i_0_0_639|            0.018422|             0.045060|           0.021200|         0.084682
646  |*i_0_0_640|            0.086127|             0.295890|           0.022695|         0.404712
647  |*i_0_0_641|            0.651890|             1.164354|           0.024415|         1.840659
648  |*i_0_0_642|            0.205050|             2.276576|           0.014353|         2.495979
649  |*i_0_0_643|            0.290359|             4.440712|           0.021200|         4.752271
650  |*i_0_0_644|            0.353392|            10.968217|           0.014353|        11.335962
651  |*i_0_0_645|            0.496450|            12.147839|           0.021200|        12.665489
652  |*i_0_0_646|            1.112833|             5.437089|           0.034026|         6.583948
653  |*i_0_0_647|            1.110385|             5.090434|           0.034026|         6.234845
654  |*i_0_0_648|            1.110428|             5.090434|           0.034026|         6.234888
655  |*i_0_0_649|            1.110895|             5.171954|           0.034026|         6.316875
656  |*i_0_0_650|            1.106183|             4.461119|           0.034026|         5.601328
657  |*i_0_0_651|            0.468075|             2.838387|           0.014353|         3.320815
658  |*i_0_0_652|            1.150605|            11.570751|           0.034026|        12.755382
659  |*i_0_0_653|            0.465451|             1.245658|           0.014353|         1.725462
660  |*i_0_0_654|            1.158607|            12.861430|           0.034026|        14.054063
661  |*i_0_0_655|            0.471425|            75.264938|           0.014353|        75.750710
662  |*i_0_0_656|            1.200122|            84.262650|           0.034026|        85.496796
663  |*i_0_0_657|            0.511525|             1.266502|           0.014353|         1.792380
664  |*i_0_0_658|            0.843873|             6.934112|           0.022619|         7.800604
665  |*i_0_0_659|            1.215844|             1.437567|           0.032612|         2.686023
666  |*i_0_0_660|            0.924192|             1.160140|           0.022039|         2.106371
667  |*i_0_0_661|            0.933987|             2.661917|           0.022619|         3.618525
668  |*i_0_0_662|            0.611474|             2.153851|           0.021200|         2.786525
669  |*i_0_0_663|            1.234516|             2.839525|           0.032612|         4.106653
670  |*i_0_0_664|            0.465697|             1.363797|           0.014353|         1.843847
671  |*i_0_0_665|            1.192618|             9.216595|           0.034026|        10.443239
672  |*i_0_0_666|            1.213492|             2.787000|           0.032612|         4.033104
673  |*i_0_0_667|            0.650825|             2.130764|           0.021200|         2.802788
674  |*i_0_0_668|            1.234942|             2.800505|           0.032612|         4.068058
675  |*i_0_0_669|            1.242586|             2.929568|           0.034026|         4.206180
676  |*i_0_0_670|            0.523264|             2.700600|           0.017393|         3.241257
677  |*i_0_0_671|            0.473172|             1.416745|           0.014353|         1.904270
678  |*i_0_0_672|            0.473795|            46.198513|           0.014353|        46.686661
679  |*i_0_0_673|            0.475280|             3.193329|           0.014353|         3.682962
680  |*i_0_0_674|            0.473840|            27.494108|           0.014353|        27.982302
681  |*i_0_0_675|            0.473855|            25.728689|           0.014353|        26.216898
682  |*i_0_0_676|            0.475255|             4.227688|           0.014353|         4.717297
683  |*i_0_0_677|            0.958971|             2.404814|           0.014353|         3.378139
684  |*i_0_0_678|            0.956854|             2.441366|           0.014353|         3.412573
685  |*i_0_0_679|            0.928842|             2.924953|           0.014353|         3.868148
686  |*i_0_0_680|            0.928842|             2.924953|           0.014353|         3.868148
687  |*i_0_0_681|            0.928842|             2.924953|           0.014353|         3.868148
688  |*i_0_0_682|            0.843127|             4.404675|           0.014353|         5.262155
689  |*i_0_0_683|            0.843458|             4.398960|           0.014353|         5.256770
690  |*i_0_0_684|            0.784086|             5.896594|           0.014353|         6.695034
691  |*i_0_0_685|            0.840186|             4.455437|           0.014353|         5.309976
692  |*i_0_0_686|            0.780686|             5.988230|           0.014353|         6.783269
693  |*i_0_0_687|            0.783506|             5.912230|           0.014353|         6.710089
694  |*i_0_0_688|            0.784143|             5.895067|           0.014353|         6.693563
695  |*i_0_0_689|            0.934628|             2.825065|           0.014353|         3.774046
696  |*i_0_0_690|            0.457203|            35.179363|           0.014353|        35.650921
697  |*i_0_0_691|            0.954597|             2.480330|           0.014353|         3.449281
698  |*i_0_0_692|            0.957712|             2.426554|           0.014353|         3.398619
699  |*i_0_0_693|            0.928842|             2.924953|           0.014353|         3.868148
700  |*i_0_0_694|            0.928842|             2.924953|           0.014353|         3.868148
701  |*i_0_0_695|            0.928842|             2.924953|           0.014353|         3.868148
702  |*i_0_0_696|            0.928842|             2.924953|           0.014353|         3.868148
703  |*i_0_0_697|            0.843127|             4.404675|           0.014353|         5.262155
704  |*i_0_0_698|            0.928842|             2.924953|           0.014353|         3.868148
705  |*i_0_0_699|            0.843380|             4.400300|           0.014353|         5.258033
706  |*i_0_0_700|            0.847165|             4.334961|           0.014353|         5.196479
707  |*i_0_0_701|            0.928842|             2.924953|           0.014353|         3.868148
708  |*i_0_0_702|            0.928842|             2.924953|           0.014353|         3.868148
709  |*i_0_0_703|            0.851306|             4.263478|           0.014353|         5.129137
710  |*i_0_0_704|            0.456646|            35.249760|           0.014353|        35.720760
711  |          |                    |                     |                   |                 
712  |*TOTAL    |          800.842346|          3452.385010|          28.892138|      4282.119629
-----+----------+--------------------+---------------------+-------------------+-----------------
