Report Physical info: 
------------------------+-------------+-----------+------------
                        |             |Area (squm)|Leakage (uW)
------------------------+-------------+-----------+------------
Design Name             |FPU_CSKA     |           |            
  Total Instances       |         1055|       1199|      28.487
    Macros              |            0|          0|       0.000
    Pads                |            0|          0|       0.000
    Phys                |            0|          0|       0.000
    Blackboxes          |            0|          0|       0.000
    Cells               |         1055|       1199|      28.487
      Buffers           |            0|          0|       0.000
      Inverters         |          250|        133|       3.588
      Clock-Gates       |            0|          0|       0.000
      Combinational     |          805|       1066|      24.899
      Latches           |            0|          0|       0.000
      FlipFlops         |            0|          0|       0.000
       Single-Bit FF    |            0|          0|       0.000
       Multi-Bit FF     |            0|          0|       0.000
       Clock-Gated      |            0|           |            
       Bits             |            0|          0|       0.000
         Load-Enabled   |            0|           |            
         Clock-Gated    |            0|           |            
  Tristate Pin Count    |            0|           |            
Physical Info           |Placed       |           |            
  Chip Size (mm x mm)   |0.105 x 0.105|      10961|            
  Fixed Cell Area       |             |          0|            
    Phys Only           |            0|          0|            
  Placeable Area        |             |       1938|            
  Movable Cell Area     |             |       1199|            
  Utilization (%)       |           61|           |            
  Chip Utilization (%)  |           61|           |            
  Total Wire Length (mm)|        5.255|           |            
  Longest Wire (mm)     |        0.059|           |            
  Average Wire (mm)     |        0.055|           |            
------------------------+-------------+-----------+------------
