Report End Points: 
-----+-------+------+-------+-----+-----+-----+-----+-----------+---------
     |Group  |Launch|Capture|Shift|Delay|Depth|Slack|Begin Point|End Point
-----+-------+------+-------+-----+-----+-----+-----+-----------+---------
1    |default|      |       |     |     |     |     |           |         
-----+-------+------+-------+-----+-----+-----+-----+-----------+---------
Report End Points: 
-----+-----+------+-------+-----+-----+-----+-----+-----------+---------
     |Group|Launch|Capture|Shift|Delay|Depth|Slack|Begin Point|End Point
-----+-----+------+-------+-----+-----+-----+-----+-----------+---------
1    |I2R  |      |       |     |     |     |     |           |         
-----+-----+------+-------+-----+-----+-----+-----+-----------+---------
Report End Points: 
-----+-----+--------------+-------+-------+------+-----+-------+-----------+---------
     |Group|Launch        |Capture|Shift  |Delay |Depth|Slack  |Begin Point|End Point
-----+-----+--------------+-------+-------+------+-----+-------+-----------+---------
1    |I2O  |rtDefaultClock|vsysclk|20000.0|2738.6|   66|15761.4|A[0]       |OVF      
2    |I2O  |rtDefaultClock|vsysclk|20000.0|2678.9|   65|15821.1|A[0]       |COUT     
3    |I2O  |rtDefaultClock|vsysclk|20000.0|2663.9|   64|15836.1|A[0]       |SUM[31]  
-----+-----+--------------+-------+-------+------+-----+-------+-----------+---------
Report End Points: 
-----+-----+------+-------+-----+-----+-----+-----+-----------+---------
     |Group|Launch|Capture|Shift|Delay|Depth|Slack|Begin Point|End Point
-----+-----+------+-------+-----+-----+-----+-----+-----------+---------
1    |R2O  |      |       |     |     |     |     |           |         
-----+-----+------+-------+-----+-----+-----+-----+-----------+---------
