warning: No library characterized for (process = 1.00 voltage = 0.85 temperature = 25.00) can be found in the database for power domain '/PD_TOP'  [NL-174]
Report Power (instances with prefix '*' are included in total) : 
-----+---------------------+--------------------+---------------------+-------------------+-----------------
     | Instance            | Internal Power(uw) | Switching Power(uw) | Leakage Power(uw) | Total Power(uw) 
-----+---------------------+--------------------+---------------------+-------------------+-----------------
1    |*genblk1_0_FullAdder |            5.123819|            17.613583|           0.119293|        22.856693
2    |*genblk1_1_FullAdder |            5.060243|            17.483625|           0.119293|        22.663160
3    |*genblk1_2_FullAdder |            5.062220|            17.413109|           0.119293|        22.594620
4    |*genblk1_3_FullAdder |            5.062640|            17.389257|           0.119293|        22.571190
5    |*genblk1_4_FullAdder |            5.062766|            17.375792|           0.119293|        22.557850
6    |*genblk1_5_FullAdder |            5.062799|            17.374023|           0.119293|        22.556116
7    |*genblk1_6_FullAdder |            5.062819|            17.369434|           0.119293|        22.551546
8    |*genblk1_7_FullAdder |            5.062824|            17.369270|           0.119293|        22.551386
9    |*genblk1_8_FullAdder |            5.062831|            17.365948|           0.119293|        22.548073
10   |*genblk1_9_FullAdder |            5.062797|            17.383589|           0.119293|        22.565676
11   |*genblk1_10_FullAdder|            5.062803|            17.380444|           0.119293|        22.562540
12   |*genblk1_11_FullAdder|            5.062797|            17.383549|           0.119293|        22.565636
13   |*genblk1_12_FullAdder|            5.062803|            17.380428|           0.119293|        22.562525
14   |*genblk1_13_FullAdder|            5.062799|            17.382574|           0.119293|        22.564665
15   |*genblk1_14_FullAdder|            5.062806|            17.379456|           0.119293|        22.561554
16   |*genblk1_15_FullAdder|            5.062805|            17.379847|           0.119293|        22.561943
17   |*genblk1_16_FullAdder|            5.062811|            17.376730|           0.119293|        22.558832
18   |*genblk1_17_FullAdder|            5.062775|            17.394447|           0.119293|        22.576515
19   |*genblk1_18_FullAdder|            5.062781|            17.391333|           0.119293|        22.573404
20   |*genblk1_19_FullAdder|            5.062775|            17.394447|           0.119293|        22.576515
21   |*genblk1_20_FullAdder|            5.062781|            17.391333|           0.119293|        22.573404
22   |*genblk1_21_FullAdder|            5.062777|            17.393480|           0.119293|        22.575548
23   |*genblk1_22_FullAdder|            5.062783|            17.390364|           0.119293|        22.572439
24   |*genblk1_23_FullAdder|            5.062782|            17.390753|           0.119293|        22.572826
25   |*genblk1_24_FullAdder|            5.062789|            17.387636|           0.119293|        22.569715
26   |*genblk1_25_FullAdder|            5.062752|            17.405355|           0.119293|        22.587400
27   |*genblk1_26_FullAdder|            5.062759|            17.402241|           0.119293|        22.584291
28   |*genblk1_27_FullAdder|            5.062752|            17.405355|           0.119293|        22.587400
29   |*genblk1_28_FullAdder|            5.062759|            17.402241|           0.119293|        22.584291
30   |*genblk1_29_FullAdder|            5.062755|            17.404387|           0.119293|        22.586432
31   |*genblk1_30_FullAdder|            5.062761|            17.401268|           0.119293|        22.583321
32   |*genblk1_31_FullAdder|            5.008520|            20.597464|           0.119293|        25.725277
33   |*i_0_0_0             |            0.582673|             0.976655|           0.017393|         1.576721
34   |*i_0_0_1             |            1.039903|             1.316520|           0.014353|         2.370776
35   |*i_0_0_2             |            1.800239|             4.600015|           0.036441|         6.436694
36   |                     |                    |                     |                   |                 
37   |*TOTAL               |          165.435516|           566.845947|           3.885549|       736.167053
-----+---------------------+--------------------+---------------------+-------------------+-----------------
