Report for group default
Report for group I2R
Report for group I2O
------------------------------------------------------------------------------------------------------------------------------------------------------------
Startpoint: A[0]
    (Clocked by rtDefaultClock R)
Endpoint: OVF
    (Clocked by vsysclk R)
Path Group: I2O
Data required time: 19500.0
    (Clock shift: 20000.0, minus Uncertainty: 0.0, plus Latency 0.0, minus Out delay: 500.0)
Data arrival time: 3738.6
Slack: 15761.4
Logic depth: 66
------------------------------------------------------------------------------------------------------------------------------------------------------------
                                                     Arrival               Arc      Net               Net    Total   fan-                                   
Path                     Module/Cell           Edge     Time    Delay    Delay    Delay     Slew     Load     Load    out     Location Power Domain      (V)
                                                        (ps)     (ps)     (ps)     (ps)     (ps)     (ff)     (ff)    (#)      (um,um)                      
------------------------------------------------------------------------------------------------------------------------------------------------------------
A[0]                     {set_input_delay}        f   1000.0   1000.0   1000.0                        5.1     13.1      2    76,   38                       
genblk1_0_FullAdder/i_0_0/A->Z
                         XOR2_X2                 ff   1095.9     95.5     95.5      0.0    100.0      1.4      8.5      2    38,   38  /PD_TOP        (1.10)
genblk1_0_FullAdder/i_0_2/B1->ZN
                         AOI22_X4                fr   1168.0     72.1     72.1      0.0     14.8      0.7     26.2      1    38,   38  /PD_TOP        (1.10)
genblk1_0_FullAdder/i_0_3/A->ZN
                         INV_X8                  rf   1176.6      8.6      8.6      0.0     50.8      1.4      8.9      2    38,   38  /PD_TOP        (1.10)
genblk1_1_FullAdder/i_0_2/B2->ZN
                         AOI22_X4                fr   1248.6     72.4     72.0      0.4      4.0      0.7     26.2      1    38,   38  /PD_TOP        (1.10)
genblk1_1_FullAdder/i_0_3/A->ZN
                         INV_X8                  rf   1257.2      9.0      8.6      0.4     50.8      1.4      8.9      2    38,   38  /PD_TOP        (1.10)
genblk1_2_FullAdder/i_0_2/B2->ZN
                         AOI22_X4                fr   1329.2     72.0     72.0      0.0      4.0      0.7     26.2      1    38,   38  /PD_TOP        (1.10)
genblk1_2_FullAdder/i_0_3/A->ZN
                         INV_X8                  rf   1337.8      8.6      8.6      0.0     50.8      1.4      8.9      2    38,   38  /PD_TOP        (1.10)
genblk1_3_FullAdder/i_0_2/B2->ZN
                         AOI22_X4                fr   1409.8     72.0     72.0      0.0      4.0      0.7     26.2      1    38,   38  /PD_TOP        (1.10)
genblk1_3_FullAdder/i_0_3/A->ZN
                         INV_X8                  rf   1418.4      8.6      8.6      0.0     50.8      1.4      8.9      2    38,   38  /PD_TOP        (1.10)
genblk1_4_FullAdder/i_0_2/B2->ZN
                         AOI22_X4                fr   1490.4     72.0     72.0      0.0      4.0      0.7     26.2      1    38,   38  /PD_TOP        (1.10)
genblk1_4_FullAdder/i_0_3/A->ZN
                         INV_X8                  rf   1499.0      8.6      8.6      0.0     50.8      1.4      8.9      2    38,   38  /PD_TOP        (1.10)
genblk1_5_FullAdder/i_0_2/B2->ZN
                         AOI22_X4                fr   1571.0     72.0     72.0      0.0      4.0      0.7     26.2      1    38,   38  /PD_TOP        (1.10)
genblk1_5_FullAdder/i_0_3/A->ZN
                         INV_X8                  rf   1579.6      8.6      8.6      0.0     50.8      1.4      8.9      2    38,   38  /PD_TOP        (1.10)
genblk1_6_FullAdder/i_0_2/B2->ZN
                         AOI22_X4                fr   1651.6     72.0     72.0      0.0      4.0      0.7     26.2      1    38,   38  /PD_TOP        (1.10)
genblk1_6_FullAdder/i_0_3/A->ZN
                         INV_X8                  rf   1660.2      8.6      8.6      0.0     50.8      1.4      8.9      2    38,   38  /PD_TOP        (1.10)
genblk1_7_FullAdder/i_0_2/B2->ZN
                         AOI22_X4                fr   1732.2     72.0     72.0      0.0      4.0      0.7     26.2      1    38,   38  /PD_TOP        (1.10)
genblk1_7_FullAdder/i_0_3/A->ZN
                         INV_X8                  rf   1740.8      8.6      8.6      0.0     50.8      1.4      8.9      2    38,   38  /PD_TOP        (1.10)
genblk1_8_FullAdder/i_0_2/B2->ZN
                         AOI22_X4                fr   1812.8     72.0     72.0      0.0      4.0      0.7     26.2      1    38,   38  /PD_TOP        (1.10)
genblk1_8_FullAdder/i_0_3/A->ZN
                         INV_X8                  rf   1821.4      8.6      8.6      0.0     50.8      1.4      8.9      2    38,   38  /PD_TOP        (1.10)
genblk1_9_FullAdder/i_0_2/B2->ZN
                         AOI22_X4                fr   1893.4     72.0     72.0      0.0      4.0      0.7     26.2      1    38,   38  /PD_TOP        (1.10)
genblk1_9_FullAdder/i_0_3/A->ZN
                         INV_X8                  rf   1902.0      8.6      8.6      0.0     50.8      1.4      8.9      2    38,   38  /PD_TOP        (1.10)
genblk1_10_FullAdder/i_0_2/B2->ZN
                         AOI22_X4                fr   1974.0     72.0     72.0      0.0      4.0      0.7     26.2      1    38,   38  /PD_TOP        (1.10)
genblk1_10_FullAdder/i_0_3/A->ZN
                         INV_X8                  rf   1982.6      8.6      8.6      0.0     50.8      1.4      8.9      2    38,   38  /PD_TOP        (1.10)
genblk1_11_FullAdder/i_0_2/B2->ZN
                         AOI22_X4                fr   2054.6     72.0     72.0      0.0      4.0      0.7     26.2      1    38,   38  /PD_TOP        (1.10)
genblk1_11_FullAdder/i_0_3/A->ZN
                         INV_X8                  rf   2063.2      8.6      8.6      0.0     50.8      1.4      8.9      2    38,   38  /PD_TOP        (1.10)
genblk1_12_FullAdder/i_0_2/B2->ZN
                         AOI22_X4                fr   2135.2     72.0     72.0      0.0      4.0      0.7     26.2      1    38,   38  /PD_TOP        (1.10)
genblk1_12_FullAdder/i_0_3/A->ZN
                         INV_X8                  rf   2143.8      8.6      8.6      0.0     50.8      1.4      8.9      2    38,   38  /PD_TOP        (1.10)
genblk1_13_FullAdder/i_0_2/B2->ZN
                         AOI22_X4                fr   2215.8     72.0     72.0      0.0      4.0      0.7     26.2      1    38,   38  /PD_TOP        (1.10)
genblk1_13_FullAdder/i_0_3/A->ZN
                         INV_X8                  rf   2224.4      8.6      8.6      0.0     50.8      1.4      8.9      2    38,   38  /PD_TOP        (1.10)
genblk1_14_FullAdder/i_0_2/B2->ZN
                         AOI22_X4                fr   2296.4     72.0     72.0      0.0      4.0      0.7     26.2      1    38,   38  /PD_TOP        (1.10)
genblk1_14_FullAdder/i_0_3/A->ZN
                         INV_X8                  rf   2305.0      8.6      8.6      0.0     50.8      1.4      8.9      2    38,   38  /PD_TOP        (1.10)
genblk1_15_FullAdder/i_0_2/B2->ZN
                         AOI22_X4                fr   2377.0     72.0     72.0      0.0      4.0      0.7     26.2      1    38,   38  /PD_TOP        (1.10)
genblk1_15_FullAdder/i_0_3/A->ZN
                         INV_X8                  rf   2385.6      8.6      8.6      0.0     50.8      1.4      8.9      2    38,   38  /PD_TOP        (1.10)
genblk1_16_FullAdder/i_0_2/B2->ZN
                         AOI22_X4                fr   2457.6     72.0     72.0      0.0      4.0      0.7     26.2      1    38,   38  /PD_TOP        (1.10)
genblk1_16_FullAdder/i_0_3/A->ZN
                         INV_X8                  rf   2466.2      8.6      8.6      0.0     50.8      1.4      8.9      2    38,   38  /PD_TOP        (1.10)
genblk1_17_FullAdder/i_0_2/B2->ZN
                         AOI22_X4                fr   2538.2     72.0     72.0      0.0      4.0      0.7     26.2      1    38,   38  /PD_TOP        (1.10)
genblk1_17_FullAdder/i_0_3/A->ZN
                         INV_X8                  rf   2546.8      8.6      8.6      0.0     50.8      1.4      8.9      2    38,   38  /PD_TOP        (1.10)
genblk1_18_FullAdder/i_0_2/B2->ZN
                         AOI22_X4                fr   2618.8     72.0     72.0      0.0      4.0      0.7     26.2      1    38,   38  /PD_TOP        (1.10)
genblk1_18_FullAdder/i_0_3/A->ZN
                         INV_X8                  rf   2627.4      8.6      8.6      0.0     50.8      1.4      8.9      2    38,   38  /PD_TOP        (1.10)
genblk1_19_FullAdder/i_0_2/B2->ZN
                         AOI22_X4                fr   2699.4     72.0     72.0      0.0      4.0      0.7     26.2      1    38,   38  /PD_TOP        (1.10)
genblk1_19_FullAdder/i_0_3/A->ZN
                         INV_X8                  rf   2708.0      8.6      8.6      0.0     50.8      1.4      8.9      2    38,   38  /PD_TOP        (1.10)
genblk1_20_FullAdder/i_0_2/B2->ZN
                         AOI22_X4                fr   2780.0     72.0     72.0      0.0      4.0      0.7     26.2      1    38,   38  /PD_TOP        (1.10)
genblk1_20_FullAdder/i_0_3/A->ZN
                         INV_X8                  rf   2788.6      8.6      8.6      0.0     50.8      1.4      8.9      2    38,   38  /PD_TOP        (1.10)
genblk1_21_FullAdder/i_0_2/B2->ZN
                         AOI22_X4                fr   2860.6     72.0     72.0      0.0      4.0      0.7     26.2      1    38,   38  /PD_TOP        (1.10)
genblk1_21_FullAdder/i_0_3/A->ZN
                         INV_X8                  rf   2869.2      8.6      8.6      0.0     50.8      1.4      8.9      2    38,   38  /PD_TOP        (1.10)
genblk1_22_FullAdder/i_0_2/B2->ZN
                         AOI22_X4                fr   2941.2     72.0     72.0      0.0      4.0      0.7     26.2      1    38,   38  /PD_TOP        (1.10)
genblk1_22_FullAdder/i_0_3/A->ZN
                         INV_X8                  rf   2949.8      8.6      8.6      0.0     50.8      1.4      8.9      2    38,   38  /PD_TOP        (1.10)
genblk1_23_FullAdder/i_0_2/B2->ZN
                         AOI22_X4                fr   3021.8     72.0     72.0      0.0      4.0      0.7     26.2      1    38,   38  /PD_TOP        (1.10)
genblk1_23_FullAdder/i_0_3/A->ZN
                         INV_X8                  rf   3030.4      8.6      8.6      0.0     50.8      1.4      8.9      2    38,   38  /PD_TOP        (1.10)
genblk1_24_FullAdder/i_0_2/B2->ZN
                         AOI22_X4                fr   3102.4     72.0     72.0      0.0      4.0      0.7     26.2      1    38,   38  /PD_TOP        (1.10)
genblk1_24_FullAdder/i_0_3/A->ZN
                         INV_X8                  rf   3111.0      8.6      8.6      0.0     50.8      1.4      8.9      2    38,   38  /PD_TOP        (1.10)
genblk1_25_FullAdder/i_0_2/B2->ZN
                         AOI22_X4                fr   3183.0     72.0     72.0      0.0      4.0      0.7     26.2      1    38,   38  /PD_TOP        (1.10)
genblk1_25_FullAdder/i_0_3/A->ZN
                         INV_X8                  rf   3191.6      8.6      8.6      0.0     50.8      1.4      8.9      2    38,   38  /PD_TOP        (1.10)
genblk1_26_FullAdder/i_0_2/B2->ZN
                         AOI22_X4                fr   3263.6     72.0     72.0      0.0      4.0      0.7     26.2      1    38,   38  /PD_TOP        (1.10)
genblk1_26_FullAdder/i_0_3/A->ZN
                         INV_X8                  rf   3272.2      8.6      8.6      0.0     50.8      1.4      8.9      2    38,   38  /PD_TOP        (1.10)
genblk1_27_FullAdder/i_0_2/B2->ZN
                         AOI22_X4                fr   3344.2     72.0     72.0      0.0      4.0      0.7     26.2      1    38,   38  /PD_TOP        (1.10)
genblk1_27_FullAdder/i_0_3/A->ZN
                         INV_X8                  rf   3352.8      8.6      8.6      0.0     50.8      1.4      8.9      2    38,   38  /PD_TOP        (1.10)
genblk1_28_FullAdder/i_0_2/B2->ZN
                         AOI22_X4                fr   3424.8     72.0     72.0      0.0      4.0      0.7     26.2      1    38,   38  /PD_TOP        (1.10)
genblk1_28_FullAdder/i_0_3/A->ZN
                         INV_X8                  rf   3433.4      8.6      8.6      0.0     50.8      1.4      8.9      2    38,   38  /PD_TOP        (1.10)
genblk1_29_FullAdder/i_0_2/B2->ZN
                         AOI22_X4                fr   3505.4     72.0     72.0      0.0      4.0      0.7     26.2      1    38,   38  /PD_TOP        (1.10)
genblk1_29_FullAdder/i_0_3/A->ZN
                         INV_X8                  rf   3514.0      8.6      8.6      0.0     50.8      1.4      8.9      2    38,   38  /PD_TOP        (1.10)
genblk1_30_FullAdder/i_0_2/B2->ZN
                         AOI22_X4                fr   3586.0     72.0     72.0      0.0      4.0      0.7     26.2      1    38,   38  /PD_TOP        (1.10)
genblk1_30_FullAdder/i_0_3/A->ZN
                         INV_X8                  rf   3594.6      8.6      8.6      0.0     50.8      1.4      8.9      2    38,   38  /PD_TOP        (1.10)
genblk1_31_FullAdder/i_0_1/B->Z
                         XOR2_X2                 fr   3668.6     74.0     74.0      0.0      4.0      0.6     19.9      2    38,   38  /PD_TOP        (1.10)
i_0_0_0/A2->ZN           NAND2_X4                rf   3688.4     19.8     19.8      0.0     62.6      0.6      4.3      1    38,   38  /PD_TOP        (1.10)
i_0_0_2/B->ZN            XNOR2_X2                ff   3738.1     49.7     49.7      0.0      7.0      5.2     15.2      1    38,   38  /PD_TOP        (1.10)
OVF                                               f   3738.6      0.5               0.5     20.9                             76,   39                       
------------------------------------------------------------------------------------------------------------------------------------------------------------
Report for group R2O
