Report 'report_mcmm_variation': MCMM Variation
Generated on Thu Dec 22 19:44:09 2022
  
-------------------------------------------------------------
| MCMM variability report for design 'sequentialMultiplier' |
|                          (nano)                           |
|-----------------------------------------------------------|
| MODE CORNER WNS TNS #Endpts WHS THS #Endpts               | 
-------------------------------------------------------------


info UI33: performed report_mcmm_variation for 0 sec (CPU time: 0 sec; MEM: RSS - 394M, CVMEM - 1739M, PVMEM - 2263M)
Report 'report_path_group': Path Group
Generated on Thu Dec 22 19:44:09 2022
  
-------------------------------------------------------------------------------------------
|                               PATH GROUPS (SETUP) (nano)                                |
|-----------------------------------------------------------------------------------------|
| QOR Weight Margin TNS Range Endpoints Violating Endpoints Violating Endpoints % WNS TNS | 
-------------------------------------------------------------------------------------------


info UI33: performed report_path_group for 0 sec (CPU time: 0 sec; MEM: RSS - 394M, CVMEM - 1739M, PVMEM - 2263M)
SLACK HISTOGRAM
---------------
Select : SELECT_LATE

---------------------------------------------
| Slack           # End Pts Total # End Pts | 
|-------------------------------------------|
| 0.0000 - 2.4990 170       170             | 
---------------------------------------------


info UI33: performed report_slack_histogram for 0 sec (CPU time: 0 sec; MEM: RSS - 394M, CVMEM - 1739M, PVMEM - 2263M)
Report 'report_path_group': Path Group
Generated on Thu Dec 22 19:44:09 2022
  
-------------------------------------------------------------------------------------------
|                                PATH GROUPS (HOLD) (nano)                                |
|-----------------------------------------------------------------------------------------|
| QOR Weight Margin TNS Range Endpoints Violating Endpoints Violating Endpoints % WNS TNS | 
-------------------------------------------------------------------------------------------


info UI33: performed report_path_group for 0 sec (CPU time: 0 sec; MEM: RSS - 394M, CVMEM - 1739M, PVMEM - 2263M)
SLACK HISTOGRAM
---------------
Select : SELECT_EARLY

---------------------------------------------
| Slack           # End Pts Total # End Pts | 
|-------------------------------------------|
| 0.0000 - 0.4990 152       152             | 
| 0.5000 - 0.9990 18        170             | 
---------------------------------------------


info UI33: performed report_slack_histogram for 0 sec (CPU time: 0 sec; MEM: RSS - 394M, CVMEM - 1739M, PVMEM - 2263M)
