Report End Points: 
-----+-------+------+-------+------+------+-----+-----+-------------------------+------------------------
     |Group  |Launch|Capture|Shift |Delay |Depth|Slack|Begin Point              |End Point               
-----+-------+------+-------+------+------+-----+-----+-------------------------+------------------------
1    |default|sysclk|sysclk |2000.0|1826.3|   37| 31.4|multiplier/A_in_reg[10]/Q|multiplier/Res_reg[47]/D
2    |default|sysclk|sysclk |2000.0|1798.8|   36| 58.9|multiplier/A_in_reg[10]/Q|multiplier/Res_reg[46]/D
3    |default|sysclk|sysclk |2000.0|1788.3|   37| 69.4|multiplier/A_in_reg[10]/Q|multiplier/Res_reg[39]/D
-----+-------+------+-------+------+------+-----+-----+-------------------------+------------------------
Report End Points: 
-----+-----+--------------+-------+------+-----+-----+------+-----------+---------------
     |Group|Launch        |Capture|Shift |Delay|Depth|Slack |Begin Point|End Point      
-----+-----+--------------+-------+------+-----+-----+------+-----------+---------------
1    |I2R  |rtDefaultClock|sysclk |2000.0| 60.3|    1|1681.3|A[30]      |A_reg_reg[30]/D
2    |I2R  |rtDefaultClock|sysclk |2000.0| 60.3|    1|1681.3|A[27]      |A_reg_reg[27]/D
3    |I2R  |rtDefaultClock|sysclk |2000.0| 60.2|    1|1681.4|A[25]      |A_reg_reg[25]/D
-----+-----+--------------+-------+------+-----+-----+------+-----------+---------------
Report End Points: 
-----+-----+------+-------+-----+-----+-----+-----+-----------+---------
     |Group|Launch|Capture|Shift|Delay|Depth|Slack|Begin Point|End Point
-----+-----+------+-------+-----+-----+-----+-----+-----------+---------
1    |I2O  |      |       |     |     |     |     |           |         
-----+-----+------+-------+-----+-----+-----+-----+-----------+---------
Report End Points: 
-----+-----+------+-------+-----+-----+-----+-----+-----------+---------
     |Group|Launch|Capture|Shift|Delay|Depth|Slack|Begin Point|End Point
-----+-----+------+-------+-----+-----+-----+-----+-----------+---------
1    |R2O  |      |       |     |     |     |     |           |         
-----+-----+------+-------+-----+-----+-----+-----+-----------+---------
