Report Physical info: 
------------------------+-------------+-----------+------------
                        |             |Area (squm)|Leakage (uW)
------------------------+-------------+-----------+------------
Design Name             |FPU_VM       |           |            
  Total Instances       |         1805|       3642|      71.516
    Macros              |            0|          0|       0.000
    Pads                |            0|          0|       0.000
    Phys                |            0|          0|       0.000
    Blackboxes          |            0|          0|       0.000
    Cells               |         1805|       3642|      71.516
      Buffers           |            0|          0|       0.000
      Inverters         |          123|         65|       1.765
      Clock-Gates       |            0|          0|       0.000
      Combinational     |         1514|       3129|      62.885
      Latches           |          168|        447|       6.865
      FlipFlops         |            0|          0|       0.000
       Single-Bit FF    |            0|          0|       0.000
       Multi-Bit FF     |            0|          0|       0.000
       Clock-Gated      |            0|           |            
       Bits             |            0|          0|       0.000
         Load-Enabled   |            0|           |            
         Clock-Gated    |            0|           |            
  Tristate Pin Count    |            0|           |            
Physical Info           |Placed       |           |            
  Chip Size (mm x mm)   |0.149 x 0.149|      22198|            
  Fixed Cell Area       |             |          0|            
    Phys Only           |            0|          0|            
  Placeable Area        |             |       7843|            
  Movable Cell Area     |             |       3642|            
  Utilization (%)       |           46|           |            
  Chip Utilization (%)  |           46|           |            
  Total Wire Length (mm)|        7.526|           |            
  Longest Wire (mm)     |        0.079|           |            
  Average Wire (mm)     |        0.076|           |            
------------------------+-------------+-----------+------------
