Report End Points: 
-----+-------+------+-------+------+------+-----+-----+------------------------+------------------------
     |Group  |Launch|Capture|Shift |Delay |Depth|Slack|Begin Point             |End Point               
-----+-------+------+-------+------+------+-----+-----+------------------------+------------------------
1    |default|sysclk|sysclk |2000.0|1678.0|   31|178.7|multiplier/A_in_reg[4]/Q|multiplier/Res_reg[46]/D
2    |default|sysclk|sysclk |2000.0|1675.7|   32|181.0|multiplier/A_in_reg[4]/Q|multiplier/Res_reg[47]/D
3    |default|sysclk|sysclk |2000.0|1621.5|   29|235.2|multiplier/A_in_reg[4]/Q|multiplier/Res_reg[45]/D
-----+-------+------+-------+------+------+-----+-----+------------------------+------------------------
Report End Points: 
-----+-----+--------------+-------+------+-----+-----+------+-----------+---------------
     |Group|Launch        |Capture|Shift |Delay|Depth|Slack |Begin Point|End Point      
-----+-----+--------------+-------+------+-----+-----+------+-----------+---------------
1    |I2R  |rtDefaultClock|sysclk |2000.0| 61.1|    1|1680.5|A[30]      |A_reg_reg[30]/D
2    |I2R  |rtDefaultClock|sysclk |2000.0| 61.1|    1|1680.5|A[27]      |A_reg_reg[27]/D
3    |I2R  |rtDefaultClock|sysclk |2000.0| 61.1|    1|1680.5|A[26]      |A_reg_reg[26]/D
-----+-----+--------------+-------+------+-----+-----+------+-----------+---------------
Report End Points: 
-----+-----+------+-------+-----+-----+-----+-----+-----------+---------
     |Group|Launch|Capture|Shift|Delay|Depth|Slack|Begin Point|End Point
-----+-----+------+-------+-----+-----+-----+-----+-----------+---------
1    |I2O  |      |       |     |     |     |     |           |         
-----+-----+------+-------+-----+-----+-----+-----+-----------+---------
Report End Points: 
-----+-----+------+-------+-----+-----+-----+-----+-----------+---------
     |Group|Launch|Capture|Shift|Delay|Depth|Slack|Begin Point|End Point
-----+-----+------+-------+-----+-----+-----+-----+-----------+---------
1    |R2O  |      |       |     |     |     |     |           |         
-----+-----+------+-------+-----+-----+-----+-----+-----------+---------
