Report 'report_power_summary': Power
Generated on Thu Dec 22 19:35:16 2022
  
--------------------------------------------------------------------------
|                        Power Summary (nanowatt)                        |
|------------------------------------------------------------------------|
| Component          Internal Switching  Dynamic Leakage  Total  Percent | 
|------------------------------------------------------------------------|
| Entire design        152714     64741   217455  261351  478805  100.00 | 
|                                                                        | 
| Power of all cells   152714     34166   186880  261351  448230   93.61 | 
|   Clock cells          4858      5546    10404     152   10556    2.20 | 
|   Data cells         147853     28620   176473  261199  437671   91.41 | 
|     Combinational         0         0        0  256001  256001   53.47 | 
|     Registers        147853     28620   176473    5198  181670   37.94 | 
|     Macros                0         0        0       0       0    0.00 | 
|     Physical              0         0        0       0       0    0.00 | 
|                                                                        | 
| Power of all nets               30575    30575           30575    6.39 | 
|   Clock nets                    30575    30575           30575    6.39 | 
|     Clock leaves                23911    23911           23911    4.99 | 
|   Data nets                         0        0               0    0.00 | 
--------------------------------------------------------------------------


info UI33: performed report_power_summary for 0 sec (CPU time: 0 sec; MEM: RSS - 559M, CVMEM - 2111M, PVMEM - 2386M)
------------------------------------------------------------------------------------------------------------------------------------------------
| Corner     Enable Setup Hold  CRPR       SI    Power            EM   Voltage Drop DRC        Process                    RC Temp Scale Factor | 
|----------------------------------------------------------------------------------------------------------------------------------------------|
| slow       false  true  false setup_hold none  leakage          none none         trans, cap new_rcmaster_techFreePDK45 25      1            | 
| fast       false  false false setup_hold none  leakage          none none         trans, cap new_rcmaster_techFreePDK45 25      1            | 
| corner_0_0 true   true  true  setup_hold delay leakage, dynamic none none         trans, cap new_rcmaster_techFreePDK45 25      1            | 
------------------------------------------------------------------------------------------------------------------------------------------------


