Report for group default
------------------------------------------------------------------------------------------------------------------------------------------------------------
Startpoint: A_in_reg[4]/Q
    (Clocked by sysclk R)
Endpoint: Res_reg[34]/D
    (Clocked by sysclk R)
Path Group: default
Data required time: 1942.2
    (Clock shift: 2000.0, minus Uncertainty: 0.0, plus Latency 0.0, minus Setup time: 57.8)
Data arrival time: 1923.0
Slack: 19.2
Logic depth: 51
------------------------------------------------------------------------------------------------------------------------------------------------------------
                                                     Arrival               Arc      Net               Net    Total   fan-                                   
Path                     Module/Cell           Edge     Time    Delay    Delay    Delay     Slew     Load     Load    out     Location Power Domain      (V)
                                                        (ps)     (ps)     (ps)     (ps)     (ps)     (ff)     (ff)    (#)      (um,um)                      
------------------------------------------------------------------------------------------------------------------------------------------------------------
clk                      {create_clock}           r      0.0      0.0      0.0                        0.0      0.0      2     0,   93                       
i_0_1_184/B1->ZN         AOI21_X1                rf      0.0      0.0      0.0      0.0      0.0      0.0      0.0      1    92,   92  /PD_TOP        (1.10)
i_0_1_183/A->ZN          INV_X1                  fr      0.0      0.0      0.0      0.0      0.0      0.0      0.0     64    92,   92  /PD_TOP        (1.10)
A_in_reg[4]/G->Q         DLH_X2*                 rf     89.7     89.7     89.7      0.0      0.0      2.1     32.6      3    92,   92  /PD_TOP        (1.10)
i_0_2/i_33/A->ZN         INV_X8                  fr    109.0     19.3     19.3      0.0     15.3      3.6     21.6      5    92,   92  /PD_TOP        (1.10)
i_0_2/i_41/A3->ZN        NAND4_X4*               rf    165.9     56.9     56.8      0.1      9.6      2.0     33.8      3    92,   92  /PD_TOP        (1.10)
i_0_2/i_40/A->ZN         INV_X8                  fr    184.1     18.2     18.2      0.0     15.3      3.0     18.2      4    92,   92  /PD_TOP        (1.10)
i_0_2/i_53/A2->ZN        NAND4_X4*               rf    238.8     54.7     54.6      0.1      8.8      2.1     34.8      3    92,   92  /PD_TOP        (1.10)
i_0_2/i_52/A->ZN         INV_X8                  fr    256.7     17.9     17.9      0.0     15.3      3.0     17.1      4    92,   92  /PD_TOP        (1.10)
i_0_2/i_65/A4->ZN        AND4_X4                 rr    313.3     56.6     56.5      0.1      8.5      1.5      9.5      2    92,   92  /PD_TOP        (1.10)
i_0_2/i_64/A->ZN         AOI21_X2                rf    326.1     12.8     12.8      0.0     13.9      0.7      2.1      1    92,   92  /PD_TOP        (1.10)
i_0_1_232/B->Z           MUX2_X2*                ff    443.3    117.2    117.2      0.0      6.7     30.7    198.9     38    92,   92  /PD_TOP        (1.10)
i_0_4/i_2460/A2->ZN      NAND4_X4*               fr    487.0     43.7     42.6      1.1     15.3      2.1     35.9      3    92,   92  /PD_TOP        (1.10)
i_0_4/i_2459/A->ZN       INV_X8                  rf    494.0      7.0      7.0      0.0     15.3      0.6      4.7      1    92,   92  /PD_TOP        (1.10)
i_0_4/i_2458/B1->ZN      OAI21_X4*               fr    550.9     56.9     56.9      0.0      3.5      1.4     31.2      2    92,   92  /PD_TOP        (1.10)
i_0_4/i_2457/A->ZN       INV_X8                  rf    559.3      8.4      8.4      0.0     15.3      1.4      9.3      2    92,   92  /PD_TOP        (1.10)
i_0_4/i_2456/B1->ZN      OAI21_X4*               fr    615.9     56.6     56.6      0.0      4.0      1.3     30.5      2    92,   92  /PD_TOP        (1.10)
i_0_4/i_2448/A1->ZN      NAND2_X4                rf    636.0     20.1     20.1      0.0     15.3      2.0     14.1      3    92,   92  /PD_TOP        (1.10)
i_0_4/i_2024/A2->ZN      NAND3_X4                fr    668.6     32.6     32.6      0.0     10.8      0.6     26.1      1    92,   92  /PD_TOP        (1.10)
i_0_4/i_2023/A->ZN       INV_X8                  rf    677.6      9.0      9.0      0.0     24.5      1.3      9.5      2    92,   92  /PD_TOP        (1.10)
i_0_4/i_2021/A1->ZN      NOR2_X4                 fr    705.5     27.9     27.9      0.0      4.0      1.4      9.5      2    92,   92  /PD_TOP        (1.10)
i_0_4/i_2020/A2->ZN      NAND3_X4*               rf    752.2     46.7     46.7      0.0     21.5      2.1     35.2      3    92,   92  /PD_TOP        (1.10)
i_0_4/i_1276/A1->ZN      NAND2_X4                fr    775.6     23.4     23.4      0.0     15.3      2.1     13.8      3    92,   92  /PD_TOP        (1.10)
i_0_4/i_1271/A1->ZN      NAND3_X4*               rf    817.7     42.1     42.1      0.0     14.6      2.1     35.7      3    92,   92  /PD_TOP        (1.10)
i_0_4/i_1263/A->ZN       OAI21_X4*               fr    857.4     39.7     39.7      0.0     15.3      1.3     30.6      2    92,   92  /PD_TOP        (1.10)
i_0_4/i_1261/A->ZN       INV_X8                  rf    864.4      7.0      7.0      0.0     15.3      0.6      4.5      1    92,   92  /PD_TOP        (1.10)
i_0_4/i_1260/A2->ZN      NAND2_X4*               fr    897.8     33.4     33.4      0.0      3.5      1.9     35.5      3    92,   92  /PD_TOP        (1.10)
i_0_4/i_1259/A->ZN       INV_X8                  rf    904.8      7.0      7.0      0.0     15.3      0.6      4.7      1    92,   92  /PD_TOP        (1.10)
i_0_4/i_1251/B2->ZN      OAI21_X4*               fr    968.7     63.9     63.9      0.0      3.5      2.1     35.3      3    92,   92  /PD_TOP        (1.10)
i_0_4/i_1250/A1->ZN      NAND3_X4*               rf   1013.4     44.7     44.7      0.0     15.3      2.8     40.3      4    92,   92  /PD_TOP        (1.10)
i_0_4/i_1249/A->ZN       INV_X8                  fr   1032.1     18.7     18.6      0.1     15.3      2.7     19.2      4    92,   92  /PD_TOP        (1.10)
i_0_4/i_1248/A->ZN       AOI21_X4                rf   1044.4     12.3     12.3      0.0      9.0      0.7      4.9      1    92,   92  /PD_TOP        (1.10)
i_0_4/i_1220/A1->ZN      NOR2_X4                 fr   1067.9     23.5     23.5      0.0      8.0      0.7      4.9      1    92,   92  /PD_TOP        (1.10)
i_0_4/i_1202/A2->ZN      NAND3_X4*               rf   1110.3     42.4     42.4      0.0     16.2      1.4     30.7      2    92,   92  /PD_TOP        (1.10)
i_0_4/i_125/A1->ZN       NAND3_X4*               fr   1148.2     37.9     37.9      0.0     15.3      2.0     34.5      3    92,   92  /PD_TOP        (1.10)
i_0_4/i_83/A->ZN         INV_X8                  rf   1155.2      7.0      7.0      0.0     15.3      0.6      4.7      1    92,   92  /PD_TOP        (1.10)
i_0_4/i_82/B1->ZN        OAI21_X4                fr   1207.9     52.7     52.7      0.0      3.5      0.6     26.1      1    92,   92  /PD_TOP        (1.10)
i_0_4/i_81/A->ZN         INV_X8                  rf   1216.6      8.7      8.7      0.0     43.7      1.3      8.4      2    92,   92  /PD_TOP        (1.10)
i_0_4/i_80/B1->ZN        OAI21_X4                fr   1247.3     30.7     30.7      0.0      3.9      1.4      8.9      2    92,   92  /PD_TOP        (1.10)
i_0_4/i_75/B->Z          XOR2_X2                 rr   1356.9    109.6    109.6      0.0     23.7      0.6     26.0      1    92,   92  /PD_TOP        (1.10)
i_0_4/i_74/A->ZN         INV_X8                  rf   1370.2     13.3     13.3      0.0     76.9      3.1     19.5      4    92,   92  /PD_TOP        (1.10)
i_0_5/i_216/A1->ZN       NOR4_X4*                fr   1491.1    120.9    120.8      0.1      5.2      2.0     56.8      3    92,   92  /PD_TOP        (1.10)
i_0_5/i_215/A->ZN        INV_X8                  rf   1499.6      8.5      8.5      0.0     15.3      1.2      9.7      2    92,   92  /PD_TOP        (1.10)
i_0_5/i_157/A1->ZN       NOR2_X4*                fr   1562.0     62.4     62.4      0.0      4.1      4.4     49.7      6    92,   92  /PD_TOP        (1.10)
i_0_5/i_152/A1->ZN       NAND3_X4                rf   1598.2     36.2     36.1      0.1     15.3      0.6     26.1      1    92,   92  /PD_TOP        (1.10)
i_0_5/i_151/A->ZN        INV_X32                 fr   1619.6     21.4     21.4      0.0     24.6      3.9     48.4      6    92,   92  /PD_TOP        (1.10)
i_0_5/i_68/A1->ZN        NAND2_X4*               rf   1649.7     30.1     30.0      0.1      8.8      1.9     35.7      3    92,   92  /PD_TOP        (1.10)
i_0_5/i_31/A2->ZN        NOR2_X4*                fr   1712.0     62.3     62.3      0.0     15.3      1.3     30.6      2    92,   92  /PD_TOP        (1.10)
i_0_5/i_30/A->ZN         INV_X8                  rf   1720.5      8.5      8.5      0.0     15.3      1.3      9.6      2    92,   92  /PD_TOP        (1.10)
i_0_5/i_29/A2->ZN        NOR2_X4*                fr   1778.1     57.6     57.6      0.0      4.1      1.3     30.6      2    92,   92  /PD_TOP        (1.10)
i_0_5/i_28/A->ZN         INV_X8                  rf   1786.6      8.5      8.5      0.0     15.3      1.3      9.6      2    92,   92  /PD_TOP        (1.10)
i_0_5/i_27/A2->ZN        NOR2_X4*                fr   1844.2     57.6     57.6      0.0      4.1      1.3     30.6      2    92,   92  /PD_TOP        (1.10)
i_0_5/i_22/A->ZN         AOI21_X4                rf   1859.0     14.8     14.8      0.0     15.3      0.8      4.8      1    92,   92  /PD_TOP        (1.10)
i_0_1_68/A1->ZN          AOI22_X4                fr   1918.2     59.2     59.2      0.0      8.0      0.7     26.2      1    92,   92  /PD_TOP        (1.10)
i_0_1_67/A->ZN           INV_X4                  rf   1923.0      4.8      4.8      0.0     50.8      0.6      1.6      1    92,   92  /PD_TOP        (1.10)
Res_reg[34]/D            DLH_X2                   f   1923.0      0.0               0.0      3.3                             92,   92  /PD_TOP        (1.10)
------------------------------------------------------------------------------------------------------------------------------------------------------------
Report for group I2R
------------------------------------------------------------------------------------------------------------------------------------------------------------
Startpoint: A[31]
    (Clocked by rtDefaultClock R)
Endpoint: A_in_reg[31]/D
    (Clocked by sysclk F)
Path Group: I2R
Data required time: 941.6
    (Clock shift: 1000.0, minus Uncertainty: 0.0, plus Latency 0.0, minus Setup time: 58.4)
Data arrival time: 256.9
Slack: 684.7
Logic depth: 1
------------------------------------------------------------------------------------------------------------------------------------------------------------
                                                     Arrival               Arc      Net               Net    Total   fan-                                   
Path                     Module/Cell           Edge     Time    Delay    Delay    Delay     Slew     Load     Load    out     Location Power Domain      (V)
                                                        (ps)     (ps)     (ps)     (ps)     (ps)     (ff)     (ff)    (#)      (um,um)                      
------------------------------------------------------------------------------------------------------------------------------------------------------------
A[31]                    {set_input_delay}        f    200.0    200.0    200.0                       13.0     15.0      1     0,  101                       
i_0_1_185/A1->ZN         AND2_X4                 ff    256.9     56.9     54.0      2.9    100.0      0.6      1.6      1    92,   92  /PD_TOP        (1.10)
A_in_reg[31]/D           DLH_X2                   f    256.9      0.0               0.0      4.9                             92,   92  /PD_TOP        (1.10)
------------------------------------------------------------------------------------------------------------------------------------------------------------
Report for group I2O
Report for group R2O
