warning: No library characterized for (process = 1.00 voltage = 0.85 temperature = 25.00) can be found in the database for power domain '/PD_TOP'  [NL-174]
Report Power (instances with prefix '*' are included in total) : 
-----+----------+--------------------+---------------------+-------------------+-----------------
     | Instance | Internal Power(uw) | Switching Power(uw) | Leakage Power(uw) | Total Power(uw) 
-----+----------+--------------------+---------------------+-------------------+-----------------
1    |*i_0_0_0  |            0.902869|             4.482524|           0.022619|         5.408012
2    |*i_0_0_1  |            0.972325|             4.416945|           0.022619|         5.411890
3    |*i_0_0_2  |            1.620921|             4.600985|           0.036164|         6.258069
4    |*i_0_0_3  |            1.505405|             4.608195|           0.036441|         6.150041
5    |*i_0_0_4  |            1.518376|             4.605078|           0.036441|         6.159895
6    |*i_0_0_5  |            1.523340|             4.605469|           0.036441|         6.165250
7    |*i_0_0_6  |            1.525241|             4.602352|           0.036441|         6.164033
8    |*i_0_0_7  |            1.525864|             4.615007|           0.036441|         6.177312
9    |*i_0_0_8  |            1.526150|             4.611891|           0.036441|         6.174483
10   |*i_0_0_9  |            1.526229|             4.615007|           0.036441|         6.177678
11   |*i_0_0_10 |            1.526287|             4.611891|           0.036441|         6.174620
12   |*i_0_0_11 |            1.526253|             4.619101|           0.036441|         6.181796
13   |*i_0_0_12 |            1.526279|             4.615985|           0.036441|         6.178706
14   |*i_0_0_13 |            1.526279|             4.616374|           0.036441|         6.179094
15   |*i_0_0_14 |            1.526300|             4.613259|           0.036441|         6.176000
16   |*i_0_0_15 |            1.526216|             4.625914|           0.036441|         6.188571
17   |*i_0_0_16 |            1.526237|             4.622797|           0.036441|         6.185475
18   |*i_0_0_17 |            1.526216|             4.625914|           0.036441|         6.188571
19   |*i_0_0_18 |            1.526237|             4.622797|           0.036441|         6.185475
20   |*i_0_0_19 |            1.526189|             4.630007|           0.036441|         6.192637
21   |*i_0_0_20 |            1.526210|             4.626892|           0.036441|         6.189542
22   |*i_0_0_21 |            1.526207|             4.627281|           0.036441|         6.189929
23   |*i_0_0_22 |            1.526228|             4.624165|           0.036441|         6.186834
24   |*i_0_0_23 |            1.526144|             4.636820|           0.036441|         6.199405
25   |*i_0_0_24 |            1.526164|             4.633704|           0.036441|         6.196310
26   |*i_0_0_25 |            1.526144|             4.636820|           0.036441|         6.199405
27   |*i_0_0_26 |            1.526164|             4.633704|           0.036441|         6.196310
28   |*i_0_0_27 |            1.526116|             4.640914|           0.036441|         6.203472
29   |*i_0_0_28 |            1.526137|             4.637798|           0.036441|         6.200376
30   |*i_0_0_29 |            1.526135|             4.638187|           0.036441|         6.200763
31   |*i_0_0_30 |            1.526155|             4.635071|           0.036441|         6.197668
32   |*i_0_0_31 |            1.526071|             4.647727|           0.036441|         6.210239
33   |*i_0_0_32 |            1.526092|             4.644610|           0.036441|         6.207143
34   |*i_0_0_33 |            1.497875|             4.644822|           0.036164|         6.178861
35   |*i_0_0_34 |            1.089983|             2.641414|           0.022619|         3.754017
36   |*i_0_0_35 |            0.749756|             3.152909|           0.017393|         3.920058
37   |*i_0_0_36 |            1.186771|             3.924998|           0.032612|         5.144381
38   |*i_0_0_37 |            1.717004|             2.782900|           0.036164|         4.536067
39   |*i_0_0_38 |            0.454141|             1.321102|           0.014353|         1.789596
40   |*i_0_0_39 |            1.142529|             8.688375|           0.032612|         9.863516
41   |*i_0_0_40 |            1.717004|             2.782900|           0.036164|         4.536067
42   |*i_0_0_41 |            0.454141|             1.321102|           0.014353|         1.789596
43   |*i_0_0_42 |            1.142529|             8.688375|           0.032612|         9.863516
44   |*i_0_0_43 |            1.717004|             2.782900|           0.036164|         4.536067
45   |*i_0_0_44 |            0.454141|             1.321102|           0.014353|         1.789596
46   |*i_0_0_45 |            1.142529|             8.688375|           0.032612|         9.863516
47   |*i_0_0_46 |            1.717004|             2.782900|           0.036164|         4.536067
48   |*i_0_0_47 |            0.454141|             1.321102|           0.014353|         1.789596
49   |*i_0_0_48 |            1.142529|             8.688375|           0.032612|         9.863516
50   |*i_0_0_49 |            1.717004|             2.782900|           0.036164|         4.536067
51   |*i_0_0_50 |            0.454141|             1.321102|           0.014353|         1.789596
52   |*i_0_0_51 |            1.142529|             8.688375|           0.032612|         9.863516
53   |*i_0_0_52 |            1.717004|             2.782900|           0.036164|         4.536067
54   |*i_0_0_53 |            0.454141|             1.321102|           0.014353|         1.789596
55   |*i_0_0_54 |            1.142529|             8.688375|           0.032612|         9.863516
56   |*i_0_0_55 |            1.717004|             2.782900|           0.036164|         4.536067
57   |*i_0_0_56 |            0.454141|             1.321102|           0.014353|         1.789596
58   |*i_0_0_57 |            1.142529|             8.688375|           0.032612|         9.863516
59   |*i_0_0_58 |            1.717004|             2.782900|           0.036164|         4.536067
60   |*i_0_0_59 |            0.454141|             1.321102|           0.014353|         1.789596
61   |*i_0_0_60 |            1.142529|             8.688375|           0.032612|         9.863516
62   |*i_0_0_61 |            1.717004|             2.782900|           0.036164|         4.536067
63   |*i_0_0_62 |            0.454141|             1.321102|           0.014353|         1.789596
64   |*i_0_0_63 |            1.142529|             8.688375|           0.032612|         9.863516
65   |*i_0_0_64 |            1.717004|             2.782900|           0.036164|         4.536067
66   |*i_0_0_65 |            0.454141|             1.321102|           0.014353|         1.789596
67   |*i_0_0_66 |            1.142529|             8.688375|           0.032612|         9.863516
68   |*i_0_0_67 |            1.717004|             2.782900|           0.036164|         4.536067
69   |*i_0_0_68 |            0.454141|             1.321102|           0.014353|         1.789596
70   |*i_0_0_69 |            1.142529|             8.688375|           0.032612|         9.863516
71   |*i_0_0_70 |            1.717004|             2.782900|           0.036164|         4.536067
72   |*i_0_0_71 |            0.454141|             1.321102|           0.014353|         1.789596
73   |*i_0_0_72 |            1.142529|             8.688375|           0.032612|         9.863516
74   |*i_0_0_73 |            1.717004|             2.782900|           0.036164|         4.536067
75   |*i_0_0_74 |            0.454141|             1.321102|           0.014353|         1.789596
76   |*i_0_0_75 |            1.142529|             8.688375|           0.032612|         9.863516
77   |*i_0_0_76 |            1.717004|             2.782900|           0.036164|         4.536067
78   |*i_0_0_77 |            0.454141|             1.321102|           0.014353|         1.789596
79   |*i_0_0_78 |            1.142529|             8.688375|           0.032612|         9.863516
80   |*i_0_0_79 |            1.717004|             2.782900|           0.036164|         4.536067
81   |*i_0_0_80 |            0.454141|             1.321102|           0.014353|         1.789596
82   |*i_0_0_81 |            1.142529|             8.688375|           0.032612|         9.863516
83   |*i_0_0_82 |            1.717004|             2.782900|           0.036164|         4.536067
84   |*i_0_0_83 |            0.454141|             1.321102|           0.014353|         1.789596
85   |*i_0_0_84 |            1.142529|             8.688374|           0.032612|         9.863516
86   |*i_0_0_85 |            1.717004|             2.782900|           0.036164|         4.536067
87   |*i_0_0_86 |            0.454141|             1.321102|           0.014353|         1.789596
88   |*i_0_0_87 |            1.142530|             8.688376|           0.032612|         9.863518
89   |*i_0_0_88 |            1.717004|             2.782900|           0.036164|         4.536067
90   |*i_0_0_89 |            0.454141|             1.321102|           0.014353|         1.789596
91   |*i_0_0_90 |            1.142530|             8.688377|           0.032612|         9.863519
92   |*i_0_0_91 |            1.717004|             2.782900|           0.036164|         4.536067
93   |*i_0_0_92 |            0.454142|             1.321102|           0.014353|         1.789597
94   |*i_0_0_93 |            1.142531|             8.688381|           0.032612|         9.863524
95   |*i_0_0_94 |            1.717004|             2.782900|           0.036164|         4.536067
96   |*i_0_0_95 |            0.454142|             1.321104|           0.014353|         1.789599
97   |*i_0_0_96 |            1.142533|             8.688390|           0.032612|         9.863535
98   |*i_0_0_97 |            1.717004|             2.782900|           0.036164|         4.536067
99   |*i_0_0_98 |            0.454143|             1.321108|           0.014353|         1.789604
100  |*i_0_0_99 |            1.142540|             8.688415|           0.032612|         9.863567
101  |*i_0_0_100|            1.717004|             2.782900|           0.036164|         4.536067
102  |*i_0_0_101|            0.454147|             1.321118|           0.014353|         1.789618
103  |*i_0_0_102|            1.142557|             8.688481|           0.032612|         9.863650
104  |*i_0_0_103|            1.717004|             2.782900|           0.036164|         4.536067
105  |*i_0_0_104|            0.454156|             1.321145|           0.014353|         1.789654
106  |*i_0_0_105|            1.142604|             8.688658|           0.032612|         9.863874
107  |*i_0_0_106|            1.717004|             2.782900|           0.036164|         4.536067
108  |*i_0_0_107|            0.454181|             1.321216|           0.014353|         1.789750
109  |*i_0_0_108|            1.142728|             8.689130|           0.032612|         9.864470
110  |*i_0_0_109|            1.717004|             2.782900|           0.036164|         4.536067
111  |*i_0_0_110|            0.454246|             1.321407|           0.014353|         1.790007
112  |*i_0_0_111|            1.143059|             8.690386|           0.032612|         9.866056
113  |*i_0_0_112|            1.717004|             2.782900|           0.036164|         4.536067
114  |*i_0_0_113|            0.454421|             1.321915|           0.014353|         1.790689
115  |*i_0_0_114|            1.143939|             8.693725|           0.032612|         9.870276
116  |*i_0_0_115|            1.717004|             2.782900|           0.036164|         4.536067
117  |*i_0_0_116|            0.454882|             1.323257|           0.014353|         1.792493
118  |*i_0_0_117|            1.146273|             8.702552|           0.032612|         9.881437
119  |*i_0_0_118|            1.717004|             2.782900|           0.036164|         4.536067
120  |*i_0_0_119|            0.456084|             1.326754|           0.014353|         1.797192
121  |*i_0_0_120|            1.152404|             8.725550|           0.032612|         9.910566
122  |*i_0_0_121|            1.717004|             2.782900|           0.036164|         4.536067
123  |*i_0_0_122|            0.459089|             1.335495|           0.014353|         1.808937
124  |*i_0_0_123|            1.168102|             8.783033|           0.032612|         9.983747
125  |*i_0_0_124|            1.717004|             2.782900|           0.036164|         4.536067
126  |*i_0_0_125|            0.465672|             1.354645|           0.014353|         1.834671
127  |*i_0_0_126|            1.212674|             8.908978|           0.032612|        10.154264
128  |*i_0_0_127|            1.718045|             2.706908|           0.036164|         4.461116
129  |          |                    |                     |                   |                 
130  |*TOTAL    |          155.033157|           553.505859|           3.813453|       712.352478
-----+----------+--------------------+---------------------+-------------------+-----------------
