Report End Points: 
-----+-------+------+-------+------+------+-----+-----+------------------------+------------------------
     |Group  |Launch|Capture|Shift |Delay |Depth|Slack|Begin Point             |End Point               
-----+-------+------+-------+------+------+-----+-----+------------------------+------------------------
1    |default|sysclk|sysclk |2000.0|1782.1|   36| 50.9|multiplier/A_in_reg[0]/Q|multiplier/Res_reg[47]/D
2    |default|sysclk|sysclk |2000.0|1777.8|   38| 55.2|multiplier/A_in_reg[0]/Q|multiplier/Res_reg[45]/D
3    |default|sysclk|sysclk |2000.0|1765.1|   37| 67.9|multiplier/A_in_reg[0]/Q|multiplier/Res_reg[44]/D
-----+-------+------+-------+------+------+-----+-----+------------------------+------------------------
Report End Points: 
-----+-----+--------------+-------+------+-----+-----+------+-----------+---------------
     |Group|Launch        |Capture|Shift |Delay|Depth|Slack |Begin Point|End Point      
-----+-----+--------------+-------+------+-----+-----+------+-----------+---------------
1    |I2R  |rtDefaultClock|sysclk |2000.0| 60.9|    1|1680.7|A[30]      |A_reg_reg[30]/D
2    |I2R  |rtDefaultClock|sysclk |2000.0| 60.9|    1|1680.7|A[29]      |A_reg_reg[29]/D
3    |I2R  |rtDefaultClock|sysclk |2000.0| 60.9|    1|1680.7|A[27]      |A_reg_reg[27]/D
-----+-----+--------------+-------+------+-----+-----+------+-----------+---------------
Report End Points: 
-----+-----+------+-------+-----+-----+-----+-----+-----------+---------
     |Group|Launch|Capture|Shift|Delay|Depth|Slack|Begin Point|End Point
-----+-----+------+-------+-----+-----+-----+-----+-----------+---------
1    |I2O  |      |       |     |     |     |     |           |         
-----+-----+------+-------+-----+-----+-----+-----+-----------+---------
Report End Points: 
-----+-----+------+-------+-----+-----+-----+-----+-----------+---------
     |Group|Launch|Capture|Shift|Delay|Depth|Slack|Begin Point|End Point
-----+-----+------+-------+-----+-----+-----+-----+-----------+---------
1    |R2O  |      |       |     |     |     |     |           |         
-----+-----+------+-------+-----+-----+-----+-----+-----------+---------
