warning: No library characterized for (process = 1.00 voltage = 0.85 temperature = 25.00) can be found in the database for power domain '/PD_TOP'  [NL-174]
Report Power (instances with prefix '*' are included in total) : 
-----+--------------+--------------------+---------------------+-------------------+-----------------
     | Instance     | Internal Power(uw) | Switching Power(uw) | Leakage Power(uw) | Total Power(uw) 
-----+--------------+--------------------+---------------------+-------------------+-----------------
1    |*multiplier   |         1115.689087|          2860.048096|          55.229221|      4030.966553
2    |*i_0_0        |           25.414921|            17.880346|           1.383218|        44.678486
3    |*Res_reg[31]  |            2.222831|             2.972799|           0.040863|         5.236493
4    |*Res_reg[30]  |            2.228571|             2.972799|           0.040863|         5.242233
5    |*Res_reg[29]  |            2.226891|             2.971241|           0.040863|         5.238995
6    |*Res_reg[28]  |            2.226694|             2.939108|           0.040863|         5.206665
7    |*Res_reg[27]  |            2.226871|             2.967932|           0.040863|         5.235665
8    |*Res_reg[26]  |            2.226712|             2.942029|           0.040863|         5.209604
9    |*Res_reg[25]  |            2.226702|             2.940471|           0.040863|         5.208036
10   |*Res_reg[24]  |            2.226691|             2.938521|           0.040863|         5.206075
11   |*Res_reg[23]  |            2.226867|             2.967346|           0.040863|         5.235076
12   |*Res_reg[22]  |            2.244529|             2.967345|           0.040863|         5.252738
13   |*Res_reg[21]  |            2.244519|             2.965787|           0.040863|         5.251169
14   |*Res_reg[20]  |            2.244299|             2.933654|           0.040863|         5.218816
15   |*Res_reg[19]  |            2.244496|             2.962479|           0.040863|         5.247838
16   |*Res_reg[18]  |            2.244319|             2.936576|           0.040863|         5.221758
17   |*Res_reg[17]  |            2.244308|             2.935018|           0.040863|         5.220189
18   |*Res_reg[16]  |            2.244295|             2.933068|           0.040863|         5.218226
19   |*Res_reg[15]  |            2.244492|             2.961893|           0.040863|         5.247248
20   |*Res_reg[14]  |            2.244492|             2.961893|           0.040863|         5.247248
21   |*Res_reg[13]  |            2.244482|             2.960334|           0.040863|         5.245679
22   |*Res_reg[12]  |            2.244262|             2.928201|           0.040863|         5.213326
23   |*Res_reg[11]  |            2.244459|             2.957026|           0.040863|         5.242348
24   |*Res_reg[10]  |            2.244282|             2.931123|           0.040863|         5.216268
25   |*Res_reg[9]   |            2.244271|             2.929565|           0.040863|         5.214699
26   |*Res_reg[8]   |            2.244258|             2.927615|           0.040863|         5.212736
27   |*Res_reg[7]   |            2.244455|             2.956439|           0.040863|         5.241757
28   |*Res_reg[6]   |            2.244455|             2.956439|           0.040863|         5.241757
29   |*Res_reg[5]   |            2.244444|             2.954881|           0.040863|         5.240189
30   |*Res_reg[4]   |            2.244225|             2.922748|           0.040863|         5.207836
31   |*Res_reg[3]   |            2.244422|             2.951572|           0.040863|         5.236857
32   |*Res_reg[2]   |            2.244245|             2.925669|           0.040863|         5.210777
33   |*Res_reg[1]   |            2.244234|             2.924111|           0.040863|         5.209208
34   |*Res_reg[0]   |            2.246403|             2.922162|           0.040863|         5.209427
35   |*A_reg_reg[30]|            1.948773|             2.241883|           0.040863|         4.231520
36   |*A_reg_reg[29]|            1.950451|             2.346046|           0.040863|         4.337360
37   |*A_reg_reg[28]|            1.927759|             1.491066|           0.040863|         3.459689
38   |*A_reg_reg[27]|            1.928584|             1.520547|           0.040863|         3.489995
39   |*A_reg_reg[26]|            1.928606|             1.521317|           0.040863|         3.490787
40   |*A_reg_reg[25]|            1.927355|             1.476633|           0.040863|         3.444851
41   |*A_reg_reg[24]|            1.928155|             1.505213|           0.040863|         3.474232
42   |*A_reg_reg[23]|            1.928635|             1.522363|           0.040863|         3.491862
43   |*A_reg_reg[22]|            1.919018|             1.178732|           0.040863|         3.138613
44   |*A_reg_reg[21]|            1.918101|             1.145966|           0.040863|         3.104930
45   |*A_reg_reg[20]|            1.917366|             1.134190|           0.040863|         3.092419
46   |*A_reg_reg[19]|            1.916953|             1.127781|           0.040863|         3.085598
47   |*A_reg_reg[18]|            1.919018|             1.178732|           0.040863|         3.138613
48   |*A_reg_reg[17]|            1.918101|             1.145966|           0.040863|         3.104930
49   |*A_reg_reg[16]|            1.917366|             1.134190|           0.040863|         3.092419
50   |*A_reg_reg[15]|            1.916953|             1.127781|           0.040863|         3.085598
51   |*A_reg_reg[14]|            1.917366|             1.134190|           0.040863|         3.092419
52   |*A_reg_reg[13]|            1.917366|             1.134190|           0.040863|         3.092419
53   |*A_reg_reg[12]|            1.916953|             1.127781|           0.040863|         3.085598
54   |*A_reg_reg[11]|            1.916953|             1.127781|           0.040863|         3.085598
55   |*A_reg_reg[10]|            1.919018|             1.178732|           0.040863|         3.138613
56   |*A_reg_reg[9] |            1.919018|             1.178732|           0.040863|         3.138613
57   |*A_reg_reg[8] |            1.918101|             1.145966|           0.040863|         3.104930
58   |*A_reg_reg[7] |            1.918101|             1.145966|           0.040863|         3.104930
59   |*A_reg_reg[6] |            1.917366|             1.134190|           0.040863|         3.092419
60   |*A_reg_reg[5] |            1.918588|             1.163367|           0.040863|         3.122818
61   |*A_reg_reg[4] |            1.917086|             1.129842|           0.040863|         3.087791
62   |*A_reg_reg[3] |            1.916953|             1.127781|           0.040863|         3.085598
63   |*A_reg_reg[2] |            1.919018|             1.178732|           0.040863|         3.138613
64   |*A_reg_reg[1] |            1.916533|             1.121255|           0.040863|         3.078650
65   |*A_reg_reg[0] |            1.918101|             1.145966|           0.040863|         3.104930
66   |*B_reg_reg[30]|            1.949938|             2.283511|           0.040863|         4.274312
67   |*B_reg_reg[29]|            1.949380|             2.263567|           0.040863|         4.253810
68   |*B_reg_reg[28]|            1.926651|             1.451450|           0.040863|         3.418963
69   |*B_reg_reg[27]|            1.927475|             1.480930|           0.040863|         3.449269
70   |*B_reg_reg[26]|            1.927497|             1.481701|           0.040863|         3.450061
71   |*B_reg_reg[25]|            1.926247|             1.437016|           0.040863|         3.404126
72   |*B_reg_reg[24]|            1.927047|             1.465597|           0.040863|         3.433506
73   |*B_reg_reg[23]|            1.939849|             1.923017|           0.040863|         3.903729
74   |*B_reg_reg[22]|            1.919018|             1.178732|           0.040863|         3.138613
75   |*B_reg_reg[21]|            1.918101|             1.145966|           0.040863|         3.104930
76   |*B_reg_reg[20]|            1.917366|             1.134190|           0.040863|         3.092419
77   |*B_reg_reg[19]|            1.916953|             1.127781|           0.040863|         3.085598
78   |*B_reg_reg[18]|            1.919018|             1.178732|           0.040863|         3.138613
79   |*B_reg_reg[17]|            1.918101|             1.145966|           0.040863|         3.104930
80   |*B_reg_reg[16]|            1.917366|             1.134190|           0.040863|         3.092419
81   |*B_reg_reg[15]|            1.916953|             1.127781|           0.040863|         3.085598
82   |*B_reg_reg[14]|            1.917366|             1.134190|           0.040863|         3.092419
83   |*B_reg_reg[13]|            1.917366|             1.134190|           0.040863|         3.092419
84   |*B_reg_reg[12]|            1.916953|             1.127781|           0.040863|         3.085598
85   |*B_reg_reg[11]|            1.916953|             1.127781|           0.040863|         3.085598
86   |*B_reg_reg[10]|            1.919018|             1.178732|           0.040863|         3.138613
87   |*B_reg_reg[9] |            1.919018|             1.178732|           0.040863|         3.138613
88   |*B_reg_reg[8] |            1.918101|             1.145966|           0.040863|         3.104930
89   |*B_reg_reg[7] |            1.918101|             1.145966|           0.040863|         3.104930
90   |*B_reg_reg[6] |            1.917366|             1.134190|           0.040863|         3.092419
91   |*B_reg_reg[5] |            1.918588|             1.163367|           0.040863|         3.122818
92   |*B_reg_reg[4] |            1.917086|             1.129842|           0.040863|         3.087791
93   |*B_reg_reg[3] |            1.916953|             1.127781|           0.040863|         3.085598
94   |*B_reg_reg[2] |            1.919018|             1.178732|           0.040863|         3.138613
95   |*B_reg_reg[1] |            1.916533|             1.121255|           0.040863|         3.078650
96   |*B_reg_reg[0] |            1.918101|             1.145966|           0.040863|         3.104930
97   |*A_reg_reg[31]|            1.920315|             1.225067|           0.040863|         3.186245
98   |*B_reg_reg[31]|            1.919975|             1.212924|           0.040863|         3.173762
99   |*i_0_1_0      |            1.225174|             1.157285|           0.061230|         2.443689
100  |*i_0_1_1      |            1.225449|             1.157285|           0.061230|         2.443964
101  |*i_0_1_2      |            1.225037|             1.157285|           0.061230|         2.443552
102  |*i_0_1_3      |            1.225037|             1.157285|           0.061230|         2.443552
103  |*i_0_1_4      |            1.225312|             1.157285|           0.061230|         2.443827
104  |*i_0_1_5      |            1.231718|             1.072626|           0.061230|         2.365574
105  |*i_0_1_6      |            1.236724|             4.347953|           0.061230|         5.645907
106  |*i_0_1_7      |            1.871172|             4.500988|           0.075762|         6.447922
107  |*i_0_1_8      |            1.788528|             4.466937|           0.075762|         6.331227
108  |*i_0_1_9      |            1.716395|             4.424373|           0.075762|         6.216530
109  |*i_0_1_10     |            1.669893|             4.396706|           0.075762|         6.142361
110  |*i_0_1_11     |            1.644029|             4.381277|           0.075762|         6.101067
111  |*i_0_1_12     |            1.632680|             4.469672|           0.075762|         6.178114
112  |*i_0_1_13     |            0.731931|             0.621925|           0.036441|         1.390297
113  |*i_0_1_14     |            0.473007|             0.507601|           0.022695|         1.003303
114  |*i_0_1_15     |            0.222162|             0.160037|           0.014353|         0.396553
115  |*i_0_1_16     |            0.379419|             2.589650|           0.032612|         3.001681
116  |*i_0_1_22     |            0.222162|             0.160037|           0.014353|         0.396553
117  |*i_0_1_23     |            0.379455|             2.589650|           0.032612|         3.001718
118  |*i_0_1_24     |            0.222162|             0.160037|           0.014353|         0.396553
119  |*i_0_1_25     |            0.379455|             2.589650|           0.032612|         3.001718
120  |*i_0_1_26     |            0.222162|             0.160037|           0.014353|         0.396553
121  |*i_0_1_27     |            0.379455|             2.589650|           0.032612|         3.001718
122  |*i_0_1_28     |            0.222162|             0.160037|           0.014353|         0.396553
123  |*i_0_1_29     |            0.379455|             2.589650|           0.032612|         3.001718
124  |*i_0_1_30     |            0.222162|             0.160037|           0.014353|         0.396553
125  |*i_0_1_31     |            0.379455|             2.589650|           0.032612|         3.001718
126  |*i_0_1_32     |            0.222162|             0.160037|           0.014353|         0.396553
127  |*i_0_1_33     |            0.379455|             2.589650|           0.032612|         3.001718
128  |*i_0_1_34     |            0.222162|             0.160037|           0.014353|         0.396553
129  |*i_0_1_35     |            0.379455|             2.589650|           0.032612|         3.001718
130  |*i_0_1_36     |            0.222162|             0.160037|           0.014353|         0.396553
131  |*i_0_1_37     |            0.379455|             2.589650|           0.032612|         3.001718
132  |*i_0_1_38     |            0.222162|             0.160037|           0.014353|         0.396553
133  |*i_0_1_39     |            0.379455|             2.589650|           0.032612|         3.001718
134  |*i_0_1_40     |            0.222162|             0.160037|           0.014353|         0.396553
135  |*i_0_1_41     |            0.379455|             2.589650|           0.032612|         3.001718
136  |*i_0_1_42     |            0.222162|             0.160037|           0.014353|         0.396553
137  |*i_0_1_43     |            0.379455|             2.589650|           0.032612|         3.001718
138  |*i_0_1_44     |            0.222162|             0.160037|           0.014353|         0.396553
139  |*i_0_1_45     |            0.379455|             2.589650|           0.032612|         3.001718
140  |*i_0_1_46     |            0.222162|             0.160037|           0.014353|         0.396553
141  |*i_0_1_47     |            0.379455|             2.589650|           0.032612|         3.001718
142  |*i_0_1_48     |            0.222162|             0.160037|           0.014353|         0.396553
143  |*i_0_1_49     |            0.379455|             2.589650|           0.032612|         3.001718
144  |*i_0_1_50     |            0.222162|             0.160037|           0.014353|         0.396553
145  |*i_0_1_51     |            0.379455|             2.589650|           0.032612|         3.001718
146  |*i_0_1_52     |            0.222162|             0.160037|           0.014353|         0.396553
147  |*i_0_1_53     |            0.379455|             2.589650|           0.032612|         3.001718
148  |*i_0_1_54     |            0.222162|             0.160037|           0.014353|         0.396553
149  |*i_0_1_55     |            0.379455|             2.589650|           0.032612|         3.001718
150  |*i_0_1_56     |            0.222162|             0.160037|           0.014353|         0.396553
151  |*i_0_1_57     |            0.379455|             2.589650|           0.032612|         3.001718
152  |*i_0_1_58     |            0.222162|             0.160037|           0.014353|         0.396553
153  |*i_0_1_59     |            0.379455|             2.589650|           0.032612|         3.001718
154  |*i_0_1_60     |            0.222162|             0.160037|           0.014353|         0.396553
155  |*i_0_1_61     |            0.379455|             2.589650|           0.032612|         3.001718
156  |*i_0_1_62     |            0.222162|             0.160037|           0.014353|         0.396553
157  |*i_0_1_63     |            0.379215|             2.589650|           0.032612|         3.001477
158  |*i_0_1_17     |            0.343460|            10.665436|           0.026832|        11.035728
159  |*i_0_1_18     |            0.377766|            11.569141|           0.026832|        11.973739
160  |*i_0_1_19     |            0.330657|             0.199991|           0.022619|         0.553267
161  |*i_0_1_67     |            0.330657|             0.199991|           0.022619|         0.553267
162  |*i_0_1_68     |            0.330657|             0.199991|           0.022619|         0.553267
163  |*i_0_1_69     |            0.330657|             0.199991|           0.022619|         0.553267
164  |*i_0_1_70     |            0.330657|             0.199991|           0.022619|         0.553267
165  |*i_0_1_71     |            0.330657|             0.199991|           0.022619|         0.553267
166  |*i_0_1_72     |            0.330657|             0.199991|           0.022619|         0.553267
167  |*i_0_1_73     |            0.322396|             0.196574|           0.022619|         0.541590
168  |*i_0_1_74     |            0.787977|             0.711014|           0.036441|         1.535432
169  |*i_0_1_75     |            0.551384|             0.613174|           0.036441|         1.200999
170  |*i_0_1_76     |            0.332774|             0.553532|           0.021200|         0.907506
171  |*i_0_1_77     |            0.258676|             0.540536|           0.021200|         0.820411
172  |*i_0_1_20     |            0.314657|             7.121058|           0.017393|         7.453108
173  |*i_0_1_21     |            0.054066|             0.780784|           0.027858|         0.862708
174  |*i_0_1_64     |            0.147276|             0.571045|           0.018105|         0.736426
175  |*i_0_1_65     |            1.020722|             0.371837|           0.025066|         1.417625
176  |*i_0_1_125    |            0.540969|             0.000000|           0.022619|         0.563588
177  |*i_0_1_126    |            1.020722|             0.371837|           0.025066|         1.417625
178  |*i_0_1_127    |            1.020722|             0.371837|           0.025066|         1.417625
179  |*i_0_1_128    |            1.020722|             0.371837|           0.025066|         1.417625
180  |*i_0_1_129    |            1.020722|             0.371837|           0.025066|         1.417625
181  |*i_0_1_130    |            1.020722|             0.371837|           0.025066|         1.417625
182  |*i_0_1_131    |            1.020722|             0.371837|           0.025066|         1.417625
183  |*i_0_1_132    |            1.020722|             0.371837|           0.025066|         1.417625
184  |*i_0_1_133    |            1.020722|             0.371837|           0.025066|         1.417625
185  |*i_0_1_134    |            1.020722|             0.371837|           0.025066|         1.417625
186  |*i_0_1_135    |            1.020722|             0.371837|           0.025066|         1.417625
187  |*i_0_1_136    |            1.020722|             0.371837|           0.025066|         1.417625
188  |*i_0_1_137    |            1.020722|             0.371837|           0.025066|         1.417625
189  |*i_0_1_138    |            1.020722|             0.371837|           0.025066|         1.417625
190  |*i_0_1_139    |            1.020722|             0.371837|           0.025066|         1.417625
191  |*i_0_1_140    |            1.020722|             0.371837|           0.025066|         1.417625
192  |*i_0_1_141    |            1.020722|             0.371837|           0.025066|         1.417625
193  |*i_0_1_142    |            1.020722|             0.371837|           0.025066|         1.417625
194  |*i_0_1_143    |            1.020722|             0.371837|           0.025066|         1.417625
195  |*i_0_1_144    |            1.020722|             0.371837|           0.025066|         1.417625
196  |*i_0_1_145    |            1.020722|             0.371837|           0.025066|         1.417625
197  |*i_0_1_146    |            1.020722|             0.371837|           0.025066|         1.417625
198  |*i_0_1_147    |            1.020722|             0.371837|           0.025066|         1.417625
199  |*i_0_1_148    |            1.020722|             0.371837|           0.025066|         1.417625
200  |*i_0_1_149    |            1.020722|             0.371837|           0.025066|         1.417625
201  |*i_0_1_150    |            1.020722|             0.371837|           0.025066|         1.417625
202  |*i_0_1_151    |            1.020722|             0.371837|           0.025066|         1.417625
203  |*i_0_1_152    |            1.020722|             0.371837|           0.025066|         1.417625
204  |*i_0_1_153    |            1.020722|             0.371837|           0.025066|         1.417625
205  |*i_0_1_154    |            1.020722|             0.371837|           0.025066|         1.417625
206  |*i_0_1_155    |            1.020722|             0.371837|           0.025066|         1.417625
207  |*i_0_1_156    |            1.020722|             0.371837|           0.025066|         1.417625
208  |*i_0_1_157    |            1.020722|             0.371837|           0.025066|         1.417625
209  |*i_0_1_158    |            1.020722|             0.371837|           0.025066|         1.417625
210  |*i_0_1_159    |            1.020722|             0.371837|           0.025066|         1.417625
211  |*i_0_1_160    |            1.020722|             0.371837|           0.025066|         1.417625
212  |*i_0_1_161    |            1.020722|             0.371837|           0.025066|         1.417625
213  |*i_0_1_162    |            1.020722|             0.371837|           0.025066|         1.417625
214  |*i_0_1_163    |            1.020722|             0.371837|           0.025066|         1.417625
215  |*i_0_1_164    |            1.020722|             0.371837|           0.025066|         1.417625
216  |*i_0_1_165    |            1.020722|             0.371837|           0.025066|         1.417625
217  |*i_0_1_166    |            1.020722|             0.371837|           0.025066|         1.417625
218  |*i_0_1_167    |            1.020722|             0.371837|           0.025066|         1.417625
219  |*i_0_1_168    |            1.020722|             0.371837|           0.025066|         1.417625
220  |*i_0_1_169    |            1.020722|             0.371837|           0.025066|         1.417625
221  |*i_0_1_170    |            1.020722|             0.371837|           0.025066|         1.417625
222  |*i_0_1_171    |            1.020722|             0.371837|           0.025066|         1.417625
223  |*i_0_1_172    |            1.020722|             0.371837|           0.025066|         1.417625
224  |*i_0_1_173    |            1.020722|             0.371837|           0.025066|         1.417625
225  |*i_0_1_174    |            1.020722|             0.371837|           0.025066|         1.417625
226  |*i_0_1_175    |            1.020722|             0.371837|           0.025066|         1.417625
227  |*i_0_1_176    |            1.020722|             0.371837|           0.025066|         1.417625
228  |*i_0_1_177    |            1.020722|             0.371837|           0.025066|         1.417625
229  |*i_0_1_178    |            1.020722|             0.371837|           0.025066|         1.417625
230  |*i_0_1_179    |            1.020722|             0.371837|           0.025066|         1.417625
231  |*i_0_1_180    |            1.020722|             0.371837|           0.025066|         1.417625
232  |*i_0_1_181    |            1.020722|             0.371837|           0.025066|         1.417625
233  |*i_0_1_182    |            1.020722|             0.371837|           0.025066|         1.417625
234  |*i_0_1_183    |            1.020722|             0.371837|           0.025066|         1.417625
235  |*i_0_1_184    |            1.020722|             0.371837|           0.025066|         1.417625
236  |*i_0_1_185    |            1.020722|             0.371837|           0.025066|         1.417625
237  |*i_0_1_186    |            1.020722|             0.371837|           0.025066|         1.417625
238  |*i_0_1_187    |            1.020722|             0.371837|           0.025066|         1.417625
239  |*i_0_1_188    |            1.020722|             0.371837|           0.025066|         1.417625
240  |*i_0_1_189    |            0.859608|             0.000000|           0.022695|         0.882303
241  |*i_0_1_190    |            0.365073|             0.708372|           0.014353|         1.087798
242  |*i_0_1_191    |            0.365073|             0.708372|           0.014353|         1.087798
243  |*i_0_1_192    |            0.365073|             0.708372|           0.014353|         1.087798
244  |*i_0_1_193    |            0.365073|             0.708372|           0.014353|         1.087798
245  |*i_0_1_194    |            0.365073|             0.708372|           0.014353|         1.087798
246  |*i_0_1_195    |            0.365073|             0.708372|           0.014353|         1.087798
247  |*i_0_1_66     |            0.675941|             0.708372|           0.014353|         1.398666
248  |*i_0_1_78     |            0.253561|            53.572948|           0.014353|        53.840858
249  |*i_0_1_198    |            1.032934|             1.407863|           0.014353|         2.455151
250  |*i_0_1_79     |            0.236628|             0.724223|           0.014353|         0.975205
251  |*i_0_1_80     |            0.270330|             0.162017|           0.022619|         0.454967
252  |*i_0_1_81     |            0.590889|             0.735927|           0.033938|         1.360753
253  |*i_0_1_82     |            0.288356|             0.669430|           0.014353|         0.972140
254  |*i_0_1_83     |            0.455137|             3.762490|           0.022039|         4.239666
255  |*i_0_1_84     |            0.162444|             0.303994|           0.017393|         0.483831
256  |*i_0_1_85     |            0.551771|             0.706223|           0.032612|         1.290605
257  |*i_0_1_86     |            0.192291|             0.317902|           0.026733|         0.536927
258  |*i_0_1_87     |            0.135993|             0.353955|           0.033938|         0.523885
259  |*i_0_1_88     |            0.507392|             0.937884|           0.025066|         1.470343
260  |*i_0_1_89     |            0.297033|             1.898725|           0.021200|         2.216958
261  |*i_0_1_90     |            0.000000|             0.000000|           0.034026|         0.034026
262  |*i_0_1_91     |            0.000000|             0.000000|           0.014353|         0.014353
263  |*i_0_1_92     |            0.000000|             0.000000|           0.032601|         0.032601
264  |*i_0_1_93     |            0.000000|             0.000001|           0.018105|         0.018106
265  |*i_0_1_94     |            0.000049|             0.000048|           0.027025|         0.027122
266  |*i_0_1_95     |            0.130706|             0.113228|           0.032601|         0.276535
267  |*i_0_1_96     |            0.130599|             0.107900|           0.032601|         0.271101
268  |*i_0_1_97     |            0.191598|             0.330835|           0.026832|         0.549265
269  |*i_0_1_98     |            0.131843|             0.166989|           0.032601|         0.331433
270  |*i_0_1_99     |            0.130510|             0.103517|           0.032601|         0.266629
271  |*i_0_1_100    |            0.130406|             0.098347|           0.032601|         0.261355
272  |*i_0_1_101    |            0.000000|             0.000001|           0.018105|         0.018106
273  |*i_0_1_102    |            0.000049|             0.000048|           0.027025|         0.027122
274  |*i_0_1_103    |            0.130706|             0.113228|           0.032601|         0.276535
275  |*i_0_1_104    |            0.130599|             0.107900|           0.032601|         0.271101
276  |*i_0_1_105    |            0.191598|             0.330835|           0.026832|         0.549265
277  |*i_0_1_106    |            0.131843|             0.166989|           0.032601|         0.331433
278  |*i_0_1_107    |            0.130510|             0.103517|           0.032601|         0.266629
279  |*i_0_1_108    |            0.130406|             0.098347|           0.032601|         0.261355
280  |*i_0_1_109    |            0.000042|             0.000084|           0.014353|         0.014478
281  |*i_0_1_110    |            0.000066|             0.000483|           0.034026|         0.034575
282  |*i_0_1_111    |            0.012654|             0.023038|           0.026733|         0.062426
283  |*i_0_1_112    |            0.482242|             0.668749|           0.022695|         1.173686
284  |*i_0_1_113    |            0.180374|             0.105529|           0.026733|         0.312636
285  |*i_0_1_114    |            0.012653|             0.023129|           0.026733|         0.062516
286  |*i_0_1_115    |            0.482504|             0.674316|           0.022695|         1.179516
287  |*i_0_1_116    |            0.180307|             0.105529|           0.026733|         0.312570
288  |*i_0_1_117    |            0.007199|             0.042402|           0.018105|         0.067705
289  |*i_0_1_118    |            0.045469|             0.104269|           0.026481|         0.176220
290  |*i_0_1_119    |            0.180301|             0.108243|           0.027025|         0.315569
291  |*i_0_1_120    |            0.007196|             0.041902|           0.018105|         0.067203
292  |*i_0_1_121    |            0.045484|             0.104614|           0.026481|         0.176579
293  |*i_0_1_122    |            0.180389|             0.108243|           0.027025|         0.315657
294  |*i_0_1_123    |            0.236619|             0.720743|           0.014353|         0.971716
295  |*i_0_1_124    |            0.426531|             0.215123|           0.034566|         0.676219
296  |*i_0_1_196    |            0.253862|             0.369839|           0.021200|         0.644900
297  |              |                    |                     |                   |                 
298  |*TOTAL        |         1453.917725|          3288.537598|          65.932175|      4808.387695
-----+--------------+--------------------+---------------------+-------------------+-----------------
