Report End Points: 
-----+-------+------+-------+------+------+-----+-----+-------------+-------------
     |Group  |Launch|Capture|Shift |Delay |Depth|Slack|Begin Point  |End Point    
-----+-------+------+-------+------+------+-----+-----+-------------+-------------
1    |default|sysclk|sysclk |2500.0|2322.9|   56| 16.7|A_in_reg[2]/Q|Res_reg[60]/D
2    |default|sysclk|sysclk |2500.0|2356.1|   55| 18.8|A_in_reg[2]/Q|Res_reg[61]/D
3    |default|sysclk|sysclk |2500.0|2319.7|   53| 22.0|A_in_reg[5]/Q|Res_reg[55]/D
-----+-------+------+-------+------+------+-----+-----+-------------+-------------
Report End Points: 
-----+-----+--------------+-------+------+-----+-----+-----+-----------+--------------
     |Group|Launch        |Capture|Shift |Delay|Depth|Slack|Begin Point|End Point     
-----+-----+--------------+-------+------+-----+-----+-----+-----------+--------------
1    |I2R  |rtDefaultClock|sysclk |1250.0| 56.0|    1|935.6|A[27]      |A_in_reg[27]/D
2    |I2R  |rtDefaultClock|sysclk |1250.0| 56.0|    1|935.6|A[26]      |A_in_reg[26]/D
3    |I2R  |rtDefaultClock|sysclk |1250.0| 56.0|    1|935.6|A[21]      |A_in_reg[21]/D
-----+-----+--------------+-------+------+-----+-----+-----+-----------+--------------
Report End Points: 
-----+-----+------+-------+-----+-----+-----+-----+-----------+---------
     |Group|Launch|Capture|Shift|Delay|Depth|Slack|Begin Point|End Point
-----+-----+------+-------+-----+-----+-----+-----+-----------+---------
1    |I2O  |      |       |     |     |     |     |           |         
-----+-----+------+-------+-----+-----+-----+-----+-----------+---------
Report End Points: 
-----+-----+------+-------+-----+-----+-----+-----+-----------+---------
     |Group|Launch|Capture|Shift|Delay|Depth|Slack|Begin Point|End Point
-----+-----+------+-------+-----+-----+-----+-----+-----------+---------
1    |R2O  |      |       |     |     |     |     |           |         
-----+-----+------+-------+-----+-----+-----+-----+-----------+---------
