Report for group default
------------------------------------------------------------------------------------------------------------------------------------------------------------
Startpoint: A_in_reg[2]/Q
    (Clocked by sysclk R)
Endpoint: Res_reg[60]/D
    (Clocked by sysclk R)
Path Group: default
Data required time: 2439.9
    (Clock shift: 2500.0, minus Uncertainty: 0.0, plus Latency 0.0, minus Setup time: 60.1)
Data arrival time: 2423.2
Slack: 16.7
Logic depth: 56
------------------------------------------------------------------------------------------------------------------------------------------------------------
                                                     Arrival               Arc      Net               Net    Total   fan-                                   
Path                     Module/Cell           Edge     Time    Delay    Delay    Delay     Slew     Load     Load    out     Location Power Domain      (V)
                                                        (ps)     (ps)     (ps)     (ps)     (ps)     (ff)     (ff)    (#)      (um,um)                      
------------------------------------------------------------------------------------------------------------------------------------------------------------
clk                      {create_clock}           r      0.0      0.0      0.0                        0.0      0.0      2    77,  154                       
i_0_1_1048/A2->ZN        NAND2_X1                rf      0.0      0.0      0.0      0.0      0.0      0.0      0.0      1    77,   78  /PD_TOP        (1.10)
i_0_1_1047/A1->ZN        NAND2_X1                fr      0.0      0.0      0.0      0.0      0.0      0.0      0.0     64    77,   78  /PD_TOP        (1.10)
A_in_reg[2]/G->Q         DLH_X2*                 rf    100.3    100.3    100.3      0.0      0.0      1.7     56.6      3    77,   78  /PD_TOP        (1.10)
i_0_0/i_135/A->ZN        INV_X8                  fr    115.2     14.9     14.9      0.0     15.3      1.4      9.9      2    77,   78  /PD_TOP        (1.10)
i_0_0/i_133/A2->ZN       NAND3_X4                rf    135.2     20.0     20.0      0.0      6.7      0.7      4.9      1    77,   78  /PD_TOP        (1.10)
i_0_0/i_132/A1->ZN       NOR2_X4*                fr    195.8     60.6     60.6      0.0     11.2      2.8     39.4      4    77,   78  /PD_TOP        (1.10)
i_0_0/i_108/A->ZN        INV_X32                 rf    207.1     11.3     11.2      0.1     15.3      2.3     60.5      4    77,   78  /PD_TOP        (1.10)
i_0_0/i_98/A->ZN         XNOR2_X2                fr    292.8     85.7     85.7      0.0      5.3      0.6     26.0      1    77,   78  /PD_TOP        (1.10)
i_0_0/i_97/A->ZN         INV_X8                  rf    297.8      5.0      5.0      0.0     73.7      0.6      4.7      1    77,   78  /PD_TOP        (1.10)
i_0_1_1445/B1->ZN        AOI21_X4*               fr    377.6     79.8     79.8      0.0      3.5     13.5    104.1     18    77,   78  /PD_TOP        (1.10)
i_0_1_1444/A->ZN         INV_X32                 rf    390.0     12.4     12.0      0.4     15.3     13.3     73.7     15    77,   78  /PD_TOP        (1.10)
i_0_2/i_188/A->ZN        INV_X8                  fr    402.3     12.3     11.8      0.5      5.7      1.9     12.9      3    77,   78  /PD_TOP        (1.10)
i_0_2/i_187/A2->ZN       NAND2_X4                rf    427.1     24.8     24.8      0.0      7.5      0.6     26.0      1    77,   78  /PD_TOP        (1.10)
i_0_2/i_186/A->ZN        INV_X8                  fr    442.0     14.9     14.9      0.0     15.9      1.4      9.2      2    77,   78  /PD_TOP        (1.10)
i_0_2/i_72/A2->ZN        NAND2_X4                rf    466.4     24.4     24.4      0.0      6.5      0.6     26.0      1    77,   78  /PD_TOP        (1.10)
i_0_2/i_71/A->ZN         INV_X8                  fr    489.8     23.4     23.4      0.0     15.9      1.7     33.1      3    77,   78  /PD_TOP        (1.10)
i_0_2/i_36/A1->ZN        NAND2_X4*               rf    518.1     28.3     28.3      0.0     12.4      1.2     30.4      2    77,   78  /PD_TOP        (1.10)
i_0_2/i_35/A->ZN         INV_X8                  fr    540.3     22.2     22.2      0.0     15.3      1.1     30.4      2    77,   78  /PD_TOP        (1.10)
i_0_2/i_34/A1->ZN        NAND2_X4*               rf    568.3     28.0     28.0      0.0     11.7      1.2     30.4      2    77,   78  /PD_TOP        (1.10)
i_0_2/i_3/A->ZN          INV_X8                  fr    580.9     12.6     12.6      0.0     15.3      0.6      4.5      1    77,   78  /PD_TOP        (1.10)
i_0_2/i_6/A->ZN          AOI21_X4*               rf    627.2     46.3     46.3      0.0      5.4     30.7    115.0     32    77,   78  /PD_TOP        (1.10)
i_0_1_1305/C2->ZN        AOI222_X2               fr    734.1    106.9    105.6      1.3     15.3      0.8      4.8      1    77,   78  /PD_TOP        (1.10)
i_0_1_1304/A->ZN         OAI21_X4                rf    761.5     27.4     27.4      0.0     56.8      0.8      4.5      1    77,   78  /PD_TOP        (1.10)
i_0_5/i_180/A->CO        FA_X1                   ff    841.3     79.8     79.8      0.0      9.5      0.8      4.3      1    77,   78  /PD_TOP        (1.10)
i_0_5/i_196/B->S         FA_X1                   fr    967.8    126.5    126.5      0.0     16.9      0.8      3.6      1    77,   78  /PD_TOP        (1.10)
i_0_5/i_198/CI->CO       FA_X1                   rr   1019.4     51.6     51.6      0.0     15.2      0.8      4.2      1    77,   78  /PD_TOP        (1.10)
i_0_5/i_199/B->S         HA_X1                   rr   1189.6    170.2    170.2      0.0     15.9      0.6     26.1      1    77,   78  /PD_TOP        (1.10)
i_0_5/i_221/A->ZN        INV_X8                  rf   1192.6      3.0      3.0      0.0    134.9      1.2      9.2      2    77,   78  /PD_TOP        (1.10)
i_0_5/i_214/A1->ZN       NOR2_X4*                fr   1245.7     53.1     53.1      0.0      4.0      1.3     30.7      2    77,   78  /PD_TOP        (1.10)
i_0_5/i_212/B2->ZN       OAI21_X4                rf   1266.3     20.6     20.6      0.0     15.3      1.3      8.3      2    77,   78  /PD_TOP        (1.10)
i_0_5/i_242/A1->ZN       NAND2_X4                fr   1281.7     15.4     15.4      0.0     11.1      0.7      4.6      1    77,   78  /PD_TOP        (1.10)
i_0_5/i_241/A->ZN        OAI21_X4                rf   1302.4     20.7     20.7      0.0      9.7      1.4      8.7      2    77,   78  /PD_TOP        (1.10)
i_0_5/i_240/B2->ZN       OAI21_X4*               fr   1377.0     74.6     74.6      0.0     11.2      1.2     52.1      2    77,   78  /PD_TOP        (1.10)
i_0_5/i_239/A->ZN        INV_X8                  rf   1384.7      7.7      7.7      0.0     15.3      1.3      7.0      2    77,   78  /PD_TOP        (1.10)
i_0_5/i_324/C2->ZN       AOI211_X2               fr   1438.0     53.3     53.3      0.0      3.8      0.8      4.9      1    77,   78  /PD_TOP        (1.10)
i_0_5/i_322/B1->ZN       OAI22_X4                rf   1471.4     33.4     33.4      0.0     45.7      2.2     13.2      3    77,   78  /PD_TOP        (1.10)
i_0_5/i_321/A->ZN        AOI21_X4*               fr   1544.9     73.5     73.5      0.0     14.9      1.4     30.7      2    77,   78  /PD_TOP        (1.10)
i_0_5/i_320/A->ZN        INV_X8                  rf   1551.9      7.0      7.0      0.0     15.3      0.7      4.7      1    77,   78  /PD_TOP        (1.10)
i_0_5/i_317/C2->ZN       OAI211_X4*              fr   1616.1     64.2     64.2      0.0      3.5      1.4     29.9      2    77,   78  /PD_TOP        (1.10)
i_0_5/i_316/A->ZN        INV_X8                  rf   1624.6      8.5      8.5      0.0     15.3      1.4      9.6      2    77,   78  /PD_TOP        (1.10)
i_0_5/i_28/B2->ZN        AOI21_X4                fr   1659.5     34.9     34.9      0.0      4.0      1.4      8.7      2    77,   78  /PD_TOP        (1.10)
i_0_5/i_20/A->Z          XOR2_X2*                rf   1720.9     61.4     61.4      0.0     26.8      1.9     56.7      3    77,   78  /PD_TOP        (1.10)
i_0_6/i_123/A->ZN        INV_X8                  fr   1744.5     23.6     23.6      0.0     15.3      1.8     35.1      3    77,   78  /PD_TOP        (1.10)
i_0_6/i_126/A->ZN        INV_X8                  rf   1751.2      6.7      6.7      0.0     13.0      0.7      4.6      1    77,   78  /PD_TOP        (1.10)
i_0_6/i_125/A3->ZN       NOR4_X4                 fr   1865.4    114.2    114.2      0.0      3.5      2.9     18.7      4    77,   78  /PD_TOP        (1.10)
i_0_6/i_134/A1->ZN       NAND3_X4*               rf   1927.7     62.3     62.2      0.1     77.6      2.0     35.8      3    77,   78  /PD_TOP        (1.10)
i_0_6/i_133/A2->ZN       NOR2_X4*                fr   1992.7     65.0     65.0      0.0     15.3      2.0     35.2      3    77,   78  /PD_TOP        (1.10)
i_0_6/i_142/A1->ZN       NAND3_X4*               rf   2035.1     42.4     42.4      0.0     15.3      2.0     35.7      3    77,   78  /PD_TOP        (1.10)
i_0_6/i_146/A1->ZN       NOR2_X4*                fr   2101.7     66.6     66.6      0.0     15.3      4.3     49.4      6    77,   78  /PD_TOP        (1.10)
i_0_6/i_180/A1->ZN       NAND2_X4                rf   2116.2     14.5     14.4      0.1     15.3      0.7      4.5      1    77,   78  /PD_TOP        (1.10)
i_0_6/i_181/A4->ZN       NOR4_X4                 fr   2196.9     80.7     80.7      0.0      7.1      0.8      4.4      1    77,   78  /PD_TOP        (1.10)
i_0_6/i_182/A1->ZN       NAND4_X4                rf   2231.9     35.0     35.0      0.0     43.0      1.5      5.8      2    77,   78  /PD_TOP        (1.10)
i_0_6/i_227/A2->ZN       OR2_X4                  ff   2282.5     50.6     50.6      0.0     16.8      1.3      7.6      2    77,   78  /PD_TOP        (1.10)
i_0_6/i_226/A2->ZN       NOR2_X4                 fr   2322.8     40.3     40.3      0.0      9.2      2.1     13.8      3    77,   78  /PD_TOP        (1.10)
i_0_6/i_235/A1->ZN       NAND3_X4*               rf   2366.8     44.0     44.0      0.0     26.4      1.4     31.0      2    77,   78  /PD_TOP        (1.10)
i_0_6/i_234/A->ZN        INV_X8                  fr   2379.4     12.6     12.6      0.0     15.3      0.6      4.5      1    77,   78  /PD_TOP        (1.10)
i_0_6/i_61/A->ZN         AOI21_X4                rf   2397.1     17.7     17.7      0.0      5.4      0.6     26.1      1    77,   78  /PD_TOP        (1.10)
i_0_1_166/A->ZN          INV_X8                  fr   2410.4     13.3     13.3      0.0     16.8      0.7      4.8      1    77,   78  /PD_TOP        (1.10)
i_0_1_165/A1->ZN         OAI22_X2                rf   2423.2     12.8     12.8      0.0      5.4      0.7      1.8      1    77,   78  /PD_TOP        (1.10)
Res_reg[60]/D            DLH_X2                   f   2423.2      0.0               0.0      9.4                             77,   78  /PD_TOP        (1.10)
------------------------------------------------------------------------------------------------------------------------------------------------------------
Report for group I2R
------------------------------------------------------------------------------------------------------------------------------------------------------------
Startpoint: A[27]
    (Clocked by rtDefaultClock R)
Endpoint: A_in_reg[27]/D
    (Clocked by sysclk F)
Path Group: I2R
Data required time: 1191.6
    (Clock shift: 1250.0, minus Uncertainty: 0.0, plus Latency 0.0, minus Setup time: 58.4)
Data arrival time: 256.0
Slack: 935.6
Logic depth: 1
------------------------------------------------------------------------------------------------------------------------------------------------------------
                                                     Arrival               Arc      Net               Net    Total   fan-                                   
Path                     Module/Cell           Edge     Time    Delay    Delay    Delay     Slew     Load     Load    out     Location Power Domain      (V)
                                                        (ps)     (ps)     (ps)     (ps)     (ps)     (ff)     (ff)    (#)      (um,um)                      
------------------------------------------------------------------------------------------------------------------------------------------------------------
A[27]                    {set_input_delay}        f    200.0    200.0    200.0                       10.6     12.7      1     0,   83                       
i_0_1_1653/A1->ZN        AND2_X4                 ff    256.0     56.0     54.0      2.0    100.0      0.6      1.6      1    77,   78  /PD_TOP        (1.10)
A_in_reg[27]/D           DLH_X2                   f    256.0      0.0               0.0      4.9                             77,   78  /PD_TOP        (1.10)
------------------------------------------------------------------------------------------------------------------------------------------------------------
Report for group I2O
Report for group R2O
