Report Physical info: 
------------------------+-------------+-----------+------------
                        |             |Area (squm)|Leakage (uW)
------------------------+-------------+-----------+------------
Design Name             |CSKA         |           |            
  Total Instances       |          187|        239|       5.650
    Macros              |            0|          0|       0.000
    Pads                |            0|          0|       0.000
    Phys                |            0|          0|       0.000
    Blackboxes          |            0|          0|       0.000
    Cells               |          187|        239|       5.650
      Buffers           |            0|          0|       0.000
      Inverters         |           41|         22|       0.588
      Clock-Gates       |            0|          0|       0.000
      Combinational     |          146|        217|       5.062
      Latches           |            0|          0|       0.000
      FlipFlops         |            0|          0|       0.000
       Single-Bit FF    |            0|          0|       0.000
       Multi-Bit FF     |            0|          0|       0.000
       Clock-Gated      |            0|           |            
       Bits             |            0|          0|       0.000
         Load-Enabled   |            0|           |            
         Clock-Gated    |            0|           |            
  Tristate Pin Count    |            0|           |            
Physical Info           |Placed       |           |            
  Chip Size (mm x mm)   |0.080 x 0.080|       6394|            
  Fixed Cell Area       |             |          0|            
    Phys Only           |            0|          0|            
  Placeable Area        |             |        391|            
  Movable Cell Area     |             |        239|            
  Utilization (%)       |           61|           |            
  Chip Utilization (%)  |           61|           |            
  Total Wire Length (mm)|        4.118|           |            
  Longest Wire (mm)     |        0.043|           |            
  Average Wire (mm)     |        0.042|           |            
------------------------+-------------+-----------+------------
