Report End Points: 
-----+-------+------+-------+-----+-----+-----+-----+-----------+---------
     |Group  |Launch|Capture|Shift|Delay|Depth|Slack|Begin Point|End Point
-----+-------+------+-------+-----+-----+-----+-----+-----------+---------
1    |default|      |       |     |     |     |     |           |         
-----+-------+------+-------+-----+-----+-----+-----+-----------+---------
Report End Points: 
-----+-----+------+-------+-----+-----+-----+-----+-----------+---------
     |Group|Launch|Capture|Shift|Delay|Depth|Slack|Begin Point|End Point
-----+-----+------+-------+-----+-----+-----+-----+-----------+---------
1    |I2R  |      |       |     |     |     |     |           |         
-----+-----+------+-------+-----+-----+-----+-----+-----------+---------
Report End Points: 
-----+-----+--------------+-------+-------+------+-----+-------+-----------+---------
     |Group|Launch        |Capture|Shift  |Delay |Depth|Slack  |Begin Point|End Point
-----+-----+--------------+-------+-------+------+-----+-------+-----------+---------
1    |I2O  |rtDefaultClock|vsysclk|20000.0|3266.0|   81|15234.0|A[0]       |COUT     
2    |I2O  |rtDefaultClock|vsysclk|20000.0|3255.5|   80|15244.5|A[0]       |OVF      
3    |I2O  |rtDefaultClock|vsysclk|20000.0|3180.0|   78|15320.0|A[0]       |SUM[31]  
-----+-----+--------------+-------+-------+------+-----+-------+-----------+---------
Report End Points: 
-----+-----+------+-------+-----+-----+-----+-----+-----------+---------
     |Group|Launch|Capture|Shift|Delay|Depth|Slack|Begin Point|End Point
-----+-----+------+-------+-----+-----+-----+-----+-----------+---------
1    |R2O  |      |       |     |     |     |     |           |         
-----+-----+------+-------+-----+-----+-----+-----+-----------+---------
