Report for group default
Report for group I2R
Report for group I2O
------------------------------------------------------------------------------------------------------------------------------------------------------------
Startpoint: A[0]
    (Clocked by rtDefaultClock R)
Endpoint: COUT
    (Clocked by vsysclk R)
Path Group: I2O
Data required time: 19500.0
    (Clock shift: 20000.0, minus Uncertainty: 0.0, plus Latency 0.0, minus Out delay: 500.0)
Data arrival time: 4266.0
Slack: 15234.0
Logic depth: 81
------------------------------------------------------------------------------------------------------------------------------------------------------------
                                                     Arrival               Arc      Net               Net    Total   fan-                                   
Path                     Module/Cell           Edge     Time    Delay    Delay    Delay     Slew     Load     Load    out     Location Power Domain      (V)
                                                        (ps)     (ps)     (ps)     (ps)     (ps)     (ff)     (ff)    (#)      (um,um)                      
------------------------------------------------------------------------------------------------------------------------------------------------------------
A[0]                     {set_input_delay}        f   1000.0   1000.0   1000.0                        5.3     17.7      3    80,   41                       
genblk1_0_rippleAdder/genblk1_0_FullAdder/i_0_0/A->Z
                         XOR2_X2                 ff   1096.0     95.5     95.5      0.0    100.0      1.4      8.5      2    40,   39  /PD_TOP        (1.10)
genblk1_0_rippleAdder/genblk1_0_FullAdder/i_0_2/B1->ZN
                         AOI22_X4                fr   1168.1     72.1     72.1      0.0     14.8      0.7     26.2      1    40,   39  /PD_TOP        (1.10)
genblk1_0_rippleAdder/genblk1_0_FullAdder/i_0_3/A->ZN
                         INV_X8                  rf   1176.7      8.6      8.6      0.0     50.8      1.4      8.9      2    40,   39  /PD_TOP        (1.10)
genblk1_0_rippleAdder/genblk1_1_FullAdder/i_0_2/B2->ZN
                         AOI22_X4                fr   1248.7     72.0     72.0      0.0      4.0      0.7     26.2      1    40,   39  /PD_TOP        (1.10)
genblk1_0_rippleAdder/genblk1_1_FullAdder/i_0_3/A->ZN
                         INV_X8                  rf   1257.3      8.6      8.6      0.0     50.8      1.4      8.9      2    40,   39  /PD_TOP        (1.10)
genblk1_0_rippleAdder/genblk1_2_FullAdder/i_0_2/B2->ZN
                         AOI22_X4                fr   1329.3     72.0     72.0      0.0      4.0      0.7     26.2      1    40,   39  /PD_TOP        (1.10)
genblk1_0_rippleAdder/genblk1_2_FullAdder/i_0_3/A->ZN
                         INV_X8                  rf   1337.9      8.6      8.6      0.0     50.8      1.4      8.9      2    40,   39  /PD_TOP        (1.10)
genblk1_0_rippleAdder/genblk1_3_FullAdder/i_0_2/B2->ZN
                         AOI22_X4                fr   1409.9     72.0     72.0      0.0      4.0      0.7     26.2      1    40,   39  /PD_TOP        (1.10)
genblk1_0_rippleAdder/genblk1_3_FullAdder/i_0_3/A->ZN
                         INV_X8                  rf   1416.2      6.3      6.3      0.0     50.8      0.6      4.5      1    40,   39  /PD_TOP        (1.10)
genblk2_0_Skip/i_0_1/A->ZN
                         AOI21_X4                fr   1480.8     64.6     64.6      0.0      3.5      0.6     26.1      1    40,   39  /PD_TOP        (1.10)
genblk2_0_Skip/i_0_0/A->ZN
                         INV_X8                  rf   1491.9     11.1     11.1      0.0     47.2      2.1     13.7      3    40,   39  /PD_TOP        (1.10)
genblk1_1_rippleAdder/genblk1_0_FullAdder/i_0_2/B2->ZN
                         AOI22_X4                fr   1564.2     72.3     72.3      0.0      4.5      0.7     26.2      1    40,   39  /PD_TOP        (1.10)
genblk1_1_rippleAdder/genblk1_0_FullAdder/i_0_3/A->ZN
                         INV_X8                  rf   1572.8      8.6      8.6      0.0     50.8      1.4      8.9      2    40,   39  /PD_TOP        (1.10)
genblk1_1_rippleAdder/genblk1_1_FullAdder/i_0_2/B2->ZN
                         AOI22_X4                fr   1644.8     72.0     72.0      0.0      4.0      0.7     26.2      1    40,   39  /PD_TOP        (1.10)
genblk1_1_rippleAdder/genblk1_1_FullAdder/i_0_3/A->ZN
                         INV_X8                  rf   1653.4      8.6      8.6      0.0     50.8      1.4      8.9      2    40,   39  /PD_TOP        (1.10)
genblk1_1_rippleAdder/genblk1_2_FullAdder/i_0_2/B2->ZN
                         AOI22_X4                fr   1725.4     72.0     72.0      0.0      4.0      0.7     26.2      1    40,   39  /PD_TOP        (1.10)
genblk1_1_rippleAdder/genblk1_2_FullAdder/i_0_3/A->ZN
                         INV_X8                  rf   1734.0      8.6      8.6      0.0     50.8      1.4      8.9      2    40,   39  /PD_TOP        (1.10)
genblk1_1_rippleAdder/genblk1_3_FullAdder/i_0_2/B2->ZN
                         AOI22_X4                fr   1806.0     72.0     72.0      0.0      4.0      0.7     26.2      1    40,   39  /PD_TOP        (1.10)
genblk1_1_rippleAdder/genblk1_3_FullAdder/i_0_3/A->ZN
                         INV_X8                  rf   1812.3      6.3      6.3      0.0     50.8      0.6      4.5      1    40,   39  /PD_TOP        (1.10)
genblk2_1_Skip/i_0_1/A->ZN
                         AOI21_X4                fr   1876.9     64.6     64.6      0.0      3.5      0.6     26.1      1    40,   39  /PD_TOP        (1.10)
genblk2_1_Skip/i_0_0/A->ZN
                         INV_X8                  rf   1888.0     11.1     11.1      0.0     47.2      2.1     13.7      3    40,   39  /PD_TOP        (1.10)
genblk1_2_rippleAdder/genblk1_0_FullAdder/i_0_2/B2->ZN
                         AOI22_X4                fr   1960.3     72.3     72.3      0.0      4.5      0.7     26.2      1    40,   39  /PD_TOP        (1.10)
genblk1_2_rippleAdder/genblk1_0_FullAdder/i_0_3/A->ZN
                         INV_X8                  rf   1968.9      8.6      8.6      0.0     50.8      1.4      8.9      2    40,   39  /PD_TOP        (1.10)
genblk1_2_rippleAdder/genblk1_1_FullAdder/i_0_2/B2->ZN
                         AOI22_X4                fr   2040.9     72.0     72.0      0.0      4.0      0.7     26.2      1    40,   39  /PD_TOP        (1.10)
genblk1_2_rippleAdder/genblk1_1_FullAdder/i_0_3/A->ZN
                         INV_X8                  rf   2049.5      8.6      8.6      0.0     50.8      1.4      8.9      2    40,   39  /PD_TOP        (1.10)
genblk1_2_rippleAdder/genblk1_2_FullAdder/i_0_2/B2->ZN
                         AOI22_X4                fr   2121.5     72.0     72.0      0.0      4.0      0.7     26.2      1    40,   39  /PD_TOP        (1.10)
genblk1_2_rippleAdder/genblk1_2_FullAdder/i_0_3/A->ZN
                         INV_X8                  rf   2130.1      8.6      8.6      0.0     50.8      1.4      8.9      2    40,   39  /PD_TOP        (1.10)
genblk1_2_rippleAdder/genblk1_3_FullAdder/i_0_2/B2->ZN
                         AOI22_X4                fr   2202.1     72.0     72.0      0.0      4.0      0.7     26.2      1    40,   39  /PD_TOP        (1.10)
genblk1_2_rippleAdder/genblk1_3_FullAdder/i_0_3/A->ZN
                         INV_X8                  rf   2208.4      6.3      6.3      0.0     50.8      0.6      4.5      1    40,   39  /PD_TOP        (1.10)
genblk2_2_Skip/i_0_1/A->ZN
                         AOI21_X4                fr   2273.0     64.6     64.6      0.0      3.5      0.6     26.1      1    40,   39  /PD_TOP        (1.10)
genblk2_2_Skip/i_0_0/A->ZN
                         INV_X8                  rf   2284.1     11.1     11.1      0.0     47.2      2.1     13.7      3    40,   39  /PD_TOP        (1.10)
genblk1_3_rippleAdder/genblk1_0_FullAdder/i_0_2/B2->ZN
                         AOI22_X4                fr   2356.4     72.3     72.3      0.0      4.5      0.7     26.2      1    40,   39  /PD_TOP        (1.10)
genblk1_3_rippleAdder/genblk1_0_FullAdder/i_0_3/A->ZN
                         INV_X8                  rf   2365.0      8.6      8.6      0.0     50.8      1.4      8.9      2    40,   39  /PD_TOP        (1.10)
genblk1_3_rippleAdder/genblk1_1_FullAdder/i_0_2/B2->ZN
                         AOI22_X4                fr   2437.0     72.0     72.0      0.0      4.0      0.7     26.2      1    40,   39  /PD_TOP        (1.10)
genblk1_3_rippleAdder/genblk1_1_FullAdder/i_0_3/A->ZN
                         INV_X8                  rf   2445.6      8.6      8.6      0.0     50.8      1.4      8.9      2    40,   39  /PD_TOP        (1.10)
genblk1_3_rippleAdder/genblk1_2_FullAdder/i_0_2/B2->ZN
                         AOI22_X4                fr   2517.6     72.0     72.0      0.0      4.0      0.7     26.2      1    40,   39  /PD_TOP        (1.10)
genblk1_3_rippleAdder/genblk1_2_FullAdder/i_0_3/A->ZN
                         INV_X8                  rf   2526.2      8.6      8.6      0.0     50.8      1.4      8.9      2    40,   39  /PD_TOP        (1.10)
genblk1_3_rippleAdder/genblk1_3_FullAdder/i_0_2/B2->ZN
                         AOI22_X4                fr   2598.2     72.0     72.0      0.0      4.0      0.7     26.2      1    40,   39  /PD_TOP        (1.10)
genblk1_3_rippleAdder/genblk1_3_FullAdder/i_0_3/A->ZN
                         INV_X8                  rf   2604.5      6.3      6.3      0.0     50.8      0.6      4.5      1    40,   39  /PD_TOP        (1.10)
genblk2_3_Skip/i_0_1/A->ZN
                         AOI21_X4                fr   2669.1     64.6     64.6      0.0      3.5      0.6     26.1      1    40,   39  /PD_TOP        (1.10)
genblk2_3_Skip/i_0_0/A->ZN
                         INV_X8                  rf   2680.2     11.1     11.1      0.0     47.2      2.1     13.7      3    40,   39  /PD_TOP        (1.10)
genblk1_4_rippleAdder/genblk1_0_FullAdder/i_0_2/B2->ZN
                         AOI22_X4                fr   2752.5     72.3     72.3      0.0      4.5      0.7     26.2      1    40,   39  /PD_TOP        (1.10)
genblk1_4_rippleAdder/genblk1_0_FullAdder/i_0_3/A->ZN
                         INV_X8                  rf   2761.1      8.6      8.6      0.0     50.8      1.4      8.9      2    40,   39  /PD_TOP        (1.10)
genblk1_4_rippleAdder/genblk1_1_FullAdder/i_0_2/B2->ZN
                         AOI22_X4                fr   2833.1     72.0     72.0      0.0      4.0      0.7     26.2      1    40,   39  /PD_TOP        (1.10)
genblk1_4_rippleAdder/genblk1_1_FullAdder/i_0_3/A->ZN
                         INV_X8                  rf   2841.7      8.6      8.6      0.0     50.8      1.4      8.9      2    40,   39  /PD_TOP        (1.10)
genblk1_4_rippleAdder/genblk1_2_FullAdder/i_0_2/B2->ZN
                         AOI22_X4                fr   2913.7     72.0     72.0      0.0      4.0      0.7     26.2      1    40,   39  /PD_TOP        (1.10)
genblk1_4_rippleAdder/genblk1_2_FullAdder/i_0_3/A->ZN
                         INV_X8                  rf   2922.3      8.6      8.6      0.0     50.8      1.4      8.9      2    40,   39  /PD_TOP        (1.10)
genblk1_4_rippleAdder/genblk1_3_FullAdder/i_0_2/B2->ZN
                         AOI22_X4                fr   2994.3     72.0     72.0      0.0      4.0      0.7     26.2      1    40,   39  /PD_TOP        (1.10)
genblk1_4_rippleAdder/genblk1_3_FullAdder/i_0_3/A->ZN
                         INV_X8                  rf   3000.6      6.3      6.3      0.0     50.8      0.6      4.5      1    40,   39  /PD_TOP        (1.10)
genblk2_4_Skip/i_0_1/A->ZN
                         AOI21_X4                fr   3065.2     64.6     64.6      0.0      3.5      0.6     26.1      1    40,   39  /PD_TOP        (1.10)
genblk2_4_Skip/i_0_0/A->ZN
                         INV_X8                  rf   3076.3     11.1     11.1      0.0     47.2      2.1     13.7      3    40,   39  /PD_TOP        (1.10)
genblk1_5_rippleAdder/genblk1_0_FullAdder/i_0_2/B2->ZN
                         AOI22_X4                fr   3148.6     72.3     72.3      0.0      4.5      0.7     26.2      1    40,   39  /PD_TOP        (1.10)
genblk1_5_rippleAdder/genblk1_0_FullAdder/i_0_3/A->ZN
                         INV_X8                  rf   3157.2      8.6      8.6      0.0     50.8      1.4      8.9      2    40,   39  /PD_TOP        (1.10)
genblk1_5_rippleAdder/genblk1_1_FullAdder/i_0_2/B2->ZN
                         AOI22_X4                fr   3229.2     72.0     72.0      0.0      4.0      0.7     26.2      1    40,   39  /PD_TOP        (1.10)
genblk1_5_rippleAdder/genblk1_1_FullAdder/i_0_3/A->ZN
                         INV_X8                  rf   3237.8      8.6      8.6      0.0     50.8      1.4      8.9      2    40,   39  /PD_TOP        (1.10)
genblk1_5_rippleAdder/genblk1_2_FullAdder/i_0_2/B2->ZN
                         AOI22_X4                fr   3309.8     72.0     72.0      0.0      4.0      0.7     26.2      1    40,   39  /PD_TOP        (1.10)
genblk1_5_rippleAdder/genblk1_2_FullAdder/i_0_3/A->ZN
                         INV_X8                  rf   3318.4      8.6      8.6      0.0     50.8      1.4      8.9      2    40,   39  /PD_TOP        (1.10)
genblk1_5_rippleAdder/genblk1_3_FullAdder/i_0_2/B2->ZN
                         AOI22_X4                fr   3390.4     72.0     72.0      0.0      4.0      0.7     26.2      1    40,   39  /PD_TOP        (1.10)
genblk1_5_rippleAdder/genblk1_3_FullAdder/i_0_3/A->ZN
                         INV_X8                  rf   3396.7      6.3      6.3      0.0     50.8      0.6      4.5      1    40,   39  /PD_TOP        (1.10)
genblk2_5_Skip/i_0_1/A->ZN
                         AOI21_X4                fr   3461.3     64.6     64.6      0.0      3.5      0.6     26.1      1    40,   39  /PD_TOP        (1.10)
genblk2_5_Skip/i_0_0/A->ZN
                         INV_X8                  rf   3472.4     11.1     11.1      0.0     47.2      2.1     13.7      3    40,   39  /PD_TOP        (1.10)
genblk1_6_rippleAdder/genblk1_0_FullAdder/i_0_2/B2->ZN
                         AOI22_X4                fr   3544.7     72.3     72.3      0.0      4.5      0.7     26.2      1    40,   39  /PD_TOP        (1.10)
genblk1_6_rippleAdder/genblk1_0_FullAdder/i_0_3/A->ZN
                         INV_X8                  rf   3553.3      8.6      8.6      0.0     50.8      1.4      8.9      2    40,   39  /PD_TOP        (1.10)
genblk1_6_rippleAdder/genblk1_1_FullAdder/i_0_2/B2->ZN
                         AOI22_X4                fr   3625.3     72.0     72.0      0.0      4.0      0.7     26.2      1    40,   39  /PD_TOP        (1.10)
genblk1_6_rippleAdder/genblk1_1_FullAdder/i_0_3/A->ZN
                         INV_X8                  rf   3633.9      8.6      8.6      0.0     50.8      1.4      8.9      2    40,   39  /PD_TOP        (1.10)
genblk1_6_rippleAdder/genblk1_2_FullAdder/i_0_2/B2->ZN
                         AOI22_X4                fr   3705.9     72.0     72.0      0.0      4.0      0.7     26.2      1    40,   39  /PD_TOP        (1.10)
genblk1_6_rippleAdder/genblk1_2_FullAdder/i_0_3/A->ZN
                         INV_X8                  rf   3714.5      8.6      8.6      0.0     50.8      1.4      8.9      2    40,   39  /PD_TOP        (1.10)
genblk1_6_rippleAdder/genblk1_3_FullAdder/i_0_2/B2->ZN
                         AOI22_X4                fr   3786.5     72.0     72.0      0.0      4.0      0.7     26.2      1    40,   39  /PD_TOP        (1.10)
genblk1_6_rippleAdder/genblk1_3_FullAdder/i_0_3/A->ZN
                         INV_X8                  rf   3792.8      6.3      6.3      0.0     50.8      0.6      4.5      1    40,   39  /PD_TOP        (1.10)
genblk2_6_Skip/i_0_1/A->ZN
                         AOI21_X4                fr   3857.4     64.6     64.6      0.0      3.5      0.6     26.1      1    40,   39  /PD_TOP        (1.10)
genblk2_6_Skip/i_0_0/A->ZN
                         INV_X8                  rf   3868.5     11.1     11.1      0.0     47.2      2.1     13.7      3    40,   39  /PD_TOP        (1.10)
genblk1_7_rippleAdder/genblk1_0_FullAdder/i_0_2/B2->ZN
                         AOI22_X4                fr   3940.8     72.3     72.3      0.0      4.5      0.7     26.2      1    40,   39  /PD_TOP        (1.10)
genblk1_7_rippleAdder/genblk1_0_FullAdder/i_0_3/A->ZN
                         INV_X8                  rf   3949.4      8.6      8.6      0.0     50.8      1.4      8.9      2    40,   39  /PD_TOP        (1.10)
genblk1_7_rippleAdder/genblk1_1_FullAdder/i_0_2/B2->ZN
                         AOI22_X4                fr   4021.4     72.0     72.0      0.0      4.0      0.7     26.2      1    40,   39  /PD_TOP        (1.10)
genblk1_7_rippleAdder/genblk1_1_FullAdder/i_0_3/A->ZN
                         INV_X8                  rf   4030.0      8.6      8.6      0.0     50.8      1.4      8.9      2    40,   39  /PD_TOP        (1.10)
genblk1_7_rippleAdder/genblk1_2_FullAdder/i_0_2/B2->ZN
                         AOI22_X4                fr   4102.0     72.0     72.0      0.0      4.0      0.7     26.2      1    40,   39  /PD_TOP        (1.10)
genblk1_7_rippleAdder/genblk1_2_FullAdder/i_0_3/A->ZN
                         INV_X8                  rf   4110.6      8.6      8.6      0.0     50.8      1.4      8.9      2    40,   39  /PD_TOP        (1.10)
genblk1_7_rippleAdder/genblk1_3_FullAdder/i_0_2/B2->ZN
                         AOI22_X4                fr   4182.6     72.0     72.0      0.0      4.0      0.7     26.2      1    40,   39  /PD_TOP        (1.10)
genblk1_7_rippleAdder/genblk1_3_FullAdder/i_0_3/A->ZN
                         INV_X8                  rf   4188.9      6.3      6.3      0.0     50.8      0.6      4.5      1    40,   39  /PD_TOP        (1.10)
genblk2_7_Skip/i_0_1/A->ZN
                         AOI21_X4                fr   4253.5     64.6     64.6      0.0      3.5      0.6     26.1      1    40,   39  /PD_TOP        (1.10)
genblk2_7_Skip/i_0_0/A->ZN
                         INV_X8                  rf   4265.5     12.0     12.0      0.0     47.2      5.4     15.4      1    40,   39  /PD_TOP        (1.10)
COUT                                              f   4266.0      0.5               0.5      4.7                             39,   80                       
------------------------------------------------------------------------------------------------------------------------------------------------------------
Report for group R2O
