Report End Points: 
-----+-------+------+-------+-----+-----+-----+-----+-----------+---------
     |Group  |Launch|Capture|Shift|Delay|Depth|Slack|Begin Point|End Point
-----+-------+------+-------+-----+-----+-----+-----+-----------+---------
1    |default|      |       |     |     |     |     |           |         
-----+-------+------+-------+-----+-----+-----+-----+-----------+---------
Report End Points: 
-----+-----+------+-------+-----+-----+-----+-----+-----------+---------
     |Group|Launch|Capture|Shift|Delay|Depth|Slack|Begin Point|End Point
-----+-----+------+-------+-----+-----+-----+-----+-----------+---------
1    |I2R  |      |       |     |     |     |     |           |         
-----+-----+------+-------+-----+-----+-----+-----+-----------+---------
Report End Points: 
-----+-----+--------------+-------+-------+------+-----+-------+-----------+---------
     |Group|Launch        |Capture|Shift  |Delay |Depth|Slack  |Begin Point|End Point
-----+-----+--------------+-------+-------+------+-----+-------+-----------+---------
1    |I2O  |rtDefaultClock|vsysclk|20000.0|5593.5|  131|12906.5|B[24]      |SUM[1]   
2    |I2O  |rtDefaultClock|vsysclk|20000.0|5577.8|  131|12922.2|B[24]      |SUM[15]  
3    |I2O  |rtDefaultClock|vsysclk|20000.0|5577.8|  131|12922.2|B[24]      |SUM[12]  
-----+-----+--------------+-------+-------+------+-----+-------+-----------+---------
Report End Points: 
-----+-----+------+-------+-----+-----+-----+-----+-----------+---------
     |Group|Launch|Capture|Shift|Delay|Depth|Slack|Begin Point|End Point
-----+-----+------+-------+-----+-----+-----+-----+-----------+---------
1    |R2O  |      |       |     |     |     |     |           |         
-----+-----+------+-------+-----+-----+-----+-----+-----------+---------
