Report 'report_power_summary': Power
Generated on Thu Dec 22 21:20:34 2022
  
--------------------------------------------------------------------------
|                        Power Summary (nanowatt)                        |
|------------------------------------------------------------------------|
| Component          Internal Switching  Dynamic Leakage  Total  Percent | 
|------------------------------------------------------------------------|
| Entire design        184653     71049   255702   64652  320354  100.00 | 
|                                                                        | 
| Power of all cells   184653     44104   228758   64652  293410   91.59 | 
|   Clock cells         18463     10566    29029     325   29354    9.16 | 
|   Data cells         166187     33538   199725   64327  264052   82.43 | 
|     Combinational         0         0        0   57676   57676   18.00 | 
|     Registers        166187     33538   199725    6651  206376   64.42 | 
|     Macros                0         0        0       0       0    0.00 | 
|     Physical              0         0        0       0       0    0.00 | 
|                                                                        | 
| Power of all nets               26945    26945           26945    8.41 | 
|   Clock nets                    26945    26945           26945    8.41 | 
|     Clock leaves                18884    18884           18884    5.89 | 
|   Data nets                         0        0               0    0.00 | 
--------------------------------------------------------------------------


info UI33: performed report_power_summary for 0 sec (CPU time: 0 sec; MEM: RSS - 433M, CVMEM - 1745M, PVMEM - 2263M)
------------------------------------------------------------------------------------------------------------------------------------------------
| Corner     Enable Setup Hold  CRPR       SI    Power            EM   Voltage Drop DRC        Process                    RC Temp Scale Factor | 
|----------------------------------------------------------------------------------------------------------------------------------------------|
| slow       false  true  false setup_hold none  leakage          none none         trans, cap new_rcmaster_techFreePDK45 25      1            | 
| fast       false  false false setup_hold none  leakage          none none         trans, cap new_rcmaster_techFreePDK45 25      1            | 
| corner_0_0 true   true  true  setup_hold delay leakage, dynamic none none         trans, cap new_rcmaster_techFreePDK45 25      1            | 
------------------------------------------------------------------------------------------------------------------------------------------------


