Report 'report_power_summary': Power
Generated on Thu Dec 22 21:18:11 2022
  
--------------------------------------------------------------------------
|                        Power Summary (nanowatt)                        |
|------------------------------------------------------------------------|
| Component          Internal Switching  Dynamic Leakage  Total  Percent | 
|------------------------------------------------------------------------|
| Entire design        311432     62460   373892   62659  436551  100.00 | 
|                                                                        | 
| Power of all cells   311432     40184   351616   62659  414276   94.90 | 
|   Clock cells          7310      6646    13956     182   14138    3.24 | 
|   Data cells         304111     33538   337649   62478  400126   91.66 | 
|     Combinational         0         0        0   55827   55827   12.79 | 
|     Registers        304111     33538   337649    6651  344300   78.87 | 
|     Macros                0         0        0       0       0    0.00 | 
|     Physical              0         0        0       0       0    0.00 | 
|                                                                        | 
| Power of all nets               22276    22276           22276    5.10 | 
|   Clock nets                    22276    22276           22276    5.10 | 
|     Clock leaves                16076    16076           16076    3.68 | 
|   Data nets                         0        0               0    0.00 | 
--------------------------------------------------------------------------


info UI33: performed report_power_summary for 0 sec (CPU time: 0 sec; MEM: RSS - 382M, CVMEM - 1784M, PVMEM - 2263M)
-----------------------------------------------------------------------------------------------------------------------------------------------
| Corner     Enable Setup Hold  CRPR       SI   Power            EM   Voltage Drop DRC        Process                    RC Temp Scale Factor | 
|---------------------------------------------------------------------------------------------------------------------------------------------|
| slow       false  true  false setup_hold none leakage          none none         trans, cap new_rcmaster_techFreePDK45 25      1            | 
| fast       false  false false setup_hold none leakage          none none         trans, cap new_rcmaster_techFreePDK45 25      1            | 
| corner_0_0 true   true  true  setup_hold none leakage, dynamic none none         trans, cap new_rcmaster_techFreePDK45 25      1            | 
-----------------------------------------------------------------------------------------------------------------------------------------------


