Report End Points: 
-----+-------+------+-------+------+-----+-----+-----+---------------------+---------------------
     |Group  |Launch|Capture|Shift |Delay|Depth|Slack|Begin Point          |End Point            
-----+-------+------+-------+------+-----+-----+-----+---------------------+---------------------
1    |default|sysclk|sysclk |2000.0|962.5|   22|863.6|multiplicand_reg[0]/Q|accumulator_reg[30]/D
2    |default|sysclk|sysclk |2000.0|952.7|   20|873.4|multiplicand_reg[0]/Q|accumulator_reg[29]/D
3    |default|sysclk|sysclk |2000.0|900.4|   19|925.7|multiplicand_reg[0]/Q|accumulator_reg[28]/D
-----+-------+------+-------+------+-----+-----+-----+---------------------+---------------------
Report End Points: 
-----+-----+--------------+-------+------+------+-----+-----+-----------+----------------------
     |Group|Launch        |Capture|Shift |Delay |Depth|Slack|Begin Point|End Point             
-----+-----+--------------+-------+------+------+-----+-----+-----------+----------------------
1    |I2R  |rtDefaultClock|sysclk |2000.0|1065.8|   21|696.2|B[1]       |multiplicand_reg[28]/D
2    |I2R  |rtDefaultClock|sysclk |2000.0|1064.9|   22|697.1|B[1]       |multiplicand_reg[30]/D
3    |I2R  |rtDefaultClock|sysclk |2000.0|1051.0|   22|711.0|B[1]       |multiplicand_reg[29]/D
-----+-----+--------------+-------+------+------+-----+-----+-----------+----------------------
Report End Points: 
-----+-----+------+-------+-----+-----+-----+-----+-----------+---------
     |Group|Launch|Capture|Shift|Delay|Depth|Slack|Begin Point|End Point
-----+-----+------+-------+-----+-----+-----+-----+-----------+---------
1    |I2O  |      |       |     |     |     |     |           |         
-----+-----+------+-------+-----+-----+-----+-----+-----------+---------
Report End Points: 
-----+-----+------+-------+-----+-----+-----+-----+-----------+---------
     |Group|Launch|Capture|Shift|Delay|Depth|Slack|Begin Point|End Point
-----+-----+------+-------+-----+-----+-----+-----+-----------+---------
1    |R2O  |      |       |     |     |     |     |           |         
-----+-----+------+-------+-----+-----+-----+-----+-----------+---------
