warning: No library characterized for (process = 1.00 voltage = 0.85 temperature = 25.00) can be found in the database for power domain '/PD_TOP'  [NL-174]
Report Power (instances with prefix '*' are included in total) : 
-----+-------------------------+--------------------+---------------------+-------------------+-----------------
     | Instance                | Internal Power(uw) | Switching Power(uw) | Leakage Power(uw) | Total Power(uw) 
-----+-------------------------+--------------------+---------------------+-------------------+-----------------
1    |*i_0_5                   |           67.256882|           182.931305|           4.939678|       255.127869
2    |*i_0_7                   |           49.332897|            57.010944|           1.822795|       108.166634
3    |*i_0_9                   |           49.915108|            43.482777|           1.822795|        95.220680
4    |*i_0_16                  |           29.354473|            26.485086|           3.782933|        59.622494
5    |*isNeg_reg[1]            |            1.574527|             0.430370|           0.079112|         2.084010
6    |*isNeg_reg[0]            |            1.601488|             2.960710|           0.079112|         4.641310
7    |*accumulator_reg[30]     |            1.869283|             6.544661|           0.079112|         8.493056
8    |*accumulator_reg[29]     |            1.869234|             6.174550|           0.079112|         8.122897
9    |*accumulator_reg[28]     |            1.869228|             6.123385|           0.079112|         8.071725
10   |*accumulator_reg[27]     |            1.869313|             6.769820|           0.079112|         8.718244
11   |*accumulator_reg[26]     |            1.868851|             3.908761|           0.079112|         5.856725
12   |*accumulator_reg[25]     |            1.868503|             3.557000|           0.079112|         5.504617
13   |*accumulator_reg[24]     |            1.869071|             4.931566|           0.079112|         6.879749
14   |*accumulator_reg[23]     |            1.869290|             6.598911|           0.079112|         8.547313
15   |*accumulator_reg[22]     |            1.867986|             3.033345|           0.079112|         4.980444
16   |*accumulator_reg[21]     |            1.868801|             3.858395|           0.079112|         5.806308
17   |*accumulator_reg[20]     |            1.869100|             5.155789|           0.079112|         7.104002
18   |*accumulator_reg[19]     |            1.869197|             5.890999|           0.079112|         7.839309
19   |*accumulator_reg[18]     |            1.868845|             3.902366|           0.079112|         5.850324
20   |*accumulator_reg[17]     |            1.869016|             4.510072|           0.079112|         6.458200
21   |*accumulator_reg[16]     |            1.869100|             5.155789|           0.079112|         7.104002
22   |*accumulator_reg[15]     |            1.867795|             2.839986|           0.079112|         4.786893
23   |*accumulator_reg[14]     |            1.868654|             3.709235|           0.079112|         5.657001
24   |*accumulator_reg[13]     |            1.868629|             3.684511|           0.079112|         5.632254
25   |*accumulator_reg[12]     |            1.868707|             3.762546|           0.079112|         5.710364
26   |*accumulator_reg[11]     |            1.868398|             3.450266|           0.079112|         5.397777
27   |*accumulator_reg[10]     |            1.869306|             6.721327|           0.079112|         8.669745
28   |*accumulator_reg[9]      |            1.868871|             3.929192|           0.079112|         5.877175
29   |*accumulator_reg[8]      |            1.869306|             6.719572|           0.079112|         8.667990
30   |*accumulator_reg[7]      |            1.868006|             3.053731|           0.079112|         5.000850
31   |*accumulator_reg[6]      |            1.869022|             4.556297|           0.079112|         6.504432
32   |*accumulator_reg[5]      |            1.868619|             3.674207|           0.079112|         5.621940
33   |*accumulator_reg[4]      |            1.869303|             6.698547|           0.079112|         8.646962
34   |*accumulator_reg[3]      |            1.869145|             5.492707|           0.079112|         7.440965
35   |*accumulator_reg[2]      |            1.869016|             4.512670|           0.079112|         6.460798
36   |*accumulator_reg[1]      |            1.869101|             5.161397|           0.079112|         7.109610
37   |*accumulator_reg[0]      |            1.867968|             3.014619|           0.079112|         4.961699
38   |*multiplier_reg[31]      |            1.309961|             0.258141|           0.079112|         1.647214
39   |*multiplier_reg[30]      |            1.309961|             0.258141|           0.079112|         1.647214
40   |*multiplier_reg[29]      |            1.309961|             0.258141|           0.079112|         1.647214
41   |*multiplier_reg[28]      |            1.309961|             0.258141|           0.079112|         1.647214
42   |*multiplier_reg[27]      |            1.309961|             0.258141|           0.079112|         1.647214
43   |*multiplier_reg[26]      |            1.309961|             0.258141|           0.079112|         1.647214
44   |*multiplier_reg[25]      |            1.309961|             0.258141|           0.079112|         1.647214
45   |*multiplier_reg[24]      |            1.309961|             0.258141|           0.079112|         1.647214
46   |*multiplier_reg[23]      |            1.309961|             0.258141|           0.079112|         1.647214
47   |*multiplier_reg[22]      |            1.309961|             0.258141|           0.079112|         1.647214
48   |*multiplier_reg[21]      |            1.309961|             0.258141|           0.079112|         1.647214
49   |*multiplier_reg[20]      |            1.309961|             0.258141|           0.079112|         1.647214
50   |*multiplier_reg[19]      |            1.309961|             0.258141|           0.079112|         1.647214
51   |*multiplier_reg[18]      |            1.309961|             0.258141|           0.079112|         1.647214
52   |*multiplier_reg[17]      |            1.309961|             0.258141|           0.079112|         1.647214
53   |*multiplier_reg[16]      |            1.309961|             0.258141|           0.079112|         1.647214
54   |*multiplier_reg[15]      |            1.309961|             0.258141|           0.079112|         1.647214
55   |*multiplier_reg[14]      |            1.309961|             0.258141|           0.079112|         1.647214
56   |*multiplier_reg[13]      |            1.309961|             0.258141|           0.079112|         1.647214
57   |*multiplier_reg[12]      |            1.309961|             0.258141|           0.079112|         1.647214
58   |*multiplier_reg[11]      |            1.309961|             0.258141|           0.079112|         1.647214
59   |*multiplier_reg[10]      |            1.309961|             0.258141|           0.079112|         1.647214
60   |*multiplier_reg[9]       |            1.309961|             0.258141|           0.079112|         1.647214
61   |*multiplier_reg[8]       |            1.309961|             0.258141|           0.079112|         1.647214
62   |*multiplier_reg[7]       |            1.309961|             0.258141|           0.079112|         1.647214
63   |*multiplier_reg[6]       |            1.309961|             0.258141|           0.079112|         1.647214
64   |*multiplier_reg[5]       |            1.309961|             0.258141|           0.079112|         1.647214
65   |*multiplier_reg[4]       |            1.309961|             0.258141|           0.079112|         1.647214
66   |*multiplier_reg[3]       |            1.309961|             0.258141|           0.079112|         1.647214
67   |*multiplier_reg[2]       |            1.309961|             0.258141|           0.079112|         1.647214
68   |*multiplier_reg[1]       |            1.309961|             0.258141|           0.079112|         1.647214
69   |*multiplier_reg[0]       |            1.571953|             0.309769|           0.079112|         1.960835
70   |*multiplicand_reg[31]    |            1.869122|             5.315934|           0.079112|         7.264168
71   |*multiplicand_reg[30]    |            1.867442|             2.482984|           0.079112|         4.429539
72   |*multiplicand_reg[29]    |            1.868021|             3.069139|           0.079112|         5.016273
73   |*multiplicand_reg[28]    |            1.868678|             3.733728|           0.079112|         5.681519
74   |*multiplicand_reg[27]    |            1.867226|             2.264435|           0.079112|         4.210774
75   |*multiplicand_reg[26]    |            1.869118|             5.287263|           0.079112|         7.235494
76   |*multiplicand_reg[25]    |            1.867404|             2.444009|           0.079112|         4.390525
77   |*multiplicand_reg[24]    |            1.868006|             3.053227|           0.079112|         5.000346
78   |*multiplicand_reg[23]    |            1.868717|             3.772703|           0.079112|         5.720532
79   |*multiplicand_reg[22]    |            1.867198|             2.235765|           0.079112|         4.182075
80   |*multiplicand_reg[21]    |            1.869117|             5.276960|           0.079112|         7.225189
81   |*multiplicand_reg[20]    |            1.867398|             2.438401|           0.079112|         4.384912
82   |*multiplicand_reg[19]    |            1.868035|             3.082999|           0.079112|         5.030147
83   |*multiplicand_reg[18]    |            1.868672|             3.727937|           0.079112|         5.675722
84   |*multiplicand_reg[17]    |            1.867175|             2.212560|           0.079112|         4.158847
85   |*multiplicand_reg[16]    |            1.867182|             2.219853|           0.079112|         4.166148
86   |*multiplicand_reg[15]    |            1.867331|             2.370083|           0.079112|         4.316526
87   |*multiplicand_reg[14]    |            1.867857|             2.902991|           0.079112|         4.849960
88   |*multiplicand_reg[13]    |            1.869118|             5.287263|           0.079112|         7.235494
89   |*multiplicand_reg[12]    |            1.867445|             2.486053|           0.079112|         4.432611
90   |*multiplicand_reg[11]    |            1.869118|             5.287263|           0.079112|         7.235494
91   |*multiplicand_reg[10]    |            1.867445|             2.486053|           0.079112|         4.432611
92   |*multiplicand_reg[9]     |            1.867287|             2.325500|           0.079112|         4.271900
93   |*multiplicand_reg[8]     |            1.867813|             2.858408|           0.079112|         4.805334
94   |*multiplicand_reg[7]     |            1.867226|             2.264435|           0.079112|         4.210774
95   |*multiplicand_reg[6]     |            1.867303|             2.341413|           0.079112|         4.287827
96   |*multiplicand_reg[5]     |            1.867819|             2.864015|           0.079112|         4.810946
97   |*multiplicand_reg[4]     |            1.867182|             2.219853|           0.079112|         4.166148
98   |*multiplicand_reg[3]     |            1.867198|             2.235765|           0.079112|         4.182075
99   |*multiplicand_reg[2]     |            1.867293|             2.332284|           0.079112|         4.278690
100  |*multiplicand_reg[1]     |            1.868015|             3.062290|           0.079112|         5.009418
101  |*multiplicand_reg[0]     |            1.870618|            16.699028|           0.079112|        18.648758
102  |*ready_reg               |            2.135954|             6.345836|           0.079112|         8.560902
103  |*ready_reg_enable_mux_0  |            0.789448|             0.282907|           0.035928|         1.108283
104  |*counter_reg[4]          |            1.857078|             1.129018|           0.079112|         3.065208
105  |*counter_reg[3]          |            1.329114|             0.643930|           0.079112|         2.052157
106  |*counter_reg[2]          |            1.290692|             0.696361|           0.079112|         2.066166
107  |*counter_reg[1]          |            1.861594|             1.528639|           0.079112|         3.469346
108  |*counter_reg[0]          |            1.340190|             1.568850|           0.079112|         2.988152
109  |*clk_gate_accumulator_reg|            1.155486|             0.000000|           0.059138|         1.214624
110  |*clk_gate_isNeg_reg      |            1.276739|             0.000000|           0.059138|         1.335877
111  |*i_0_0_0                 |            0.179656|             1.396479|           0.021200|         1.597335
112  |*i_0_0_1                 |            0.846651|             2.559328|           0.035928|         3.441907
113  |*i_0_0_2                 |            0.843395|             2.474520|           0.035928|         3.353844
114  |*i_0_0_3                 |            0.841117|             2.475644|           0.035928|         3.352689
115  |*i_0_0_4                 |            0.839207|             2.493591|           0.035928|         3.368726
116  |*i_0_0_5                 |            0.840445|             2.491027|           0.035928|         3.367400
117  |*i_0_0_6                 |            0.837872|             2.511918|           0.035928|         3.385719
118  |*i_0_0_7                 |            0.837151|             2.535724|           0.035928|         3.408804
119  |*i_0_0_8                 |            0.839023|             2.515367|           0.035928|         3.390318
120  |*i_0_0_9                 |            0.837235|             2.540891|           0.035928|         3.414054
121  |*i_0_0_10                |            0.837086|             2.464151|           0.035928|         3.337166
122  |*i_0_0_11                |            0.837377|             2.464048|           0.035928|         3.337354
123  |*i_0_0_12                |            0.837209|             2.488547|           0.035928|         3.361684
124  |*i_0_0_13                |            0.837579|             2.490011|           0.035928|         3.363519
125  |*i_0_0_14                |            0.838961|             2.514734|           0.035928|         3.389623
126  |*i_0_0_15                |            0.837291|             2.539276|           0.035928|         3.412496
127  |*i_0_0_16                |            0.836396|             2.519744|           0.035928|         3.392068
128  |*i_0_0_17                |            0.836550|             2.545782|           0.035928|         3.418261
129  |*i_0_0_18                |            0.837187|             2.469153|           0.035928|         3.342269
130  |*i_0_0_19                |            0.839523|             2.469153|           0.035928|         3.344604
131  |*i_0_0_20                |            0.837258|             2.493703|           0.035928|         3.366889
132  |*i_0_0_21                |            0.837616|             2.495193|           0.035928|         3.368737
133  |*i_0_0_22                |            0.836462|             2.519928|           0.035928|         3.392319
134  |*i_0_0_23                |            0.837837|             2.544479|           0.035928|         3.418245
135  |*i_0_0_24                |            0.839806|             2.524948|           0.035928|         3.400682
136  |*i_0_0_25                |            0.837672|             2.550988|           0.035928|         3.424588
137  |*i_0_0_26                |            0.837436|             2.474360|           0.035928|         3.347725
138  |*i_0_0_27                |            0.836263|             2.474360|           0.035928|         3.346551
139  |*i_0_0_28                |            0.837444|             2.498910|           0.035928|         3.372283
140  |*i_0_0_29                |            0.839699|             2.500400|           0.035928|         3.376028
141  |*i_0_0_30                |            0.837627|             2.525136|           0.035928|         3.398691
142  |*i_0_0_31                |            0.838087|             2.549686|           0.035928|         3.423702
143  |*i_0_0_32                |            0.839483|             2.530156|           0.035928|         3.405568
144  |*i_0_0_33                |            0.837938|             2.556195|           0.035928|         3.430062
145  |*i_0_0_34                |            0.837481|             2.479568|           0.035928|         3.352978
146  |*i_0_0_35                |            0.837481|             2.479568|           0.035928|         3.352978
147  |*i_0_0_36                |            0.837693|             2.504118|           0.035928|         3.377740
148  |*i_0_0_37                |            0.837502|             2.505608|           0.035928|         3.379038
149  |*i_0_0_38                |            0.837715|             2.530344|           0.035928|         3.403987
150  |*i_0_0_39                |            0.840016|             2.554894|           0.035928|         3.430839
151  |*i_0_0_40                |            0.837963|             2.535363|           0.035928|         3.409256
152  |*i_0_0_41                |            0.837983|             2.561403|           0.035928|         3.435315
153  |*i_0_0_42                |            0.837526|             2.484775|           0.035928|         3.358230
154  |*i_0_0_43                |            0.840811|             2.484775|           0.035928|         3.361515
155  |*i_0_0_44                |            0.837745|             2.509325|           0.035928|         3.382999
156  |*i_0_0_45                |            0.837547|             2.510815|           0.035928|         3.384290
157  |*i_0_0_46                |            0.837760|             2.535551|           0.035928|         3.409240
158  |*i_0_0_47                |            0.839031|             2.560101|           0.035928|         3.435061
159  |*i_0_0_48                |            0.837803|             2.540571|           0.035928|         3.414303
160  |*i_0_0_49                |            0.838233|             2.566611|           0.035928|         3.440773
161  |*i_0_0_50                |            0.837571|             2.489983|           0.035928|         3.363482
162  |*i_0_0_51                |            0.837571|             2.489983|           0.035928|         3.363482
163  |*i_0_0_52                |            0.837579|             2.514533|           0.035928|         3.388040
164  |*i_0_0_53                |            0.837796|             2.516022|           0.035928|         3.389747
165  |*i_0_0_54                |            0.839829|             2.540759|           0.035928|         3.416516
166  |*i_0_0_55                |            0.838222|             2.565309|           0.035928|         3.439459
167  |*i_0_0_56                |            0.837848|             2.545779|           0.035928|         3.419556
168  |*i_0_0_57                |            0.842018|             2.571819|           0.035928|         3.449765
169  |*i_0_0_58                |            0.837412|             2.495190|           0.035928|         3.368531
170  |*i_0_0_59                |            0.837616|             2.495190|           0.035928|         3.368736
171  |*i_0_0_60                |            0.837828|             2.519741|           0.035928|         3.393497
172  |*i_0_0_61                |            0.837637|             2.521230|           0.035928|         3.394795
173  |*i_0_0_62                |            0.838055|             2.545966|           0.035928|         3.419950
174  |*i_0_0_63                |            0.724927|             3.219450|           0.026481|         3.970859
175  |*i_0_0_64                |            0.375191|            26.716999|           0.017393|        27.109585
176  |*i_0_0_65                |            0.712763|             1.040066|           0.036441|         1.789269
177  |*i_0_0_66                |            0.000000|             0.000000|           0.026733|         0.026733
178  |*i_0_0_67                |            0.000037|             0.000029|           0.018127|         0.018193
179  |*i_0_0_68                |            0.131691|             0.160710|           0.032601|         0.325002
180  |*i_0_0_69                |            0.126375|             0.157099|           0.032601|         0.316076
181  |*i_0_0_70                |            0.128120|             0.154495|           0.032601|         0.315217
182  |*i_0_0_71                |            0.129748|             0.150819|           0.032601|         0.313169
183  |*i_0_0_72                |            0.000037|             0.000028|           0.018127|         0.018192
184  |*i_0_0_73                |            0.128710|             0.160709|           0.032601|         0.322021
185  |*i_0_0_74                |            0.126375|             0.157099|           0.032601|         0.316076
186  |*i_0_0_75                |            0.126321|             0.154495|           0.032601|         0.313418
187  |*i_0_0_76                |            0.128065|             0.150819|           0.032601|         0.311486
188  |*i_0_0_77                |            0.000076|             0.000055|           0.018127|         0.018258
189  |*i_0_0_78                |            0.191022|             0.290256|           0.026832|         0.508110
190  |*i_0_0_79                |            0.128351|             0.157099|           0.032601|         0.318051
191  |*i_0_0_80                |            0.130199|             0.154495|           0.032601|         0.317296
192  |*i_0_0_81                |            0.132298|             0.150819|           0.032601|         0.315719
193  |*i_0_0_82                |            0.000037|             0.000028|           0.018127|         0.018191
194  |*i_0_0_83                |            0.130545|             0.160709|           0.032601|         0.323856
195  |*i_0_0_84                |            0.132272|             0.157099|           0.032601|         0.321973
196  |*i_0_0_85                |            0.130039|             0.154495|           0.032601|         0.317135
197  |*i_0_0_86                |            0.131628|             0.150819|           0.032601|         0.315049
198  |*i_0_0_87                |            0.359174|             0.233752|           0.022619|         0.615546
199  |*i_0_0_88                |            0.319648|             0.201961|           0.022619|         0.544228
200  |*i_0_0_89                |            0.783877|             0.646355|           0.036164|         1.466396
201  |*i_0_0_90                |            0.291588|             0.187627|           0.022619|         0.501834
202  |*i_0_0_91                |            0.569177|             0.621840|           0.025066|         1.216083
203  |*i_0_0_92                |            0.194107|             0.193002|           0.022619|         0.409728
204  |*i_0_0_93                |            0.296273|             0.187462|           0.022619|         0.506355
205  |*i_0_0_94                |            0.685352|             0.627662|           0.036164|         1.349178
206  |*i_0_0_95                |            0.319519|             0.202210|           0.022619|         0.544349
207  |*i_0_0_96                |            0.592705|             0.659606|           0.036164|         1.288475
208  |*i_0_0_97                |            0.590693|             0.301252|           0.022695|         0.914641
209  |*i_0_0_98                |            0.590268|             0.404771|           0.022695|         1.017734
210  |*i_0_0_99                |            0.093432|             0.177308|           0.026832|         0.297571
211  |*i_0_0_100               |            0.424031|             0.873376|           0.022695|         1.320101
212  |*i_0_0_101               |            0.552432|             1.102010|           0.024415|         1.678857
213  |*i_0_0_102               |            0.140713|             0.156782|           0.014353|         0.311849
214  |*i_0_0_103               |            0.373250|             2.289867|           0.047399|         2.710515
215  |*i_0_0_106               |            0.142279|             0.158527|           0.014353|         0.315159
216  |*i_0_0_107               |            0.378300|             2.315349|           0.047399|         2.741048
217  |*i_0_0_108               |            0.140713|             0.156782|           0.014353|         0.311849
218  |*i_0_0_109               |            0.373273|             2.289866|           0.047399|         2.710538
219  |*i_0_0_110               |            0.140713|             0.156782|           0.014353|         0.311849
220  |*i_0_0_111               |            0.373139|             2.289867|           0.047399|         2.710405
221  |*i_0_0_112               |            0.140713|             0.156782|           0.014353|         0.311849
222  |*i_0_0_113               |            0.373248|             2.289867|           0.047399|         2.710513
223  |*i_0_0_114               |            0.140842|             0.156926|           0.014353|         0.312121
224  |*i_0_0_115               |            0.374086|             2.291965|           0.047399|         2.713449
225  |*i_0_0_116               |            0.140713|             0.156782|           0.014353|         0.311849
226  |*i_0_0_117               |            0.373140|             2.289867|           0.047399|         2.710406
227  |*i_0_0_118               |            0.140713|             0.156782|           0.014353|         0.311849
228  |*i_0_0_119               |            0.373251|             2.289867|           0.047399|         2.710517
229  |*i_0_0_120               |            0.140730|             0.156800|           0.014353|         0.311883
230  |*i_0_0_121               |            0.373705|             2.290133|           0.047399|         2.711236
231  |*i_0_0_122               |            0.140713|             0.156782|           0.014353|         0.311849
232  |*i_0_0_123               |            0.374742|             2.289867|           0.047399|         2.712008
233  |*i_0_0_124               |            0.140713|             0.156782|           0.014353|         0.311849
234  |*i_0_0_125               |            0.373211|             2.289867|           0.047399|         2.710476
235  |*i_0_0_126               |            0.140713|             0.156782|           0.014353|         0.311849
236  |*i_0_0_127               |            0.374742|             2.289867|           0.047399|         2.712008
237  |*i_0_0_128               |            0.140713|             0.156782|           0.014353|         0.311849
238  |*i_0_0_129               |            0.373124|             2.289867|           0.047399|         2.710390
239  |*i_0_0_130               |            0.140713|             0.156782|           0.014353|         0.311849
240  |*i_0_0_131               |            0.373235|             2.289867|           0.047399|         2.710500
241  |*i_0_0_132               |            0.140713|             0.156782|           0.014353|         0.311849
242  |*i_0_0_133               |            0.373273|             2.289866|           0.047399|         2.710538
243  |*i_0_0_134               |            0.140713|             0.156782|           0.014353|         0.311849
244  |*i_0_0_135               |            0.373713|             2.289869|           0.047399|         2.710981
245  |*i_0_0_136               |            0.140713|             0.156782|           0.014353|         0.311849
246  |*i_0_0_137               |            0.374742|             2.289867|           0.047399|         2.712008
247  |*i_0_0_138               |            0.140713|             0.156782|           0.014353|         0.311849
248  |*i_0_0_139               |            0.373093|             2.289867|           0.047399|         2.710359
249  |*i_0_0_140               |            0.140713|             0.156782|           0.014353|         0.311849
250  |*i_0_0_141               |            0.373221|             2.289867|           0.047399|         2.710486
251  |*i_0_0_142               |            0.140713|             0.156782|           0.014353|         0.311849
252  |*i_0_0_143               |            0.374736|             2.289866|           0.047399|         2.712001
253  |*i_0_0_144               |            0.140713|             0.156782|           0.014353|         0.311849
254  |*i_0_0_145               |            0.373263|             2.289866|           0.047399|         2.710528
255  |*i_0_0_146               |            0.140713|             0.156782|           0.014353|         0.311849
256  |*i_0_0_147               |            0.374742|             2.289867|           0.047399|         2.712008
257  |*i_0_0_148               |            0.140713|             0.156782|           0.014353|         0.311849
258  |*i_0_0_149               |            0.373099|             2.289867|           0.047399|         2.710365
259  |*i_0_0_150               |            0.140713|             0.156782|           0.014353|         0.311849
260  |*i_0_0_151               |            0.373219|             2.289867|           0.047399|         2.710485
261  |*i_0_0_152               |            0.140713|             0.156782|           0.014353|         0.311849
262  |*i_0_0_153               |            0.374736|             2.289866|           0.047399|         2.712001
263  |*i_0_0_154               |            0.140713|             0.156782|           0.014353|         0.311849
264  |*i_0_0_155               |            0.373263|             2.289867|           0.047399|         2.710529
265  |*i_0_0_156               |            0.140713|             0.156782|           0.014353|         0.311849
266  |*i_0_0_157               |            0.375181|             2.289867|           0.047399|         2.712447
267  |*i_0_0_158               |            0.140713|             0.156782|           0.014353|         0.311849
268  |*i_0_0_159               |            0.373096|             2.289867|           0.047399|         2.710361
269  |*i_0_0_160               |            0.140713|             0.156782|           0.014353|         0.311849
270  |*i_0_0_161               |            0.373212|             2.289867|           0.047399|         2.710478
271  |*i_0_0_162               |            0.140713|             0.156782|           0.014353|         0.311849
272  |*i_0_0_163               |            0.374736|             2.289866|           0.047399|         2.712001
273  |*i_0_0_104               |            0.062843|             3.456281|           0.021200|         3.540323
274  |*i_0_0_165               |            0.179243|             0.144205|           0.014353|         0.337801
275  |*i_0_0_166               |            0.258323|             2.102203|           0.032612|         2.393138
276  |*i_0_0_105               |            0.084939|             3.677183|           0.021200|         3.783322
277  |*i_0_0_168               |            0.522888|             0.411617|           0.021200|         0.955705
278  |*i_0_0_169               |            0.248330|             0.199787|           0.014353|         0.462470
279  |*i_0_0_170               |            0.524404|             2.914426|           0.032612|         3.471442
280  |*i_0_0_171               |            0.249909|             0.201057|           0.014353|         0.465320
281  |*i_0_0_172               |            0.528205|             2.933113|           0.032612|         3.493930
282  |*i_0_0_173               |            0.248330|             0.199787|           0.014353|         0.462470
283  |*i_0_0_174               |            0.524404|             2.914426|           0.032612|         3.471442
284  |*i_0_0_175               |            0.248330|             0.199787|           0.014353|         0.462470
285  |*i_0_0_176               |            0.524404|             2.914426|           0.032612|         3.471442
286  |*i_0_0_177               |            0.248330|             0.199787|           0.014353|         0.462470
287  |*i_0_0_178               |            0.524404|             2.914426|           0.032612|         3.471442
288  |*i_0_0_179               |            0.248460|             0.199891|           0.014353|         0.462704
289  |*i_0_0_180               |            0.524904|             2.915965|           0.032612|         3.473481
290  |*i_0_0_181               |            0.248330|             0.199787|           0.014353|         0.462470
291  |*i_0_0_182               |            0.524404|             2.914426|           0.032612|         3.471442
292  |*i_0_0_183               |            0.248330|             0.199787|           0.014353|         0.462470
293  |*i_0_0_184               |            0.524404|             2.914426|           0.032612|         3.471442
294  |*i_0_0_185               |            0.248346|             0.199800|           0.014353|         0.462499
295  |*i_0_0_186               |            0.524653|             2.914621|           0.032612|         3.471885
296  |*i_0_0_187               |            0.248330|             0.199787|           0.014353|         0.462470
297  |*i_0_0_188               |            0.524404|             2.914426|           0.032612|         3.471442
298  |*i_0_0_189               |            0.248330|             0.199787|           0.014353|         0.462470
299  |*i_0_0_190               |            0.524379|             2.914426|           0.032612|         3.471416
300  |*i_0_0_191               |            0.248330|             0.199787|           0.014353|         0.462470
301  |*i_0_0_192               |            0.524404|             2.914426|           0.032612|         3.471442
302  |*i_0_0_193               |            0.248330|             0.199787|           0.014353|         0.462470
303  |*i_0_0_194               |            0.524379|             2.914426|           0.032612|         3.471416
304  |*i_0_0_195               |            0.248330|             0.199787|           0.014353|         0.462470
305  |*i_0_0_196               |            0.524379|             2.914426|           0.032612|         3.471416
306  |*i_0_0_164               |            0.248330|             0.199787|           0.014353|         0.462470
307  |*i_0_0_167               |            0.524404|             2.914426|           0.032612|         3.471442
308  |*i_0_0_199               |            0.248330|             0.199787|           0.014353|         0.462470
309  |*i_0_0_200               |            0.524616|             2.914427|           0.032612|         3.471656
310  |*i_0_0_201               |            0.248330|             0.199787|           0.014353|         0.462470
311  |*i_0_0_202               |            0.524404|             2.914426|           0.032612|         3.471442
312  |*i_0_0_203               |            0.248330|             0.199787|           0.014353|         0.462470
313  |*i_0_0_204               |            0.524404|             2.914426|           0.032612|         3.471442
314  |*i_0_0_205               |            0.248330|             0.199787|           0.014353|         0.462470
315  |*i_0_0_206               |            0.524379|             2.914426|           0.032612|         3.471416
316  |*i_0_0_207               |            0.248330|             0.199787|           0.014353|         0.462470
317  |*i_0_0_208               |            0.524379|             2.914426|           0.032612|         3.471416
318  |*i_0_0_209               |            0.248330|             0.199787|           0.014353|         0.462470
319  |*i_0_0_210               |            0.524379|             2.914426|           0.032612|         3.471416
320  |*i_0_0_211               |            0.248330|             0.199787|           0.014353|         0.462470
321  |*i_0_0_212               |            0.524404|             2.914426|           0.032612|         3.471442
322  |*i_0_0_213               |            0.248330|             0.199787|           0.014353|         0.462470
323  |*i_0_0_214               |            0.524404|             2.914426|           0.032612|         3.471442
324  |*i_0_0_215               |            0.248330|             0.199787|           0.014353|         0.462470
325  |*i_0_0_216               |            0.524379|             2.914426|           0.032612|         3.471416
326  |*i_0_0_217               |            0.248330|             0.199787|           0.014353|         0.462470
327  |*i_0_0_218               |            0.524379|             2.914426|           0.032612|         3.471416
328  |*i_0_0_219               |            0.248330|             0.199787|           0.014353|         0.462470
329  |*i_0_0_220               |            0.524404|             2.914426|           0.032612|         3.471442
330  |*i_0_0_221               |            0.248330|             0.199787|           0.014353|         0.462470
331  |*i_0_0_222               |            0.524616|             2.914426|           0.032612|         3.471654
332  |*i_0_0_223               |            0.248330|             0.199787|           0.014353|         0.462470
333  |*i_0_0_224               |            0.524404|             2.914426|           0.032612|         3.471442
334  |*i_0_0_225               |            0.248330|             0.199787|           0.014353|         0.462470
335  |*i_0_0_226               |            0.524379|             2.914426|           0.032612|         3.471416
336  |*i_0_0_227               |            0.248330|             0.199787|           0.014353|         0.462470
337  |*i_0_0_228               |            0.524379|             2.914426|           0.032612|         3.471416
338  |*i_0_0_197               |            0.379104|            21.062256|           0.027858|        21.469217
339  |*i_0_0_198               |            0.087460|             5.485953|           0.021200|         5.594613
340  |*i_0_0_232               |            0.297873|             0.194009|           0.026832|         0.518713
341  |*i_0_0_233               |            0.154936|             0.306069|           0.021200|         0.482204
342  |*i_0_0_234               |            0.284651|             0.126311|           0.025066|         0.436028
343  |*i_0_0_235               |            0.281479|             0.125468|           0.025066|         0.432013
344  |*i_0_0_236               |            0.281649|             0.125005|           0.025066|         0.431720
345  |*i_0_0_237               |            0.281057|             0.124746|           0.025066|         0.430869
346  |*i_0_0_238               |            0.280736|             0.124604|           0.025066|         0.430407
347  |*i_0_0_239               |            0.280524|             0.124527|           0.025066|         0.430117
348  |*i_0_0_240               |            0.279656|             0.124720|           0.025066|         0.429442
349  |*i_0_0_241               |            0.275716|             0.122939|           0.025066|         0.423721
350  |*i_0_0_242               |            0.278488|             0.123620|           0.025066|         0.427174
351  |*i_0_0_243               |            0.279299|             0.123990|           0.025066|         0.428355
352  |*i_0_0_244               |            0.279008|             0.124439|           0.025066|         0.428513
353  |*i_0_0_245               |            0.276455|             0.122726|           0.025066|         0.424247
354  |*i_0_0_246               |            0.278225|             0.123505|           0.025066|         0.426796
355  |*i_0_0_247               |            0.279156|             0.123927|           0.025066|         0.428150
356  |*i_0_0_248               |            0.278933|             0.124406|           0.025066|         0.428405
357  |*i_0_0_249               |            0.276399|             0.122702|           0.025066|         0.424166
358  |*i_0_0_250               |            0.278195|             0.123492|           0.025066|         0.426752
359  |*i_0_0_251               |            0.279140|             0.123920|           0.025066|         0.428126
360  |*i_0_0_252               |            0.278924|             0.124402|           0.025066|         0.428392
361  |*i_0_0_253               |            0.276392|             0.122699|           0.025066|         0.424157
362  |*i_0_0_254               |            0.278160|             0.123490|           0.025066|         0.426716
363  |*i_0_0_255               |            0.279168|             0.123919|           0.025066|         0.428153
364  |*i_0_0_256               |            0.278847|             0.124354|           0.025066|         0.428267
365  |*i_0_0_257               |            0.275165|             0.122700|           0.025066|         0.422932
366  |*i_0_0_258               |            0.278196|             0.123494|           0.025066|         0.426756
367  |*i_0_0_259               |            0.278412|             0.124184|           0.025066|         0.427662
368  |*i_0_0_260               |            0.274579|             0.122494|           0.025066|         0.422140
369  |*i_0_0_261               |            0.275126|             0.122683|           0.025066|         0.422875
370  |*i_0_0_262               |            0.298748|             0.132505|           0.025066|         0.456319
371  |*i_0_0_263               |            0.274600|             0.121957|           0.025066|         0.421623
372  |*i_0_0_264               |            0.216685|             0.096590|           0.025066|         0.338342
373  |*i_0_0_266               |            0.291263|             0.589711|           0.025066|         0.906040
374  |*i_0_0_267               |            0.423681|             1.291957|           0.025066|         1.740704
375  |*i_0_0_268               |            0.423701|             1.293284|           0.025066|         1.742051
376  |*i_0_0_269               |            0.426864|             2.413675|           0.025066|         2.865604
377  |*i_0_0_270               |            0.423681|             1.291957|           0.025066|         1.740704
378  |*i_0_0_271               |            0.423706|             1.293593|           0.025066|         1.742365
379  |*i_0_0_272               |            0.423899|             1.306287|           0.025066|         1.755252
380  |*i_0_0_273               |            0.414410|             0.695312|           0.025066|         1.134788
381  |*i_0_0_274               |            0.423706|             1.293593|           0.025066|         1.742365
382  |*i_0_0_275               |            0.423706|             1.293593|           0.025066|         1.742365
383  |*i_0_0_276               |            0.423899|             1.306287|           0.025066|         1.755252
384  |*i_0_0_277               |            0.414410|             0.695312|           0.025066|         1.134788
385  |*i_0_0_278               |            0.423681|             1.291957|           0.025066|         1.740704
386  |*i_0_0_279               |            0.423706|             1.293593|           0.025066|         1.742365
387  |*i_0_0_280               |            0.423899|             1.306287|           0.025066|         1.755252
388  |*i_0_0_281               |            0.414410|             0.695312|           0.025066|         1.134788
389  |*i_0_0_282               |            0.423681|             1.291957|           0.025066|         1.740704
390  |*i_0_0_283               |            0.423706|             1.293593|           0.025066|         1.742365
391  |*i_0_0_284               |            0.423899|             1.306287|           0.025066|         1.755252
392  |*i_0_0_285               |            0.414410|             0.695312|           0.025066|         1.134788
393  |*i_0_0_286               |            0.423681|             1.291957|           0.025066|         1.740704
394  |*i_0_0_287               |            0.417040|             0.854880|           0.025066|         1.296986
395  |*i_0_0_288               |            0.414410|             0.695312|           0.025066|         1.134788
396  |*i_0_0_289               |            0.422149|             1.191104|           0.025066|         1.638319
397  |*i_0_0_290               |            0.425872|             1.732180|           0.025066|         2.183118
398  |*i_0_0_291               |            0.421474|             1.146719|           0.025066|         1.593259
399  |*i_0_0_292               |            0.417040|             0.854880|           0.025066|         1.296986
400  |*i_0_0_293               |            0.426776|             3.300639|           0.025066|         3.752481
401  |*i_0_0_294               |            0.417522|             0.886612|           0.025066|         1.329200
402  |*i_0_0_295               |            0.427369|             2.861726|           0.025066|         3.314162
403  |*i_0_0_296               |            0.421695|             1.161249|           0.025066|         1.608011
404  |*i_0_0_297               |            0.398522|             0.344859|           0.025066|         0.768448
405  |*i_0_0_229               |            0.318177|             0.107243|           0.024415|         0.449834
406  |*i_0_0_230               |            0.523223|             0.411617|           0.021200|         0.956039
407  |*i_0_0_300               |            0.523557|             0.411617|           0.021200|         0.956374
408  |*i_0_0_231               |            0.592111|             0.618870|           0.022695|         1.233675
409  |*i_0_0_265               |            0.251288|             1.025550|           0.014353|         1.291191
410  |*i_0_0_298               |            0.929126|             2.920046|           0.014353|         3.863525
411  |*i_0_0_305               |            1.029130|             1.457717|           0.014353|         2.501200
412  |*i_0_0_299               |            0.849101|             4.301546|           0.014353|         5.164999
413  |*i_0_0_301               |            0.237545|             0.425101|           0.014353|         0.677000
414  |*i_0_0_302               |            0.176763|             2.667421|           0.014353|         2.858537
415  |*i_0_0_303               |            0.179479|             0.874123|           0.014353|         1.067955
416  |*i_0_0_304               |            0.196579|             0.158152|           0.014353|         0.369084
417  |*i_0_0_306               |            0.335322|             2.305526|           0.032612|         2.673461
418  |*i_0_0_307               |            0.104548|             2.509365|           0.014353|         2.628266
419  |*i_0_0_308               |            0.147890|             2.062775|           0.021200|         2.231865
420  |*i_0_0_309               |            0.289585|             4.066664|           0.017393|         4.373642
421  |*i_0_0_310               |            0.301052|            25.985577|           0.021200|        26.307829
422  |                         |                    |                     |                   |                 
423  |*TOTAL                   |          504.296143|          1091.225586|          29.363155|      1624.885010
-----+-------------------------+--------------------+---------------------+-------------------+-----------------
