Report for group default
------------------------------------------------------------------------------------------------------------------------------------------------------------
Startpoint: multiplicand_reg[0]/Q
    (Clocked by sysclk R)
Endpoint: accumulator_reg[30]/D
    (Clocked by sysclk R)
Path Group: default
Data required time: 1969.1
    (Clock shift: 2000.0, minus Uncertainty: 0.0, plus Latency 0.0, minus Setup time: 30.9)
Data arrival time: 1105.5
Slack: 863.6
Logic depth: 22
------------------------------------------------------------------------------------------------------------------------------------------------------------
                                                     Arrival               Arc      Net               Net    Total   fan-                                   
Path                     Module/Cell           Edge     Time    Delay    Delay    Delay     Slew     Load     Load    out     Location Power Domain      (V)
                                                        (ps)     (ps)     (ps)     (ps)     (ps)     (ff)     (ff)    (#)      (um,um)                      
------------------------------------------------------------------------------------------------------------------------------------------------------------
clk                      {create_clock}           r      0.0      0.0      0.0                        0.0      0.0      3    55,  108                       
clk_gate_accumulator_reg/CK->GCK
                         CLKGATETST_X1           rr      0.0      0.0      0.0      0.0      0.0      0.0      0.0     68    54,   54  /PD_TOP        (1.10)
multiplicand_reg[0]/CK->Q
                         DFF_X1*                 rf    143.0    143.0    143.0      0.0      0.0     23.2    126.2     37    54,   54  /PD_TOP        (1.10)
i_0_0_267/A2->ZN         AND2_X4                 ff    180.1     37.1     36.4      0.7     15.3      1.9     13.9      3    54,   54  /PD_TOP        (1.10)
i_0_5/i_192/A1->ZN       NOR2_X4                 fr    203.1     23.0     23.0      0.0      8.0      0.7      4.6      1    54,   54  /PD_TOP        (1.10)
i_0_5/i_189/A->ZN        AOI21_X4                rf    219.5     16.4     16.4      0.0     15.7      1.5      8.6      2    54,   54  /PD_TOP        (1.10)
i_0_5/i_188/B2->ZN       OAI22_X4                fr    268.5     49.0     49.0      0.0      9.4      1.5      8.7      2    54,   54  /PD_TOP        (1.10)
i_0_5/i_187/A->ZN        OAI21_X4                rf    293.1     24.6     24.6      0.0     35.7      0.7      4.6      1    54,   54  /PD_TOP        (1.10)
i_0_5/i_186/A2->ZN       NAND2_X4                fr    315.5     22.4     22.4      0.0      9.5      2.0     13.2      3    54,   54  /PD_TOP        (1.10)
i_0_5/i_180/A3->ZN       NOR3_X4                 rf    328.3     12.8     12.8      0.0     14.2      0.8      4.6      1    54,   54  /PD_TOP        (1.10)
i_0_5/i_172/A4->ZN       NOR4_X4                 fr    432.8    104.5    104.5      0.0      6.7      2.2     13.2      3    54,   54  /PD_TOP        (1.10)
i_0_5/i_166/A3->ZN       NOR3_X4                 rf    451.0     18.2     18.2      0.0     64.3      0.8      4.6      1    54,   54  /PD_TOP        (1.10)
i_0_5/i_158/A4->ZN       NOR4_X4                 fr    556.0    105.0    105.0      0.0      6.7      2.2     13.4      3    54,   54  /PD_TOP        (1.10)
i_0_5/i_152/A3->ZN       NOR3_X4                 rf    574.2     18.2     18.2      0.0     64.7      0.8      4.6      1    54,   54  /PD_TOP        (1.10)
i_0_5/i_144/A4->ZN       NOR4_X4                 fr    679.2    105.0    105.0      0.0      6.7      2.2     13.4      3    54,   54  /PD_TOP        (1.10)
i_0_5/i_138/A3->ZN       NOR3_X4                 rf    697.4     18.2     18.2      0.0     64.7      0.8      4.6      1    54,   54  /PD_TOP        (1.10)
i_0_5/i_130/A4->ZN       NOR4_X4                 fr    815.3    117.9    117.9      0.0      6.7      2.9     18.1      4    54,   54  /PD_TOP        (1.10)
i_0_5/i_114/A3->ZN       NOR3_X4                 rf    833.9     18.6     18.5      0.1     76.2      0.8      4.6      1    54,   54  /PD_TOP        (1.10)
i_0_5/i_98/A4->ZN        NOR4_X4                 fr    925.9     92.0     92.0      0.0      6.7      1.5      8.6      2    54,   54  /PD_TOP        (1.10)
i_0_5/i_96/B1->ZN        AOI21_X4*               rf    970.9     45.0     45.0      0.0     53.2      2.3     35.4      3    54,   54  /PD_TOP        (1.10)
i_0_5/i_95/A->ZN         INV_X8                  fr    985.8     14.9     14.9      0.0     15.3      1.4      9.9      2    54,   54  /PD_TOP        (1.10)
i_0_5/i_89/A3->ZN        NAND3_X4                rf   1005.7     19.9     19.9      0.0      6.7      0.8      3.4      1    54,   54  /PD_TOP        (1.10)
i_0_5/i_88/A->ZN         OAI221_X2               fr   1031.1     25.4     25.4      0.0     10.3      0.8      4.5      1    54,   54  /PD_TOP        (1.10)
i_0_5/i_87/B->ZN         XNOR2_X2                rr   1075.8     44.7     44.7      0.0     41.2      0.6      2.7      1    54,   54  /PD_TOP        (1.10)
i_0_0_264/A1->ZN         AND2_X4                 rr   1105.5     29.7     29.7      0.0     19.5      0.7      1.8      1    54,   54  /PD_TOP        (1.10)
accumulator_reg[30]/D    DFF_X1                   r   1105.5      0.0               0.0      6.5                             54,   54  /PD_TOP        (1.10)
------------------------------------------------------------------------------------------------------------------------------------------------------------
Report for group I2R
------------------------------------------------------------------------------------------------------------------------------------------------------------
Startpoint: B[1]
    (Clocked by rtDefaultClock R)
Endpoint: multiplicand_reg[28]/D
    (Clocked by sysclk R)
Path Group: I2R
Data required time: 1962.0
    (Clock shift: 2000.0, minus Uncertainty: 0.0, plus Latency 0.0, minus Setup time: 38.0)
Data arrival time: 1265.8
Slack: 696.2
Logic depth: 21
------------------------------------------------------------------------------------------------------------------------------------------------------------
                                                     Arrival               Arc      Net               Net    Total   fan-                                   
Path                     Module/Cell           Edge     Time    Delay    Delay    Delay     Slew     Load     Load    out     Location Power Domain      (V)
                                                        (ps)     (ps)     (ps)     (ps)     (ps)     (ff)     (ff)    (#)      (um,um)                      
------------------------------------------------------------------------------------------------------------------------------------------------------------
B[1]                     {set_input_delay}        f    200.0    200.0    200.0                        9.4     21.3      4    55,  108                       
i_0_9/i_60/A2->ZN        OR3_X4                  ff    305.6    105.6    104.7      0.9    100.0      1.9      9.6      3    54,   54  /PD_TOP        (1.10)
i_0_9/i_59/A1->ZN        OR2_X4                  ff    349.5     43.9     43.9      0.0     13.4      1.2      6.8      2    54,   54  /PD_TOP        (1.10)
i_0_9/i_58/A1->ZN        OR2_X4                  ff    394.2     44.7     44.7      0.0      9.0      2.0     11.6      3    54,   54  /PD_TOP        (1.10)
i_0_9/i_57/A1->ZN        OR3_X4                  ff    455.4     61.2     61.2      0.0     10.3      1.9      9.6      3    54,   54  /PD_TOP        (1.10)
i_0_9/i_56/A1->ZN        OR2_X4                  ff    502.0     46.6     46.6      0.0     13.4      2.0     11.6      3    54,   54  /PD_TOP        (1.10)
i_0_9/i_55/A1->ZN        OR3_X4                  ff    564.6     62.6     62.6      0.0     10.3      1.9     11.7      3    54,   54  /PD_TOP        (1.10)
i_0_9/i_54/A1->ZN        NOR2_X4                 fr    595.5     30.9     30.9      0.0     14.0      1.2      8.7      2    54,   54  /PD_TOP        (1.10)
i_0_9/i_53/A1->ZN        NAND2_X4                rf    617.0     21.5     21.5      0.0     20.5      1.9     13.7      3    54,   54  /PD_TOP        (1.10)
i_0_9/i_51/A1->ZN        NOR3_X4                 fr    660.7     43.7     43.7      0.0     10.7      1.3      8.8      2    54,   54  /PD_TOP        (1.10)
i_0_9/i_50/A1->ZN        NAND2_X4                rf    684.3     23.6     23.6      0.0     35.7      2.0     11.6      3    54,   54  /PD_TOP        (1.10)
i_0_9/i_49/A1->ZN        OR3_X4                  ff    745.3     61.0     61.0      0.0      9.8      1.9      9.6      3    54,   54  /PD_TOP        (1.10)
i_0_9/i_48/A1->ZN        OR2_X4                  ff    795.4     50.1     50.1      0.0     13.4      2.7     18.7      4    54,   54  /PD_TOP        (1.10)
i_0_9/i_45/A1->ZN        NOR4_X4                 fr    854.3     58.9     58.9      0.0     12.1      1.4      8.9      2    54,   54  /PD_TOP        (1.10)
i_0_9/i_44/A1->ZN        NAND2_X4                rf    875.5     21.2     21.2      0.0     53.8      1.2      6.8      2    54,   54  /PD_TOP        (1.10)
i_0_9/i_43/A1->ZN        OR2_X4                  ff    921.0     45.5     45.5      0.0      8.0      1.9     13.7      3    54,   54  /PD_TOP        (1.10)
i_0_9/i_41/A1->ZN        NOR3_X4                 fr    964.8     43.8     43.8      0.0     10.8      1.3      8.8      2    54,   54  /PD_TOP        (1.10)
i_0_9/i_40/A1->ZN        NAND2_X4                rf    988.4     23.6     23.6      0.0     35.7      2.0     11.6      3    54,   54  /PD_TOP        (1.10)
i_0_9/i_39/A1->ZN        OR3_X4                  ff   1056.5     68.1     68.1      0.0      9.8      3.4     21.5      5    54,   54  /PD_TOP        (1.10)
i_0_9/i_32/B->Z          XOR2_X2                 ff   1117.0     60.5     60.4      0.1     16.7      0.8      3.3      1    54,   54  /PD_TOP        (1.10)
i_0_0_159/B2->ZN         AOI222_X4               fr   1259.5    142.5    142.5      0.0     12.0      0.8     26.2      1    54,   54  /PD_TOP        (1.10)
i_0_0_158/A->ZN          INV_X8                  rf   1265.8      6.3      6.3      0.0     18.6      0.7      1.8      1    54,   54  /PD_TOP        (1.10)
multiplicand_reg[28]/D   DFF_X1                   f   1265.8      0.0               0.0      3.2                             54,   54  /PD_TOP        (1.10)
------------------------------------------------------------------------------------------------------------------------------------------------------------
Report for group I2O
Report for group R2O
