Report 'report_mcmm_variation': MCMM Variation
Generated on Thu Dec 22 21:30:20 2022
  
-------------------------------------------------------------------
|     MCMM variability report for design 'boothAlgoR4' (nano)     |
|-----------------------------------------------------------------|
| MODE     CORNER     WNS     TNS      #Endpts WHS THS    #Endpts | 
|-----------------------------------------------------------------|
| new_mode corner_0_0 -0.4140 -25.6540 81      --- 0.0000 0       | 
-------------------------------------------------------------------


info UI33: performed report_mcmm_variation for 0 sec (CPU time: 0 sec; MEM: RSS - 479M, CVMEM - 2170M, PVMEM - 2467M)
Report 'report_path_group': Path Group
Generated on Thu Dec 22 21:30:20 2022
  
----------------------------------------------------------------------------------------------------------------------
|                                             PATH GROUPS (SETUP) (nano)                                             |
|--------------------------------------------------------------------------------------------------------------------|
|                 | QOR Weight Margin TNS Range Endpoints Violating Endpoints Violating Endpoints % WNS     TNS      | 
|--------------------------------------------------------------------------------------------------------------------|
| **global**      |     1             0.2000    194       81                  42                    -0.4140 -25.6540 | 
| **qor**         |     1             0.2000    194       81                  42                    -0.4140 -25.6540 | 
| **outputs**     | *   1             0.2000    65        64                  98                    -0.4140 -25.5770 | 
| sysclk_new_mode | *   1             0.2000    64        17                  27                    -0.0070 -0.0770  | 
----------------------------------------------------------------------------------------------------------------------


info UI33: performed report_path_group for 0 sec (CPU time: 0 sec; MEM: RSS - 479M, CVMEM - 2170M, PVMEM - 2467M)
SLACK HISTOGRAM
---------------
Select : SELECT_LATE

-----------------------------------------------
| Slack             # End Pts Total # End Pts | 
|---------------------------------------------|
| -0.4200 - -0.4135 2         2               | 
| -0.4125 - -0.4060 18        20              | 
| -0.4050 - -0.3985 22        42              | 
| -0.3975 - -0.3910 18        60              | 
| -0.3900 - -0.3835 1         61              | 
| -0.3825 - -0.3760 3         64              | 
| -0.3750 - -0.3685 0         64              | 
| -0.3675 - -0.3610 0         64              | 
| -0.3600 - -0.3535 0         64              | 
| -0.3525 - -0.3460 0         64              | 
| -0.3450 - -0.3385 0         64              | 
| -0.3375 - -0.3310 0         64              | 
| -0.3300 - -0.3235 0         64              | 
| -0.3225 - -0.3160 0         64              | 
| -0.3150 - -0.3085 0         64              | 
| -0.3075 - -0.3010 0         64              | 
| -0.3000 - -0.2935 0         64              | 
| -0.2925 - -0.2860 0         64              | 
| -0.2850 - -0.2785 0         64              | 
| -0.2775 - -0.2710 0         64              | 
| -0.2700 - -0.2635 0         64              | 
| -0.2625 - -0.2560 0         64              | 
| -0.2550 - -0.2485 0         64              | 
| -0.2475 - -0.2410 0         64              | 
| -0.2400 - -0.2335 0         64              | 
| -0.2325 - -0.2260 0         64              | 
| -0.2250 - -0.2185 0         64              | 
| -0.2175 - -0.2110 0         64              | 
| -0.2100 - -0.2035 0         64              | 
| -0.2025 - -0.1960 0         64              | 
| -0.1950 - -0.1885 0         64              | 
| -0.1875 - -0.1810 0         64              | 
| -0.1800 - -0.1735 0         64              | 
| -0.1725 - -0.1660 0         64              | 
| -0.1650 - -0.1585 0         64              | 
| -0.1575 - -0.1510 0         64              | 
| -0.1500 - -0.1435 0         64              | 
| -0.1425 - -0.1360 0         64              | 
| -0.1350 - -0.1285 0         64              | 
| -0.1275 - -0.1210 0         64              | 
| -0.1200 - -0.1135 0         64              | 
| -0.1125 - -0.1060 0         64              | 
| -0.1050 - -0.0985 0         64              | 
| -0.0975 - -0.0910 0         64              | 
| -0.0900 - -0.0835 0         64              | 
| -0.0825 - -0.0760 0         64              | 
| -0.0750 - -0.0685 0         64              | 
| -0.0675 - -0.0610 0         64              | 
| -0.0600 - -0.0535 0         64              | 
| -0.0525 - -0.0460 0         64              | 
| -0.0450 - -0.0385 0         64              | 
| -0.0375 - -0.0310 0         64              | 
| -0.0300 - -0.0235 0         64              | 
| -0.0225 - -0.0160 0         64              | 
| -0.0150 - -0.0085 0         64              | 
| -0.0075 - -0.0010 17        81              | 
| 0.0000 - 0.9990   113       194             | 
-----------------------------------------------


info UI33: performed report_slack_histogram for 0 sec (CPU time: 0 sec; MEM: RSS - 479M, CVMEM - 2170M, PVMEM - 2467M)
Report 'report_path_group': Path Group
Generated on Thu Dec 22 21:30:20 2022
  
-------------------------------------------------------------------------------------------
|                                PATH GROUPS (HOLD) (nano)                                |
|-----------------------------------------------------------------------------------------|
| QOR Weight Margin TNS Range Endpoints Violating Endpoints Violating Endpoints % WNS TNS | 
-------------------------------------------------------------------------------------------


info UI33: performed report_path_group for 0 sec (CPU time: 0 sec; MEM: RSS - 479M, CVMEM - 2170M, PVMEM - 2467M)
SLACK HISTOGRAM
---------------
Select : SELECT_EARLY

---------------------------------------------
| Slack           # End Pts Total # End Pts | 
|-------------------------------------------|
| 0.0000 - 2.4990 194       194             | 
---------------------------------------------


info UI33: performed report_slack_histogram for 0 sec (CPU time: 0 sec; MEM: RSS - 479M, CVMEM - 2170M, PVMEM - 2467M)
