Report 'report_power_summary': Power
Generated on Thu Dec 22 21:36:16 2022
  
--------------------------------------------------------------------------
|                        Power Summary (nanowatt)                        |
|------------------------------------------------------------------------|
| Component          Internal Switching  Dynamic Leakage  Total  Percent | 
|------------------------------------------------------------------------|
| Entire design        151524     59677   211201  172047  383249  100.00 | 
|                                                                        | 
| Power of all cells   151524     35506   187030  172047  359077   93.69 | 
|   Clock cells          7400      6883    14282     176   14459    3.77 | 
|   Data cells         144120     28623   172743  171871  344614   89.92 | 
|     Combinational         0         0        0  166510  166510   43.45 | 
|     Registers        144120     28623   172743    5361  178103   46.47 | 
|     Macros                0         0        0       0       0    0.00 | 
|     Physical              0         0        0       0       0    0.00 | 
|                                                                        | 
| Power of all nets               24172    24172           24172    6.31 | 
|   Clock nets                    24172    24172           24172    6.31 | 
|     Clock leaves                18942    18942           18942    4.94 | 
|   Data nets                         0        0               0    0.00 | 
--------------------------------------------------------------------------


info UI33: performed report_power_summary for 0 sec (CPU time: 0 sec; MEM: RSS - 560M, CVMEM - 2170M, PVMEM - 2467M)
------------------------------------------------------------------------------------------------------------------------------------------------
| Corner     Enable Setup Hold  CRPR       SI    Power            EM   Voltage Drop DRC        Process                    RC Temp Scale Factor | 
|----------------------------------------------------------------------------------------------------------------------------------------------|
| slow       false  true  false setup_hold none  leakage          none none         trans, cap new_rcmaster_techFreePDK45 25      1            | 
| fast       false  false false setup_hold none  leakage          none none         trans, cap new_rcmaster_techFreePDK45 25      1            | 
| corner_0_0 true   true  true  setup_hold delay leakage, dynamic none none         trans, cap new_rcmaster_techFreePDK45 25      1            | 
------------------------------------------------------------------------------------------------------------------------------------------------


