Report 'report_mcmm_variation': MCMM Variation
Generated on Thu Dec 22 21:28:14 2022
  
------------------------------------------------------------------------
|       MCMM variability report for design 'boothAlgoR4' (nano)        |
|----------------------------------------------------------------------|
| MODE     CORNER     WNS     TNS      #Endpts WHS     THS     #Endpts | 
|----------------------------------------------------------------------|
| new_mode corner_0_0 -0.4140 -26.9430 126     -0.8010 -0.8010 1       | 
------------------------------------------------------------------------


info UI33: performed report_mcmm_variation for 0 sec (CPU time: 0 sec; MEM: RSS - 495M, CVMEM - 2209M, PVMEM - 2467M)
Report 'report_path_group': Path Group
Generated on Thu Dec 22 21:28:14 2022
  
----------------------------------------------------------------------------------------------------------------------
|                                             PATH GROUPS (SETUP) (nano)                                             |
|--------------------------------------------------------------------------------------------------------------------|
|                 | QOR Weight Margin TNS Range Endpoints Violating Endpoints Violating Endpoints % WNS     TNS      | 
|--------------------------------------------------------------------------------------------------------------------|
| **global**      |     1             0.2000    194       126                 65                    -0.4140 -26.9430 | 
| **qor**         |     1             0.2000    194       126                 65                    -0.4140 -26.9430 | 
| **outputs**     | *   1             0.2000    65        64                  98                    -0.4140 -24.8570 | 
| sysclk_new_mode | *   1             0.2000    64        62                  97                    -0.0440 -2.0860  | 
----------------------------------------------------------------------------------------------------------------------


info UI33: performed report_path_group for 0 sec (CPU time: 0 sec; MEM: RSS - 495M, CVMEM - 2209M, PVMEM - 2467M)
SLACK HISTOGRAM
---------------
Select : SELECT_LATE

-----------------------------------------------
| Slack             # End Pts Total # End Pts | 
|---------------------------------------------|
| -0.4200 - -0.4135 1         1               | 
| -0.4125 - -0.4060 5         6               | 
| -0.4050 - -0.3985 0         6               | 
| -0.3975 - -0.3910 5         11              | 
| -0.3900 - -0.3835 50        61              | 
| -0.3825 - -0.3760 3         64              | 
| -0.3750 - -0.3685 0         64              | 
| -0.3675 - -0.3610 0         64              | 
| -0.3600 - -0.3535 0         64              | 
| -0.3525 - -0.3460 0         64              | 
| -0.3450 - -0.3385 0         64              | 
| -0.3375 - -0.3310 0         64              | 
| -0.3300 - -0.3235 0         64              | 
| -0.3225 - -0.3160 0         64              | 
| -0.3150 - -0.3085 0         64              | 
| -0.3075 - -0.3010 0         64              | 
| -0.3000 - -0.2935 0         64              | 
| -0.2925 - -0.2860 0         64              | 
| -0.2850 - -0.2785 0         64              | 
| -0.2775 - -0.2710 0         64              | 
| -0.2700 - -0.2635 0         64              | 
| -0.2625 - -0.2560 0         64              | 
| -0.2550 - -0.2485 0         64              | 
| -0.2475 - -0.2410 0         64              | 
| -0.2400 - -0.2335 0         64              | 
| -0.2325 - -0.2260 0         64              | 
| -0.2250 - -0.2185 0         64              | 
| -0.2175 - -0.2110 0         64              | 
| -0.2100 - -0.2035 0         64              | 
| -0.2025 - -0.1960 0         64              | 
| -0.1950 - -0.1885 0         64              | 
| -0.1875 - -0.1810 0         64              | 
| -0.1800 - -0.1735 0         64              | 
| -0.1725 - -0.1660 0         64              | 
| -0.1650 - -0.1585 0         64              | 
| -0.1575 - -0.1510 0         64              | 
| -0.1500 - -0.1435 0         64              | 
| -0.1425 - -0.1360 0         64              | 
| -0.1350 - -0.1285 0         64              | 
| -0.1275 - -0.1210 0         64              | 
| -0.1200 - -0.1135 0         64              | 
| -0.1125 - -0.1060 0         64              | 
| -0.1050 - -0.0985 0         64              | 
| -0.0975 - -0.0910 0         64              | 
| -0.0900 - -0.0835 0         64              | 
| -0.0825 - -0.0760 0         64              | 
| -0.0750 - -0.0685 0         64              | 
| -0.0675 - -0.0610 0         64              | 
| -0.0600 - -0.0535 0         64              | 
| -0.0525 - -0.0460 0         64              | 
| -0.0450 - -0.0385 21        85              | 
| -0.0375 - -0.0310 26        111             | 
| -0.0300 - -0.0235 10        121             | 
| -0.0225 - -0.0160 2         123             | 
| -0.0150 - -0.0085 3         126             | 
| -0.0075 - -0.0010 0         126             | 
| 0.0000 - 2.4990   68        194             | 
-----------------------------------------------


info UI33: performed report_slack_histogram for 0 sec (CPU time: 0 sec; MEM: RSS - 495M, CVMEM - 2209M, PVMEM - 2467M)
Report 'report_path_group': Path Group
Generated on Thu Dec 22 21:28:14 2022
  
----------------------------------------------------------------------------------------------------------------------
|                                             PATH GROUPS (HOLD) (nano)                                              |
|--------------------------------------------------------------------------------------------------------------------|
|                  | QOR Weight Margin TNS Range Endpoints Violating Endpoints Violating Endpoints % WNS     TNS     | 
|--------------------------------------------------------------------------------------------------------------------|
| **global**       |     1             0.2000    194       1                   0.52                  -0.8010 -0.8010 | 
| **qor**          |     1             0.2000    194       1                   0.52                  -0.8010 -0.8010 | 
| **clock_gating** | *   1             0.2000    1         1                   100                   -0.8010 -0.8010 | 
----------------------------------------------------------------------------------------------------------------------


info UI33: performed report_path_group for 0 sec (CPU time: 0 sec; MEM: RSS - 495M, CVMEM - 2209M, PVMEM - 2467M)
SLACK HISTOGRAM
---------------
Select : SELECT_EARLY

-----------------------------------------------
| Slack             # End Pts Total # End Pts | 
|---------------------------------------------|
| -0.8250 - -0.8010 1         1               | 
| -0.8000 - -0.7760 0         1               | 
| -0.7750 - -0.7510 0         1               | 
| -0.7500 - -0.7260 0         1               | 
| -0.7250 - -0.7010 0         1               | 
| -0.7000 - -0.6760 0         1               | 
| -0.6750 - -0.6510 0         1               | 
| -0.6500 - -0.6260 0         1               | 
| -0.6250 - -0.6010 0         1               | 
| -0.6000 - -0.5760 0         1               | 
| -0.5750 - -0.5510 0         1               | 
| -0.5500 - -0.5260 0         1               | 
| -0.5250 - -0.5010 0         1               | 
| -0.5000 - -0.4760 0         1               | 
| -0.4750 - -0.4510 0         1               | 
| -0.4500 - -0.4260 0         1               | 
| -0.4250 - -0.4010 0         1               | 
| -0.4000 - -0.3760 0         1               | 
| -0.3750 - -0.3510 0         1               | 
| -0.3500 - -0.3260 0         1               | 
| -0.3250 - -0.3010 0         1               | 
| -0.3000 - -0.2760 0         1               | 
| -0.2750 - -0.2510 0         1               | 
| -0.2500 - -0.2260 0         1               | 
| -0.2250 - -0.2010 0         1               | 
| -0.2000 - -0.1760 0         1               | 
| -0.1750 - -0.1510 0         1               | 
| -0.1500 - -0.1260 0         1               | 
| -0.1250 - -0.1010 0         1               | 
| -0.1000 - -0.0760 0         1               | 
| -0.0750 - -0.0510 0         1               | 
| -0.0500 - -0.0260 0         1               | 
| -0.0250 - -0.0010 0         1               | 
| 0.0000 - 2.4990   193       194             | 
-----------------------------------------------


info UI33: performed report_slack_histogram for 0 sec (CPU time: 0 sec; MEM: RSS - 495M, CVMEM - 2209M, PVMEM - 2467M)
