Report 'report_power_summary': Power
Generated on Thu Dec 22 21:28:15 2022
  
--------------------------------------------------------------------------
|                        Power Summary (nanowatt)                        |
|------------------------------------------------------------------------|
| Component          Internal Switching  Dynamic Leakage  Total  Percent | 
|------------------------------------------------------------------------|
| Entire design        265082     52783   317865  183451  501317  100.00 | 
|                                                                        | 
| Power of all cells   265082     35032   300114  183451  483566   96.46 | 
|   Clock cells          5635      6411    12046     165   12212    2.44 | 
|   Data cells         259416     28621   288037  183286  471323   94.02 | 
|     Combinational         0         0        0  178033  178033   35.51 | 
|     Registers        259416     28621   288037    5253  293290   58.50 | 
|     Macros                0         0        0       0       0    0.00 | 
|     Physical              0         0        0       0       0    0.00 | 
|                                                                        | 
| Power of all nets               17751    17751           17751    3.54 | 
|   Clock nets                    17751    17751           17751    3.54 | 
|     Clock leaves                16237    16237           16237    3.24 | 
|   Data nets                         0        0               0    0.00 | 
--------------------------------------------------------------------------


info UI33: performed report_power_summary for 0 sec (CPU time: 0 sec; MEM: RSS - 499M, CVMEM - 2209M, PVMEM - 2467M)
-----------------------------------------------------------------------------------------------------------------------------------------------
| Corner     Enable Setup Hold  CRPR       SI   Power            EM   Voltage Drop DRC        Process                    RC Temp Scale Factor | 
|---------------------------------------------------------------------------------------------------------------------------------------------|
| slow       false  true  false setup_hold none leakage          none none         trans, cap new_rcmaster_techFreePDK45 25      1            | 
| fast       false  false false setup_hold none leakage          none none         trans, cap new_rcmaster_techFreePDK45 25      1            | 
| corner_0_0 true   true  true  setup_hold none leakage, dynamic none none         trans, cap new_rcmaster_techFreePDK45 25      1            | 
-----------------------------------------------------------------------------------------------------------------------------------------------


