Report Physical info: 
------------------------+-------------+-----------+------------
                        |             |Area (squm)|Leakage (uW)
------------------------+-------------+-----------+------------
Design Name             |FPU_VA       |           |            
  Total Instances       |          858|       1065|      24.345
    Macros              |            0|          0|       0.000
    Pads                |            0|          0|       0.000
    Phys                |            0|          0|       0.000
    Blackboxes          |            0|          0|       0.000
    Cells               |          858|       1065|      24.345
      Buffers           |            0|          0|       0.000
      Inverters         |          189|        101|       2.713
      Clock-Gates       |            0|          0|       0.000
      Combinational     |          669|        965|      21.632
      Latches           |            0|          0|       0.000
      FlipFlops         |            0|          0|       0.000
       Single-Bit FF    |            0|          0|       0.000
       Multi-Bit FF     |            0|          0|       0.000
       Clock-Gated      |            0|           |            
       Bits             |            0|          0|       0.000
         Load-Enabled   |            0|           |            
         Clock-Gated    |            0|           |            
  Tristate Pin Count    |            0|           |            
Physical Info           |Placed       |           |            
  Chip Size (mm x mm)   |0.102 x 0.102|      10431|            
  Fixed Cell Area       |             |          0|            
    Phys Only           |            0|          0|            
  Placeable Area        |             |       1764|            
  Movable Cell Area     |             |       1065|            
  Utilization (%)       |           60|           |            
  Chip Utilization (%)  |           60|           |            
  Total Wire Length (mm)|        5.113|           |            
  Longest Wire (mm)     |        0.057|           |            
  Average Wire (mm)     |        0.053|           |            
------------------------+-------------+-----------+------------
