warning: No library characterized for (process = 1.00 voltage = 0.85 temperature = 25.00) can be found in the database for power domain '/PD_TOP'  [NL-174]
Report Power (instances with prefix '*' are included in total) : 
-----+----------+--------------------+---------------------+-------------------+-----------------
     | Instance | Internal Power(uw) | Switching Power(uw) | Leakage Power(uw) | Total Power(uw) 
-----+----------+--------------------+---------------------+-------------------+-----------------
1    |*add1     |           27.991646|           124.382019|           0.606098|       152.979767
2    |*add2     |           83.152031|           198.223373|           1.969818|       283.345245
3    |*i_0_3    |           31.900087|            58.596100|           1.470861|        91.967056
4    |*i_0_16   |           52.371498|           181.721619|           1.317109|       235.410217
5    |*i_0_19   |           26.008329|            41.464382|           1.301777|        68.774490
6    |*i_0_0_0  |            2.355188|             2.615554|           0.061230|         5.031971
7    |*i_0_0_1  |            3.558912|             2.550215|           0.075762|         6.184888
8    |*i_0_0_2  |            3.584165|             2.569182|           0.075762|         6.229110
9    |*i_0_0_3  |            3.339184|             2.433414|           0.075762|         5.848360
10   |*i_0_0_4  |            3.556024|             2.535876|           0.075762|         6.167662
11   |*i_0_0_5  |            3.578203|             2.561595|           0.075762|         6.215561
12   |*i_0_0_6  |            3.597369|             2.642448|           0.075762|         6.315580
13   |*i_0_0_7  |            2.417761|             2.178594|           0.061230|         4.657585
14   |*i_0_0_8  |            2.225330|             1.776912|           0.061230|         4.063472
15   |*i_0_0_9  |            2.161442|             1.561032|           0.061230|         3.783704
16   |*i_0_0_10 |            2.158247|             1.458889|           0.061230|         3.678365
17   |*i_0_0_11 |            2.153172|             1.412724|           0.061230|         3.627126
18   |*i_0_0_12 |            2.160700|             1.390810|           0.061230|         3.612740
19   |*i_0_0_13 |            0.975389|             1.268309|           0.027858|         2.271556
20   |*i_0_0_14 |            0.564218|             2.706117|           0.021200|         3.291534
21   |*i_0_0_15 |            0.677784|             1.340943|           0.014353|         2.033080
22   |*i_0_0_16 |            1.166411|             7.871133|           0.034026|         9.071570
23   |*i_0_0_17 |            0.669335|             1.324227|           0.014353|         2.007915
24   |*i_0_0_18 |            1.154814|             7.773016|           0.034026|         8.961856
25   |*i_0_0_19 |            0.673559|             1.332585|           0.014353|         2.020497
26   |*i_0_0_20 |            1.159606|             7.822073|           0.034026|         9.015704
27   |*i_0_0_21 |            0.672506|             1.330501|           0.014353|         2.017361
28   |*i_0_0_22 |            1.157707|             7.809844|           0.034026|         9.001577
29   |*i_0_0_23 |            0.671885|             1.329272|           0.014353|         2.015510
30   |*i_0_0_24 |            1.156451|             7.802627|           0.034026|         8.993104
31   |*i_0_0_25 |            0.670618|             1.326765|           0.014353|         2.011736
32   |*i_0_0_26 |            1.157273|             7.787913|           0.034026|         8.979212
33   |*i_0_0_27 |            0.671322|             1.328157|           0.014353|         2.013832
34   |*i_0_0_28 |            1.151708|             7.796084|           0.034026|         8.981818
35   |*i_0_0_29 |            0.671205|             1.327927|           0.014353|         2.013486
36   |*i_0_0_30 |            1.155190|             7.794736|           0.034026|         8.983952
37   |*i_0_0_31 |            0.670974|             1.327469|           0.014353|         2.012796
38   |*i_0_0_32 |            1.157947|             7.792046|           0.034026|         8.984019
39   |*i_0_0_33 |            0.671103|             1.327725|           0.014353|         2.013181
40   |*i_0_0_34 |            1.155064|             7.793545|           0.034026|         8.982635
41   |*i_0_0_35 |            0.671082|             1.327683|           0.014353|         2.013119
42   |*i_0_0_36 |            1.154178|             7.793303|           0.034026|         8.981506
43   |*i_0_0_37 |            0.671070|             1.327660|           0.014353|         2.013084
44   |*i_0_0_38 |            1.155050|             7.793167|           0.034026|         8.982243
45   |*i_0_0_39 |            0.671064|             1.327647|           0.014353|         2.013064
46   |*i_0_0_40 |            1.154887|             7.793091|           0.034026|         8.982004
47   |*i_0_0_41 |            0.671060|             1.327640|           0.014353|         2.013053
48   |*i_0_0_42 |            1.154636|             7.793047|           0.034026|         8.981709
49   |*i_0_0_43 |            0.671058|             1.327636|           0.014353|         2.013047
50   |*i_0_0_44 |            1.153897|             7.793023|           0.034026|         8.980946
51   |*i_0_0_45 |            0.671057|             1.327634|           0.014353|         2.013043
52   |*i_0_0_46 |            1.155025|             7.793010|           0.034026|         8.982061
53   |*i_0_0_47 |            0.671056|             1.327632|           0.014353|         2.013041
54   |*i_0_0_48 |            1.154873|             7.793003|           0.034026|         8.981901
55   |*i_0_0_49 |            0.671056|             1.327631|           0.014353|         2.013040
56   |*i_0_0_50 |            1.154628|             7.792997|           0.034026|         8.981651
57   |*i_0_0_51 |            0.671056|             1.327631|           0.014353|         2.013040
58   |*i_0_0_52 |            1.154128|             7.792995|           0.034026|         8.981149
59   |*i_0_0_53 |            0.671055|             1.327631|           0.014353|         2.013039
60   |*i_0_0_54 |            1.155022|             7.792994|           0.034026|         8.982042
61   |*i_0_0_55 |            0.671055|             1.327631|           0.014353|         2.013039
62   |*i_0_0_56 |            1.151760|             7.792993|           0.034026|         8.978779
63   |*i_0_0_57 |            0.671055|             1.327631|           0.014353|         2.013039
64   |*i_0_0_58 |            1.154627|             7.792993|           0.034026|         8.981646
65   |*i_0_0_59 |            1.188277|             1.353602|           0.022695|         2.564574
66   |*i_0_0_60 |            0.535839|             4.525900|           0.014353|         5.076092
67   |*i_0_0_61 |            1.189554|             7.789416|           0.032612|         9.011582
68   |*i_0_0_62 |            0.533198|             4.850606|           0.014353|         5.398157
69   |*i_0_0_63 |            1.189554|             7.789416|           0.032612|         9.011582
70   |*i_0_0_64 |            0.559903|             3.666605|           0.014353|         4.240860
71   |*i_0_0_65 |            1.189554|             7.789416|           0.032612|         9.011582
72   |*i_0_0_66 |            0.566728|             3.426170|           0.014353|         4.007251
73   |*i_0_0_67 |            1.189554|             7.789416|           0.032612|         9.011582
74   |*i_0_0_68 |            0.566728|             3.426170|           0.014353|         4.007251
75   |*i_0_0_69 |            1.189554|             7.789416|           0.032612|         9.011582
76   |*i_0_0_70 |            0.533127|             4.859349|           0.014353|         5.406828
77   |*i_0_0_71 |            1.189554|             7.789416|           0.032612|         9.011582
78   |*i_0_0_72 |            0.559978|             3.663958|           0.014353|         4.238289
79   |*i_0_0_73 |            1.189554|             7.789416|           0.032612|         9.011582
80   |*i_0_0_74 |            1.107724|             3.491462|           0.034026|         4.633213
81   |*i_0_0_75 |            0.533127|             4.859349|           0.014353|         5.406828
82   |*i_0_0_76 |            1.189554|             7.789416|           0.032612|         9.011582
83   |*i_0_0_77 |            0.559978|             3.663958|           0.014353|         4.238289
84   |*i_0_0_78 |            1.189554|             7.789416|           0.032612|         9.011582
85   |*i_0_0_79 |            0.550084|             4.012521|           0.014353|         4.576958
86   |*i_0_0_80 |            1.189554|             7.789416|           0.032612|         9.011582
87   |*i_0_0_81 |            0.494854|            10.292048|           0.014353|        10.801255
88   |*i_0_0_82 |            1.189554|             7.789416|           0.032612|         9.011582
89   |*i_0_0_83 |            0.566728|             3.426170|           0.014353|         4.007251
90   |*i_0_0_84 |            1.189554|             7.789416|           0.032612|         9.011582
91   |*i_0_0_85 |            0.528779|             5.393840|           0.014353|         5.936972
92   |*i_0_0_86 |            1.189554|             7.789416|           0.032612|         9.011582
93   |*i_0_0_87 |            0.553182|             3.903358|           0.014353|         4.470893
94   |*i_0_0_88 |            1.189554|             7.789416|           0.032612|         9.011582
95   |*i_0_0_89 |            1.149005|            10.358178|           0.034026|        11.541209
96   |*i_0_0_90 |            0.566728|             3.426170|           0.014353|         4.007251
97   |*i_0_0_91 |            1.189554|             7.789416|           0.032612|         9.011582
98   |*i_0_0_92 |            0.528779|             5.393840|           0.014353|         5.936972
99   |*i_0_0_93 |            1.189554|             7.789416|           0.032612|         9.011582
100  |*i_0_0_94 |            0.553182|             3.903358|           0.014353|         4.470893
101  |*i_0_0_95 |            1.189554|             7.789416|           0.032612|         9.011582
102  |*i_0_0_96 |            0.494854|            10.292048|           0.014353|        10.801255
103  |*i_0_0_97 |            1.189554|             7.789416|           0.032612|         9.011582
104  |*i_0_0_98 |            0.566728|             3.426170|           0.014353|         4.007251
105  |*i_0_0_99 |            1.189554|             7.789416|           0.032612|         9.011582
106  |*i_0_0_100|            1.119427|             5.462664|           0.034026|         6.616117
107  |*i_0_0_101|            0.553182|             3.903358|           0.014353|         4.470893
108  |*i_0_0_102|            1.189554|             7.789416|           0.032612|         9.011582
109  |*i_0_0_103|            0.366634|             0.403855|           0.034026|         0.804515
110  |*i_0_0_104|            0.421525|             0.484897|           0.034026|         0.940448
111  |*i_0_0_105|            0.471601|             0.551917|           0.034026|         1.057544
112  |*i_0_0_106|            0.541611|             0.639242|           0.034026|         1.214879
113  |*i_0_0_107|            0.591589|             0.707556|           0.034026|         1.333171
114  |*i_0_0_108|            0.646045|             0.783749|           0.034026|         1.463820
115  |*i_0_0_109|            0.671736|             0.820141|           0.034026|         1.525903
116  |*i_0_0_110|            0.691497|             0.856030|           0.034026|         1.581553
117  |*i_0_0_111|            0.727624|             0.908392|           0.034026|         1.670042
118  |*i_0_0_112|            0.740249|             0.927617|           0.034026|         1.701892
119  |*i_0_0_113|            0.760653|             0.958297|           0.034026|         1.752976
120  |*i_0_0_114|            0.778635|             0.985958|           0.034026|         1.798619
121  |*i_0_0_115|            0.794641|             1.011031|           0.034026|         1.839698
122  |*i_0_0_116|            0.808588|             1.033595|           0.034026|         1.876209
123  |*i_0_0_117|            0.821128|             1.054148|           0.034026|         1.909303
124  |*i_0_0_118|            0.831953|             1.072659|           0.034026|         1.938638
125  |*i_0_0_119|            0.841634|             1.089510|           0.034026|         1.965170
126  |*i_0_0_120|            0.662141|             1.224630|           0.014353|         1.901124
127  |*i_0_0_121|            1.039773|             7.658827|           0.034026|         8.732626
128  |*i_0_0_122|            0.862575|             1.127119|           0.034026|         2.023721
129  |*i_0_0_123|            0.863887|             1.131248|           0.034026|         2.029161
130  |*i_0_0_124|            0.555192|             1.099301|           0.014353|         1.668846
131  |*i_0_0_125|            0.859289|             6.875018|           0.032612|         7.766919
132  |*i_0_0_126|            0.662304|             1.224931|           0.014353|         1.901587
133  |*i_0_0_127|            1.029281|             7.660707|           0.034026|         8.724014
134  |*i_0_0_128|            0.662393|             1.225095|           0.014353|         1.901841
135  |*i_0_0_129|            1.030554|             7.661737|           0.034026|         8.726317
136  |*i_0_0_130|            1.304052|             2.230716|           0.025066|         3.559833
137  |*i_0_0_131|            0.260827|             1.251477|           0.048314|         1.560618
138  |*i_0_0_132|            1.246044|             0.740866|           0.032612|         2.019522
139  |*i_0_0_133|            0.387498|             1.645211|           0.048314|         2.081023
140  |*i_0_0_134|            1.082128|             0.735918|           0.032612|         1.850658
141  |*i_0_0_135|            1.099838|             4.060963|           0.034026|         5.194827
142  |*i_0_0_136|            0.669500|             1.166678|           0.022619|         1.858797
143  |*i_0_0_137|            0.930684|             1.410195|           0.022619|         2.363498
144  |*i_0_0_138|            1.166479|             4.258501|           0.034026|         5.459006
145  |*i_0_0_139|            0.763463|             1.214703|           0.034026|         2.012192
146  |*i_0_0_140|            0.306604|             0.772533|           0.034026|         1.113164
147  |*i_0_0_141|            1.183055|             4.471461|           0.034026|         5.688543
148  |*i_0_0_142|            0.787005|             1.235970|           0.034026|         2.057001
149  |*i_0_0_143|            0.357578|             0.876398|           0.034026|         1.268002
150  |*i_0_0_144|            0.349726|             1.346125|           0.022695|         1.718545
151  |*i_0_0_145|            1.200769|             4.530423|           0.034026|         5.765217
152  |*i_0_0_146|            0.811998|             1.259470|           0.034026|         2.105494
153  |*i_0_0_147|            0.432870|             1.105662|           0.034026|         1.572558
154  |*i_0_0_148|            1.218578|             4.503908|           0.034026|         5.756512
155  |*i_0_0_149|            0.840628|             1.284607|           0.034026|         2.159261
156  |*i_0_0_150|            0.506062|             1.210637|           0.034026|         1.750725
157  |*i_0_0_151|            0.445031|             1.948157|           0.022695|         2.415883
158  |*i_0_0_152|            1.237091|             4.564651|           0.034026|         5.835767
159  |*i_0_0_153|            0.866460|             1.309094|           0.034026|         2.209581
160  |*i_0_0_154|            0.543710|             1.481975|           0.034026|         2.059711
161  |*i_0_0_155|            1.118999|             2.917002|           0.032612|         4.068614
162  |*i_0_0_156|            0.824494|             4.459174|           0.022619|         5.306287
163  |*i_0_0_157|            0.971728|             1.154447|           0.033938|         2.160113
164  |*i_0_0_158|            0.575502|             1.289076|           0.034026|         1.898604
165  |*i_0_0_159|            0.519976|             3.487405|           0.018105|         4.025486
166  |*i_0_0_160|            1.128857|             2.938820|           0.032612|         4.100289
167  |*i_0_0_161|            0.841875|             4.518452|           0.022619|         5.382946
168  |*i_0_0_162|            0.940458|             1.142538|           0.033938|         2.116935
169  |*i_0_0_163|            0.489244|             0.890934|           0.034026|         1.414204
170  |*i_0_0_164|            1.114471|             2.923515|           0.032612|         4.070598
171  |*i_0_0_165|            0.835605|             4.402010|           0.022619|         5.260234
172  |*i_0_0_166|            0.927752|             1.130224|           0.033938|         2.091914
173  |*i_0_0_167|            0.527396|             0.950403|           0.034026|         1.511824
174  |*i_0_0_168|            0.628459|             2.918720|           0.014353|         3.561533
175  |*i_0_0_169|            1.194095|             7.904895|           0.034026|         9.133016
176  |*i_0_0_170|            0.639181|             4.284138|           0.018105|         4.941423
177  |*i_0_0_171|            0.825086|             4.353603|           0.022619|         5.201308
178  |*i_0_0_172|            0.901917|             1.110274|           0.033938|         2.046129
179  |*i_0_0_173|            0.418532|             0.741889|           0.034026|         1.194447
180  |*i_0_0_174|            0.519151|             2.399628|           0.014353|         2.933133
181  |*i_0_0_175|            0.909389|             6.525805|           0.034026|         7.469220
182  |*i_0_0_176|            0.836192|             4.590746|           0.022619|         5.449558
183  |*i_0_0_177|            0.948255|             1.132127|           0.033938|         2.114320
184  |*i_0_0_178|            0.444658|             0.782320|           0.034026|         1.261004
185  |*i_0_0_179|            0.535111|             2.473396|           0.014353|         3.022860
186  |*i_0_0_180|            0.930182|             6.726418|           0.034026|         7.690626
187  |*i_0_0_181|            0.366630|             3.132094|           0.017393|         3.516117
188  |*i_0_0_182|            0.848995|             4.649543|           0.022619|         5.521158
189  |*i_0_0_183|            0.957555|             1.156556|           0.033938|         2.148048
190  |*i_0_0_184|            0.529773|             0.964836|           0.034026|         1.528636
191  |*i_0_0_185|            0.529356|             2.448533|           0.014353|         2.992242
192  |*i_0_0_186|            0.922546|             6.654717|           0.034026|         7.611290
193  |*i_0_0_187|            0.862541|             4.619947|           0.022619|         5.505108
194  |*i_0_0_188|            0.986811|             1.182199|           0.033938|         2.202948
195  |*i_0_0_189|            0.556120|             1.003513|           0.034026|         1.593659
196  |*i_0_0_190|            0.556754|             2.575259|           0.014353|         3.146367
197  |*i_0_0_191|            0.955781|             6.999140|           0.034026|         7.988947
198  |*i_0_0_192|            0.282793|             2.459240|           0.017393|         2.759427
199  |*i_0_0_193|            0.448566|             3.854387|           0.017393|         4.320347
200  |*i_0_0_194|            0.893867|             4.701021|           0.022619|         5.617507
201  |*i_0_0_195|            1.052721|             1.217119|           0.033938|         2.303777
202  |*i_0_0_196|            0.712624|             1.187145|           0.034026|         1.933795
203  |*i_0_0_197|            0.390855|             1.807710|           0.014353|         2.212918
204  |*i_0_0_198|            0.722945|             4.913501|           0.034026|         5.670472
205  |*i_0_0_199|            1.094382|             2.957894|           0.034026|         4.086302
206  |*i_0_0_200|            0.936893|             4.907782|           0.022619|         5.867294
207  |*i_0_0_201|            1.177134|             1.304028|           0.033938|         2.515100
208  |*i_0_0_202|            0.776927|             1.298054|           0.034026|         2.109007
209  |*i_0_0_203|            0.400611|             1.852832|           0.014353|         2.267797
210  |*i_0_0_204|            0.741889|             5.036148|           0.034026|         5.812062
211  |*i_0_0_205|            1.038817|             2.929181|           0.034026|         4.002024
212  |*i_0_0_206|            0.933958|             4.954880|           0.022619|         5.911458
213  |*i_0_0_207|            1.182660|             1.325888|           0.033938|         2.542486
214  |*i_0_0_208|            1.019805|             1.852400|           0.032612|         2.904817
215  |*i_0_0_209|            0.396636|             1.846649|           0.014353|         2.257638
216  |*i_0_0_210|            0.734896|             4.990645|           0.034026|         5.759567
217  |*i_0_0_211|            1.044845|             2.943108|           0.034026|         4.021978
218  |*i_0_0_212|            0.388964|             2.466104|           0.017393|         2.872461
219  |*i_0_0_213|            0.911673|             4.691434|           0.022619|         5.625727
220  |*i_0_0_214|            1.094233|             1.252064|           0.033938|         2.380235
221  |*i_0_0_215|            0.815451|             1.386339|           0.034026|         2.235816
222  |*i_0_0_216|            0.639258|             2.156703|           0.027858|         2.823820
223  |*i_0_0_217|            0.303052|             0.572012|           0.021200|         0.896263
224  |*i_0_0_218|            1.003515|             2.818526|           0.034026|         3.856067
225  |*i_0_0_219|            0.900238|             4.699789|           0.022619|         5.622646
226  |*i_0_0_220|            1.078934|             1.255756|           0.033938|         2.368628
227  |*i_0_0_221|            0.806155|             1.385319|           0.034026|         2.225500
228  |*i_0_0_222|            0.645188|             2.136349|           0.027858|         2.809395
229  |*i_0_0_223|            0.302890|             0.571689|           0.021200|         0.895778
230  |*i_0_0_224|            1.003298|             2.821223|           0.034026|         3.858547
231  |*i_0_0_225|            0.913146|             4.966437|           0.022619|         5.902203
232  |*i_0_0_226|            1.110402|             1.282852|           0.033938|         2.427192
233  |*i_0_0_227|            0.840772|             1.432543|           0.034026|         2.307341
234  |*i_0_0_228|            0.664180|             2.156757|           0.027858|         2.848795
235  |*i_0_0_229|            0.303085|             0.572078|           0.021200|         0.896363
236  |*i_0_0_230|            1.001883|             2.820025|           0.034026|         3.855934
237  |*i_0_0_231|            0.950469|             5.137366|           0.022619|         6.110455
238  |*i_0_0_232|            1.259204|             1.363314|           0.033938|         2.656456
239  |*i_0_0_233|            0.919785|             1.578303|           0.034026|         2.532115
240  |*i_0_0_234|            0.633305|             2.154937|           0.027858|         2.816101
241  |*i_0_0_235|            0.302802|             0.571515|           0.021200|         0.895516
242  |*i_0_0_236|            1.003526|             2.821758|           0.034026|         3.859310
243  |*i_0_0_237|            0.423753|             6.465685|           0.017393|         6.906831
244  |*i_0_0_238|            0.976990|             5.129949|           0.022619|         6.129559
245  |*i_0_0_239|            1.073682|             1.417693|           0.022039|         2.513414
246  |*i_0_0_240|            0.989334|             1.073053|           0.033938|         2.096324
247  |*i_0_0_241|            0.809549|             0.939041|           0.027858|         1.776449
248  |*i_0_0_242|            0.935961|             1.391771|           0.022619|         2.350351
249  |*i_0_0_243|            0.739562|             1.193859|           0.022619|         1.956040
250  |*i_0_0_244|            0.416603|             0.797616|           0.014353|         1.228571
251  |*i_0_0_245|            1.389298|             7.955966|           0.043178|         9.388442
252  |*i_0_0_246|            0.889409|             2.301129|           0.027858|         3.218397
253  |*i_0_0_247|            1.016043|             1.094036|           0.034026|         2.144104
254  |*i_0_0_248|            0.714212|             1.172472|           0.027858|         1.914541
255  |*i_0_0_249|            1.255269|             2.432437|           0.043178|         3.730884
256  |*i_0_0_250|            0.240195|             4.888513|           0.014353|         5.143061
257  |*i_0_0_251|            0.334170|            12.234036|           0.021200|        12.589406
258  |*i_0_0_252|            0.852223|             2.390202|           0.027858|         3.270283
259  |*i_0_0_253|            0.765168|             1.099254|           0.027858|         1.892280
260  |*i_0_0_254|            1.078390|             1.244276|           0.033938|         2.356604
261  |*i_0_0_255|            0.712030|             0.786227|           0.027858|         1.526115
262  |*i_0_0_256|            1.363954|             2.552385|           0.043178|         3.959517
263  |*i_0_0_257|            0.696883|             2.596965|           0.017393|         3.311241
264  |*i_0_0_258|            0.944172|             2.319145|           0.032612|         3.295930
265  |*i_0_0_259|            1.050186|             2.535026|           0.034026|         3.619237
266  |*i_0_0_260|            0.503052|             3.153843|           0.017393|         3.674289
267  |*i_0_0_261|            0.735340|             1.189262|           0.034026|         1.958629
268  |*i_0_0_262|            0.000606|             0.003444|           0.022695|         0.026745
269  |*i_0_0_263|            0.466562|             1.155179|           0.014353|         1.636094
270  |*i_0_0_264|            0.741543|             6.324615|           0.022619|         7.088777
271  |*i_0_0_265|            0.430219|            15.429198|           0.014353|        15.873770
272  |*i_0_0_266|            0.968990|            23.169436|           0.027858|        24.166285
273  |*i_0_0_267|            0.438575|             7.611803|           0.014353|         8.064731
274  |*i_0_0_268|            1.309944|            10.944668|           0.034026|        12.288638
275  |*i_0_0_269|            0.000704|             0.009106|           0.017393|         0.027203
276  |*i_0_0_270|            0.661878|             2.630171|           0.021200|         3.313248
277  |*i_0_0_271|            0.328499|             3.861394|           0.014353|         4.204247
278  |*i_0_0_272|            0.698997|             6.407828|           0.022619|         7.129445
279  |*i_0_0_273|            0.404510|             1.977490|           0.021200|         2.403199
280  |*i_0_0_274|            0.471604|            15.581809|           0.014353|        16.067766
281  |*i_0_0_275|            0.962063|            28.282061|           0.027858|        29.271980
282  |*i_0_0_276|            1.326718|             2.829327|           0.022695|         4.178740
283  |*i_0_0_277|            0.466196|            17.310219|           0.014353|        17.790768
284  |*i_0_0_278|            0.898998|            22.786470|           0.022619|        23.708088
285  |*i_0_0_279|            0.597513|            14.630677|           0.022695|        15.250885
286  |*i_0_0_280|            0.050973|             0.149218|           0.022695|         0.222885
287  |*i_0_0_281|            0.005809|             0.013487|           0.021200|         0.040496
288  |*i_0_0_282|            0.271987|             0.259935|           0.026733|         0.558656
289  |*i_0_0_283|            0.275917|             0.266836|           0.026733|         0.569487
290  |*i_0_0_284|            0.779642|             5.052914|           0.017393|         5.849949
291  |*i_0_0_285|            1.096813|             2.267103|           0.032612|         3.396528
292  |*i_0_0_286|            0.527006|             0.826010|           0.017393|         1.370409
293  |*i_0_0_287|            0.472602|            26.087784|           0.014353|        26.574739
294  |*i_0_0_288|            0.721783|            36.725323|           0.021200|        37.468307
295  |*i_0_0_289|            0.789463|             5.122472|           0.017393|         5.929328
296  |*i_0_0_290|            0.925219|             2.329780|           0.032612|         3.287611
297  |*i_0_0_291|            0.788714|             5.118589|           0.017393|         5.924697
298  |*i_0_0_292|            0.915192|             2.312942|           0.032612|         3.260746
299  |*i_0_0_293|            0.788383|             5.010122|           0.017393|         5.815899
300  |*i_0_0_294|            0.910498|             2.294178|           0.032612|         3.237288
301  |*i_0_0_295|            0.786230|             4.996552|           0.017393|         5.800177
302  |*i_0_0_296|            0.906827|             2.283509|           0.032612|         3.222949
303  |*i_0_0_297|            0.787935|             5.225426|           0.017393|         6.030754
304  |*i_0_0_298|            0.907910|             2.325576|           0.032612|         3.266098
305  |*i_0_0_299|            0.787890|             5.223312|           0.017393|         6.028595
306  |*i_0_0_300|            0.907519|             2.311111|           0.032612|         3.251243
307  |*i_0_0_301|            0.608344|             5.140298|           0.017393|         5.766036
308  |*i_0_0_302|            0.014666|             0.352971|           0.014353|         0.381991
309  |*i_0_0_303|            0.034276|             0.271136|           0.034026|         0.339438
310  |*i_0_0_304|            0.338533|             0.346878|           0.018127|         0.703538
311  |*i_0_0_305|            0.338421|             0.350047|           0.018127|         0.706595
312  |*i_0_0_306|            0.338521|             0.347236|           0.018127|         0.703884
313  |*i_0_0_307|            0.338506|             0.347654|           0.018127|         0.704287
314  |*i_0_0_308|            0.653175|             2.197039|           0.014353|         2.864567
315  |*i_0_0_309|            1.048903|             7.910127|           0.034026|         8.993056
316  |*i_0_0_310|            0.768809|             1.089041|           0.036441|         1.894290
317  |*i_0_0_311|            1.616902|             1.447666|           0.036441|         3.101008
318  |*i_0_0_312|            1.431444|             1.302720|           0.036441|         2.770605
319  |*i_0_0_313|            0.228361|             0.696534|           0.014353|         0.939249
320  |*i_0_0_314|            0.390391|             8.225199|           0.021200|         8.636790
321  |*i_0_0_315|            0.228695|             5.725328|           0.014353|         5.968376
322  |*i_0_0_316|            0.331742|             5.666073|           0.017393|         6.015209
323  |*i_0_0_317|            0.418241|             4.228508|           0.021200|         4.667950
324  |*i_0_0_318|            0.459597|             1.862345|           0.014353|         2.336295
325  |*i_0_0_319|            0.795951|             6.452440|           0.022619|         7.271010
326  |*i_0_0_320|            0.079523|             0.193291|           0.014353|         0.287167
327  |*i_0_0_321|            0.125357|             1.076888|           0.022619|         1.224865
328  |*i_0_0_322|            0.144812|             0.249905|           0.027858|         0.422575
329  |*i_0_0_323|            1.034342|             3.247703|           0.022695|         4.304740
330  |*i_0_0_324|            0.473134|             2.196523|           0.014353|         2.684011
331  |*i_0_0_325|            0.981157|            10.759782|           0.027858|        11.768797
332  |*i_0_0_326|            0.838386|             1.344472|           0.022619|         2.205477
333  |*i_0_0_327|            0.479667|             0.775831|           0.022619|         1.278118
334  |*i_0_0_328|            0.361976|             0.767409|           0.021200|         1.150584
335  |*i_0_0_329|            0.381206|             0.777759|           0.021200|         1.180165
336  |*i_0_0_330|            0.575880|             0.795974|           0.034566|         1.406420
337  |*i_0_0_331|            0.453861|             0.521983|           0.022619|         0.998464
338  |*i_0_0_332|            0.650483|             1.684975|           0.022619|         2.358078
339  |*i_0_0_333|            0.917266|             3.785073|           0.022619|         4.724958
340  |*i_0_0_334|            0.858409|             1.322457|           0.022619|         2.203485
341  |*i_0_0_335|            0.818737|             1.205428|           0.027858|         2.052024
342  |*i_0_0_336|            0.783338|             1.183884|           0.022619|         1.989841
343  |*i_0_0_337|            0.760475|             1.232017|           0.027858|         2.020350
344  |*i_0_0_338|            0.839511|             1.317412|           0.022619|         2.179543
345  |*i_0_0_339|            0.225362|             0.212605|           0.027025|         0.464992
346  |*i_0_0_340|            0.761074|             1.219546|           0.022619|         2.003239
347  |*i_0_0_341|            0.756606|             1.228387|           0.027858|         2.012852
348  |*i_0_0_342|            0.792444|             1.299455|           0.022619|         2.114518
349  |*i_0_0_343|            0.846896|             1.375022|           0.027858|         2.249777
350  |*i_0_0_344|            0.775882|             1.272865|           0.022619|         2.071366
351  |*i_0_0_345|            0.513400|             1.247885|           0.014353|         1.775639
352  |*i_0_0_346|            0.817692|             6.952401|           0.022619|         7.792713
353  |*i_0_0_347|            0.889028|             1.409204|           0.027858|         2.326091
354  |*i_0_0_348|            0.526143|             1.270377|           0.014353|         1.810873
355  |*i_0_0_349|            0.846631|             7.122358|           0.022619|         7.991609
356  |*i_0_0_350|            0.000000|             0.000000|           0.014353|         0.014353
357  |*i_0_0_351|            0.000000|             0.000000|           0.018127|         0.018127
358  |*i_0_0_352|            0.190833|             0.297896|           0.026832|         0.515560
359  |*i_0_0_353|            0.469614|             7.150915|           0.014353|         7.634882
360  |*i_0_0_354|            1.149992|            11.029802|           0.032612|        12.212406
361  |*i_0_0_355|            0.465340|             1.530951|           0.026832|         2.023122
362  |*i_0_0_356|            0.423194|             0.908700|           0.021200|         1.353093
363  |*i_0_0_357|            0.466783|             7.091269|           0.014353|         7.572405
364  |*i_0_0_358|            1.156574|            11.725939|           0.034026|        12.916539
365  |*i_0_0_359|            0.467451|             5.774232|           0.014353|         6.256036
366  |*i_0_0_360|            1.170126|            13.506633|           0.034026|        14.710785
367  |*i_0_0_361|            0.399087|             0.643297|           0.027858|         1.070242
368  |*i_0_0_362|            0.472833|             4.235676|           0.014353|         4.722862
369  |*i_0_0_363|            1.171469|            15.439829|           0.032612|        16.643909
370  |*i_0_0_364|            0.468571|             4.185360|           0.014353|         4.668284
371  |*i_0_0_365|            1.152779|            14.605489|           0.032612|        15.790880
372  |*i_0_0_366|            0.293599|             1.699533|           0.014353|         2.007485
373  |*i_0_0_367|            0.437263|             5.740854|           0.021200|         6.199317
374  |*i_0_0_368|            0.467569|             4.257063|           0.014353|         4.738985
375  |*i_0_0_369|            1.179046|            15.085846|           0.034026|        16.298918
376  |*i_0_0_370|            0.467734|             4.323063|           0.014353|         4.805151
377  |*i_0_0_371|            1.170794|            13.547953|           0.034026|        14.752773
378  |*i_0_0_372|            0.004825|             0.019331|           0.021200|         0.045356
379  |*i_0_0_373|            0.160303|             0.512064|           0.018105|         0.690472
380  |*i_0_0_374|            0.501031|             1.049149|           0.017393|         1.567573
381  |*i_0_0_375|            1.148422|            10.129765|           0.034026|        11.312213
382  |*i_0_0_376|            0.468062|             2.803210|           0.014353|         3.285625
383  |*i_0_0_377|            1.155787|            12.905574|           0.032612|        14.093973
384  |*i_0_0_378|            0.431743|             1.819520|           0.021200|         2.272463
385  |*i_0_0_379|            0.467842|             4.269603|           0.014353|         4.751798
386  |*i_0_0_380|            1.149520|            10.201487|           0.034026|        11.385033
387  |*i_0_0_381|            0.468011|             2.885338|           0.014353|         3.367702
388  |*i_0_0_382|            1.157620|            11.592972|           0.034026|        12.784618
389  |*i_0_0_383|            0.126028|             0.411331|           0.018105|         0.555464
390  |*i_0_0_384|            0.430865|             1.546753|           0.021200|         1.998817
391  |*i_0_0_385|            0.468012|             2.862573|           0.014353|         3.344938
392  |*i_0_0_386|            1.162741|            12.023432|           0.034026|        13.220199
393  |*i_0_0_387|            0.467483|             5.669129|           0.014353|         6.150965
394  |*i_0_0_388|            1.144178|             9.198202|           0.034026|        10.376406
395  |*i_0_0_389|            0.467598|             5.251767|           0.014353|         5.733718
396  |*i_0_0_390|            1.152639|            10.685615|           0.034026|        11.872280
397  |*i_0_0_391|            0.468068|             2.370714|           0.014353|         2.853136
398  |*i_0_0_392|            1.173995|            13.380652|           0.034026|        14.588673
399  |*i_0_0_393|            0.000702|             0.003267|           0.021200|         0.025168
400  |*i_0_0_394|            0.005924|             0.015633|           0.018127|         0.039684
401  |*i_0_0_395|            0.097386|             0.396073|           0.021200|         0.514658
402  |*i_0_0_396|            0.471972|             1.799151|           0.017393|         2.288516
403  |*i_0_0_397|            1.116401|             5.207728|           0.034026|         6.358156
404  |*i_0_0_398|            1.116066|             5.156211|           0.034026|         6.306303
405  |*i_0_0_399|            0.449136|             1.813362|           0.017393|         2.279891
406  |*i_0_0_400|            0.465756|             1.385868|           0.014353|         1.865977
407  |*i_0_0_401|            1.168147|            12.442914|           0.034026|        13.645087
408  |*i_0_0_402|            1.118596|             5.125366|           0.034026|         6.277988
409  |*i_0_0_403|            0.124800|             0.202318|           0.018105|         0.345223
410  |*i_0_0_404|            0.418043|             0.875369|           0.017393|         1.310805
411  |*i_0_0_405|            1.148029|             9.306708|           0.034026|        10.488764
412  |*i_0_0_406|            0.468021|             2.715096|           0.014353|         3.197470
413  |*i_0_0_407|            1.176418|            13.209936|           0.034026|        14.420380
414  |*i_0_0_408|            0.872586|             2.678232|           0.025066|         3.575885
415  |*i_0_0_409|            0.468015|             2.752011|           0.014353|         3.234380
416  |*i_0_0_410|            1.158023|            10.876775|           0.034026|        12.068824
417  |*i_0_0_411|            1.119300|             5.017786|           0.034026|         6.171112
418  |*i_0_0_412|            0.648818|             2.966558|           0.022619|         3.637995
419  |*i_0_0_413|            0.786630|             2.355627|           0.022619|         3.164876
420  |*i_0_0_414|            0.990275|             2.144086|           0.022695|         3.157056
421  |*i_0_0_415|            0.990370|             2.137425|           0.022695|         3.150490
422  |*i_0_0_416|            1.009638|             3.152909|           0.022695|         4.185243
423  |*i_0_0_417|            0.924318|             1.355895|           0.027858|         2.308071
424  |*i_0_0_418|            0.870935|             1.339434|           0.027858|         2.238228
425  |*i_0_0_419|            0.867928|             1.339440|           0.027858|         2.235226
426  |*i_0_0_420|            0.873325|             1.342806|           0.027858|         2.243989
427  |*i_0_0_421|            0.879976|             1.345605|           0.027858|         2.253439
428  |*i_0_0_422|            0.885551|             1.347415|           0.027858|         2.260824
429  |*i_0_0_423|            1.578406|             1.038820|           0.036164|         2.653390
430  |*i_0_0_424|            0.055860|             0.182182|           0.021200|         0.259241
431  |*i_0_0_425|            1.101137|             2.925517|           0.034026|         4.060679
432  |*i_0_0_426|            0.058185|             0.352833|           0.014353|         0.425372
433  |*i_0_0_427|            0.094291|             1.132514|           0.021200|         1.248004
434  |*i_0_0_428|            1.100901|             2.925516|           0.034026|         4.060443
435  |*i_0_0_429|            0.100857|             0.611591|           0.014353|         0.726801
436  |*i_0_0_430|            0.159386|             1.963069|           0.021200|         2.143655
437  |*i_0_0_431|            1.100977|             2.925516|           0.034026|         4.060519
438  |*i_0_0_432|            0.171064|             1.037325|           0.014353|         1.222742
439  |*i_0_0_433|            0.262352|             3.329576|           0.021200|         3.613127
440  |*i_0_0_434|            1.100601|             2.925516|           0.034026|         4.060143
441  |*i_0_0_435|            0.277944|             1.685443|           0.014353|         1.977740
442  |*i_0_0_436|            0.414515|             5.409887|           0.021200|         5.845601
443  |*i_0_0_437|            1.100817|             2.925516|           0.034026|         4.060359
444  |*i_0_0_438|            0.411140|             2.493140|           0.014353|         2.918633
445  |*i_0_0_439|            0.596858|             8.002408|           0.021200|         8.620466
446  |*i_0_0_440|            1.107070|             3.991435|           0.034026|         5.132532
447  |*i_0_0_441|            1.100405|             2.897470|           0.034026|         4.031901
448  |*i_0_0_442|            0.472093|            10.262946|           0.014353|        10.749392
449  |*i_0_0_443|            0.914149|            18.143499|           0.022619|        19.080269
450  |*i_0_0_444|            0.877619|             1.322395|           0.022619|         2.222634
451  |*i_0_0_445|            1.250365|             1.409286|           0.032612|         2.692263
452  |*i_0_0_446|            1.343570|             1.438816|           0.033938|         2.816324
453  |*i_0_0_447|            1.226206|             0.898695|           0.033938|         2.158839
454  |*i_0_0_448|            1.404971|             1.051267|           0.033938|         2.490176
455  |*i_0_0_449|            0.760985|             0.638603|           0.022039|         1.421628
456  |*i_0_0_450|            0.867794|             0.880048|           0.017393|         1.765235
457  |*i_0_0_451|            0.122338|             1.121653|           0.014353|         1.258344
458  |*i_0_0_452|            0.244529|             1.844304|           0.022039|         2.110872
459  |*i_0_0_453|            0.988413|             1.342487|           0.022039|         2.352939
460  |*i_0_0_454|            0.849632|             1.019197|           0.033938|         1.902766
461  |*i_0_0_455|            0.661165|             0.693425|           0.022619|         1.377210
462  |*i_0_0_456|            0.675455|             0.693971|           0.033938|         1.403363
463  |*i_0_0_457|            0.943843|             1.013750|           0.022619|         1.980213
464  |*i_0_0_458|            0.107073|             0.764096|           0.014353|         0.885522
465  |*i_0_0_459|            0.291279|             2.079802|           0.033938|         2.405018
466  |*i_0_0_460|            1.127597|             2.447641|           0.032612|         3.607851
467  |*i_0_0_461|            1.015283|             1.509501|           0.034026|         2.558810
468  |*i_0_0_462|            0.667193|             1.048987|           0.022619|         1.738798
469  |*i_0_0_463|            0.675455|             0.693971|           0.033938|         1.403363
470  |*i_0_0_464|            0.923928|             1.457240|           0.022619|         2.403788
471  |*i_0_0_465|            0.093473|             0.432044|           0.014353|         0.539870
472  |*i_0_0_466|            0.248298|             1.802265|           0.033938|         2.084501
473  |*i_0_0_467|            0.893296|             1.504530|           0.034026|         2.431853
474  |*i_0_0_468|            0.980144|             2.435434|           0.032612|         3.448191
475  |*i_0_0_469|            1.166625|             1.342413|           0.033938|         2.542976
476  |*i_0_0_470|            0.676461|             0.510205|           0.033938|         1.220603
477  |*i_0_0_471|            0.092284|             0.380241|           0.014353|         0.486878
478  |*i_0_0_472|            0.244944|             1.777743|           0.033938|         2.056624
479  |*i_0_0_473|            0.997004|             1.635514|           0.034026|         2.666543
480  |*i_0_0_474|            1.175628|             2.837183|           0.032612|         4.045424
481  |*i_0_0_475|            1.160788|             1.342413|           0.033938|         2.537138
482  |*i_0_0_476|            0.676461|             0.510205|           0.033938|         1.220603
483  |*i_0_0_477|            0.102786|             0.423515|           0.014353|         0.540655
484  |*i_0_0_478|            0.274345|             1.980063|           0.033938|         2.288346
485  |*i_0_0_479|            0.835116|             1.419466|           0.034026|         2.288609
486  |*i_0_0_480|            0.921240|             2.193611|           0.032612|         3.147463
487  |*i_0_0_481|            1.166259|             2.181726|           0.033938|         3.381924
488  |*i_0_0_482|            0.676461|             0.510205|           0.033938|         1.220603
489  |*i_0_0_483|            0.101010|             0.722721|           0.014353|         0.838084
490  |*i_0_0_484|            0.271880|             1.962135|           0.033938|         2.267953
491  |*i_0_0_485|            1.128251|             1.957173|           0.032612|         3.118037
492  |*i_0_0_486|            0.922468|             2.208275|           0.032612|         3.163355
493  |*i_0_0_487|            1.168001|             2.598731|           0.033938|         3.800669
494  |*i_0_0_488|            0.676461|             0.510205|           0.033938|         1.220603
495  |*i_0_0_489|            0.099637|             0.459981|           0.014353|         0.573972
496  |*i_0_0_490|            0.264586|             1.921099|           0.033938|         2.219623
497  |*i_0_0_491|            0.768468|             1.320917|           0.034026|         2.123412
498  |*i_0_0_492|            0.849929|             2.194742|           0.032612|         3.077283
499  |*i_0_0_493|            1.173280|             2.646393|           0.033938|         3.853611
500  |*i_0_0_494|            0.532438|             5.874030|           0.017393|         6.423862
501  |*i_0_0_495|            0.676461|             0.510205|           0.033938|         1.220603
502  |*i_0_0_496|            0.098805|             0.407111|           0.014353|         0.520270
503  |*i_0_0_497|            0.269481|             1.903369|           0.033938|         2.206788
504  |*i_0_0_498|            1.116156|             1.955101|           0.032612|         3.103869
505  |*i_0_0_499|            1.119062|             3.058370|           0.034026|         4.211459
506  |*i_0_0_500|            0.542272|             2.900295|           0.014353|         3.456920
507  |*i_0_0_501|            0.880301|             7.814649|           0.022619|         8.717569
508  |*i_0_0_502|            0.643171|             0.693971|           0.033938|         1.371079
509  |*i_0_0_503|            0.084634|             0.605555|           0.014353|         0.704542
510  |*i_0_0_504|            0.223975|             1.644038|           0.033938|         1.901951
511  |*i_0_0_505|            0.721113|             1.195546|           0.034026|         1.950685
512  |*i_0_0_506|            0.750991|             1.865734|           0.032612|         2.649337
513  |*i_0_0_507|            0.736353|             1.990240|           0.034026|         2.760619
514  |*i_0_0_508|            1.223041|             2.888145|           0.032612|         4.143798
515  |*i_0_0_509|            0.084107|             0.388283|           0.014353|         0.486743
516  |*i_0_0_510|            0.219254|             1.621655|           0.033938|         1.874847
517  |*i_0_0_511|            0.824845|             1.454179|           0.034026|         2.313050
518  |*i_0_0_512|            0.751065|             1.877244|           0.032612|         2.660922
519  |*i_0_0_513|            0.736353|             1.990240|           0.034026|         2.760619
520  |*i_0_0_514|            1.223041|             2.888145|           0.032612|         4.143798
521  |*i_0_0_515|            0.082441|             0.441663|           0.014353|         0.538457
522  |*i_0_0_516|            0.215322|             1.592904|           0.033938|         1.842164
523  |*i_0_0_517|            0.672731|             1.093143|           0.034026|         1.799899
524  |*i_0_0_518|            0.752134|             1.864772|           0.032612|         2.649518
525  |*i_0_0_519|            0.735375|             1.990240|           0.034026|         2.759641
526  |*i_0_0_520|            1.229273|             2.427102|           0.032612|         3.688987
527  |*i_0_0_521|            0.079620|             1.501650|           0.014353|         1.595623
528  |*i_0_0_522|            0.210641|             1.570731|           0.033938|         1.815310
529  |*i_0_0_523|            0.765745|             1.368501|           0.034026|         2.168272
530  |*i_0_0_524|            1.099085|             2.537951|           0.032612|         3.669649
531  |*i_0_0_525|            0.733928|             1.977263|           0.034026|         2.745217
532  |*i_0_0_526|            1.229075|             2.441758|           0.032612|         3.703445
533  |*i_0_0_527|            0.080225|             0.330556|           0.014353|         0.425134
534  |*i_0_0_528|            0.207326|             1.545450|           0.033938|         1.786714
535  |*i_0_0_529|            0.595688|             0.983685|           0.034026|         1.613399
536  |*i_0_0_530|            0.429423|             1.514163|           0.027858|         1.971444
537  |*i_0_0_531|            0.158477|             0.285235|           0.021200|         0.464911
538  |*i_0_0_532|            0.732429|             1.992157|           0.034026|         2.758611
539  |*i_0_0_533|            1.229054|             2.443261|           0.032612|         3.704927
540  |*i_0_0_534|            0.078100|             0.648640|           0.014353|         0.741093
541  |*i_0_0_535|            0.202486|             1.522289|           0.033938|         1.758713
542  |*i_0_0_536|            0.796956|             1.289277|           0.034026|         2.120260
543  |*i_0_0_537|            0.429423|             1.514163|           0.027858|         1.971444
544  |*i_0_0_538|            0.158477|             0.285235|           0.021200|         0.464911
545  |*i_0_0_539|            0.730885|             1.992157|           0.034026|         2.757067
546  |*i_0_0_540|            1.229273|             2.427102|           0.032612|         3.688987
547  |*i_0_0_541|            0.077296|             0.396130|           0.014353|         0.487778
548  |*i_0_0_542|            0.198377|             1.492447|           0.033938|         1.724761
549  |*i_0_0_543|            0.512320|             0.860764|           0.034026|         1.407110
550  |*i_0_0_544|            0.429382|             1.514949|           0.027858|         1.972190
551  |*i_0_0_545|            0.157287|             0.285235|           0.021200|         0.463721
552  |*i_0_0_546|            0.740656|             1.968104|           0.034026|         2.742786
553  |*i_0_0_547|            1.229273|             2.427102|           0.032612|         3.688987
554  |*i_0_0_548|            0.074490|             1.404898|           0.014353|         1.493742
555  |*i_0_0_549|            0.193582|             1.469529|           0.033938|         1.697049
556  |*i_0_0_550|            0.753310|             1.185591|           0.034026|         1.972928
557  |*i_0_0_551|            0.798863|             2.340315|           0.032612|         3.171789
558  |*i_0_0_552|            1.350531|             2.973162|           0.022695|         4.346388
559  |*i_0_0_553|            1.132639|             1.895354|           0.041741|         3.069734
560  |*i_0_0_554|            0.355839|            13.717412|           0.014353|        14.087604
561  |*i_0_0_555|            0.528631|             6.536336|           0.021200|         7.086166
562  |*i_0_0_556|            0.074638|             0.307534|           0.014353|         0.396525
563  |*i_0_0_557|            0.187245|             1.437814|           0.033938|         1.658997
564  |*i_0_0_558|            0.449763|             0.735192|           0.034026|         1.218981
565  |*i_0_0_559|            0.238606|             1.102220|           0.014353|         1.355179
566  |*i_0_0_560|            0.432615|             2.999068|           0.034026|         3.465708
567  |*i_0_0_561|            1.200781|             5.776012|           0.032612|         7.009405
568  |*i_0_0_562|            0.073262|             0.301867|           0.014353|         0.389482
569  |*i_0_0_563|            0.183781|             1.411320|           0.033938|         1.629039
570  |*i_0_0_564|            0.601458|             1.056458|           0.034026|         1.691943
571  |*i_0_0_565|            0.238587|             1.102798|           0.014353|         1.355738
572  |*i_0_0_566|            0.430135|             2.999067|           0.034026|         3.463228
573  |*i_0_0_567|            1.200789|             5.774510|           0.032612|         7.007911
574  |*i_0_0_568|            0.070078|             0.724052|           0.014353|         0.808484
575  |*i_0_0_569|            0.178201|             1.162636|           0.033938|         1.374775
576  |*i_0_0_570|            0.332203|             0.569896|           0.034026|         0.936125
577  |*i_0_0_571|            0.238567|             1.103377|           0.014353|         1.356297
578  |*i_0_0_572|            0.430726|             2.999068|           0.034026|         3.463820
579  |*i_0_0_573|            1.203394|             5.307357|           0.032612|         6.543363
580  |*i_0_0_574|            0.070789|             0.326803|           0.014353|         0.411945
581  |*i_0_0_575|            0.175935|             1.364883|           0.033938|         1.574755
582  |*i_0_0_576|            0.495624|             0.927111|           0.034026|         1.456761
583  |*i_0_0_577|            0.152738|             0.681933|           0.017393|         0.852065
584  |*i_0_0_578|            0.478141|             2.006748|           0.021200|         2.506088
585  |*i_0_0_579|            0.207769|             3.862642|           0.014353|         4.084763
586  |*i_0_0_580|            0.298982|             4.080735|           0.021200|         4.400917
587  |*i_0_0_581|            0.277960|             1.143700|           0.021200|         1.442860
588  |*i_0_0_582|            1.211035|             3.937055|           0.032612|         5.180702
589  |*i_0_0_583|            0.066272|             0.482597|           0.014353|         0.563222
590  |*i_0_0_584|            0.134143|             1.307808|           0.022039|         1.463990
591  |*i_0_0_585|            0.928342|             1.464191|           0.022619|         2.415153
592  |*i_0_0_586|            0.328948|             0.589516|           0.041741|         0.960205
593  |*i_0_0_587|            1.197171|             6.423297|           0.032612|         7.653080
594  |*i_0_0_588|            0.025879|             0.122146|           0.027858|         0.175883
595  |*i_0_0_589|            0.031183|             0.052528|           0.022619|         0.106330
596  |*i_0_0_590|            0.494303|             0.967023|           0.021200|         1.482525
597  |*i_0_0_591|            0.550891|             2.338584|           0.021200|         2.910675
598  |*i_0_0_592|            0.467597|             5.280818|           0.014353|         5.762768
599  |*i_0_0_593|            1.142157|             9.221017|           0.034026|        10.397200
600  |*i_0_0_594|            0.018054|             0.108394|           0.027858|         0.154307
601  |*i_0_0_595|            1.189337|             7.828195|           0.032612|         9.050144
602  |*i_0_0_596|            0.008834|             0.057856|           0.021200|         0.087889
603  |*i_0_0_597|            0.018709|             0.085975|           0.017393|         0.122077
604  |*i_0_0_598|            0.082142|             0.168602|           0.025066|         0.275811
605  |*i_0_0_599|            0.205828|             2.995088|           0.014353|         3.215270
606  |*i_0_0_600|            0.291869|             4.381215|           0.021200|         4.694283
607  |*i_0_0_601|            0.354495|            11.040621|           0.014353|        11.409469
608  |*i_0_0_602|            0.502730|            12.185743|           0.021200|        12.709673
609  |*i_0_0_603|            0.460478|            10.505543|           0.026832|        10.992853
610  |*i_0_0_604|            0.468032|             2.734367|           0.014353|         3.216753
611  |*i_0_0_605|            1.157398|            11.695565|           0.034026|        12.886989
612  |*i_0_0_606|            1.107779|             3.742508|           0.034026|         4.884314
613  |*i_0_0_607|            1.108019|             3.742508|           0.034026|         4.884553
614  |*i_0_0_608|            1.108411|             3.824018|           0.034026|         4.966455
615  |*i_0_0_609|            1.107913|             3.709389|           0.034026|         4.851328
616  |*i_0_0_610|            0.468019|             2.838051|           0.014353|         3.320424
617  |*i_0_0_611|            1.148634|            10.228532|           0.034026|        11.411192
618  |*i_0_0_612|            0.465395|             1.245511|           0.014353|         1.725260
619  |*i_0_0_613|            1.156586|            11.522596|           0.034026|        12.713208
620  |*i_0_0_614|            0.473196|            75.620766|           0.014353|        76.108322
621  |*i_0_0_615|            0.398112|            84.771133|           0.022619|        85.191864
622  |*i_0_0_616|            0.872553|             1.291227|           0.022619|         2.186399
623  |*i_0_0_617|            1.562446|             1.327321|           0.047399|         2.937165
624  |*i_0_0_618|            1.000686|             0.978045|           0.027858|         2.006590
625  |*i_0_0_619|            0.354798|             1.032110|           0.014353|         1.401261
626  |*i_0_0_620|            0.576106|             6.940345|           0.021200|         7.537651
627  |*i_0_0_621|            1.193801|             0.815564|           0.033938|         2.043303
628  |*i_0_0_622|            1.455068|             1.051268|           0.033938|         2.540274
629  |*i_0_0_623|            0.731169|             0.638603|           0.022039|         1.391811
630  |*i_0_0_624|            1.242176|             2.844642|           0.034026|         4.120844
631  |*i_0_0_625|            1.235094|             2.800504|           0.032612|         4.068211
632  |*i_0_0_626|            1.177894|             2.790626|           0.022695|         3.991214
633  |*i_0_0_627|            0.331813|             0.580705|           0.014353|         0.926871
634  |*i_0_0_628|            0.260796|             0.778456|           0.014353|         1.053605
635  |*i_0_0_629|            0.518226|             0.906945|           0.014353|         1.439524
636  |*i_0_0_630|            0.595188|             1.041637|           0.014353|         1.651178
637  |*i_0_0_631|            0.658169|             1.151859|           0.014353|         1.824381
638  |*i_0_0_632|            0.422303|             1.260545|           0.014353|         1.697201
639  |*i_0_0_633|            0.745940|             1.305467|           0.014353|         2.065761
640  |*i_0_0_634|            0.773376|             1.353483|           0.014353|         2.141212
641  |*i_0_0_635|            0.468352|             1.397995|           0.014353|         1.880700
642  |*i_0_0_636|            0.806443|             1.411354|           0.014353|         2.232151
643  |*i_0_0_637|            0.792753|             1.427737|           0.014353|         2.234843
644  |*i_0_0_638|            0.821344|             1.437432|           0.014353|         2.273129
645  |*i_0_0_639|            0.823635|             1.441442|           0.014353|         2.279430
646  |*i_0_0_640|            0.799923|             1.440651|           0.014353|         2.254927
647  |*i_0_0_641|            0.797252|             1.435840|           0.014353|         2.247446
648  |*i_0_0_642|            0.815752|             1.427645|           0.014353|         2.257751
649  |*i_0_0_643|            0.809503|             1.416708|           0.014353|         2.240565
650  |*i_0_0_644|            0.461818|             1.378492|           0.014353|         1.854663
651  |*i_0_0_645|            0.783767|             1.371668|           0.014353|         2.169788
652  |*i_0_0_646|            0.475437|             2.850963|           0.014353|         3.340753
653  |*i_0_0_647|            0.473822|            39.457409|           0.014353|        39.945583
654  |*i_0_0_648|            0.473759|            26.722343|           0.014353|        27.210459
655  |*i_0_0_649|            0.473829|            30.089041|           0.014353|        30.577223
656  |*i_0_0_650|            0.473854|            27.116751|           0.014353|        27.604958
657  |*i_0_0_651|            0.475263|             4.227752|           0.014353|         4.717368
658  |*i_0_0_652|            0.954597|             2.480330|           0.014353|         3.449281
659  |*i_0_0_653|            0.957712|             2.426554|           0.014353|         3.398619
660  |*i_0_0_654|            0.928842|             2.924953|           0.014353|         3.868148
661  |*i_0_0_655|            0.842488|             4.415710|           0.014353|         5.272551
662  |*i_0_0_656|            0.803700|             5.368085|           0.014353|         6.186138
663  |*i_0_0_657|            0.820657|             4.911158|           0.014353|         5.746168
664  |*i_0_0_658|            0.870996|             3.923551|           0.014353|         4.808900
665  |*i_0_0_659|            0.802622|             5.397146|           0.014353|         6.214120
666  |*i_0_0_660|            0.744315|             6.968287|           0.014353|         7.726955
667  |*i_0_0_661|            0.784143|             5.895067|           0.014353|         6.693563
668  |*i_0_0_662|            0.844687|             4.377746|           0.014353|         5.236785
669  |*i_0_0_663|            0.452693|            35.749756|           0.014353|        36.216801
670  |*i_0_0_664|            0.958971|             2.404814|           0.014353|         3.378139
671  |*i_0_0_665|            0.956854|             2.441366|           0.014353|         3.412573
672  |*i_0_0_666|            0.928842|             2.924953|           0.014353|         3.868148
673  |*i_0_0_667|            0.844500|             4.380963|           0.014353|         5.239816
674  |*i_0_0_668|            0.802437|             5.402127|           0.014353|         6.218917
675  |*i_0_0_669|            0.823051|             4.846640|           0.014353|         5.684044
676  |*i_0_0_670|            0.763087|             6.462442|           0.014353|         7.239882
677  |*i_0_0_671|            0.873296|             3.883848|           0.014353|         4.771497
678  |*i_0_0_672|            0.928842|             2.924953|           0.014353|         3.868148
679  |*i_0_0_673|            0.928842|             2.924953|           0.014353|         3.868148
680  |*i_0_0_674|            0.456646|            35.249760|           0.014353|        35.720760
681  |          |                    |                     |                   |                 
682  |*TOTAL    |          732.651428|          3238.965576|          24.344637|      3995.961670
-----+----------+--------------------+---------------------+-------------------+-----------------
