Report for group default
Report for group I2R
Report for group I2O
------------------------------------------------------------------------------------------------------------------------------------------------------------
Startpoint: B[24]
    (Clocked by rtDefaultClock R)
Endpoint: SUM[1]
    (Clocked by vsysclk R)
Path Group: I2O
Data required time: 19500.0
    (Clock shift: 20000.0, minus Uncertainty: 0.0, plus Latency 0.0, minus Out delay: 500.0)
Data arrival time: 5583.9
Slack: 13916.1
Logic depth: 76
------------------------------------------------------------------------------------------------------------------------------------------------------------
                                                     Arrival               Arc      Net               Net    Total   fan-                                   
Path                     Module/Cell           Edge     Time    Delay    Delay    Delay     Slew     Load     Load    out     Location Power Domain      (V)
                                                        (ps)     (ps)     (ps)     (ps)     (ps)     (ff)     (ff)    (#)      (um,um)                      
------------------------------------------------------------------------------------------------------------------------------------------------------------
B[24]                    {set_input_delay}        f   1000.0   1000.0   1000.0                        7.0     45.1      4   102,   54                       
i_0_0_622/B1->ZN         OAI221_X2               fr   1090.6     90.6     89.7      0.9    100.0      0.9      3.5      1    51,   51  /PD_TOP        (1.10)
i_0_0_621/A->ZN          OAI221_X2               rf   1132.4     41.8     41.8      0.0     38.8      0.9      3.2      1    51,   51  /PD_TOP        (1.10)
i_0_0_617/C1->ZN         AOI222_X2               fr   1231.2     98.8     98.8      0.0     17.8      0.8      4.9      1    51,   51  /PD_TOP        (1.10)
i_0_0_616/B2->ZN         OAI21_X4                rf   1257.2     26.0     26.0      0.0     57.2      0.7      4.7      1    51,   51  /PD_TOP        (1.10)
i_0_0_615/A->ZN          OAI21_X4*               fr   1337.0     79.8     79.8      0.0      9.6     49.1    280.5     54    51,   51  /PD_TOP        (1.10)
i_0_0_605/B2->ZN         OAI22_X4*               rf   1382.5     45.5     43.4      2.1     15.3      3.1     39.3      4    51,   51  /PD_TOP        (1.10)
add1/i_0/i_0/B->CO       FA_X1                   ff   1465.4     82.9     82.8      0.1     15.3      0.8      3.6      1    51,   51  /PD_TOP        (1.10)
add1/i_0/i_1/CI->CO      FA_X1                   ff   1539.6     74.2     74.2      0.0     15.9      0.8      3.6      1    51,   51  /PD_TOP        (1.10)
add1/i_0/i_2/CI->CO      FA_X1                   ff   1613.8     74.2     74.2      0.0     15.9      0.8      3.6      1    51,   51  /PD_TOP        (1.10)
add1/i_0/i_3/CI->CO      FA_X1                   ff   1688.0     74.2     74.2      0.0     15.9      0.8      3.6      1    51,   51  /PD_TOP        (1.10)
add1/i_0/i_4/CI->CO      FA_X1                   ff   1762.2     74.2     74.2      0.0     15.9      0.8      3.6      1    51,   51  /PD_TOP        (1.10)
add1/i_0/i_5/CI->CO      FA_X1                   ff   1836.4     74.2     74.2      0.0     15.9      0.8      3.6      1    51,   51  /PD_TOP        (1.10)
add1/i_0/i_6/CI->CO      FA_X1                   ff   1910.6     74.2     74.2      0.0     15.9      0.8      3.6      1    51,   51  /PD_TOP        (1.10)
add1/i_0/i_7/CI->S       FA_X1                   ff   2006.7     96.1     96.1      0.0     15.9      0.8      4.9      1    51,   51  /PD_TOP        (1.10)
i_0_0_603/A1->ZN         NOR3_X4*                fr   2110.4    103.7    103.7      0.0     18.5     20.3     79.4     22    51,   51  /PD_TOP        (1.10)
i_0_0_459/A->ZN          OAI221_X4               rf   2190.9     80.5     79.7      0.8     15.3      1.6     31.1      2    51,   51  /PD_TOP        (1.10)
i_0_0_458/A->ZN          INV_X8                  fr   2204.9     14.0     14.0      0.0     11.8      2.0     11.4      3    51,   51  /PD_TOP        (1.10)
i_0_16/i_0/A->Z          XOR2_X2                 rf   2242.7     37.8     37.8      0.0      7.1      0.6     26.0      1    51,   51  /PD_TOP        (1.10)
i_0_0_627/A->ZN          INV_X8                  fr   2258.8     16.1     16.1      0.0     28.3      0.7      4.8      1    51,   51  /PD_TOP        (1.10)
i_0_0_103/A2->ZN         OAI22_X4                rf   2276.0     17.2     17.2      0.0      5.4      0.8      4.3      1    51,   51  /PD_TOP        (1.10)
add2/i_0/i_1/B->CO       FA_X1                   ff   2356.9     80.9     80.9      0.0     10.9      0.8      3.6      1    51,   51  /PD_TOP        (1.10)
add2/i_0/i_2/CI->CO      FA_X1                   ff   2431.1     74.2     74.2      0.0     15.9      0.8      3.6      1    51,   51  /PD_TOP        (1.10)
add2/i_0/i_3/CI->CO      FA_X1                   ff   2505.3     74.2     74.2      0.0     15.9      0.8      3.6      1    51,   51  /PD_TOP        (1.10)
add2/i_0/i_4/CI->CO      FA_X1                   ff   2579.5     74.2     74.2      0.0     15.9      0.8      3.6      1    51,   51  /PD_TOP        (1.10)
add2/i_0/i_5/CI->CO      FA_X1                   ff   2653.7     74.2     74.2      0.0     15.9      0.8      3.6      1    51,   51  /PD_TOP        (1.10)
add2/i_0/i_6/CI->CO      FA_X1                   ff   2727.9     74.2     74.2      0.0     15.9      0.8      3.6      1    51,   51  /PD_TOP        (1.10)
add2/i_0/i_7/CI->CO      FA_X1                   ff   2802.1     74.2     74.2      0.0     15.9      0.8      3.6      1    51,   51  /PD_TOP        (1.10)
add2/i_0/i_8/CI->CO      FA_X1                   ff   2876.3     74.2     74.2      0.0     15.9      0.8      3.6      1    51,   51  /PD_TOP        (1.10)
add2/i_0/i_9/CI->CO      FA_X1                   ff   2950.5     74.2     74.2      0.0     15.9      0.8      3.6      1    51,   51  /PD_TOP        (1.10)
add2/i_0/i_10/CI->CO     FA_X1                   ff   3024.7     74.2     74.2      0.0     15.9      0.8      3.6      1    51,   51  /PD_TOP        (1.10)
add2/i_0/i_11/CI->CO     FA_X1                   ff   3098.9     74.2     74.2      0.0     15.9      0.8      3.6      1    51,   51  /PD_TOP        (1.10)
add2/i_0/i_12/CI->CO     FA_X1                   ff   3173.1     74.2     74.2      0.0     15.9      0.8      3.6      1    51,   51  /PD_TOP        (1.10)
add2/i_0/i_13/CI->CO     FA_X1                   ff   3247.3     74.2     74.2      0.0     15.9      0.8      3.6      1    51,   51  /PD_TOP        (1.10)
add2/i_0/i_14/CI->CO     FA_X1                   ff   3321.5     74.2     74.2      0.0     15.9      0.8      3.6      1    51,   51  /PD_TOP        (1.10)
add2/i_0/i_15/CI->CO     FA_X1                   ff   3395.7     74.2     74.2      0.0     15.9      0.8      3.6      1    51,   51  /PD_TOP        (1.10)
add2/i_0/i_16/CI->CO     FA_X1                   ff   3469.9     74.2     74.2      0.0     15.9      0.8      3.6      1    51,   51  /PD_TOP        (1.10)
add2/i_0/i_17/CI->CO     FA_X1                   ff   3544.1     74.2     74.2      0.0     15.9      0.8      3.6      1    51,   51  /PD_TOP        (1.10)
add2/i_0/i_18/CI->CO     FA_X1                   ff   3618.3     74.2     74.2      0.0     15.9      0.8      3.6      1    51,   51  /PD_TOP        (1.10)
add2/i_0/i_19/CI->CO     FA_X1                   ff   3692.5     74.2     74.2      0.0     15.9      0.8      3.6      1    51,   51  /PD_TOP        (1.10)
add2/i_0/i_20/CI->CO     FA_X1                   ff   3766.7     74.2     74.2      0.0     15.9      0.8      3.6      1    51,   51  /PD_TOP        (1.10)
add2/i_0/i_21/CI->CO     FA_X1                   ff   3840.9     74.2     74.2      0.0     15.9      0.8      3.6      1    51,   51  /PD_TOP        (1.10)
add2/i_0/i_22/CI->CO     FA_X1                   ff   3915.1     74.2     74.2      0.0     15.9      0.8      3.6      1    51,   51  /PD_TOP        (1.10)
add2/i_0/i_23/CI->CO     FA_X1                   ff   3989.3     74.2     74.2      0.0     15.9      0.8      3.6      1    51,   51  /PD_TOP        (1.10)
add2/i_0/i_24/CI->CO     FA_X1                   ff   4063.5     74.2     74.2      0.0     15.9      0.8      3.6      1    51,   51  /PD_TOP        (1.10)
add2/i_0/i_25/CI->S      FA_X1*                  fr   4271.0    207.5    207.5      0.0     15.9     23.6    172.6     29    51,   51  /PD_TOP        (1.10)
i_0_0_647/A->ZN          INV_X32                 rf   4286.8     15.8     14.9      0.9     15.3     22.9    130.4     27    51,   51  /PD_TOP        (1.10)
i_0_0_365/A1->ZN         AOI22_X4*               fr   4359.5     72.7     71.8      0.9      7.4      4.8     49.0      6    51,   51  /PD_TOP        (1.10)
i_0_0_364/A->ZN          INV_X8                  rf   4369.5     10.0      9.9      0.1     15.3      2.3     14.0      3    51,   51  /PD_TOP        (1.10)
i_0_0_347/A->ZN          AOI21_X4                fr   4407.0     37.5     37.5      0.0      4.6      0.7      4.8      1    51,   51  /PD_TOP        (1.10)
i_0_0_346/B2->ZN         OAI21_X4                rf   4439.9     32.9     32.9      0.0     22.2      0.6     26.1      1    51,   51  /PD_TOP        (1.10)
i_0_0_345/A->ZN          INV_X8                  fr   4453.7     13.8     13.8      0.0     18.8      0.6      4.7      1    51,   51  /PD_TOP        (1.10)
i_0_0_344/B2->ZN         OAI21_X4                rf   4468.4     14.7     14.7      0.0      5.4      0.7      4.9      1    51,   51  /PD_TOP        (1.10)
i_0_0_343/B2->ZN         AOI21_X4                fr   4500.4     32.0     32.0      0.0      9.7      0.7      4.8      1    51,   51  /PD_TOP        (1.10)
i_0_0_342/B2->ZN         OAI21_X4                rf   4521.0     20.6     20.6      0.0     22.2      0.7      4.9      1    51,   51  /PD_TOP        (1.10)
i_0_0_341/B2->ZN         AOI21_X4                fr   4553.0     32.0     32.0      0.0      9.7      0.7      4.8      1    51,   51  /PD_TOP        (1.10)
i_0_0_340/B2->ZN         OAI21_X4                rf   4573.5     20.5     20.5      0.0     22.2      0.7      4.8      1    51,   51  /PD_TOP        (1.10)
i_0_0_335/B1->ZN         AOI21_X4                fr   4600.4     26.9     26.9      0.0      9.6      0.7      4.8      1    51,   51  /PD_TOP        (1.10)
i_0_0_333/B2->ZN         OAI21_X4                rf   4625.6     25.2     25.2      0.0     22.2      2.1     12.5      3    51,   51  /PD_TOP        (1.10)
i_0_0_288/A2->ZN         NOR2_X4*                fr   4713.6     88.0     88.0      0.0     12.8     22.1    121.7     25    51,   51  /PD_TOP        (1.10)
i_0_0_286/A2->ZN         NAND2_X4                rf   4729.1     15.5     14.6      0.9     15.3      0.7      3.5      1    51,   51  /PD_TOP        (1.10)
i_0_0_1/CI->CO           FA_X1                   ff   4799.8     70.7     70.7      0.0      6.6      0.8      3.6      1    51,   51  /PD_TOP        (1.10)
i_0_0_2/CI->CO           FA_X1                   ff   4874.0     74.2     74.2      0.0     15.9      0.8      3.6      1    51,   51  /PD_TOP        (1.10)
i_0_0_3/CI->CO           FA_X1                   ff   4948.2     74.2     74.2      0.0     15.9      0.8      3.6      1    51,   51  /PD_TOP        (1.10)
i_0_0_4/CI->CO           FA_X1                   ff   5022.4     74.2     74.2      0.0     15.9      0.8      3.6      1    51,   51  /PD_TOP        (1.10)
i_0_0_5/CI->CO           FA_X1                   ff   5096.6     74.2     74.2      0.0     15.9      0.8      3.6      1    51,   51  /PD_TOP        (1.10)
i_0_0_6/CI->CO           FA_X1                   ff   5171.4     74.8     74.8      0.0     15.9      0.7      3.8      1    51,   51  /PD_TOP        (1.10)
i_0_0_312/A->ZN          XNOR2_X2                ff   5212.7     41.3     41.3      0.0     16.2      0.6      4.3      1    51,   51  /PD_TOP        (1.10)
i_0_0_311/B->ZN          XNOR2_X2                ff   5253.3     40.6     40.6      0.0     11.2      0.7      4.8      1    51,   51  /PD_TOP        (1.10)
i_0_0_309/A2->ZN         OAI22_X4                fr   5315.2     61.9     61.9      0.0     11.7      0.7     26.2      1    51,   51  /PD_TOP        (1.10)
i_0_0_308/A->ZN          INV_X8                  rf   5322.6      7.4      7.4      0.0     56.9      1.3      7.3      2    51,   51  /PD_TOP        (1.10)
i_0_0_282/A1->ZN         OR4_X4                  ff   5395.5     72.9     72.9      0.0      3.8      0.7      4.9      1    51,   51  /PD_TOP        (1.10)
i_0_0_281/A2->ZN         NOR2_X4                 fr   5427.6     32.1     32.1      0.0     16.0      1.4      5.2      2    51,   51  /PD_TOP        (1.10)
i_0_0_280/A2->ZN         OR2_X4                  rr   5458.7     31.1     31.1      0.0     16.5      3.0     12.6      4    51,   51  /PD_TOP        (1.10)
i_0_0_251/A2->ZN         NOR2_X4*                rf   5498.2     39.5     39.4      0.1     11.1     14.2     79.8     16    51,   51  /PD_TOP        (1.10)
i_0_0_250/A->ZN          INV_X8                  fr   5521.4     23.2     22.7      0.5     15.3      5.7     31.9      7    51,   51  /PD_TOP        (1.10)
i_0_0_133/B3->ZN         OAI33_X1                rf   5583.1     61.7     61.5      0.2     12.1      6.9     16.9      1    51,   51  /PD_TOP        (1.10)
SUM[1]                                            f   5583.9      0.8               0.8     42.1                             53,    0                       
------------------------------------------------------------------------------------------------------------------------------------------------------------
Report for group R2O
