Report Physical info: 
------------------------+-------------+-----------+------------
                        |             |Area (squm)|Leakage (uW)
------------------------+-------------+-----------+------------
Design Name             |boothAlgo    |           |            
  Total Instances       |         1017|       1581|      33.747
    Macros              |            0|          0|       0.000
    Pads                |            0|          0|       0.000
    Phys                |            0|          0|       0.000
    Blackboxes          |            0|          0|       0.000
    Cells               |         1017|       1581|      33.747
      Buffers           |            0|          0|       0.000
      Inverters         |          175|         93|       2.512
      Clock-Gates       |            2|          8|       0.118
      Combinational     |          736|       1009|      22.889
      Latches           |            0|          0|       0.000
      FlipFlops         |          104|        470|       8.228
       Single-Bit FF    |          104|        470|       8.228
       Multi-Bit FF     |            0|          0|       0.000
       Clock-Gated      |          103|           |            
       Bits             |          104|        470|       8.228
         Load-Enabled   |            0|           |            
         Clock-Gated    |          103|           |            
  Tristate Pin Count    |            0|           |            
Physical Info           |Placed       |           |            
  Chip Size (mm x mm)   |0.111 x 0.111|      12393|            
  Fixed Cell Area       |             |          0|            
    Phys Only           |            0|          0|            
  Placeable Area        |             |       2586|            
  Movable Cell Area     |             |       1581|            
  Utilization (%)       |           61|           |            
  Chip Utilization (%)  |           61|           |            
  Total Wire Length (mm)|        7.651|           |            
  Longest Wire (mm)     |        0.061|           |            
  Average Wire (mm)     |        0.058|           |            
------------------------+-------------+-----------+------------
