Report End Points: 
-----+-------+------+-------+------+------+-----+-----+----------------------+-----------------------
     |Group  |Launch|Capture|Shift |Delay |Depth|Slack|Begin Point           |End Point              
-----+-------+------+-------+------+------+-----+-----+----------------------+-----------------------
1    |default|sysclk|sysclk |2000.0|1160.5|   37|651.5|accumulator_A_reg[0]/Q|accumulator_A_reg[30]/D
2    |default|sysclk|sysclk |2000.0|1133.3|   34|672.0|accumulator_A_reg[0]/Q|accumulator_A_reg[28]/D
3    |default|sysclk|sysclk |2000.0|1088.8|   33|716.5|accumulator_A_reg[0]/Q|accumulator_A_reg[27]/D
-----+-------+------+-------+------+------+-----+-----+----------------------+-----------------------
Report End Points: 
-----+-----+--------------+-------+------+------+-----+-----+-----------+------------------------
     |Group|Launch        |Capture|Shift |Delay |Depth|Slack|Begin Point|End Point               
-----+-----+--------------+-------+------+------+-----+-----+-----------+------------------------
1    |I2R  |rtDefaultClock|sysclk |2000.0|1065.8|   21|696.2|B[1]       |multiplicand_Q_reg[29]/D
2    |I2R  |rtDefaultClock|sysclk |2000.0|1064.9|   22|697.1|B[1]       |multiplicand_Q_reg[31]/D
3    |I2R  |rtDefaultClock|sysclk |2000.0|1051.0|   22|711.0|B[1]       |multiplicand_Q_reg[30]/D
-----+-----+--------------+-------+------+------+-----+-----+-----------+------------------------
Report End Points: 
-----+-----+------+-------+-----+-----+-----+-----+-----------+---------
     |Group|Launch|Capture|Shift|Delay|Depth|Slack|Begin Point|End Point
-----+-----+------+-------+-----+-----+-----+-----+-----------+---------
1    |I2O  |      |       |     |     |     |     |           |         
-----+-----+------+-------+-----+-----+-----+-----+-----------+---------
Report End Points: 
-----+-----+------+-------+-----+-----+-----+-----+-----------+---------
     |Group|Launch|Capture|Shift|Delay|Depth|Slack|Begin Point|End Point
-----+-----+------+-------+-----+-----+-----+-----+-----------+---------
1    |R2O  |      |       |     |     |     |     |           |         
-----+-----+------+-------+-----+-----+-----+-----+-----------+---------
