warning: No library characterized for (process = 1.00 voltage = 0.85 temperature = 25.00) can be found in the database for power domain '/PD_TOP'  [NL-174]
Report Power (instances with prefix '*' are included in total) : 
-----+---------------------------+--------------------+---------------------+-------------------+-----------------
     | Instance                  | Internal Power(uw) | Switching Power(uw) | Leakage Power(uw) | Total Power(uw) 
-----+---------------------------+--------------------+---------------------+-------------------+-----------------
1    |*i_0_4                     |           73.923470|           194.865204|           4.934707|       273.723389
2    |*i_0_5                     |           59.577351|           106.326866|           3.756794|       169.661026
3    |*i_0_9                     |           49.332897|            57.010944|           1.822795|       108.166634
4    |*i_0_11                    |           49.915108|            43.482777|           1.822795|        95.220680
5    |*i_0_18                    |           28.896997|            26.143902|           3.772386|        58.813290
6    |*isNeg_reg[1]              |            1.601907|             3.384760|           0.079112|         5.065779
7    |*isNeg_reg[0]              |            1.591264|             0.921928|           0.079112|         2.592304
8    |*accumulator_A_reg[30]     |            1.869839|            10.772854|           0.079112|        12.721805
9    |*accumulator_A_reg[29]     |            1.869609|             9.022154|           0.079112|        10.970875
10   |*accumulator_A_reg[28]     |            1.869439|             7.726729|           0.079112|         9.675280
11   |*accumulator_A_reg[27]     |            1.869888|            11.146333|           0.079112|        13.095333
12   |*accumulator_A_reg[26]     |            1.869232|             6.157014|           0.079112|         8.105358
13   |*accumulator_A_reg[25]     |            1.869667|             9.464061|           0.079112|        11.412840
14   |*accumulator_A_reg[24]     |            1.869197|             5.890990|           0.079112|         7.839300
15   |*accumulator_A_reg[23]     |            1.869866|            10.980043|           0.079112|        12.929021
16   |*accumulator_A_reg[22]     |            1.869033|             4.636800|           0.079112|         6.584946
17   |*accumulator_A_reg[21]     |            1.869506|             8.239288|           0.079112|        10.187906
18   |*accumulator_A_reg[20]     |            1.869311|             6.760248|           0.079112|         8.708671
19   |*accumulator_A_reg[19]     |            1.869773|            10.270426|           0.079112|        12.219311
20   |*accumulator_A_reg[18]     |            1.869146|             5.506330|           0.079112|         7.454589
21   |*accumulator_A_reg[17]     |            1.869591|             8.891006|           0.079112|        10.839710
22   |*accumulator_A_reg[16]     |            1.869311|             6.760248|           0.079112|         8.708671
23   |*accumulator_A_reg[15]     |            1.869372|             7.219544|           0.079112|         9.168028
24   |*accumulator_A_reg[14]     |            1.869121|             5.313051|           0.079112|         7.261284
25   |*accumulator_A_reg[13]     |            1.869483|             8.064371|           0.079112|        10.012966
26   |*accumulator_A_reg[12]     |            1.869128|             5.366380|           0.079112|         7.314620
27   |*accumulator_A_reg[11]     |            1.869452|             7.830554|           0.079112|         9.779118
28   |*accumulator_A_reg[10]     |            1.869517|             8.325155|           0.079112|        10.273784
29   |*accumulator_A_reg[9]      |            1.869515|             8.309051|           0.079112|        10.257678
30   |*accumulator_A_reg[8]      |            1.869517|             8.323519|           0.079112|        10.272148
31   |*accumulator_A_reg[7]      |            1.869400|             7.433876|           0.079112|         9.382388
32   |*accumulator_A_reg[6]      |            1.869233|             6.160471|           0.079112|         8.108816
33   |*accumulator_A_reg[5]      |            1.869481|             8.054067|           0.079112|        10.002660
34   |*accumulator_A_reg[4]      |            1.869514|             8.302494|           0.079112|        10.251120
35   |*accumulator_A_reg[3]      |            1.869721|             9.874070|           0.079112|        11.822903
36   |*accumulator_A_reg[2]      |            1.869230|             6.140156|           0.079112|         8.088499
37   |*accumulator_A_reg[1]      |            1.869677|             9.541964|           0.079112|        11.490753
38   |*accumulator_A_reg[0]      |            1.869357|             7.106671|           0.079112|         9.055140
39   |*multiplier_M_reg[31]      |            1.326053|             0.768273|           0.079112|         2.173439
40   |*multiplier_M_reg[30]      |            1.335381|             6.036115|           0.079112|         7.450609
41   |*multiplier_M_reg[29]      |            1.334806|             2.703724|           0.079112|         4.117642
42   |*multiplier_M_reg[28]      |            1.335082|             3.759024|           0.079112|         5.173219
43   |*multiplier_M_reg[27]      |            1.335148|             4.263448|           0.079112|         5.677709
44   |*multiplier_M_reg[26]      |            1.335137|             4.178591|           0.079112|         5.592841
45   |*multiplier_M_reg[25]      |            1.334998|             3.116595|           0.079112|         4.530704
46   |*multiplier_M_reg[24]      |            1.335136|             4.171838|           0.079112|         5.586087
47   |*multiplier_M_reg[23]      |            1.334211|             2.101527|           0.079112|         3.514851
48   |*multiplier_M_reg[22]      |            1.335056|             3.562507|           0.079112|         4.976676
49   |*multiplier_M_reg[21]      |            1.333870|             1.755926|           0.079112|         3.168908
50   |*multiplier_M_reg[20]      |            1.335136|             4.171838|           0.079112|         5.586087
51   |*multiplier_M_reg[19]      |            1.333709|             1.593309|           0.079112|         3.006130
52   |*multiplier_M_reg[18]      |            1.335138|             4.187490|           0.079112|         5.601740
53   |*multiplier_M_reg[17]      |            1.334314|             2.204785|           0.079112|         3.618211
54   |*multiplier_M_reg[16]      |            1.335136|             4.171838|           0.079112|         5.586087
55   |*multiplier_M_reg[15]      |            1.333709|             1.593309|           0.079112|         3.006130
56   |*multiplier_M_reg[14]      |            1.335138|             4.187490|           0.079112|         5.601740
57   |*multiplier_M_reg[13]      |            1.334314|             2.204785|           0.079112|         3.618211
58   |*multiplier_M_reg[12]      |            1.335136|             4.171838|           0.079112|         5.586087
59   |*multiplier_M_reg[11]      |            1.333709|             1.593309|           0.079112|         3.006130
60   |*multiplier_M_reg[10]      |            1.335138|             4.187490|           0.079112|         5.601740
61   |*multiplier_M_reg[9]       |            1.334314|             2.204785|           0.079112|         3.618211
62   |*multiplier_M_reg[8]       |            1.335136|             4.173505|           0.079112|         5.587755
63   |*multiplier_M_reg[7]       |            1.333709|             1.593309|           0.079112|         3.006130
64   |*multiplier_M_reg[6]       |            1.335138|             4.187490|           0.079112|         5.601740
65   |*multiplier_M_reg[5]       |            1.334314|             2.204785|           0.079112|         3.618211
66   |*multiplier_M_reg[4]       |            1.335136|             4.171838|           0.079112|         5.586087
67   |*multiplier_M_reg[3]       |            1.335027|             3.341455|           0.079112|         4.755595
68   |*multiplier_M_reg[2]       |            1.335134|             4.158867|           0.079112|         5.573114
69   |*multiplier_M_reg[1]       |            1.334312|             2.203118|           0.079112|         3.616542
70   |*multiplier_M_reg[0]       |            1.600631|             2.093606|           0.079112|         3.773349
71   |*multiplicand_Q_reg[32]    |            1.869122|             5.315934|           0.079112|         7.264168
72   |*multiplicand_Q_reg[31]    |            1.867442|             2.482984|           0.079112|         4.429539
73   |*multiplicand_Q_reg[30]    |            1.868021|             3.069139|           0.079112|         5.016273
74   |*multiplicand_Q_reg[29]    |            1.868678|             3.733728|           0.079112|         5.681519
75   |*multiplicand_Q_reg[28]    |            1.867226|             2.264435|           0.079112|         4.210774
76   |*multiplicand_Q_reg[27]    |            1.869118|             5.287263|           0.079112|         7.235494
77   |*multiplicand_Q_reg[26]    |            1.867404|             2.444009|           0.079112|         4.390525
78   |*multiplicand_Q_reg[25]    |            1.868006|             3.053227|           0.079112|         5.000346
79   |*multiplicand_Q_reg[24]    |            1.868717|             3.772703|           0.079112|         5.720532
80   |*multiplicand_Q_reg[23]    |            1.867198|             2.235764|           0.079112|         4.182075
81   |*multiplicand_Q_reg[22]    |            1.869117|             5.276960|           0.079112|         7.225189
82   |*multiplicand_Q_reg[21]    |            1.867398|             2.438401|           0.079112|         4.384912
83   |*multiplicand_Q_reg[20]    |            1.868035|             3.082999|           0.079112|         5.030147
84   |*multiplicand_Q_reg[19]    |            1.868672|             3.727937|           0.079112|         5.675722
85   |*multiplicand_Q_reg[18]    |            1.867175|             2.212559|           0.079112|         4.158847
86   |*multiplicand_Q_reg[17]    |            1.867182|             2.219853|           0.079112|         4.166148
87   |*multiplicand_Q_reg[16]    |            1.867331|             2.370083|           0.079112|         4.316526
88   |*multiplicand_Q_reg[15]    |            1.867857|             2.902991|           0.079112|         4.849960
89   |*multiplicand_Q_reg[14]    |            1.869118|             5.287263|           0.079112|         7.235494
90   |*multiplicand_Q_reg[13]    |            1.867445|             2.486052|           0.079112|         4.432610
91   |*multiplicand_Q_reg[12]    |            1.869118|             5.287263|           0.079112|         7.235494
92   |*multiplicand_Q_reg[11]    |            1.867445|             2.486052|           0.079112|         4.432610
93   |*multiplicand_Q_reg[10]    |            1.867287|             2.325500|           0.079112|         4.271900
94   |*multiplicand_Q_reg[9]     |            1.867813|             2.858408|           0.079112|         4.805334
95   |*multiplicand_Q_reg[8]     |            1.867226|             2.264435|           0.079112|         4.210774
96   |*multiplicand_Q_reg[7]     |            1.867303|             2.341413|           0.079112|         4.287827
97   |*multiplicand_Q_reg[6]     |            1.867819|             2.864015|           0.079112|         4.810946
98   |*multiplicand_Q_reg[5]     |            1.867182|             2.219853|           0.079112|         4.166148
99   |*multiplicand_Q_reg[4]     |            1.867198|             2.235764|           0.079112|         4.182075
100  |*multiplicand_Q_reg[3]     |            1.867293|             2.332284|           0.079112|         4.278690
101  |*multiplicand_Q_reg[2]     |            1.868015|             3.062290|           0.079112|         5.009418
102  |*multiplicand_Q_reg[1]     |            1.869609|             9.022823|           0.079112|        10.971544
103  |*multiplicand_Q_reg[0]     |            0.817693|             1.965925|           0.079112|         2.862731
104  |*ready_reg                 |            2.135954|             6.345836|           0.079112|         8.560902
105  |*ready_reg_enable_mux_0    |            0.790732|             0.282907|           0.035928|         1.109567
106  |*counter_reg[4]            |            1.857078|             1.129018|           0.079112|         3.065208
107  |*counter_reg[3]            |            1.329114|             0.643930|           0.079112|         2.052157
108  |*counter_reg[2]            |            1.290692|             0.696361|           0.079112|         2.066166
109  |*counter_reg[1]            |            1.336203|             1.097216|           0.079112|         2.512532
110  |*counter_reg[0]            |            1.340190|             1.568850|           0.079112|         2.988152
111  |*clk_gate_accumulator_A_reg|            1.155486|             0.000000|           0.059138|         1.214624
112  |*clk_gate_isNeg_reg        |            1.276739|             0.000000|           0.059138|         1.335877
113  |*i_0_0_0                   |            0.682206|             2.569259|           0.036441|         3.287905
114  |*i_0_0_1                   |            0.323930|             0.593912|           0.017393|         0.935235
115  |*i_0_0_2                   |            0.846485|             2.535670|           0.035928|         3.418084
116  |*i_0_0_3                   |            0.843897|             2.555756|           0.035928|         3.435581
117  |*i_0_0_4                   |            0.841666|             2.556917|           0.035928|         3.434512
118  |*i_0_0_5                   |            0.839403|             2.522633|           0.035928|         3.397965
119  |*i_0_0_6                   |            0.840627|             2.517223|           0.035928|         3.393779
120  |*i_0_0_7                   |            0.837898|             2.516107|           0.035928|         3.389933
121  |*i_0_0_8                   |            0.837181|             2.540098|           0.035928|         3.413208
122  |*i_0_0_9                   |            0.839223|             2.544018|           0.035928|         3.419169
123  |*i_0_0_10                  |            0.837092|             2.517452|           0.035928|         3.390472
124  |*i_0_0_11                  |            0.837640|             2.544876|           0.035928|         3.418444
125  |*i_0_0_12                  |            0.838075|             2.544770|           0.035928|         3.418772
126  |*i_0_0_13                  |            0.837407|             2.517471|           0.035928|         3.390806
127  |*i_0_0_14                  |            0.837805|             2.516142|           0.035928|         3.389875
128  |*i_0_0_15                  |            0.838990|             2.518919|           0.035928|         3.393837
129  |*i_0_0_16                  |            0.837318|             2.543647|           0.035928|         3.416893
130  |*i_0_0_17                  |            0.836590|             2.548385|           0.035928|         3.420904
131  |*i_0_0_18                  |            0.836391|             2.522346|           0.035928|         3.394665
132  |*i_0_0_19                  |            0.837884|             2.549871|           0.035928|         3.423684
133  |*i_0_0_20                  |            0.840091|             2.549871|           0.035928|         3.425890
134  |*i_0_0_21                  |            0.837456|             2.522625|           0.035928|         3.396009
135  |*i_0_0_22                  |            0.837842|             2.521323|           0.035928|         3.395094
136  |*i_0_0_23                  |            0.836491|             2.524113|           0.035928|         3.396532
137  |*i_0_0_24                  |            0.837875|             2.548849|           0.035928|         3.422653
138  |*i_0_0_25                  |            0.840007|             2.553590|           0.035928|         3.429526
139  |*i_0_0_26                  |            0.837511|             2.527552|           0.035928|         3.400992
140  |*i_0_0_27                  |            0.838134|             2.555078|           0.035928|         3.429140
141  |*i_0_0_28                  |            0.836811|             2.555078|           0.035928|         3.427817
142  |*i_0_0_29                  |            0.837694|             2.527833|           0.035928|         3.401455
143  |*i_0_0_30                  |            0.839883|             2.526531|           0.035928|         3.402342
144  |*i_0_0_31                  |            0.837656|             2.529320|           0.035928|         3.402905
145  |*i_0_0_32                  |            0.838125|             2.554057|           0.035928|         3.428110
146  |*i_0_0_33                  |            0.837961|             2.558798|           0.035928|         3.432687
147  |*i_0_0_34                  |            0.837736|             2.532759|           0.035928|         3.406424
148  |*i_0_0_35                  |            0.838179|             2.560286|           0.035928|         3.434392
149  |*i_0_0_36                  |            0.838179|             2.560286|           0.035928|         3.434392
150  |*i_0_0_37                  |            0.837943|             2.533041|           0.035928|         3.406912
151  |*i_0_0_38                  |            0.837727|             2.531739|           0.035928|         3.405394
152  |*i_0_0_39                  |            0.837751|             2.534528|           0.035928|         3.408208
153  |*i_0_0_40                  |            0.838170|             2.559264|           0.035928|         3.433363
154  |*i_0_0_41                  |            0.838211|             2.564006|           0.035928|         3.438144
155  |*i_0_0_42                  |            0.837781|             2.537967|           0.035928|         3.411677
156  |*i_0_0_43                  |            0.838223|             2.565493|           0.035928|         3.439645
157  |*i_0_0_44                  |            0.838019|             2.565493|           0.035928|         3.439440
158  |*i_0_0_45                  |            0.837974|             2.538248|           0.035928|         3.412150
159  |*i_0_0_46                  |            0.837772|             2.536946|           0.035928|         3.410647
160  |*i_0_0_47                  |            0.837796|             2.539736|           0.035928|         3.413460
161  |*i_0_0_48                  |            0.838010|             2.564472|           0.035928|         3.438411
162  |*i_0_0_49                  |            0.838051|             2.569213|           0.035928|         3.443192
163  |*i_0_0_50                  |            0.838031|             2.543175|           0.035928|         3.417134
164  |*i_0_0_51                  |            0.838269|             2.570701|           0.035928|         3.444898
165  |*i_0_0_52                  |            0.838269|             2.570701|           0.035928|         3.444898
166  |*i_0_0_53                  |            0.837828|             2.543456|           0.035928|         3.417212
167  |*i_0_0_54                  |            0.838022|             2.542154|           0.035928|         3.416104
168  |*i_0_0_55                  |            0.838046|             2.544943|           0.035928|         3.418918
169  |*i_0_0_56                  |            0.838260|             2.569679|           0.035928|         3.443868
170  |*i_0_0_57                  |            0.838096|             2.574420|           0.035928|         3.448445
171  |*i_0_0_58                  |            0.838054|             2.548382|           0.035928|         3.422364
172  |*i_0_0_59                  |            0.838108|             2.575908|           0.035928|         3.449945
173  |*i_0_0_60                  |            0.838313|             2.575908|           0.035928|         3.450150
174  |*i_0_0_61                  |            0.838078|             2.548664|           0.035928|         3.422670
175  |*i_0_0_62                  |            0.837862|             2.547361|           0.035928|         3.421152
176  |*i_0_0_63                  |            0.838091|             2.550151|           0.035928|         3.424170
177  |*i_0_0_64                  |            0.843820|             3.238404|           0.035928|         4.118153
178  |*i_0_0_65                  |            0.730949|            27.151108|           0.022695|        27.904751
179  |*i_0_0_66                  |            0.544060|             0.396725|           0.036441|         0.977226
180  |*i_0_0_67                  |            0.000000|             0.000000|           0.032601|         0.032601
181  |*i_0_0_68                  |            0.000037|             0.000043|           0.018127|         0.018207
182  |*i_0_0_69                  |            0.126449|             0.160710|           0.032601|         0.319760
183  |*i_0_0_70                  |            0.126375|             0.157099|           0.032601|         0.316076
184  |*i_0_0_71                  |            0.126321|             0.154495|           0.032601|         0.313418
185  |*i_0_0_72                  |            0.126245|             0.150819|           0.032601|         0.309666
186  |*i_0_0_73                  |            0.000037|             0.000043|           0.018127|         0.018207
187  |*i_0_0_74                  |            0.126449|             0.160710|           0.032601|         0.319760
188  |*i_0_0_75                  |            0.126375|             0.157099|           0.032601|         0.316076
189  |*i_0_0_76                  |            0.126321|             0.154495|           0.032601|         0.313418
190  |*i_0_0_77                  |            0.126245|             0.150819|           0.032601|         0.309666
191  |*i_0_0_78                  |            0.000076|             0.000088|           0.018127|         0.018291
192  |*i_0_0_79                  |            0.191022|             0.290256|           0.026832|         0.508110
193  |*i_0_0_80                  |            0.128351|             0.157099|           0.032601|         0.318051
194  |*i_0_0_81                  |            0.130199|             0.154495|           0.032601|         0.317296
195  |*i_0_0_82                  |            0.132298|             0.150819|           0.032601|         0.315719
196  |*i_0_0_83                  |            0.000037|             0.000046|           0.018127|         0.018210
197  |*i_0_0_84                  |            0.130545|             0.160709|           0.032601|         0.323856
198  |*i_0_0_85                  |            0.132272|             0.157099|           0.032601|         0.321973
199  |*i_0_0_86                  |            0.130039|             0.154495|           0.032601|         0.317135
200  |*i_0_0_87                  |            0.131628|             0.150819|           0.032601|         0.315049
201  |*i_0_0_88                  |            0.359496|             0.233752|           0.022619|         0.615868
202  |*i_0_0_89                  |            0.353377|             0.220113|           0.022619|         0.596109
203  |*i_0_0_90                  |            0.769113|             0.589250|           0.036164|         1.394527
204  |*i_0_0_91                  |            0.315606|             0.202648|           0.022619|         0.540873
205  |*i_0_0_92                  |            0.586926|             0.645464|           0.025066|         1.257457
206  |*i_0_0_93                  |            0.143190|             0.138807|           0.022619|         0.304617
207  |*i_0_0_94                  |            0.277296|             0.174182|           0.022619|         0.474097
208  |*i_0_0_95                  |            0.657905|             0.559062|           0.036164|         1.253130
209  |*i_0_0_96                  |            0.320147|             0.202004|           0.022619|         0.544770
210  |*i_0_0_97                  |            0.490054|             0.648639|           0.036164|         1.174856
211  |*i_0_0_98                  |            0.586425|             0.302409|           0.022695|         0.911529
212  |*i_0_0_99                  |            0.604516|             0.411177|           0.022695|         1.038388
213  |*i_0_0_100                 |            0.043230|             0.078828|           0.026832|         0.148890
214  |*i_0_0_101                 |            0.224112|             0.463472|           0.022695|         0.710279
215  |*i_0_0_102                 |            0.649313|             1.296177|           0.024415|         1.969905
216  |*i_0_0_103                 |            0.140713|             0.156782|           0.014353|         0.311849
217  |*i_0_0_104                 |            0.373250|             2.289867|           0.047399|         2.710515
218  |*i_0_0_107                 |            0.142279|             0.158527|           0.014353|         0.315159
219  |*i_0_0_108                 |            0.378300|             2.315349|           0.047399|         2.741048
220  |*i_0_0_109                 |            0.140713|             0.156782|           0.014353|         0.311849
221  |*i_0_0_110                 |            0.373273|             2.289866|           0.047399|         2.710538
222  |*i_0_0_111                 |            0.140713|             0.156782|           0.014353|         0.311849
223  |*i_0_0_112                 |            0.373139|             2.289867|           0.047399|         2.710405
224  |*i_0_0_113                 |            0.140713|             0.156782|           0.014353|         0.311849
225  |*i_0_0_114                 |            0.373248|             2.289867|           0.047399|         2.710513
226  |*i_0_0_115                 |            0.140842|             0.156926|           0.014353|         0.312121
227  |*i_0_0_116                 |            0.374086|             2.291965|           0.047399|         2.713449
228  |*i_0_0_117                 |            0.140713|             0.156782|           0.014353|         0.311849
229  |*i_0_0_118                 |            0.373140|             2.289867|           0.047399|         2.710406
230  |*i_0_0_119                 |            0.140713|             0.156782|           0.014353|         0.311849
231  |*i_0_0_120                 |            0.373251|             2.289867|           0.047399|         2.710517
232  |*i_0_0_121                 |            0.140730|             0.156800|           0.014353|         0.311883
233  |*i_0_0_122                 |            0.373705|             2.290133|           0.047399|         2.711236
234  |*i_0_0_123                 |            0.140713|             0.156782|           0.014353|         0.311849
235  |*i_0_0_124                 |            0.374742|             2.289867|           0.047399|         2.712008
236  |*i_0_0_125                 |            0.140713|             0.156782|           0.014353|         0.311849
237  |*i_0_0_126                 |            0.373211|             2.289867|           0.047399|         2.710476
238  |*i_0_0_127                 |            0.140713|             0.156782|           0.014353|         0.311849
239  |*i_0_0_128                 |            0.374742|             2.289867|           0.047399|         2.712008
240  |*i_0_0_129                 |            0.140713|             0.156782|           0.014353|         0.311849
241  |*i_0_0_130                 |            0.373124|             2.289867|           0.047399|         2.710390
242  |*i_0_0_131                 |            0.140713|             0.156782|           0.014353|         0.311849
243  |*i_0_0_132                 |            0.373235|             2.289867|           0.047399|         2.710500
244  |*i_0_0_133                 |            0.140713|             0.156782|           0.014353|         0.311849
245  |*i_0_0_134                 |            0.373273|             2.289866|           0.047399|         2.710538
246  |*i_0_0_135                 |            0.140713|             0.156782|           0.014353|         0.311849
247  |*i_0_0_136                 |            0.373713|             2.289869|           0.047399|         2.710981
248  |*i_0_0_137                 |            0.140713|             0.156782|           0.014353|         0.311849
249  |*i_0_0_138                 |            0.374742|             2.289867|           0.047399|         2.712008
250  |*i_0_0_139                 |            0.140713|             0.156782|           0.014353|         0.311849
251  |*i_0_0_140                 |            0.373093|             2.289867|           0.047399|         2.710359
252  |*i_0_0_141                 |            0.140713|             0.156782|           0.014353|         0.311849
253  |*i_0_0_142                 |            0.373221|             2.289867|           0.047399|         2.710486
254  |*i_0_0_143                 |            0.140713|             0.156782|           0.014353|         0.311849
255  |*i_0_0_144                 |            0.374736|             2.289866|           0.047399|         2.712001
256  |*i_0_0_145                 |            0.140713|             0.156782|           0.014353|         0.311849
257  |*i_0_0_146                 |            0.373263|             2.289866|           0.047399|         2.710528
258  |*i_0_0_147                 |            0.140713|             0.156782|           0.014353|         0.311849
259  |*i_0_0_148                 |            0.374742|             2.289867|           0.047399|         2.712008
260  |*i_0_0_149                 |            0.140713|             0.156782|           0.014353|         0.311849
261  |*i_0_0_150                 |            0.373099|             2.289867|           0.047399|         2.710365
262  |*i_0_0_151                 |            0.140713|             0.156782|           0.014353|         0.311849
263  |*i_0_0_152                 |            0.373219|             2.289867|           0.047399|         2.710485
264  |*i_0_0_153                 |            0.140713|             0.156782|           0.014353|         0.311849
265  |*i_0_0_154                 |            0.374736|             2.289866|           0.047399|         2.712001
266  |*i_0_0_155                 |            0.140713|             0.156782|           0.014353|         0.311849
267  |*i_0_0_156                 |            0.373263|             2.289867|           0.047399|         2.710529
268  |*i_0_0_157                 |            0.140713|             0.156782|           0.014353|         0.311849
269  |*i_0_0_158                 |            0.375181|             2.289867|           0.047399|         2.712447
270  |*i_0_0_159                 |            0.140713|             0.156782|           0.014353|         0.311849
271  |*i_0_0_160                 |            0.373096|             2.289867|           0.047399|         2.710361
272  |*i_0_0_161                 |            0.140713|             0.156782|           0.014353|         0.311849
273  |*i_0_0_162                 |            0.373212|             2.289867|           0.047399|         2.710478
274  |*i_0_0_163                 |            0.140713|             0.156782|           0.014353|         0.311849
275  |*i_0_0_164                 |            0.374736|             2.289866|           0.047399|         2.712001
276  |*i_0_0_105                 |            0.062843|             3.456281|           0.021200|         3.540323
277  |*i_0_0_166                 |            0.175260|             0.137108|           0.017393|         0.329761
278  |*i_0_0_167                 |            0.118745|             0.190892|           0.032612|         0.342249
279  |*i_0_0_168                 |            0.151170|             0.197634|           0.032612|         0.381417
280  |*i_0_0_106                 |            0.084939|             3.677183|           0.021200|         3.783322
281  |*i_0_0_170                 |            0.522888|             0.411617|           0.021200|         0.955705
282  |*i_0_0_171                 |            0.248330|             0.199787|           0.014353|         0.462470
283  |*i_0_0_172                 |            0.524404|             2.914426|           0.032612|         3.471442
284  |*i_0_0_173                 |            0.249909|             0.201057|           0.014353|         0.465320
285  |*i_0_0_174                 |            0.528205|             2.933113|           0.032612|         3.493930
286  |*i_0_0_175                 |            0.248330|             0.199787|           0.014353|         0.462470
287  |*i_0_0_176                 |            0.524404|             2.914426|           0.032612|         3.471442
288  |*i_0_0_177                 |            0.248330|             0.199787|           0.014353|         0.462470
289  |*i_0_0_178                 |            0.524404|             2.914426|           0.032612|         3.471442
290  |*i_0_0_179                 |            0.248330|             0.199787|           0.014353|         0.462470
291  |*i_0_0_180                 |            0.524404|             2.914426|           0.032612|         3.471442
292  |*i_0_0_181                 |            0.248460|             0.199891|           0.014353|         0.462704
293  |*i_0_0_182                 |            0.524904|             2.915965|           0.032612|         3.473481
294  |*i_0_0_183                 |            0.248330|             0.199787|           0.014353|         0.462470
295  |*i_0_0_184                 |            0.524404|             2.914426|           0.032612|         3.471442
296  |*i_0_0_185                 |            0.248330|             0.199787|           0.014353|         0.462470
297  |*i_0_0_186                 |            0.524404|             2.914426|           0.032612|         3.471442
298  |*i_0_0_187                 |            0.248346|             0.199800|           0.014353|         0.462499
299  |*i_0_0_188                 |            0.524653|             2.914621|           0.032612|         3.471885
300  |*i_0_0_189                 |            0.248330|             0.199787|           0.014353|         0.462470
301  |*i_0_0_190                 |            0.524404|             2.914426|           0.032612|         3.471442
302  |*i_0_0_191                 |            0.248330|             0.199787|           0.014353|         0.462470
303  |*i_0_0_192                 |            0.524379|             2.914426|           0.032612|         3.471416
304  |*i_0_0_193                 |            0.248330|             0.199787|           0.014353|         0.462470
305  |*i_0_0_194                 |            0.524404|             2.914426|           0.032612|         3.471442
306  |*i_0_0_195                 |            0.248330|             0.199787|           0.014353|         0.462470
307  |*i_0_0_196                 |            0.524379|             2.914426|           0.032612|         3.471416
308  |*i_0_0_197                 |            0.248330|             0.199787|           0.014353|         0.462470
309  |*i_0_0_165                 |            0.524379|             2.914426|           0.032612|         3.471416
310  |*i_0_0_169                 |            0.248330|             0.199787|           0.014353|         0.462470
311  |*i_0_0_198                 |            0.524404|             2.914426|           0.032612|         3.471442
312  |*i_0_0_201                 |            0.248330|             0.199787|           0.014353|         0.462470
313  |*i_0_0_202                 |            0.524616|             2.914427|           0.032612|         3.471656
314  |*i_0_0_203                 |            0.248330|             0.199787|           0.014353|         0.462470
315  |*i_0_0_204                 |            0.524404|             2.914426|           0.032612|         3.471442
316  |*i_0_0_205                 |            0.248330|             0.199787|           0.014353|         0.462470
317  |*i_0_0_206                 |            0.524404|             2.914426|           0.032612|         3.471442
318  |*i_0_0_207                 |            0.248330|             0.199787|           0.014353|         0.462470
319  |*i_0_0_208                 |            0.524379|             2.914426|           0.032612|         3.471416
320  |*i_0_0_209                 |            0.248330|             0.199787|           0.014353|         0.462470
321  |*i_0_0_210                 |            0.524379|             2.914426|           0.032612|         3.471416
322  |*i_0_0_211                 |            0.248330|             0.199787|           0.014353|         0.462470
323  |*i_0_0_212                 |            0.524379|             2.914426|           0.032612|         3.471416
324  |*i_0_0_213                 |            0.248330|             0.199787|           0.014353|         0.462470
325  |*i_0_0_214                 |            0.524404|             2.914426|           0.032612|         3.471442
326  |*i_0_0_215                 |            0.248330|             0.199787|           0.014353|         0.462470
327  |*i_0_0_216                 |            0.524404|             2.914426|           0.032612|         3.471442
328  |*i_0_0_217                 |            0.248330|             0.199787|           0.014353|         0.462470
329  |*i_0_0_218                 |            0.524379|             2.914426|           0.032612|         3.471416
330  |*i_0_0_219                 |            0.248330|             0.199787|           0.014353|         0.462470
331  |*i_0_0_220                 |            0.524379|             2.914426|           0.032612|         3.471416
332  |*i_0_0_221                 |            0.248330|             0.199787|           0.014353|         0.462470
333  |*i_0_0_222                 |            0.524404|             2.914426|           0.032612|         3.471442
334  |*i_0_0_223                 |            0.248330|             0.199787|           0.014353|         0.462470
335  |*i_0_0_224                 |            0.524616|             2.914426|           0.032612|         3.471654
336  |*i_0_0_225                 |            0.248330|             0.199787|           0.014353|         0.462470
337  |*i_0_0_226                 |            0.524404|             2.914426|           0.032612|         3.471442
338  |*i_0_0_227                 |            0.248330|             0.199787|           0.014353|         0.462470
339  |*i_0_0_228                 |            0.524379|             2.914426|           0.032612|         3.471416
340  |*i_0_0_229                 |            0.248330|             0.199787|           0.014353|         0.462470
341  |*i_0_0_230                 |            0.524379|             2.914426|           0.032612|         3.471416
342  |*i_0_0_199                 |            0.379104|            21.062256|           0.027858|        21.469217
343  |*i_0_0_200                 |            0.087460|             5.485953|           0.021200|         5.594613
344  |*i_0_0_234                 |            0.297873|             0.194009|           0.026832|         0.518713
345  |*i_0_0_235                 |            0.154936|             0.306069|           0.021200|         0.482204
346  |*i_0_0_236                 |            0.105552|             0.117606|           0.014353|         0.237511
347  |*i_0_0_237                 |            0.286921|             1.712229|           0.047399|         2.046549
348  |*i_0_0_238                 |            0.105336|             0.117365|           0.014353|         0.237055
349  |*i_0_0_239                 |            0.287633|             1.711162|           0.047399|         2.046194
350  |*i_0_0_240                 |            0.105291|             0.117314|           0.014353|         0.236958
351  |*i_0_0_241                 |            0.286147|             1.708167|           0.047399|         2.041712
352  |*i_0_0_242                 |            0.105238|             0.117255|           0.014353|         0.236846
353  |*i_0_0_243                 |            0.285973|             1.707329|           0.047399|         2.040701
354  |*i_0_0_244                 |            0.105208|             0.117222|           0.014353|         0.236783
355  |*i_0_0_245                 |            0.285895|             1.706919|           0.047399|         2.040213
356  |*i_0_0_246                 |            0.105191|             0.117203|           0.014353|         0.236748
357  |*i_0_0_247                 |            0.285966|             1.706632|           0.047399|         2.039996
358  |*i_0_0_248                 |            0.105182|             0.117193|           0.014353|         0.236727
359  |*i_0_0_249                 |            0.286075|             1.706526|           0.047399|         2.039999
360  |*i_0_0_250                 |            0.105001|             0.116992|           0.014353|         0.236347
361  |*i_0_0_251                 |            0.285026|             1.703519|           0.047399|         2.035945
362  |*i_0_0_231                 |            0.105116|             0.117120|           0.014353|         0.236590
363  |*i_0_0_232                 |            0.285668|             1.705420|           0.047399|         2.038487
364  |*i_0_0_256                 |            0.105139|             0.117146|           0.014353|         0.236638
365  |*i_0_0_257                 |            0.285897|             1.705842|           0.047399|         2.039139
366  |*i_0_0_258                 |            0.104964|             0.116951|           0.014353|         0.236268
367  |*i_0_0_259                 |            0.284863|             1.702915|           0.047399|         2.035177
368  |*i_0_0_260                 |            0.105054|             0.117051|           0.014353|         0.236458
369  |*i_0_0_261                 |            0.285283|             1.704428|           0.047399|         2.037110
370  |*i_0_0_262                 |            0.105105|             0.117107|           0.014353|         0.236565
371  |*i_0_0_263                 |            0.285620|             1.705228|           0.047399|         2.038247
372  |*i_0_0_264                 |            0.105133|             0.117138|           0.014353|         0.236624
373  |*i_0_0_265                 |            0.285869|             1.705735|           0.047399|         2.039002
374  |*i_0_0_266                 |            0.104958|             0.116944|           0.014353|         0.236256
375  |*i_0_0_267                 |            0.284838|             1.702819|           0.047399|         2.035057
376  |*i_0_0_268                 |            0.105051|             0.117047|           0.014353|         0.236451
377  |*i_0_0_269                 |            0.285269|             1.704375|           0.047399|         2.037043
378  |*i_0_0_270                 |            0.105103|             0.117105|           0.014353|         0.236561
379  |*i_0_0_271                 |            0.285612|             1.705198|           0.047399|         2.038209
380  |*i_0_0_272                 |            0.105132|             0.117137|           0.014353|         0.236622
381  |*i_0_0_273                 |            0.285864|             1.705718|           0.047399|         2.038981
382  |*i_0_0_274                 |            0.104957|             0.116943|           0.014353|         0.236254
383  |*i_0_0_275                 |            0.284834|             1.702804|           0.047399|         2.035038
384  |*i_0_0_276                 |            0.105050|             0.117047|           0.014353|         0.236450
385  |*i_0_0_277                 |            0.285434|             1.704394|           0.047399|         2.037226
386  |*i_0_0_278                 |            0.105102|             0.117105|           0.014353|         0.236560
387  |*i_0_0_279                 |            0.285471|             1.705169|           0.047399|         2.038039
388  |*i_0_0_280                 |            0.105132|             0.117138|           0.014353|         0.236623
389  |*i_0_0_281                 |            0.285795|             1.705710|           0.047399|         2.038903
390  |*i_0_0_282                 |            0.104957|             0.116943|           0.014353|         0.236253
391  |*i_0_0_283                 |            0.284843|             1.702803|           0.047399|         2.035045
392  |*i_0_0_284                 |            0.105050|             0.117046|           0.014353|         0.236450
393  |*i_0_0_285                 |            0.285262|             1.704365|           0.047399|         2.037025
394  |*i_0_0_286                 |            0.105102|             0.117105|           0.014353|         0.236560
395  |*i_0_0_287                 |            0.285623|             1.705180|           0.047399|         2.038202
396  |*i_0_0_288                 |            0.105053|             0.117050|           0.014353|         0.236456
397  |*i_0_0_289                 |            0.285446|             1.704424|           0.047399|         2.037269
398  |*i_0_0_290                 |            0.104944|             0.116929|           0.014353|         0.236226
399  |*i_0_0_291                 |            0.284806|             1.702594|           0.047399|         2.034799
400  |*i_0_0_292                 |            0.104973|             0.116961|           0.014353|         0.236287
401  |*i_0_0_293                 |            0.284930|             1.703111|           0.047399|         2.035440
402  |*i_0_0_233                 |            0.149088|             0.118774|           0.017393|         0.285255
403  |*i_0_0_252                 |            0.104027|             0.160033|           0.032612|         0.296672
404  |*i_0_0_296                 |            0.147790|             0.117621|           0.017393|         0.282804
405  |*i_0_0_297                 |            0.102035|             0.155205|           0.032612|         0.289852
406  |*i_0_0_253                 |            0.080131|             0.333409|           0.017393|         0.430933
407  |*i_0_0_254                 |            0.318177|             0.107243|           0.024415|         0.449834
408  |*i_0_0_255                 |            0.523223|             0.411617|           0.021200|         0.956039
409  |*i_0_0_307                 |            0.523557|             0.411617|           0.021200|         0.956374
410  |*i_0_0_294                 |            0.592111|             0.618870|           0.022695|         1.233675
411  |*i_0_0_295                 |            0.177339|             0.493695|           0.014353|         0.685387
412  |*i_0_0_298                 |            0.929126|             2.920046|           0.014353|         3.863525
413  |*i_0_0_312                 |            1.029130|             1.457717|           0.014353|         2.501200
414  |*i_0_0_299                 |            0.849101|             4.301546|           0.014353|         5.164999
415  |*i_0_0_300                 |            0.237545|             0.425101|           0.014353|         0.677000
416  |*i_0_0_301                 |            0.179479|             0.874123|           0.014353|         1.067955
417  |*i_0_0_302                 |            0.196579|             0.158152|           0.014353|         0.369084
418  |*i_0_0_303                 |            0.335322|             2.305526|           0.032612|         2.673461
419  |*i_0_0_304                 |            0.104548|             2.509365|           0.014353|         2.628266
420  |*i_0_0_305                 |            0.147890|             2.062775|           0.021200|         2.231865
421  |*i_0_0_306                 |            0.289585|             4.066664|           0.017393|         4.373642
422  |*i_0_0_308                 |            0.283827|            15.090327|           0.021200|        15.395354
423  |*i_0_0_309                 |            0.105075|             0.117074|           0.014353|         0.236502
424  |*i_0_0_310                 |            0.324528|             1.704769|           0.047399|         2.076696
425  |*i_0_0_311                 |            0.032090|             0.977393|           0.026832|         1.036314
426  |*i_0_0_313                 |            0.194429|             6.396945|           0.026832|         6.618205
427  |*i_0_0_314                 |            0.357275|             7.507656|           0.041741|         7.906672
428  |*i_0_0_315                 |            0.147252|             0.117911|           0.021200|         0.286363
429  |*i_0_0_316                 |            0.207951|             1.668886|           0.014353|         1.891191
430  |*i_0_0_317                 |            0.091014|             0.448628|           0.014353|         0.553994
431  |*i_0_0_318                 |            0.176550|             4.708672|           0.014353|         4.899575
432  |                           |                    |                     |                   |                 
433  |*TOTAL                     |          563.000244|          1411.718872|          33.746807|      2008.466064
-----+---------------------------+--------------------+---------------------+-------------------+-----------------
