Report Physical info: 
------------------------+-------------+-----------+------------
                        |             |Area (squm)|Leakage (uW)
------------------------+-------------+-----------+------------
Design Name             |VM           |           |            
  Total Instances       |        10062|       9199|     194.706
    Macros              |            0|          0|       0.000
    Pads                |            0|          0|       0.000
    Phys                |            0|          0|       0.000
    Blackboxes          |            0|          0|       0.000
    Cells               |        10062|       9199|     194.706
      Buffers           |            1|          1|       0.021
      Inverters         |         2113|       1124|      30.328
      Clock-Gates       |            0|          0|       0.000
      Combinational     |         7820|       7734|     159.126
      Latches           |          128|        340|       5.230
      FlipFlops         |            0|          0|       0.000
       Single-Bit FF    |            0|          0|       0.000
       Multi-Bit FF     |            0|          0|       0.000
       Clock-Gated      |            0|           |            
       Bits             |            0|          0|       0.000
         Load-Enabled   |            0|           |            
         Clock-Gated    |            0|           |            
  Tristate Pin Count    |            0|           |            
Physical Info           |Placed       |           |            
  Chip Size (mm x mm)   |0.184 x 0.184|      33790|            
  Fixed Cell Area       |             |          0|            
    Phys Only           |            0|          0|            
  Placeable Area        |             |      15239|            
  Movable Cell Area     |             |       9199|            
  Utilization (%)       |           60|           |            
  Chip Utilization (%)  |           60|           |            
  Total Wire Length (mm)|       13.079|           |            
  Longest Wire (mm)     |        0.105|           |            
  Average Wire (mm)     |        0.099|           |            
------------------------+-------------+-----------+------------
