Report End Points: 
-----+-------+------+-------+------+------+-----+-----+-------------+-------------
     |Group  |Launch|Capture|Shift |Delay |Depth|Slack|Begin Point  |End Point    
-----+-------+------+-------+------+------+-----+-----+-------------+-------------
1    |default|sysclk|sysclk |2000.0|1833.3|   51| 19.2|A_in_reg[4]/Q|Res_reg[34]/D
2    |default|sysclk|sysclk |2000.0|1830.7|   51| 20.3|B_in_reg[4]/Q|Res_reg[58]/D
3    |default|sysclk|sysclk |2000.0|1828.4|   51| 22.6|B_in_reg[4]/Q|Res_reg[50]/D
-----+-------+------+-------+------+------+-----+-----+-------------+-------------
Report End Points: 
-----+-----+--------------+-------+------+-----+-----+-----+-----------+--------------
     |Group|Launch        |Capture|Shift |Delay|Depth|Slack|Begin Point|End Point     
-----+-----+--------------+-------+------+-----+-----+-----+-----------+--------------
1    |I2R  |rtDefaultClock|sysclk |1000.0| 56.9|    1|684.7|A[31]      |A_in_reg[31]/D
2    |I2R  |rtDefaultClock|sysclk |1000.0| 56.9|    1|684.7|A[30]      |A_in_reg[30]/D
3    |I2R  |rtDefaultClock|sysclk |1000.0| 56.9|    1|684.7|A[29]      |A_in_reg[29]/D
-----+-----+--------------+-------+------+-----+-----+-----+-----------+--------------
Report End Points: 
-----+-----+------+-------+-----+-----+-----+-----+-----------+---------
     |Group|Launch|Capture|Shift|Delay|Depth|Slack|Begin Point|End Point
-----+-----+------+-------+-----+-----+-----+-----+-----------+---------
1    |I2O  |      |       |     |     |     |     |           |         
-----+-----+------+-------+-----+-----+-----+-----+-----------+---------
Report End Points: 
-----+-----+------+-------+-----+-----+-----+-----+-----------+---------
     |Group|Launch|Capture|Shift|Delay|Depth|Slack|Begin Point|End Point
-----+-----+------+-------+-----+-----+-----+-----+-----------+---------
1    |R2O  |      |       |     |     |     |     |           |         
-----+-----+------+-------+-----+-----+-----+-----+-----------+---------
