warning: No library characterized for (process = 1.00 voltage = 0.85 temperature = 25.00) can be found in the database for power domain '/PD_TOP'  [NL-174]
Report Power (instances with prefix '*' are included in total) : 
-----+-------------+--------------------+---------------------+-------------------+-----------------
     | Instance    | Internal Power(uw) | Switching Power(uw) | Leakage Power(uw) | Total Power(uw) 
-----+-------------+--------------------+---------------------+-------------------+-----------------
1    |*i_0_0       |           63.640400|            83.548027|           2.788085|       149.976501
2    |*i_0_2       |           76.838127|            92.143661|           2.639190|       171.620972
3    |*i_0_4       |         4725.593262|         13103.237305|         170.849213|     17999.679688
4    |*i_0_5       |           67.281403|           182.183594|           5.571338|       255.036331
5    |*Res_reg[63] |            2.238624|             3.980290|           0.040863|         6.259777
6    |*Res_reg[62] |            2.236787|             3.421135|           0.040863|         5.698785
7    |*Res_reg[61] |            2.238964|             3.455410|           0.040863|         5.735237
8    |*Res_reg[60] |            2.239810|             3.549135|           0.040863|         5.829808
9    |*Res_reg[59] |            2.239880|             3.550845|           0.040863|         5.831588
10   |*Res_reg[58] |            2.239856|             3.549134|           0.040863|         5.829853
11   |*Res_reg[57] |            2.239913|             3.550845|           0.040863|         5.831622
12   |*Res_reg[56] |            2.239036|             3.426588|           0.040863|         5.706488
13   |*Res_reg[55] |            2.239257|             3.460942|           0.040863|         5.741062
14   |*Res_reg[54] |            2.239866|             3.543142|           0.040863|         5.823871
15   |*Res_reg[53] |            2.239877|             3.544852|           0.040863|         5.825592
16   |*Res_reg[52] |            2.239786|             3.543140|           0.040863|         5.823789
17   |*Res_reg[51] |            2.239877|             3.544852|           0.040863|         5.825592
18   |*Res_reg[50] |            2.239129|             3.432041|           0.040863|         5.712033
19   |*Res_reg[49] |            2.239360|             3.466935|           0.040863|         5.747158
20   |*Res_reg[48] |            2.239751|             3.537148|           0.040863|         5.817762
21   |*Res_reg[47] |            2.239754|             3.538859|           0.040863|         5.819476
22   |*Res_reg[46] |            2.239822|             3.537146|           0.040863|         5.817832
23   |*Res_reg[45] |            2.239829|             3.538858|           0.040863|         5.819550
24   |*Res_reg[44] |            2.239069|             3.437495|           0.040863|         5.717427
25   |*Res_reg[43] |            2.239292|             3.472929|           0.040863|         5.753084
26   |*Res_reg[42] |            2.239772|             3.531155|           0.040863|         5.811790
27   |*Res_reg[41] |            2.239796|             3.532865|           0.040863|         5.813525
28   |*Res_reg[40] |            2.239703|             3.531152|           0.040863|         5.811718
29   |*Res_reg[39] |            2.239794|             3.532865|           0.040863|         5.813522
30   |*Res_reg[38] |            2.239202|             3.442948|           0.040863|         5.723013
31   |*Res_reg[37] |            2.239439|             3.478923|           0.040863|         5.759225
32   |*Res_reg[36] |            2.239747|             3.525161|           0.040863|         5.805771
33   |*Res_reg[35] |            2.239758|             3.526871|           0.040863|         5.807493
34   |*Res_reg[34] |            2.239737|             3.525159|           0.040863|         5.805758
35   |*Res_reg[33] |            2.239753|             3.526871|           0.040863|         5.807488
36   |*Res_reg[32] |            2.239225|             3.448401|           0.040863|         5.728489
37   |*Res_reg[31] |            2.239474|             3.484916|           0.040863|         5.765253
38   |*Res_reg[30] |            2.239691|             3.519168|           0.040863|         5.799722
39   |*Res_reg[29] |            2.239702|             3.520878|           0.040863|         5.801442
40   |*Res_reg[28] |            2.239691|             3.519165|           0.040863|         5.799719
41   |*Res_reg[27] |            2.239706|             3.520878|           0.040863|         5.801446
42   |*Res_reg[26] |            2.239267|             3.453854|           0.040863|         5.733984
43   |*Res_reg[25] |            2.239512|             3.490910|           0.040863|         5.771285
44   |*Res_reg[24] |            2.239667|             3.513174|           0.040863|         5.793704
45   |*Res_reg[23] |            2.239674|             3.514884|           0.040863|         5.795421
46   |*Res_reg[22] |            2.239655|             3.513171|           0.040863|         5.793690
47   |*Res_reg[21] |            2.239674|             3.514884|           0.040863|         5.795422
48   |*Res_reg[20] |            2.239287|             3.459308|           0.040863|         5.739458
49   |*Res_reg[19] |            2.239537|             3.496903|           0.040863|         5.777304
50   |*Res_reg[18] |            2.239602|             3.507180|           0.040863|         5.787645
51   |*Res_reg[17] |            2.239613|             3.508890|           0.040863|         5.789366
52   |*Res_reg[16] |            2.239609|             3.507178|           0.040863|         5.787650
53   |*Res_reg[15] |            2.239600|             3.508890|           0.040863|         5.789354
54   |*Res_reg[14] |            2.239325|             3.465225|           0.040863|         5.745413
55   |*Res_reg[13] |            2.239569|             3.502897|           0.040863|         5.783329
56   |*Res_reg[12] |            2.239518|             3.501187|           0.040863|         5.781568
57   |*Res_reg[11] |            2.239521|             3.501184|           0.040863|         5.781568
58   |*Res_reg[10] |            2.239565|             3.502897|           0.040863|         5.783325
59   |*Res_reg[9]  |            2.239353|             3.471219|           0.040863|         5.751435
60   |*Res_reg[8]  |            2.239461|             3.495193|           0.040863|         5.775517
61   |*Res_reg[7]  |            2.239353|             3.495191|           0.040863|         5.775407
62   |*Res_reg[6]  |            2.239131|             3.496904|           0.040863|         5.776898
63   |*Res_reg[5]  |            2.238469|             3.477212|           0.040863|         5.756545
64   |*Res_reg[4]  |            2.237671|             3.489199|           0.040863|         5.767734
65   |*Res_reg[3]  |            2.236181|             3.489197|           0.040863|         5.766242
66   |*Res_reg[2]  |            2.237224|             3.490910|           0.040863|         5.768997
67   |*Res_reg[1]  |            2.243389|             3.483206|           0.040863|         5.767458
68   |*Res_reg[0]  |            2.282057|             3.483204|           0.040863|         5.806124
69   |*B_in_reg[31]|            1.982449|            15.289519|           0.040863|        17.312832
70   |*B_in_reg[30]|            1.934150|             1.719425|           0.040863|         3.694439
71   |*B_in_reg[29]|            1.935388|             1.763652|           0.040863|         3.739903
72   |*B_in_reg[28]|            1.951258|             2.488120|           0.040863|         4.480241
73   |*B_in_reg[27]|            1.951119|             2.463624|           0.040863|         4.455606
74   |*B_in_reg[26]|            1.935348|             1.762211|           0.040863|         3.738423
75   |*B_in_reg[25]|            1.951168|             2.472212|           0.040863|         4.464242
76   |*B_in_reg[24]|            1.955016|             3.149585|           0.040863|         5.145464
77   |*B_in_reg[23]|            1.963807|             4.946922|           0.040863|         6.951592
78   |*B_in_reg[22]|            1.933255|             1.687429|           0.040863|         3.661548
79   |*B_in_reg[21]|            1.950976|             2.438543|           0.040863|         4.430382
80   |*B_in_reg[20]|            1.955130|             3.169729|           0.040863|         5.165722
81   |*B_in_reg[19]|            1.961158|             4.230906|           0.040863|         6.232927
82   |*B_in_reg[18]|            1.933656|             1.701761|           0.040863|         3.676281
83   |*B_in_reg[17]|            1.951480|             2.527246|           0.040863|         4.519589
84   |*B_in_reg[16]|            1.963807|             4.946922|           0.040863|         6.951592
85   |*B_in_reg[15]|            1.961158|             4.230906|           0.040863|         6.232927
86   |*B_in_reg[14]|            1.963807|             4.946922|           0.040863|         6.951592
87   |*B_in_reg[13]|            1.965168|             5.701754|           0.040863|         7.707784
88   |*B_in_reg[12]|            1.965110|             5.669646|           0.040863|         7.675619
89   |*B_in_reg[11]|            1.963783|             4.933467|           0.040863|         6.938113
90   |*B_in_reg[10]|            1.965130|             5.681204|           0.040863|         7.687197
91   |*B_in_reg[9] |            1.965078|             5.651983|           0.040863|         7.657924
92   |*B_in_reg[8] |            1.965056|             5.639902|           0.040863|         7.645821
93   |*B_in_reg[7] |            1.934835|             1.743874|           0.040863|         3.719572
94   |*B_in_reg[6] |            2.454986|             5.648489|           0.040863|         8.144338
95   |*B_in_reg[5] |            2.444888|             4.650145|           0.040863|         7.135896
96   |*B_in_reg[4] |            2.451828|             5.336171|           0.040863|         7.828862
97   |*B_in_reg[3] |            1.963807|             4.946922|           0.040863|         6.951592
98   |*B_in_reg[2] |            2.446349|             4.794594|           0.040863|         7.281806
99   |*B_in_reg[1] |            2.455317|             5.681203|           0.040863|         8.177384
100  |*B_in_reg[0] |            2.358336|            38.719875|           0.040863|        41.119076
101  |*A_in_reg[31]|            1.983226|            15.720580|           0.040863|        17.744671
102  |*A_in_reg[30]|            1.935285|             1.759979|           0.040863|         3.736128
103  |*A_in_reg[29]|            1.965151|             5.692731|           0.040863|         7.698745
104  |*A_in_reg[28]|            1.963789|             4.937092|           0.040863|         6.941744
105  |*A_in_reg[27]|            1.965110|             5.669646|           0.040863|         7.675619
106  |*A_in_reg[26]|            1.934150|             1.719425|           0.040863|         3.694439
107  |*A_in_reg[25]|            1.934474|             1.730982|           0.040863|         3.706319
108  |*A_in_reg[24]|            1.966482|             6.430846|           0.040863|         8.438190
109  |*A_in_reg[23]|            1.934856|             1.744649|           0.040863|         3.720368
110  |*A_in_reg[22]|            1.951331|             2.501039|           0.040863|         4.493234
111  |*A_in_reg[21]|            1.955454|             3.226837|           0.040863|         5.223155
112  |*A_in_reg[20]|            1.967630|             7.067872|           0.040863|         9.076365
113  |*A_in_reg[19]|            1.963891|             4.993706|           0.040863|         6.998460
114  |*A_in_reg[18]|            1.965085|             5.655768|           0.040863|         7.661716
115  |*A_in_reg[17]|            2.448363|             4.993706|           0.040863|         7.482932
116  |*A_in_reg[16]|            2.448178|             4.975363|           0.040863|         7.464404
117  |*A_in_reg[15]|            1.961158|             4.230906|           0.040863|         6.232927
118  |*A_in_reg[14]|            1.963807|             4.946922|           0.040863|         6.951592
119  |*A_in_reg[13]|            1.963782|             4.933043|           0.040863|         6.937688
120  |*A_in_reg[12]|            1.964911|             5.559414|           0.040863|         7.565188
121  |*A_in_reg[11]|            2.447890|             4.946922|           0.040863|         7.435675
122  |*A_in_reg[10]|            2.447592|             4.917424|           0.040863|         7.405878
123  |*A_in_reg[9] |            2.447750|             4.933043|           0.040863|         7.421656
124  |*A_in_reg[8] |            2.462760|             6.417052|           0.040863|         8.920676
125  |*A_in_reg[7] |            2.448085|             4.966137|           0.040863|         7.455084
126  |*A_in_reg[6] |            2.447750|             4.933043|           0.040863|         7.421656
127  |*A_in_reg[5] |            2.438344|             4.230906|           0.040863|         6.710114
128  |*A_in_reg[4] |            2.447754|             4.933467|           0.040863|         7.422084
129  |*A_in_reg[3] |            2.455317|             5.681203|           0.040863|         8.177384
130  |*A_in_reg[2] |            2.438344|             4.230906|           0.040863|         6.710114
131  |*A_in_reg[1] |            2.455317|             5.681203|           0.040863|         8.177384
132  |*A_in_reg[0] |            2.356920|            39.037498|           0.040863|        41.435284
133  |*i_0_1_0     |            0.267047|             0.108452|           0.025066|         0.400565
134  |*i_0_1_1     |            0.987617|             0.168317|           0.014353|         1.170287
135  |*i_0_1_2     |            1.558488|             2.723630|           0.032612|         4.314730
136  |*i_0_1_3     |            1.055020|             0.179804|           0.014353|         1.249178
137  |*i_0_1_4     |            1.671557|             2.909514|           0.032612|         4.613683
138  |*i_0_1_5     |            1.066514|             0.181763|           0.014353|         1.262630
139  |*i_0_1_6     |            1.709298|             2.941211|           0.032612|         4.683122
140  |*i_0_1_7     |            1.049941|             0.178938|           0.014353|         1.243233
141  |*i_0_1_8     |            1.693176|             2.895507|           0.032612|         4.621295
142  |*i_0_1_9     |            1.040271|             0.177290|           0.014353|         1.231915
143  |*i_0_1_10    |            1.682931|             2.868839|           0.032612|         4.584382
144  |*i_0_1_11    |            1.034432|             0.176295|           0.014353|         1.225080
145  |*i_0_1_12    |            1.666939|             2.852734|           0.032612|         4.552286
146  |*i_0_1_13    |            1.031887|             0.175862|           0.014353|         1.222102
147  |*i_0_1_14    |            1.660573|             2.845718|           0.032612|         4.538904
148  |*i_0_1_15    |            1.030706|             0.175660|           0.014353|         1.220720
149  |*i_0_1_16    |            1.656445|             2.842460|           0.032612|         4.531517
150  |*i_0_1_17    |            1.030149|             0.175565|           0.014353|         1.220067
151  |*i_0_1_18    |            1.651238|             2.840923|           0.032612|         4.524773
152  |*i_0_1_19    |            1.030122|             0.175561|           0.014353|         1.220036
153  |*i_0_1_20    |            1.663348|             2.840851|           0.032612|         4.536810
154  |*i_0_1_21    |            1.030488|             0.175623|           0.014353|         1.220464
155  |*i_0_1_22    |            1.668706|             2.841859|           0.032612|         4.543177
156  |*i_0_1_23    |            1.030517|             0.175628|           0.014353|         1.220499
157  |*i_0_1_24    |            1.671686|             2.841940|           0.032612|         4.546238
158  |*i_0_1_25    |            1.030084|             0.175554|           0.014353|         1.219991
159  |*i_0_1_26    |            1.662738|             2.840745|           0.032612|         4.536095
160  |*i_0_1_27    |            1.030033|             0.175546|           0.014353|         1.219932
161  |*i_0_1_28    |            1.661677|             2.840605|           0.032612|         4.534894
162  |*i_0_1_29    |            1.030170|             0.175569|           0.014353|         1.220092
163  |*i_0_1_30    |            1.671548|             2.840983|           0.032612|         4.545143
164  |*i_0_1_31    |            1.029959|             0.175533|           0.014353|         1.219846
165  |*i_0_1_32    |            1.656916|             2.840401|           0.032612|         4.529929
166  |*i_0_1_33    |            1.030040|             0.175547|           0.014353|         1.219939
167  |*i_0_1_34    |            1.664522|             2.840622|           0.032612|         4.537756
168  |*i_0_1_35    |            1.030038|             0.175546|           0.014353|         1.219938
169  |*i_0_1_36    |            1.662660|             2.840618|           0.032612|         4.535890
170  |*i_0_1_37    |            1.029998|             0.175540|           0.014353|         1.219890
171  |*i_0_1_38    |            1.658207|             2.840507|           0.032612|         4.531326
172  |*i_0_1_39    |            1.030018|             0.175543|           0.014353|         1.219914
173  |*i_0_1_40    |            1.660647|             2.840562|           0.032612|         4.533821
174  |*i_0_1_41    |            1.029799|             0.175506|           0.014353|         1.219658
175  |*i_0_1_42    |            1.659346|             2.839960|           0.032612|         4.531918
176  |*i_0_1_43    |            1.029878|             0.175519|           0.014353|         1.219751
177  |*i_0_1_44    |            1.656945|             2.840178|           0.032612|         4.529735
178  |*i_0_1_45    |            1.029806|             0.175507|           0.014353|         1.219666
179  |*i_0_1_46    |            1.653493|             2.839978|           0.032612|         4.526083
180  |*i_0_1_47    |            1.029757|             0.175499|           0.014353|         1.219609
181  |*i_0_1_48    |            1.649324|             2.839844|           0.032612|         4.521780
182  |*i_0_1_49    |            1.029843|             0.175513|           0.014353|         1.219710
183  |*i_0_1_50    |            1.654341|             2.840081|           0.032612|         4.527034
184  |*i_0_1_51    |            1.029846|             0.175514|           0.014353|         1.219712
185  |*i_0_1_52    |            1.655828|             2.840088|           0.032612|         4.528528
186  |*i_0_1_53    |            1.029887|             0.175521|           0.014353|         1.219761
187  |*i_0_1_54    |            1.657884|             2.840201|           0.032612|         4.530697
188  |*i_0_1_55    |            1.029924|             0.175527|           0.014353|         1.219804
189  |*i_0_1_56    |            1.659026|             2.840303|           0.032612|         4.531941
190  |*i_0_1_57    |            1.029936|             0.175529|           0.014353|         1.219818
191  |*i_0_1_58    |            1.656189|             2.840336|           0.032612|         4.529138
192  |*i_0_1_59    |            1.029922|             0.175527|           0.014353|         1.219801
193  |*i_0_1_60    |            1.658311|             2.840297|           0.032612|         4.531219
194  |*i_0_1_61    |            1.029828|             0.175511|           0.014353|         1.219692
195  |*i_0_1_62    |            1.651694|             2.840039|           0.032612|         4.524344
196  |*i_0_1_63    |            1.029909|             0.175524|           0.014353|         1.219787
197  |*i_0_1_64    |            1.655217|             2.840262|           0.032612|         4.528091
198  |*i_0_1_65    |            1.029801|             0.175506|           0.014353|         1.219661
199  |*i_0_1_66    |            1.659465|             2.839965|           0.032612|         4.532043
200  |*i_0_1_67    |            1.029863|             0.175517|           0.014353|         1.219733
201  |*i_0_1_68    |            1.655889|             2.840136|           0.032612|         4.528636
202  |*i_0_1_69    |            1.029752|             0.175498|           0.014353|         1.219603
203  |*i_0_1_70    |            1.651036|             2.839829|           0.032612|         4.523477
204  |*i_0_1_71    |            1.029748|             0.175497|           0.014353|         1.219599
205  |*i_0_1_72    |            1.645116|             2.839819|           0.032612|         4.517547
206  |*i_0_1_73    |            1.029769|             0.175501|           0.014353|         1.219623
207  |*i_0_1_74    |            1.638046|             2.839875|           0.032612|         4.510534
208  |*i_0_1_75    |            1.029764|             0.175500|           0.014353|         1.219617
209  |*i_0_1_76    |            1.643397|             2.839863|           0.032612|         4.515872
210  |*i_0_1_77    |            1.029782|             0.175503|           0.014353|         1.219638
211  |*i_0_1_78    |            1.637027|             2.839911|           0.032612|         4.509551
212  |*i_0_1_79    |            1.030660|             0.175652|           0.014353|         1.220666
213  |*i_0_1_80    |            1.615630|             2.842334|           0.032612|         4.490575
214  |*i_0_1_81    |            1.029762|             0.175499|           0.014353|         1.219614
215  |*i_0_1_82    |            1.643112|             2.839856|           0.032612|         4.515580
216  |*i_0_1_83    |            1.029908|             0.175524|           0.014353|         1.219786
217  |*i_0_1_84    |            1.631048|             2.840260|           0.032612|         4.503920
218  |*i_0_1_85    |            1.030951|             0.175702|           0.014353|         1.221006
219  |*i_0_1_86    |            1.610881|             2.843135|           0.032612|         4.486629
220  |*i_0_1_87    |            1.030825|             0.175681|           0.014353|         1.220858
221  |*i_0_1_88    |            1.613366|             2.842788|           0.032612|         4.488766
222  |*i_0_1_89    |            1.029845|             0.175514|           0.014353|         1.219712
223  |*i_0_1_90    |            1.638678|             2.840086|           0.032612|         4.511376
224  |*i_0_1_91    |            1.029787|             0.175504|           0.014353|         1.219644
225  |*i_0_1_92    |            1.641667|             2.839927|           0.032612|         4.514206
226  |*i_0_1_93    |            1.030657|             0.175652|           0.014353|         1.220662
227  |*i_0_1_94    |            1.614726|             2.842325|           0.032612|         4.489664
228  |*i_0_1_95    |            1.030568|             0.175637|           0.014353|         1.220558
229  |*i_0_1_96    |            1.616995|             2.842079|           0.032612|         4.491686
230  |*i_0_1_97    |            1.029776|             0.175502|           0.014353|         1.219630
231  |*i_0_1_98    |            1.642638|             2.839895|           0.032612|         4.515144
232  |*i_0_1_99    |            1.029782|             0.175503|           0.014353|         1.219638
233  |*i_0_1_100   |            1.638938|             2.839912|           0.032612|         4.511463
234  |*i_0_1_101   |            1.029748|             0.175497|           0.014353|         1.219598
235  |*i_0_1_102   |            1.643629|             2.839817|           0.032612|         4.516058
236  |*i_0_1_103   |            1.030613|             0.175644|           0.014353|         1.220611
237  |*i_0_1_104   |            1.616315|             2.842204|           0.032612|         4.491131
238  |*i_0_1_105   |            1.029751|             0.175497|           0.014353|         1.219602
239  |*i_0_1_106   |            1.642326|             2.839827|           0.032612|         4.514764
240  |*i_0_1_107   |            1.029742|             0.175496|           0.014353|         1.219591
241  |*i_0_1_108   |            1.646879|             2.839802|           0.032612|         4.519293
242  |*i_0_1_109   |            1.030462|             0.175619|           0.014353|         1.220434
243  |*i_0_1_110   |            1.617772|             2.841789|           0.032612|         4.492172
244  |*i_0_1_111   |            1.030396|             0.175607|           0.014353|         1.220356
245  |*i_0_1_112   |            1.622108|             2.841604|           0.032612|         4.496324
246  |*i_0_1_113   |            1.029778|             0.175502|           0.014353|         1.219634
247  |*i_0_1_114   |            1.654137|             2.839901|           0.032612|         4.526650
248  |*i_0_1_115   |            1.030281|             0.175588|           0.014353|         1.220222
249  |*i_0_1_116   |            1.621846|             2.841287|           0.032612|         4.495746
250  |*i_0_1_117   |            1.030152|             0.175566|           0.014353|         1.220071
251  |*i_0_1_118   |            1.623570|             2.840933|           0.032612|         4.497115
252  |*i_0_1_119   |            1.030790|             0.175675|           0.014353|         1.220818
253  |*i_0_1_120   |            1.610935|             2.842693|           0.032612|         4.486239
254  |*i_0_1_121   |            1.033274|             0.176098|           0.014353|         1.223726
255  |*i_0_1_122   |            1.595676|             2.849543|           0.032612|         4.477831
256  |*i_0_1_123   |            1.054803|             0.179767|           0.014353|         1.248923
257  |*i_0_1_124   |            1.495770|             2.908915|           0.032612|         4.437296
258  |*i_0_1_125   |            1.074918|             0.183195|           0.014353|         1.272467
259  |*i_0_1_126   |            1.407374|             2.964388|           0.032612|         4.404374
260  |*i_0_1_127   |            0.414754|            33.883121|           0.027858|        34.325733
261  |*i_0_1_128   |            2.206695|            36.728764|           0.026481|        38.961941
262  |*i_0_1_129   |            0.749137|             1.186143|           0.036164|         1.971444
263  |*i_0_1_130   |            0.000000|             0.000000|           0.026733|         0.026733
264  |*i_0_1_131   |            0.000028|             0.000021|           0.018127|         0.018176
265  |*i_0_1_132   |            0.104688|             0.127302|           0.032601|         0.264591
266  |*i_0_1_133   |            0.161520|             0.199923|           0.032601|         0.394044
267  |*i_0_1_134   |            0.149788|             0.170024|           0.032601|         0.352414
268  |*i_0_1_135   |            0.110123|             0.120525|           0.032601|         0.263250
269  |*i_0_1_136   |            0.000015|             0.000011|           0.018127|         0.018153
270  |*i_0_1_137   |            0.109441|             0.136644|           0.032601|         0.278686
271  |*i_0_1_138   |            0.110305|             0.136732|           0.032601|         0.279638
272  |*i_0_1_139   |            0.099123|             0.119035|           0.032601|         0.250760
273  |*i_0_1_140   |            0.111614|             0.130472|           0.032601|         0.274687
274  |*i_0_1_141   |            0.000337|             0.000062|           0.018127|         0.018526
275  |*i_0_1_142   |            0.185038|             0.234362|           0.032601|         0.452002
276  |*i_0_1_143   |            0.752456|             0.222947|           0.032601|         1.008005
277  |*i_0_1_144   |            0.129044|             0.147804|           0.032601|         0.309450
278  |*i_0_1_145   |            0.158546|             0.188667|           0.032601|         0.379815
279  |*i_0_1_146   |            0.001309|             0.000237|           0.018127|         0.019674
280  |*i_0_1_147   |            0.909578|             0.280744|           0.032601|         1.222923
281  |*i_0_1_148   |            1.683813|             0.441409|           0.032601|         2.157823
282  |*i_0_1_149   |            0.638747|             0.190345|           0.032601|         0.861694
283  |*i_0_1_150   |            0.685369|             0.199211|           0.032601|         0.917182
284  |*i_0_1_183   |            0.260030|             0.000000|           0.014353|         0.274383
285  |*i_0_1_184   |            0.492917|             0.000000|           0.027858|         0.520775
286  |*i_0_1_219   |            0.857604|            32.632782|           0.035928|        33.526314
287  |*i_0_1_220   |            0.864275|            33.201488|           0.035928|        34.101692
288  |*i_0_1_221   |            1.763005|            36.142967|           0.035928|        37.941898
289  |*i_0_1_222   |            0.863774|            32.249519|           0.035928|        33.149223
290  |*i_0_1_223   |            0.860368|            32.782867|           0.035928|        33.679165
291  |*i_0_1_224   |            1.779623|            33.786747|           0.035928|        35.602299
292  |*i_0_1_225   |            1.766448|            31.624296|           0.035928|        33.426674
293  |*i_0_1_226   |            1.768535|            33.171841|           0.035928|        34.976303
294  |*i_0_1_227   |            1.776307|            31.147551|           0.035928|        32.959785
295  |*i_0_1_228   |            1.785193|            35.276661|           0.035928|        37.097778
296  |*i_0_1_229   |            1.764529|            30.837564|           0.035928|        32.638023
297  |*i_0_1_230   |            0.862151|            33.682251|           0.035928|        34.580334
298  |*i_0_1_231   |            1.774340|            29.829021|           0.035928|        31.639290
299  |*i_0_1_232   |            1.763665|            30.082439|           0.035928|        31.882032
300  |*i_0_1_233   |            1.781755|            33.145561|           0.035928|        34.963245
301  |*i_0_1_234   |            0.866184|            29.874834|           0.035928|        30.776945
302  |*i_0_1_235   |            1.766412|            31.204691|           0.035928|        33.007030
303  |*i_0_1_236   |            0.867281|            30.575184|           0.035928|        31.478392
304  |*i_0_1_237   |            1.771753|            35.658333|           0.035928|        37.466011
305  |*i_0_1_238   |            0.866662|            31.276897|           0.035928|        32.179489
306  |*i_0_1_239   |            1.759199|            30.009764|           0.035928|        31.804892
307  |*i_0_1_240   |            1.762569|            29.858088|           0.035928|        31.656586
308  |*i_0_1_241   |            0.859268|            30.574503|           0.035928|        31.469698
309  |*i_0_1_242   |            1.762366|            28.976980|           0.035928|        30.775274
310  |*i_0_1_243   |            0.862709|            29.714468|           0.035928|        30.613104
311  |*i_0_1_244   |            0.861324|            31.003078|           0.035928|        31.900330
312  |*i_0_1_245   |            0.856077|            37.140087|           0.035928|        38.032093
313  |*i_0_1_246   |            0.868462|            30.389917|           0.035928|        31.294308
314  |*i_0_1_247   |            0.861551|            31.892857|           0.035928|        32.790333
315  |*i_0_1_248   |            0.857167|            32.423805|           0.035928|        33.316898
316  |*i_0_1_249   |            1.966407|            21.902374|           0.025066|        23.893848
317  |*i_0_1_250   |            0.854694|            35.731575|           0.035928|        36.622200
318  |*i_0_1_251   |            0.862628|            30.638371|           0.035928|        31.536926
319  |*i_0_1_252   |            1.760886|            34.260311|           0.035928|        36.057125
320  |*i_0_1_253   |            1.779610|            34.199211|           0.035928|        36.014751
321  |*i_0_1_254   |            1.765883|            32.069931|           0.035928|        33.871738
322  |*i_0_1_255   |            0.859397|            33.940830|           0.035928|        34.836155
323  |*i_0_1_256   |            1.767437|            33.586239|           0.035928|        35.389603
324  |*i_0_1_257   |            1.766273|            32.492664|           0.035928|        34.294865
325  |*i_0_1_258   |            1.784950|            35.164585|           0.035928|        36.985458
326  |*i_0_1_259   |            1.763268|            29.791510|           0.035928|        31.590706
327  |*i_0_1_260   |            1.765805|            30.722620|           0.035928|        32.524353
328  |*i_0_1_261   |            1.766855|            32.799797|           0.035928|        34.602581
329  |*i_0_1_262   |            1.771925|            35.807835|           0.035928|        37.615688
330  |*i_0_1_263   |            0.857718|            35.567204|           0.035928|        36.460850
331  |*i_0_1_264   |            1.777791|            30.730274|           0.035928|        32.543995
332  |*i_0_1_265   |            1.764071|            30.424776|           0.035928|        32.224777
333  |*i_0_1_266   |            1.762645|            30.017670|           0.035928|        31.816242
334  |*i_0_1_267   |            1.759835|            27.058683|           0.035928|        28.854446
335  |*i_0_1_268   |            1.779053|            31.498163|           0.035928|        33.313145
336  |*i_0_1_269   |            1.758958|            29.369675|           0.035928|        31.164560
337  |*i_0_1_270   |            1.776541|            31.420889|           0.035928|        33.233356
338  |*i_0_1_271   |            1.767849|            32.218410|           0.035928|        34.022186
339  |*i_0_1_272   |            1.763545|            29.977251|           0.035928|        31.776724
340  |*i_0_1_273   |            1.758511|            28.674950|           0.035928|        30.469391
341  |*i_0_1_274   |            1.759956|            28.512978|           0.035928|        30.308863
342  |*i_0_1_275   |            1.762238|            28.003876|           0.035928|        29.802042
343  |*i_0_1_276   |            0.867560|            27.204016|           0.035928|        28.107504
344  |*i_0_1_277   |            1.761950|            29.187256|           0.035928|        30.985134
345  |*i_0_1_278   |            0.865553|            27.303740|           0.035928|        28.205219
346  |*i_0_1_279   |            1.768709|            33.016434|           0.035928|        34.821068
347  |*i_0_1_280   |            0.513808|            25.055624|           0.025066|        25.594498
348  |*i_0_1_151   |            0.207386|            61.763752|           0.014353|        61.985493
349  |*i_0_1_152   |            1.046902|             0.371837|           0.025066|         1.443804
350  |*i_0_1_153   |            1.046902|             0.371837|           0.025066|         1.443804
351  |*i_0_1_154   |            1.046902|             0.371837|           0.025066|         1.443804
352  |*i_0_1_155   |            1.046902|             0.371837|           0.025066|         1.443804
353  |*i_0_1_156   |            1.046902|             0.371837|           0.025066|         1.443804
354  |*i_0_1_157   |            1.046902|             0.371837|           0.025066|         1.443804
355  |*i_0_1_158   |            1.046902|             0.371837|           0.025066|         1.443804
356  |*i_0_1_159   |            1.046902|             0.371837|           0.025066|         1.443804
357  |*i_0_1_160   |            1.046902|             0.371837|           0.025066|         1.443804
358  |*i_0_1_161   |            1.046902|             0.371837|           0.025066|         1.443804
359  |*i_0_1_162   |            1.046902|             0.371837|           0.025066|         1.443804
360  |*i_0_1_163   |            1.046902|             0.371837|           0.025066|         1.443804
361  |*i_0_1_164   |            1.046902|             0.371837|           0.025066|         1.443804
362  |*i_0_1_165   |            1.046902|             0.371837|           0.025066|         1.443804
363  |*i_0_1_166   |            1.046902|             0.371837|           0.025066|         1.443804
364  |*i_0_1_167   |            1.046902|             0.371837|           0.025066|         1.443804
365  |*i_0_1_168   |            1.046902|             0.371837|           0.025066|         1.443804
366  |*i_0_1_169   |            1.046902|             0.371837|           0.025066|         1.443804
367  |*i_0_1_170   |            1.046902|             0.371837|           0.025066|         1.443804
368  |*i_0_1_171   |            1.046902|             0.371837|           0.025066|         1.443804
369  |*i_0_1_172   |            1.046902|             0.371837|           0.025066|         1.443804
370  |*i_0_1_173   |            1.046902|             0.371837|           0.025066|         1.443804
371  |*i_0_1_174   |            1.046902|             0.371837|           0.025066|         1.443804
372  |*i_0_1_175   |            1.046902|             0.371837|           0.025066|         1.443804
373  |*i_0_1_176   |            1.046902|             0.371837|           0.025066|         1.443804
374  |*i_0_1_177   |            1.046902|             0.371837|           0.025066|         1.443804
375  |*i_0_1_178   |            1.046902|             0.371837|           0.025066|         1.443804
376  |*i_0_1_179   |            1.046902|             0.371837|           0.025066|         1.443804
377  |*i_0_1_180   |            1.046902|             0.371837|           0.025066|         1.443804
378  |*i_0_1_181   |            1.046902|             0.371837|           0.025066|         1.443804
379  |*i_0_1_182   |            1.046902|             0.371837|           0.025066|         1.443804
380  |*i_0_1_185   |            1.046902|             0.371837|           0.025066|         1.443804
381  |*i_0_1_186   |            1.046902|             0.371837|           0.025066|         1.443804
382  |*i_0_1_187   |            1.046902|             0.371837|           0.025066|         1.443804
383  |*i_0_1_188   |            1.046902|             0.371837|           0.025066|         1.443804
384  |*i_0_1_189   |            1.046902|             0.371837|           0.025066|         1.443804
385  |*i_0_1_190   |            1.046902|             0.371837|           0.025066|         1.443804
386  |*i_0_1_191   |            1.046902|             0.371837|           0.025066|         1.443804
387  |*i_0_1_192   |            1.046902|             0.371837|           0.025066|         1.443804
388  |*i_0_1_193   |            1.046902|             0.371837|           0.025066|         1.443804
389  |*i_0_1_194   |            1.046902|             0.371837|           0.025066|         1.443804
390  |*i_0_1_195   |            1.046902|             0.371837|           0.025066|         1.443804
391  |*i_0_1_196   |            1.046902|             0.371837|           0.025066|         1.443804
392  |*i_0_1_197   |            1.046902|             0.371837|           0.025066|         1.443804
393  |*i_0_1_198   |            1.046902|             0.371837|           0.025066|         1.443804
394  |*i_0_1_199   |            1.046902|             0.371837|           0.025066|         1.443804
395  |*i_0_1_200   |            1.046902|             0.371837|           0.025066|         1.443804
396  |*i_0_1_201   |            1.046902|             0.371837|           0.025066|         1.443804
397  |*i_0_1_202   |            1.046902|             0.371837|           0.025066|         1.443804
398  |*i_0_1_203   |            1.046902|             0.371837|           0.025066|         1.443804
399  |*i_0_1_204   |            1.046902|             0.371837|           0.025066|         1.443804
400  |*i_0_1_205   |            1.046902|             0.371837|           0.025066|         1.443804
401  |*i_0_1_206   |            1.046902|             0.371837|           0.025066|         1.443804
402  |*i_0_1_207   |            1.046902|             0.371837|           0.025066|         1.443804
403  |*i_0_1_208   |            1.046902|             0.371837|           0.025066|         1.443804
404  |*i_0_1_209   |            1.046902|             0.371837|           0.025066|         1.443804
405  |*i_0_1_210   |            1.046902|             0.371837|           0.025066|         1.443804
406  |*i_0_1_211   |            1.046902|             0.371837|           0.025066|         1.443804
407  |*i_0_1_212   |            1.046902|             0.371837|           0.025066|         1.443804
408  |*i_0_1_213   |            1.046902|             0.371837|           0.025066|         1.443804
409  |*i_0_1_214   |            1.046902|             0.371837|           0.025066|         1.443804
410  |*i_0_1_215   |            1.046902|             0.371837|           0.025066|         1.443804
411  |*i_0_1_216   |            1.046902|             0.371837|           0.025066|         1.443804
412  |*i_0_1_217   |            1.046902|             0.371837|           0.025066|         1.443804
413  |*i_0_1_218   |            0.479170|             0.000000|           0.017393|         0.496564
414  |*i_0_1_281   |            0.512952|             2.613687|           0.022695|         3.149334
415  |*i_0_1_282   |            1.197937|             1.613468|           0.021438|         2.832843
416  |             |                    |                     |                   |                 
417  |*TOTAL       |         5549.406738|         16353.465820|         194.702454|     22097.576172
-----+-------------+--------------------+---------------------+-------------------+-----------------
