Report for group default
------------------------------------------------------------------------------------------------------------------------------------------------------------
Startpoint: multiplier/A_in_reg[0]/Q
    (Clocked by sysclk R)
Endpoint: multiplier/Res_reg[47]/D
    (Clocked by sysclk R)
Path Group: default
Data required time: 1941.6
    (Clock shift: 2000.0, minus Uncertainty: 0.0, plus Latency 0.0, minus Setup time: 58.4)
Data arrival time: 1890.7
Slack: 50.9
Logic depth: 36
------------------------------------------------------------------------------------------------------------------------------------------------------------
                                                     Arrival               Arc      Net               Net    Total   fan-                                   
Path                     Module/Cell           Edge     Time    Delay    Delay    Delay     Slew     Load     Load    out     Location Power Domain      (V)
                                                        (ps)     (ps)     (ps)     (ps)     (ps)     (ff)     (ff)    (#)      (um,um)                      
------------------------------------------------------------------------------------------------------------------------------------------------------------
clk                      {create_clock}           r      0.0      0.0      0.0                        0.0      0.0      4    71,    0                       
multiplier/i_1_49/B1->ZN AOI21_X1                rf      0.0      0.0      0.0      0.0      0.0      0.0      0.0      1    72,   71  /PD_TOP        (1.10)
multiplier/i_1_48/A->ZN  INV_X1                  fr      0.0      0.0      0.0      0.0      0.0      0.0      0.0     47    72,   71  /PD_TOP        (1.10)
multiplier/A_in_reg[0]/G->Q
                         DLH_X2*                 rf    108.6    108.6    108.6      0.0      0.0      9.9     86.9     14    72,   71  /PD_TOP        (1.10)
multiplier/i_2/i_63/A2->ZN
                         NOR2_X4*                fr    173.9     65.3     65.0      0.3     15.3      1.9     35.1      3    72,   71  /PD_TOP        (1.10)
multiplier/i_2/i_65/A2->ZN
                         NAND2_X4*               rf    207.2     33.3     33.3      0.0     15.3      1.9     35.8      3    72,   71  /PD_TOP        (1.10)
multiplier/i_2/i_67/A1->ZN
                         NOR2_X4*                fr    267.1     59.9     59.9      0.0     15.3      1.9     35.0      3    72,   71  /PD_TOP        (1.10)
multiplier/i_2/i_72/A1->ZN
                         NAND2_X4*               rf    302.2     35.1     35.1      0.0     15.3      2.5     40.5      4    72,   71  /PD_TOP        (1.10)
multiplier/i_2/i_57/A->ZN
                         INV_X8                  fr    316.7     14.5     14.5      0.0     15.3      1.3      8.9      2    72,   71  /PD_TOP        (1.10)
multiplier/i_2/i_56/A1->ZN
                         NAND2_X4*               rf    348.2     31.5     31.5      0.0      6.4      2.5     40.5      4    72,   71  /PD_TOP        (1.10)
multiplier/i_2/i_55/A->ZN
                         INV_X8                  fr    362.7     14.5     14.5      0.0     15.3      1.3      8.9      2    72,   71  /PD_TOP        (1.10)
multiplier/i_2/i_54/A1->ZN
                         NAND2_X4*               rf    394.2     31.5     31.5      0.0      6.4      2.5     40.5      4    72,   71  /PD_TOP        (1.10)
multiplier/i_2/i_38/A2->ZN
                         NOR2_X4*                fr    456.5     62.3     62.3      0.0     15.3      1.3     30.6      2    72,   71  /PD_TOP        (1.10)
multiplier/i_2/i_37/A->ZN
                         INV_X8                  rf    465.0      8.5      8.5      0.0     15.3      1.3      9.6      2    72,   71  /PD_TOP        (1.10)
multiplier/i_2/i_36/A2->ZN
                         NOR2_X4*                fr    522.6     57.6     57.6      0.0      4.1      1.3     30.6      2    72,   71  /PD_TOP        (1.10)
multiplier/i_2/i_30/A->ZN
                         AOI21_X4*               rf    565.7     43.1     43.1      0.0     15.3      9.8     77.9     12    72,   71  /PD_TOP        (1.10)
multiplier/i_0_701/B1->ZN
                         AOI22_X4                fr    608.7     43.0     42.7      0.3     15.3      0.9      3.5      1    72,   71  /PD_TOP        (1.10)
multiplier/i_0_700/A->ZN OAI221_X2               rf    646.5     37.8     37.8      0.0     23.9      0.9      3.6      1    72,   71  /PD_TOP        (1.10)
multiplier/i_53/i_192/CI->CO
                         FA_X1                   ff    721.7     75.2     75.2      0.0     18.4      0.8      3.6      1    72,   71  /PD_TOP        (1.10)
multiplier/i_53/i_203/CI->CO
                         FA_X1                   ff    795.9     74.2     74.2      0.0     15.9      0.8      3.6      1    72,   71  /PD_TOP        (1.10)
multiplier/i_53/i_211/CI->S
                         FA_X1                   fr    913.1    117.2    117.2      0.0     15.9      0.8      3.6      1    72,   71  /PD_TOP        (1.10)
multiplier/i_53/i_212/CI->S
                         FA_X1                   rf   1010.0     96.9     96.9      0.0     15.2      0.8      4.3      1    72,   71  /PD_TOP        (1.10)
multiplier/i_53/i_216/B->CO
                         FA_X1                   ff   1093.8     83.8     83.8      0.0     17.9      0.8      3.6      1    72,   71  /PD_TOP        (1.10)
multiplier/i_53/i_275/CI->S
                         FA_X1                   fr   1212.6    118.8    118.8      0.0     15.9      0.8      4.3      1    72,   71  /PD_TOP        (1.10)
multiplier/i_53/i_277/B->S
                         FA_X1                   rf   1321.8    109.2    109.2      0.0     16.6      1.4      9.5      2    72,   71  /PD_TOP        (1.10)
multiplier/i_53/i_295/A2->ZN
                         NOR2_X4*                fr   1387.4     65.6     65.6      0.0     23.4      1.2     30.9      2    72,   71  /PD_TOP        (1.10)
multiplier/i_53/i_294/A->ZN
                         INV_X8                  rf   1395.8      8.4      8.4      0.0     15.3      1.4      9.2      2    72,   71  /PD_TOP        (1.10)
multiplier/i_53/i_329/A1->ZN
                         NAND3_X4                fr   1411.3     15.5     15.5      0.0      4.0      1.4      7.5      2    72,   71  /PD_TOP        (1.10)
multiplier/i_53/i_328/A->ZN
                         AOI21_X4                rf   1424.9     13.6     13.6      0.0     13.9      0.8      3.3      1    72,   71  /PD_TOP        (1.10)
multiplier/i_53/i_326/B->ZN
                         AOI211_X4               fr   1548.2    123.3    123.3      0.0      7.4      1.4     30.8      2    72,   71  /PD_TOP        (1.10)
multiplier/i_53/i_325/A->ZN
                         INV_X8                  rf   1555.4      7.2      7.2      0.0     20.9      0.6      4.7      1    72,   71  /PD_TOP        (1.10)
multiplier/i_53/i_381/B1->ZN
                         AOI21_X4                fr   1584.1     28.7     28.7      0.0      3.5      1.4      7.8      2    72,   71  /PD_TOP        (1.10)
multiplier/i_53/i_462/B2->ZN
                         AOI21_X4                rf   1605.9     21.8     21.8      0.0     25.8      1.5      9.7      2    72,   71  /PD_TOP        (1.10)
multiplier/i_53/i_519/A1->ZN
                         OAI22_X2                fr   1632.2     26.3     26.3      0.0      9.8      0.8      2.8      1    72,   71  /PD_TOP        (1.10)
multiplier/i_53/i_520/A1->ZN
                         AND3_X4                 rr   1674.4     42.2     42.2      0.0     28.3      0.8      3.2      1    72,   71  /PD_TOP        (1.10)
multiplier/i_53/i_521/C2->ZN
                         OAI221_X4               rf   1749.6     75.2     75.2      0.0      8.8      2.9     37.9      4    72,   71  /PD_TOP        (1.10)
multiplier/i_53/i_583/C1->ZN
                         AOI211_X2               fr   1797.9     48.3     48.2      0.1     13.5      0.7      4.9      1    72,   71  /PD_TOP        (1.10)
multiplier/i_53/i_582/A2->ZN
                         NOR2_X4                 rf   1812.0     14.1     14.1      0.0     45.6      0.6      3.9      1    72,   71  /PD_TOP        (1.10)
multiplier/i_53/i_578/A->Z
                         XOR2_X2                 ff   1862.2     50.2     50.2      0.0      5.5      0.6      2.9      1    72,   71  /PD_TOP        (1.10)
multiplier/i_1_24/A2->ZN AND2_X4                 ff   1890.7     28.5     28.5      0.0     11.8      0.6      1.6      1    72,   71  /PD_TOP        (1.10)
multiplier/Res_reg[47]/D DLH_X2                   f   1890.7      0.0               0.0      4.9                             72,   71  /PD_TOP        (1.10)
------------------------------------------------------------------------------------------------------------------------------------------------------------
Report for group I2R
------------------------------------------------------------------------------------------------------------------------------------------------------------
Startpoint: A[30]
    (Clocked by rtDefaultClock R)
Endpoint: A_reg_reg[30]/D
    (Clocked by sysclk R)
Path Group: I2R
Data required time: 1941.6
    (Clock shift: 2000.0, minus Uncertainty: 0.0, plus Latency 0.0, minus Setup time: 58.4)
Data arrival time: 260.9
Slack: 1680.7
Logic depth: 1
------------------------------------------------------------------------------------------------------------------------------------------------------------
                                                     Arrival               Arc      Net               Net    Total   fan-                                   
Path                     Module/Cell           Edge     Time    Delay    Delay    Delay     Slew     Load     Load    out     Location Power Domain      (V)
                                                        (ps)     (ps)     (ps)     (ps)     (ps)     (ff)     (ff)    (#)      (um,um)                      
------------------------------------------------------------------------------------------------------------------------------------------------------------
A[30]                    {set_input_delay}        f    200.0    200.0    200.0                        9.5     11.8      1     0,   69                       
i_0_1_157/A2->ZN         AND2_X4                 ff    260.9     60.9     59.3      1.6    100.0      0.6      1.6      1    72,   71  /PD_TOP        (1.10)
A_reg_reg[30]/D          DLH_X2                   f    260.9      0.0               0.0      4.9                             72,   71  /PD_TOP        (1.10)
------------------------------------------------------------------------------------------------------------------------------------------------------------
Report for group I2O
Report for group R2O
