Report Physical info: 
------------------------+-------------+-----------+------------
                        |             |Area (squm)|Leakage (uW)
------------------------+-------------+-----------+------------
Design Name             |FPU_CSA      |           |            
  Total Instances       |         1087|       1243|      29.472
    Macros              |            0|          0|       0.000
    Pads                |            0|          0|       0.000
    Phys                |            0|          0|       0.000
    Blackboxes          |            0|          0|       0.000
    Cells               |         1087|       1243|      29.472
      Buffers           |            0|          0|       0.000
      Inverters         |          243|        129|       3.488
      Clock-Gates       |            0|          0|       0.000
      Combinational     |          844|       1114|      25.984
      Latches           |            0|          0|       0.000
      FlipFlops         |            0|          0|       0.000
       Single-Bit FF    |            0|          0|       0.000
       Multi-Bit FF     |            0|          0|       0.000
       Clock-Gated      |            0|           |            
       Bits             |            0|          0|       0.000
         Load-Enabled   |            0|           |            
         Clock-Gated    |            0|           |            
  Tristate Pin Count    |            0|           |            
Physical Info           |Placed       |           |            
  Chip Size (mm x mm)   |0.106 x 0.106|      11133|            
  Fixed Cell Area       |             |          0|            
    Phys Only           |            0|          0|            
  Placeable Area        |             |       2034|            
  Movable Cell Area     |             |       1243|            
  Utilization (%)       |           61|           |            
  Chip Utilization (%)  |           61|           |            
  Total Wire Length (mm)|        5.213|           |            
  Longest Wire (mm)     |        0.056|           |            
  Average Wire (mm)     |        0.054|           |            
------------------------+-------------+-----------+------------
