warning: No library characterized for (process = 1.00 voltage = 0.85 temperature = 25.00) can be found in the database for power domain '/PD_TOP'  [NL-174]
Report Power (instances with prefix '*' are included in total) : 
-----+----------+--------------------+---------------------+-------------------+-----------------
     | Instance | Internal Power(uw) | Switching Power(uw) | Leakage Power(uw) | Total Power(uw) 
-----+----------+--------------------+---------------------+-------------------+-----------------
1    |*add1     |           47.570683|           178.352371|           1.194792|       227.117859
2    |*add2     |          208.280548|           529.843567|           5.527332|       743.651428
3    |*i_0_3    |           38.109299|            64.506721|           1.822795|       104.438805
4    |*i_0_16   |           50.423168|            72.488091|           1.317109|       124.228371
5    |*i_0_19   |           26.100735|            41.463043|           1.301777|        68.865555
6    |*i_0_0_0  |            2.378925|             2.615906|           0.061230|         5.056060
7    |*i_0_0_1  |            3.327719|             2.354033|           0.075762|         5.757515
8    |*i_0_0_2  |            3.093726|             2.212200|           0.075762|         5.381688
9    |*i_0_0_3  |            3.319146|             2.384143|           0.075762|         5.779052
10   |*i_0_0_4  |            3.313751|             2.320204|           0.075762|         5.709717
11   |*i_0_0_5  |            3.512806|             2.457793|           0.075762|         6.046361
12   |*i_0_0_6  |            3.578748|             2.566516|           0.075762|         6.221026
13   |*i_0_0_7  |            2.466742|             2.244560|           0.061230|         4.772532
14   |*i_0_0_8  |            2.234809|             1.842504|           0.061230|         4.138542
15   |*i_0_0_9  |            2.171145|             1.626160|           0.061230|         3.858534
16   |*i_0_0_10 |            2.166960|             1.523715|           0.061230|         3.751905
17   |*i_0_0_11 |            2.154358|             1.477384|           0.061230|         3.692972
18   |*i_0_0_12 |            2.161900|             1.455379|           0.061230|         3.678509
19   |*i_0_0_13 |            0.975495|             1.268459|           0.027858|         2.271813
20   |*i_0_0_14 |            0.564285|             2.706437|           0.021200|         3.291921
21   |*i_0_0_15 |            0.655749|             2.009531|           0.014353|         2.679632
22   |*i_0_0_16 |            1.166430|             7.870885|           0.034026|         9.071341
23   |*i_0_0_17 |            0.647572|             1.984472|           0.014353|         2.646396
24   |*i_0_0_18 |            1.154828|             7.772735|           0.034026|         8.961589
25   |*i_0_0_19 |            0.651669|             1.997028|           0.014353|         2.663051
26   |*i_0_0_20 |            1.159637|             7.821917|           0.034026|         9.015580
27   |*i_0_0_21 |            0.650654|             1.993918|           0.014353|         2.658925
28   |*i_0_0_22 |            1.157746|             7.809733|           0.034026|         9.001505
29   |*i_0_0_23 |            0.650055|             1.992083|           0.014353|         2.656492
30   |*i_0_0_24 |            1.156496|             7.802547|           0.034026|         8.993069
31   |*i_0_0_25 |            0.648833|             1.988337|           0.014353|         2.651523
32   |*i_0_0_26 |            1.157326|             7.787873|           0.034026|         8.979225
33   |*i_0_0_27 |            0.649513|             1.990421|           0.014353|         2.654287
34   |*i_0_0_28 |            1.151757|             7.796036|           0.034026|         8.981819
35   |*i_0_0_29 |            0.649401|             1.990078|           0.014353|         2.653833
36   |*i_0_0_30 |            1.155241|             7.794696|           0.034026|         8.983963
37   |*i_0_0_31 |            0.649178|             1.989395|           0.014353|         2.652926
38   |*i_0_0_32 |            1.158001|             7.792017|           0.034026|         8.984044
39   |*i_0_0_33 |            0.649303|             1.989776|           0.014353|         2.653432
40   |*i_0_0_34 |            1.155116|             7.793512|           0.034026|         8.982655
41   |*i_0_0_35 |            0.649283|             1.989715|           0.014353|         2.653351
42   |*i_0_0_36 |            1.154230|             7.793272|           0.034026|         8.981528
43   |*i_0_0_37 |            0.649271|             1.989681|           0.014353|         2.653305
44   |*i_0_0_38 |            1.155103|             7.793138|           0.034026|         8.982267
45   |*i_0_0_39 |            0.649265|             1.989661|           0.014353|         2.653280
46   |*i_0_0_40 |            1.154940|             7.793061|           0.034026|         8.982027
47   |*i_0_0_41 |            0.649261|             1.989650|           0.014353|         2.653265
48   |*i_0_0_42 |            1.154689|             7.793019|           0.034026|         8.981734
49   |*i_0_0_43 |            0.649259|             1.989644|           0.014353|         2.653257
50   |*i_0_0_44 |            1.153950|             7.792994|           0.034026|         8.980970
51   |*i_0_0_45 |            0.649258|             1.989641|           0.014353|         2.653252
52   |*i_0_0_46 |            1.155078|             7.792980|           0.034026|         8.982084
53   |*i_0_0_47 |            0.649258|             1.989639|           0.014353|         2.653250
54   |*i_0_0_48 |            1.154926|             7.792973|           0.034026|         8.981925
55   |*i_0_0_49 |            0.649257|             1.989638|           0.014353|         2.653248
56   |*i_0_0_50 |            1.154681|             7.792968|           0.034026|         8.981676
57   |*i_0_0_51 |            0.649257|             1.989637|           0.014353|         2.653248
58   |*i_0_0_52 |            1.154181|             7.792967|           0.034026|         8.981174
59   |*i_0_0_53 |            0.649257|             1.989637|           0.014353|         2.653247
60   |*i_0_0_54 |            1.151263|             7.792965|           0.034026|         8.978255
61   |*i_0_0_55 |            0.649257|             1.989637|           0.014353|         2.653247
62   |*i_0_0_56 |            1.151813|             7.792965|           0.034026|         8.978804
63   |*i_0_0_57 |            0.649257|             1.989637|           0.014353|         2.653247
64   |*i_0_0_58 |            1.150750|             7.792965|           0.034026|         8.977741
65   |*i_0_0_59 |            1.223181|             2.029274|           0.022695|         3.275150
66   |*i_0_0_60 |            0.528272|             5.464480|           0.014353|         6.007105
67   |*i_0_0_61 |            1.181580|             7.790338|           0.032612|         9.004530
68   |*i_0_0_62 |            0.533261|             4.851180|           0.014353|         5.398794
69   |*i_0_0_63 |            1.181580|             7.790338|           0.032612|         9.004530
70   |*i_0_0_64 |            0.559969|             3.667039|           0.014353|         4.241361
71   |*i_0_0_65 |            1.181580|             7.790338|           0.032612|         9.004530
72   |*i_0_0_66 |            0.566795|             3.426575|           0.014353|         4.007723
73   |*i_0_0_67 |            1.181580|             7.790338|           0.032612|         9.004530
74   |*i_0_0_68 |            0.566795|             3.426575|           0.014353|         4.007723
75   |*i_0_0_69 |            1.181580|             7.790338|           0.032612|         9.004530
76   |*i_0_0_70 |            0.533190|             4.859924|           0.014353|         5.407467
77   |*i_0_0_71 |            1.181580|             7.790338|           0.032612|         9.004530
78   |*i_0_0_72 |            0.560044|             3.664392|           0.014353|         4.238789
79   |*i_0_0_73 |            1.181580|             7.790338|           0.032612|         9.004530
80   |*i_0_0_74 |            1.101441|             3.491876|           0.034026|         4.627343
81   |*i_0_0_75 |            0.533190|             4.859924|           0.014353|         5.407467
82   |*i_0_0_76 |            1.181580|             7.790338|           0.032612|         9.004530
83   |*i_0_0_77 |            0.560044|             3.664392|           0.014353|         4.238789
84   |*i_0_0_78 |            1.181580|             7.790338|           0.032612|         9.004530
85   |*i_0_0_79 |            0.550149|             4.012996|           0.014353|         4.577497
86   |*i_0_0_80 |            1.181580|             7.790338|           0.032612|         9.004530
87   |*i_0_0_81 |            0.494913|            10.293266|           0.014353|        10.802532
88   |*i_0_0_82 |            1.181580|             7.790338|           0.032612|         9.004530
89   |*i_0_0_83 |            0.566795|             3.426575|           0.014353|         4.007723
90   |*i_0_0_84 |            1.181580|             7.790338|           0.032612|         9.004530
91   |*i_0_0_85 |            0.528842|             5.394478|           0.014353|         5.937673
92   |*i_0_0_86 |            1.181580|             7.790338|           0.032612|         9.004530
93   |*i_0_0_87 |            0.553248|             3.903820|           0.014353|         4.471421
94   |*i_0_0_88 |            1.181580|             7.790338|           0.032612|         9.004530
95   |*i_0_0_89 |            1.143156|            10.359405|           0.034026|        11.536587
96   |*i_0_0_90 |            0.566795|             3.426575|           0.014353|         4.007723
97   |*i_0_0_91 |            1.181580|             7.790338|           0.032612|         9.004530
98   |*i_0_0_92 |            0.528842|             5.394478|           0.014353|         5.937673
99   |*i_0_0_93 |            1.181580|             7.790338|           0.032612|         9.004530
100  |*i_0_0_94 |            0.553248|             3.903820|           0.014353|         4.471421
101  |*i_0_0_95 |            1.181580|             7.790338|           0.032612|         9.004530
102  |*i_0_0_96 |            0.494913|            10.293266|           0.014353|        10.802532
103  |*i_0_0_97 |            1.181580|             7.790338|           0.032612|         9.004530
104  |*i_0_0_98 |            1.101221|             3.491876|           0.034026|         4.627123
105  |*i_0_0_99 |            1.113271|             5.463311|           0.034026|         6.610608
106  |*i_0_0_100|            1.104120|             3.966183|           0.034026|         5.104330
107  |*i_0_0_101|            0.170629|             0.560639|           0.014353|         0.745621
108  |*i_0_0_102|            0.321193|             2.188061|           0.032612|         2.541866
109  |*i_0_0_103|            0.192049|             0.631018|           0.014353|         0.837420
110  |*i_0_0_104|            0.341336|             2.462737|           0.032612|         2.836685
111  |*i_0_0_105|            0.216095|             0.710030|           0.014353|         0.940478
112  |*i_0_0_106|            0.379364|             2.771102|           0.032612|         3.183078
113  |*i_0_0_107|            0.257934|             0.847499|           0.014353|         1.119787
114  |*i_0_0_108|            0.454688|             3.307619|           0.032612|         3.794919
115  |*i_0_0_109|            0.287241|             0.943794|           0.014353|         1.245388
116  |*i_0_0_110|            0.500190|             3.683437|           0.032612|         4.216238
117  |*i_0_0_111|            0.318711|             1.047197|           0.014353|         1.380262
118  |*i_0_0_112|            0.546356|             4.086998|           0.032612|         4.665966
119  |*i_0_0_113|            0.335849|             1.103506|           0.014353|         1.453709
120  |*i_0_0_114|            0.574205|             4.306763|           0.032612|         4.913579
121  |*i_0_0_115|            0.344533|             1.132039|           0.014353|         1.490925
122  |*i_0_0_116|            0.576979|             4.418120|           0.032612|         5.027711
123  |*i_0_0_117|            0.362453|             1.190921|           0.014353|         1.567727
124  |*i_0_0_118|            0.602188|             4.647923|           0.032612|         5.282722
125  |*i_0_0_119|            0.370075|             1.215963|           0.014353|         1.600391
126  |*i_0_0_120|            0.894330|             4.745658|           0.032612|         5.672600
127  |*i_0_0_121|            0.381105|             1.252204|           0.014353|         1.647662
128  |*i_0_0_122|            0.923410|             4.887101|           0.032612|         5.843123
129  |*i_0_0_123|            0.391058|             1.284907|           0.014353|         1.690318
130  |*i_0_0_124|            0.948536|             5.014735|           0.032612|         5.995883
131  |*i_0_0_125|            0.400066|             1.314505|           0.014353|         1.728924
132  |*i_0_0_126|            0.972278|             5.130247|           0.032612|         6.135137
133  |*i_0_0_127|            0.408024|             1.340652|           0.014353|         1.763029
134  |*i_0_0_128|            0.993807|             5.232296|           0.032612|         6.258715
135  |*i_0_0_129|            0.415266|             1.364447|           0.014353|         1.794066
136  |*i_0_0_130|            1.012916|             5.325162|           0.032612|         6.370690
137  |*i_0_0_131|            0.421529|             1.385027|           0.014353|         1.820909
138  |*i_0_0_132|            1.029223|             5.405479|           0.032612|         6.467313
139  |*i_0_0_133|            0.427100|             1.403331|           0.014353|         1.844784
140  |*i_0_0_134|            1.044386|             5.476917|           0.032612|         6.553915
141  |*i_0_0_135|            0.431832|             1.418880|           0.014353|         1.865065
142  |*i_0_0_136|            1.057874|             5.537601|           0.032612|         6.628088
143  |*i_0_0_137|            0.438468|             1.440684|           0.014353|         1.893505
144  |*i_0_0_138|            1.084510|             5.622697|           0.032612|         6.739820
145  |*i_0_0_139|            0.456461|             1.499805|           0.014353|         1.970619
146  |*i_0_0_140|            1.090097|             5.853436|           0.032612|         6.976145
147  |*i_0_0_141|            0.616612|             1.897050|           0.014353|         2.528016
148  |*i_0_0_142|            1.066237|             7.403804|           0.034026|         8.504068
149  |*i_0_0_143|            0.616202|             1.895789|           0.014353|         2.526344
150  |*i_0_0_144|            0.992295|             7.398881|           0.034026|         8.425203
151  |*i_0_0_145|            0.616447|             1.896542|           0.014353|         2.527342
152  |*i_0_0_146|            0.993991|             7.401821|           0.034026|         8.429837
153  |*i_0_0_147|            1.112366|            11.363212|           0.025066|        12.500644
154  |*i_0_0_148|            0.093484|             0.441074|           0.048314|         0.582872
155  |*i_0_0_149|            1.246077|             0.740866|           0.032612|         2.019555
156  |*i_0_0_150|            0.107698|             0.491166|           0.048314|         0.647178
157  |*i_0_0_151|            0.083272|             0.473177|           0.034026|         0.590476
158  |*i_0_0_152|            0.055408|             0.109623|           0.027858|         0.192890
159  |*i_0_0_153|            0.020262|             0.047822|           0.021200|         0.089284
160  |*i_0_0_154|            0.036998|             0.127599|           0.017393|         0.181990
161  |*i_0_0_155|            0.096788|             0.519279|           0.034026|         0.650093
162  |*i_0_0_156|            0.670531|             1.138435|           0.034026|         1.842992
163  |*i_0_0_157|            0.124859|             0.269740|           0.041741|         0.436341
164  |*i_0_0_158|            0.096720|             0.519556|           0.034026|         0.650302
165  |*i_0_0_159|            0.672704|             1.141315|           0.034026|         1.848045
166  |*i_0_0_160|            0.129213|             0.287871|           0.041741|         0.458826
167  |*i_0_0_161|            0.096889|             0.520654|           0.034026|         0.651568
168  |*i_0_0_162|            0.695096|             1.143636|           0.034026|         1.872758
169  |*i_0_0_163|            0.127405|             0.311206|           0.034026|         0.472637
170  |*i_0_0_164|            0.099282|             0.529145|           0.034026|         0.662453
171  |*i_0_0_165|            0.789702|             1.269193|           0.034026|         2.092921
172  |*i_0_0_166|            0.130016|             0.318946|           0.034026|         0.482988
173  |*i_0_0_167|            0.042638|             0.197028|           0.017393|         0.257059
174  |*i_0_0_168|            0.073136|             0.420256|           0.014353|         0.507746
175  |*i_0_0_169|            0.096988|             1.532100|           0.017393|         1.646481
176  |*i_0_0_170|            0.083897|             0.445585|           0.034026|         0.563508
177  |*i_0_0_171|            0.969991|             1.415692|           0.034026|         2.419710
178  |*i_0_0_172|            0.785727|             2.285084|           0.032612|         3.103423
179  |*i_0_0_173|            0.154592|             0.359885|           0.033938|         0.548415
180  |*i_0_0_174|            0.079875|             0.533283|           0.022619|         0.635777
181  |*i_0_0_175|            0.016184|             0.019601|           0.033938|         0.069722
182  |*i_0_0_176|            0.779375|             1.896927|           0.032612|         2.708914
183  |*i_0_0_177|            0.154640|             0.373825|           0.033938|         0.562403
184  |*i_0_0_178|            0.077627|             0.519614|           0.022619|         0.619861
185  |*i_0_0_179|            0.011783|             0.015368|           0.033938|         0.061089
186  |*i_0_0_180|            0.104183|             0.184410|           0.034026|         0.322620
187  |*i_0_0_181|            0.154426|             0.366240|           0.033938|         0.554604
188  |*i_0_0_182|            0.062493|             0.418186|           0.022619|         0.503299
189  |*i_0_0_183|            0.011753|             0.015337|           0.033938|         0.061028
190  |*i_0_0_184|            0.113755|             0.190758|           0.034026|         0.338540
191  |*i_0_0_185|            0.133867|             0.315679|           0.033938|         0.483484
192  |*i_0_0_186|            0.165091|             1.112931|           0.021200|         1.299221
193  |*i_0_0_187|            0.062468|             0.418056|           0.022619|         0.503143
194  |*i_0_0_188|            0.011706|             0.015293|           0.033938|         0.060936
195  |*i_0_0_189|            0.092556|             0.160814|           0.034026|         0.287396
196  |*i_0_0_190|            0.562583|             2.601957|           0.014353|         3.178893
197  |*i_0_0_191|            0.981226|             7.072328|           0.034026|         8.087580
198  |*i_0_0_192|            0.062507|             0.418890|           0.022619|         0.504017
199  |*i_0_0_193|            0.011784|             0.015370|           0.033938|         0.061092
200  |*i_0_0_194|            0.099710|             0.177178|           0.034026|         0.310914
201  |*i_0_0_195|            0.087938|             0.688112|           0.017393|         0.793443
202  |*i_0_0_196|            0.618750|             2.863759|           0.014353|         3.496862
203  |*i_0_0_197|            1.063253|             7.779155|           0.034026|         8.876434
204  |*i_0_0_198|            0.062541|             0.419361|           0.022619|         0.504521
205  |*i_0_0_199|            0.011853|             0.015436|           0.033938|         0.061227
206  |*i_0_0_200|            0.117540|             0.200351|           0.034026|         0.351918
207  |*i_0_0_201|            0.618077|             2.872235|           0.014353|         3.504665
208  |*i_0_0_202|            1.061033|             7.774933|           0.034026|         8.869992
209  |*i_0_0_203|            0.062564|             0.419254|           0.022619|         0.504437
210  |*i_0_0_204|            0.012163|             0.015481|           0.033938|         0.061582
211  |*i_0_0_205|            0.132498|             0.205542|           0.034026|         0.372066
212  |*i_0_0_206|            0.067084|             0.521919|           0.017393|         0.606396
213  |*i_0_0_207|            0.617536|             2.871748|           0.014353|         3.503637
214  |*i_0_0_208|            1.021332|             7.768870|           0.034026|         8.824228
215  |*i_0_0_209|            0.006000|             0.058111|           0.017393|         0.081504
216  |*i_0_0_210|            0.063683|             0.419560|           0.022619|         0.505862
217  |*i_0_0_211|            0.012179|             0.015498|           0.033938|         0.061615
218  |*i_0_0_212|            0.126506|             0.224125|           0.034026|         0.384657
219  |*i_0_0_213|            0.069382|             0.320700|           0.014353|         0.404435
220  |*i_0_0_214|            0.137916|             0.872145|           0.034026|         1.044087
221  |*i_0_0_215|            0.868859|             2.923779|           0.032612|         3.825249
222  |*i_0_0_216|            0.062570|             0.419343|           0.022619|         0.504532
223  |*i_0_0_217|            0.012179|             0.015496|           0.033938|         0.061612
224  |*i_0_0_218|            0.115647|             0.209930|           0.034026|         0.359603
225  |*i_0_0_219|            0.073275|             0.338691|           0.014353|         0.426319
226  |*i_0_0_220|            0.120233|             0.921073|           0.034026|         1.075333
227  |*i_0_0_221|            0.856607|             2.898865|           0.032612|         3.788084
228  |*i_0_0_222|            0.064413|             0.372647|           0.034026|         0.471086
229  |*i_0_0_223|            0.192995|             0.163418|           0.047399|         0.403812
230  |*i_0_0_224|            0.116980|             0.232170|           0.034026|         0.383177
231  |*i_0_0_225|            0.464397|            17.706102|           0.014353|        18.184853
232  |*i_0_0_226|            0.680222|            21.104244|           0.021200|        21.805666
233  |*i_0_0_227|            0.073068|             0.339793|           0.014353|         0.427215
234  |*i_0_0_228|            0.119981|             0.919234|           0.034026|         1.073241
235  |*i_0_0_229|            0.901480|             2.901140|           0.034026|         3.836646
236  |*i_0_0_230|            0.099530|             0.677291|           0.017393|         0.794214
237  |*i_0_0_231|            0.064329|             0.431048|           0.022619|         0.517997
238  |*i_0_0_232|            0.011850|             0.018705|           0.022039|         0.052594
239  |*i_0_0_233|            0.824979|             1.402860|           0.027858|         2.255698
240  |*i_0_0_234|            0.781201|             1.353917|           0.034026|         2.169143
241  |*i_0_0_235|            0.046993|             0.239895|           0.014353|         0.301241
242  |*i_0_0_236|            0.077512|             0.926067|           0.027858|         1.031438
243  |*i_0_0_237|            0.023687|             0.039731|           0.021200|         0.084617
244  |*i_0_0_238|            0.903509|             2.895842|           0.034026|         3.833377
245  |*i_0_0_239|            0.064604|             0.432852|           0.022619|         0.520075
246  |*i_0_0_240|            0.013759|             0.019223|           0.022039|         0.055021
247  |*i_0_0_241|            0.832708|             1.382869|           0.027858|         2.243435
248  |*i_0_0_242|            0.927875|             1.408186|           0.034026|         2.370087
249  |*i_0_0_243|            0.054934|             0.168730|           0.014353|         0.238017
250  |*i_0_0_244|            0.126003|             1.260293|           0.034026|         1.420322
251  |*i_0_0_245|            0.905305|             2.916876|           0.034026|         3.856206
252  |*i_0_0_246|            0.080973|             0.437873|           0.034026|         0.552872
253  |*i_0_0_247|            1.115455|             1.492350|           0.043178|         2.650983
254  |*i_0_0_248|            0.055193|             0.342132|           0.014353|         0.411678
255  |*i_0_0_249|            0.149014|             1.149869|           0.034026|         1.332910
256  |*i_0_0_250|            0.903614|             2.907198|           0.034026|         3.844838
257  |*i_0_0_251|            0.023880|             0.042396|           0.022619|         0.088896
258  |*i_0_0_252|            0.080837|             0.436851|           0.034026|         0.551714
259  |*i_0_0_253|            1.451488|             1.481031|           0.043178|         2.975697
260  |*i_0_0_254|            0.121430|             0.483994|           0.034026|         0.639450
261  |*i_0_0_255|            0.902938|             2.909041|           0.034026|         3.846005
262  |*i_0_0_256|            0.031413|             0.521994|           0.017393|         0.570800
263  |*i_0_0_257|            0.025814|             0.045453|           0.022619|         0.093886
264  |*i_0_0_258|            0.067970|             0.385341|           0.034026|         0.487337
265  |*i_0_0_259|            0.476559|             0.487368|           0.041741|         1.005668
266  |*i_0_0_260|            0.216270|             0.256214|           0.022619|         0.495103
267  |*i_0_0_261|            0.115695|             0.179165|           0.022039|         0.316899
268  |*i_0_0_262|            0.877765|             1.224699|           0.022039|         2.124503
269  |*i_0_0_263|            0.113132|             0.141281|           0.033938|         0.288351
270  |*i_0_0_264|            0.044346|             0.134954|           0.014353|         0.193654
271  |*i_0_0_265|            0.072540|             0.875126|           0.022619|         0.970285
272  |*i_0_0_266|            0.113112|             0.134976|           0.033938|         0.282025
273  |*i_0_0_267|            0.302302|             2.737295|           0.014353|         3.053950
274  |*i_0_0_268|            0.550402|             5.932969|           0.022619|         6.505991
275  |*i_0_0_269|            0.112300|             0.278581|           0.041741|         0.432622
276  |*i_0_0_270|            0.820915|             1.097664|           0.022039|         1.940618
277  |*i_0_0_271|            0.113171|             0.141289|           0.033938|         0.288398
278  |*i_0_0_272|            0.276065|             3.675925|           0.014353|         3.966343
279  |*i_0_0_273|            0.403508|             5.414190|           0.021200|         5.838899
280  |*i_0_0_274|            0.264078|             0.322471|           0.043178|         0.629727
281  |*i_0_0_275|            0.757471|             0.840062|           0.027858|         1.625391
282  |*i_0_0_276|            0.065258|             0.280567|           0.014353|         0.360178
283  |*i_0_0_277|            0.091545|             0.920829|           0.022619|         1.034994
284  |*i_0_0_278|            0.141731|             0.168040|           0.033938|         0.343709
285  |*i_0_0_279|            0.443439|             3.484249|           0.014353|         3.942041
286  |*i_0_0_280|            0.655263|            10.957544|           0.017393|        11.630200
287  |*i_0_0_281|            0.161488|             0.369945|           0.033938|         0.565371
288  |*i_0_0_282|            0.112979|             0.099228|           0.033938|         0.246145
289  |*i_0_0_283|            0.065196|             0.283826|           0.014353|         0.363375
290  |*i_0_0_284|            0.091017|             0.920971|           0.022619|         1.034608
291  |*i_0_0_285|            0.141739|             0.168070|           0.033938|         0.343747
292  |*i_0_0_286|            0.095025|             2.351782|           0.014353|         2.461159
293  |*i_0_0_287|            0.247869|             1.999567|           0.034026|         2.281462
294  |*i_0_0_288|            0.000017|             0.000202|           0.017393|         0.017612
295  |*i_0_0_289|            0.094811|             4.079505|           0.014353|         4.188669
296  |*i_0_0_290|            0.219869|             5.342678|           0.027858|         5.590405
297  |*i_0_0_291|            0.126893|             0.568972|           0.021200|         0.717065
298  |*i_0_0_292|            0.019348|             0.227431|           0.014353|         0.261132
299  |*i_0_0_293|            0.043339|             0.377413|           0.022619|         0.443371
300  |*i_0_0_294|            0.000198|             0.001093|           0.014353|         0.015644
301  |*i_0_0_295|            0.000293|             0.004436|           0.021200|         0.025928
302  |*i_0_0_296|            0.347012|             9.458161|           0.014353|         9.819526
303  |*i_0_0_297|            0.648453|            18.275419|           0.027858|        18.951733
304  |*i_0_0_298|            0.299476|             1.235768|           0.017393|         1.552637
305  |*i_0_0_299|            0.404184|             4.142930|           0.014353|         4.561467
306  |*i_0_0_300|            0.598557|            10.006572|           0.017393|        10.622523
307  |*i_0_0_301|            0.019294|             0.514222|           0.014353|         0.547870
308  |*i_0_0_302|            0.028802|             0.940641|           0.021200|         0.990642
309  |*i_0_0_303|            0.019561|             0.118238|           0.014353|         0.152152
310  |*i_0_0_304|            0.023762|             0.441796|           0.021200|         0.486757
311  |*i_0_0_305|            0.202155|             4.849215|           0.022695|         5.074066
312  |*i_0_0_306|            0.054721|             0.160267|           0.022695|         0.237683
313  |*i_0_0_307|            0.007616|             0.017773|           0.021200|         0.046589
314  |*i_0_0_308|            0.300344|             0.287001|           0.026733|         0.614079
315  |*i_0_0_309|            0.324737|             0.314082|           0.026733|         0.665552
316  |*i_0_0_310|            0.774338|             5.117485|           0.017393|         5.909216
317  |*i_0_0_311|            0.575989|             2.208486|           0.014353|         2.798828
318  |*i_0_0_312|            0.800700|             7.752121|           0.027858|         8.580680
319  |*i_0_0_313|            0.545092|             1.071606|           0.017393|         1.634092
320  |*i_0_0_314|            1.025562|             1.893719|           0.022695|         2.941977
321  |*i_0_0_315|            0.469702|            20.997499|           0.014353|        21.481556
322  |*i_0_0_316|            0.789897|            26.931488|           0.021200|        27.742586
323  |*i_0_0_317|            0.790476|             5.190501|           0.017393|         5.998371
324  |*i_0_0_318|            1.348445|             2.333913|           0.032612|         3.714970
325  |*i_0_0_319|            0.789469|             5.190809|           0.017393|         5.997672
326  |*i_0_0_320|            1.344360|             2.316086|           0.032612|         3.693058
327  |*i_0_0_321|            0.789445|             5.188376|           0.017393|         5.995215
328  |*i_0_0_322|            1.349597|             2.302420|           0.032612|         3.684629
329  |*i_0_0_323|            0.788912|             5.185354|           0.017393|         5.991660
330  |*i_0_0_324|            1.342064|             2.293701|           0.032612|         3.668377
331  |*i_0_0_325|            0.790957|             5.204113|           0.017393|         6.012463
332  |*i_0_0_326|            1.347649|             2.335864|           0.032612|         3.716125
333  |*i_0_0_327|            0.790892|             5.207796|           0.017393|         6.016081
334  |*i_0_0_328|            1.347687|             2.321393|           0.032612|         3.701693
335  |*i_0_0_329|            0.608095|             5.206177|           0.017393|         5.831666
336  |*i_0_0_330|            0.014666|             0.352971|           0.014353|         0.381991
337  |*i_0_0_331|            0.034276|             0.271136|           0.034026|         0.339438
338  |*i_0_0_332|            0.338533|             0.346878|           0.018127|         0.703538
339  |*i_0_0_333|            0.338421|             0.350047|           0.018127|         0.706595
340  |*i_0_0_334|            0.338521|             0.347236|           0.018127|         0.703884
341  |*i_0_0_335|            0.338506|             0.347654|           0.018127|         0.704287
342  |*i_0_0_336|            0.653389|             2.197762|           0.014353|         2.865504
343  |*i_0_0_337|            1.026231|             7.912730|           0.034026|         8.972987
344  |*i_0_0_338|            0.764300|             1.089057|           0.036441|         1.889798
345  |*i_0_0_339|            1.612980|             1.447615|           0.036441|         3.097036
346  |*i_0_0_340|            1.447346|             1.302537|           0.036441|         2.786324
347  |*i_0_0_341|            0.075416|             0.230030|           0.014353|         0.319799
348  |*i_0_0_342|            0.125311|             2.681288|           0.021200|         2.827798
349  |*i_0_0_343|            0.075746|             0.613584|           0.014353|         0.703683
350  |*i_0_0_344|            0.147725|             2.952955|           0.026832|         3.127511
351  |*i_0_0_345|            0.118633|             0.949031|           0.021200|         1.088864
352  |*i_0_0_346|            0.394602|             3.512971|           0.014353|         3.921926
353  |*i_0_0_347|            0.805738|             8.917533|           0.022619|         9.745890
354  |*i_0_0_348|            0.223001|             0.470892|           0.021200|         0.715092
355  |*i_0_0_349|            0.224357|             0.475159|           0.021200|         0.720716
356  |*i_0_0_350|            0.316946|             0.499130|           0.027858|         0.843934
357  |*i_0_0_351|            0.236620|             4.654596|           0.014353|         4.905570
358  |*i_0_0_352|            0.352653|             5.131281|           0.021200|         5.505134
359  |*i_0_0_353|            0.481520|             2.848382|           0.014353|         3.344255
360  |*i_0_0_354|            1.402022|             9.303281|           0.041741|        10.747044
361  |*i_0_0_355|            0.924661|             1.014711|           0.022619|         1.961992
362  |*i_0_0_356|            0.596520|             0.399673|           0.027025|         1.023218
363  |*i_0_0_357|            0.884548|             0.911991|           0.022619|         1.819158
364  |*i_0_0_358|            0.949051|             1.312567|           0.034566|         2.296184
365  |*i_0_0_359|            0.856907|             0.953620|           0.022619|         1.833146
366  |*i_0_0_360|            0.881276|             1.408608|           0.027858|         2.317743
367  |*i_0_0_361|            0.265982|             0.244038|           0.032601|         0.542622
368  |*i_0_0_362|            0.621214|             1.201226|           0.017393|         1.839834
369  |*i_0_0_363|            0.819282|             1.287489|           0.027858|         2.134629
370  |*i_0_0_364|            0.845402|             1.384408|           0.022619|         2.252430
371  |*i_0_0_365|            0.834068|             1.361531|           0.027858|         2.223458
372  |*i_0_0_366|            0.704239|             1.166288|           0.022619|         1.893147
373  |*i_0_0_367|            0.754940|             1.226193|           0.027858|         2.008992
374  |*i_0_0_368|            0.779585|             1.283809|           0.022619|         2.086013
375  |*i_0_0_369|            0.836952|             1.319783|           0.027858|         2.184594
376  |*i_0_0_370|            0.803510|             6.115116|           0.022619|         6.941245
377  |*i_0_0_371|            0.690539|             1.102053|           0.027858|         1.820450
378  |*i_0_0_372|            0.659006|             1.088058|           0.022619|         1.769683
379  |*i_0_0_373|            0.770233|             1.061905|           0.034566|         1.866704
380  |*i_0_0_374|            0.643384|             0.729162|           0.022619|         1.395165
381  |*i_0_0_375|            0.670927|             0.915388|           0.034566|         1.620880
382  |*i_0_0_376|            0.481135|             0.546624|           0.022619|         1.050378
383  |*i_0_0_377|            0.564079|             2.655952|           0.021200|         3.241231
384  |*i_0_0_378|            0.000000|             0.000000|           0.032601|         0.032602
385  |*i_0_0_379|            0.011895|             0.011413|           0.026733|         0.050041
386  |*i_0_0_380|            0.470330|             4.824639|           0.014353|         5.309322
387  |*i_0_0_381|            1.152799|            11.728593|           0.032612|        12.914004
388  |*i_0_0_382|            0.277889|             0.516972|           0.014353|         0.809214
389  |*i_0_0_383|            0.413179|             5.442748|           0.021200|         5.877125
390  |*i_0_0_384|            0.459772|             3.809504|           0.014353|         4.283629
391  |*i_0_0_385|            1.163245|            13.546218|           0.034026|        14.743489
392  |*i_0_0_386|            0.466858|             5.267709|           0.014353|         5.748920
393  |*i_0_0_387|            1.165771|            13.079955|           0.034026|        14.279752
394  |*i_0_0_388|            0.125242|             0.339279|           0.018105|         0.482626
395  |*i_0_0_389|            0.430226|             1.815809|           0.021200|         2.267235
396  |*i_0_0_390|            0.467634|             5.168986|           0.014353|         5.650973
397  |*i_0_0_391|            1.160391|            12.111484|           0.034026|        13.305901
398  |*i_0_0_392|            0.467609|             3.814722|           0.014353|         4.296683
399  |*i_0_0_393|            1.164496|            13.099475|           0.034026|        14.297997
400  |*i_0_0_394|            0.416896|             0.872990|           0.017393|         1.307280
401  |*i_0_0_395|            0.467597|             3.854430|           0.014353|         4.336380
402  |*i_0_0_396|            1.186714|            15.937590|           0.034026|        17.158331
403  |*i_0_0_397|            0.467975|             2.356746|           0.014353|         2.839075
404  |*i_0_0_398|            1.179656|            15.827188|           0.034026|        17.040871
405  |*i_0_0_399|            0.053618|             0.174354|           0.022695|         0.250666
406  |*i_0_0_400|            0.326712|             0.842382|           0.018105|         1.187199
407  |*i_0_0_401|            0.467959|             3.362940|           0.014353|         3.845253
408  |*i_0_0_402|            1.146737|            10.685902|           0.032612|        11.865252
409  |*i_0_0_403|            0.467238|             1.933266|           0.014353|         2.414858
410  |*i_0_0_404|            1.151370|            13.452955|           0.032612|        14.636937
411  |*i_0_0_405|            1.183359|             2.160900|           0.025066|         3.369325
412  |*i_0_0_406|            0.468080|             2.408412|           0.014353|         2.890846
413  |*i_0_0_407|            1.140296|            10.058884|           0.032612|        11.231792
414  |*i_0_0_408|            1.132373|             4.537724|           0.032612|         5.702709
415  |*i_0_0_409|            0.327415|             0.839203|           0.018105|         1.184723
416  |*i_0_0_410|            0.603185|             2.542277|           0.021200|         3.166662
417  |*i_0_0_411|            0.467840|             4.186582|           0.014353|         4.668775
418  |*i_0_0_412|            1.146879|            10.195553|           0.032612|        11.375044
419  |*i_0_0_413|            0.467936|             3.392100|           0.014353|         3.874389
420  |*i_0_0_414|            1.153206|             9.237463|           0.032612|        10.423281
421  |*i_0_0_415|            0.584156|             1.223207|           0.017393|         1.824756
422  |*i_0_0_416|            0.466326|             0.989692|           0.014353|         1.470371
423  |*i_0_0_417|            1.161953|            13.477657|           0.032612|        14.672222
424  |*i_0_0_418|            0.467892|             3.885388|           0.014353|         4.367633
425  |*i_0_0_419|            1.147101|            11.894707|           0.032612|        13.074420
426  |*i_0_0_420|            0.011391|             0.033303|           0.014353|         0.059047
427  |*i_0_0_421|            0.015816|             0.223714|           0.021200|         0.260730
428  |*i_0_0_422|            0.107652|             0.321524|           0.014353|         0.443529
429  |*i_0_0_423|            0.208573|             2.124961|           0.018105|         2.351639
430  |*i_0_0_424|            0.467767|             4.744784|           0.014353|         5.226904
431  |*i_0_0_425|            1.143545|            10.686250|           0.032612|        11.862407
432  |*i_0_0_426|            0.467989|             3.238235|           0.014353|         3.720577
433  |*i_0_0_427|            1.159302|            11.998391|           0.034026|        13.191719
434  |*i_0_0_428|            0.515900|             1.853464|           0.021200|         2.390564
435  |*i_0_0_429|            0.467949|             3.751923|           0.014353|         4.234225
436  |*i_0_0_430|            1.142573|            11.681804|           0.032612|        12.856989
437  |*i_0_0_431|            0.467899|             3.750759|           0.014353|         4.233010
438  |*i_0_0_432|            1.149951|            10.585886|           0.034026|        11.769863
439  |*i_0_0_433|            0.327426|             1.035326|           0.018105|         1.380858
440  |*i_0_0_434|            0.602073|             2.541770|           0.021200|         3.165043
441  |*i_0_0_435|            0.467636|             5.179082|           0.014353|         5.661071
442  |*i_0_0_436|            1.141641|             9.198522|           0.032612|        10.372775
443  |*i_0_0_437|            0.467851|             4.297726|           0.014353|         4.779929
444  |*i_0_0_438|            1.144595|            10.613650|           0.032612|        11.790856
445  |*i_0_0_439|            0.584064|             1.223012|           0.017393|         1.824470
446  |*i_0_0_440|            0.468092|             2.367388|           0.014353|         2.849832
447  |*i_0_0_441|            1.148061|            13.432012|           0.032612|        14.612685
448  |*i_0_0_442|            0.467919|             3.782673|           0.014353|         4.264945
449  |*i_0_0_443|            1.145983|            11.895072|           0.032612|        13.073667
450  |*i_0_0_444|            0.031363|             0.117493|           0.017393|         0.166249
451  |*i_0_0_445|            0.411345|             2.388962|           0.014353|         2.814660
452  |*i_0_0_446|            0.590546|             8.038587|           0.017393|         8.646525
453  |*i_0_0_447|            1.141138|             2.777260|           0.032612|         3.951010
454  |*i_0_0_448|            0.465779|             1.394608|           0.014353|         1.874740
455  |*i_0_0_449|            1.157798|            10.000113|           0.032612|        11.190523
456  |*i_0_0_450|            0.079985|             0.343295|           0.021200|         0.444479
457  |*i_0_0_451|            0.264105|             0.829919|           0.018105|         1.112129
458  |*i_0_0_452|            0.643170|             1.190861|           0.017393|         1.851424
459  |*i_0_0_453|            1.141525|             4.287640|           0.032612|         5.461777
460  |*i_0_0_454|            1.141395|             3.588372|           0.032612|         4.762380
461  |*i_0_0_455|            1.010249|             2.201330|           0.025066|         3.236645
462  |*i_0_0_456|            1.114944|             2.277757|           0.032612|         3.425313
463  |*i_0_0_457|            0.465756|             1.385866|           0.014353|         1.865974
464  |*i_0_0_458|            1.143982|             8.592238|           0.034026|         9.770246
465  |*i_0_0_459|            0.919223|             2.885506|           0.022619|         3.827348
466  |*i_0_0_460|            1.134309|             3.203228|           0.032612|         4.370149
467  |*i_0_0_461|            0.926334|             2.034968|           0.027858|         2.989160
468  |*i_0_0_462|            0.867434|             2.010177|           0.027858|         2.905469
469  |*i_0_0_463|            0.862537|             2.010128|           0.027858|         2.900524
470  |*i_0_0_464|            0.865922|             2.015157|           0.027858|         2.908937
471  |*i_0_0_465|            0.870798|             2.019352|           0.027858|         2.918009
472  |*i_0_0_466|            0.874953|             2.022068|           0.027858|         2.924879
473  |*i_0_0_467|            1.578463|             0.941159|           0.036164|         2.555785
474  |*i_0_0_468|            0.055947|             0.182474|           0.021200|         0.259621
475  |*i_0_0_469|            1.104358|             2.925322|           0.034026|         4.063705
476  |*i_0_0_470|            0.058264|             0.353312|           0.014353|         0.425929
477  |*i_0_0_471|            0.094414|             1.134050|           0.021200|         1.249664
478  |*i_0_0_472|            1.104358|             2.925322|           0.034026|         4.063705
479  |*i_0_0_473|            0.100968|             0.612263|           0.014353|         0.727584
480  |*i_0_0_474|            0.159554|             1.965226|           0.021200|         2.145979
481  |*i_0_0_475|            1.103996|             2.925322|           0.034026|         4.063344
482  |*i_0_0_476|            0.171206|             1.038187|           0.014353|         1.223746
483  |*i_0_0_477|            0.262558|             3.332342|           0.021200|         3.616100
484  |*i_0_0_478|            1.104371|             2.925322|           0.034026|         4.063719
485  |*i_0_0_479|            0.278097|             1.686369|           0.014353|         1.978819
486  |*i_0_0_480|            0.414733|             5.412858|           0.021200|         5.848790
487  |*i_0_0_481|            1.104358|             2.925322|           0.034026|         4.063705
488  |*i_0_0_482|            0.411244|             2.493766|           0.014353|         2.919363
489  |*i_0_0_483|            0.600524|             8.004417|           0.021200|         8.626141
490  |*i_0_0_484|            1.104371|             2.925322|           0.034026|         4.063719
491  |*i_0_0_485|            1.116140|             4.914494|           0.034026|         6.064660
492  |*i_0_0_486|            0.473089|            10.284595|           0.014353|        10.772037
493  |*i_0_0_487|            1.208639|            18.211021|           0.034026|        19.453686
494  |*i_0_0_488|            0.534792|             1.322625|           0.014353|         1.871770
495  |*i_0_0_489|            0.890504|             7.249063|           0.022619|         8.162188
496  |*i_0_0_490|            1.239820|             1.458456|           0.032612|         2.730888
497  |*i_0_0_491|            0.908984|             1.460909|           0.022619|         2.392513
498  |*i_0_0_492|            0.624649|             1.333906|           0.021200|         1.979755
499  |*i_0_0_493|            0.867794|             0.880048|           0.017393|         1.765235
500  |*i_0_0_494|            0.213449|             1.253696|           0.022619|         1.489764
501  |*i_0_0_495|            0.052164|             0.150797|           0.014353|         0.217314
502  |*i_0_0_496|            0.104569|             0.860847|           0.034566|         0.999982
503  |*i_0_0_497|            1.283903|             0.940911|           0.041741|         2.266555
504  |*i_0_0_498|            1.157233|             0.864564|           0.033938|         2.055735
505  |*i_0_0_499|            0.673673|             0.506786|           0.033938|         1.214397
506  |*i_0_0_500|            0.181442|             0.937301|           0.034026|         1.152770
507  |*i_0_0_501|            1.108759|             2.935383|           0.034026|         4.078167
508  |*i_0_0_502|            0.666356|             1.416308|           0.014353|         2.097016
509  |*i_0_0_503|            1.055450|             7.773582|           0.034026|         8.863058
510  |*i_0_0_504|            0.665086|             1.047339|           0.022619|         1.735045
511  |*i_0_0_505|            0.672716|             0.689321|           0.033938|         1.395974
512  |*i_0_0_506|            0.923734|             1.446645|           0.022619|         2.392998
513  |*i_0_0_507|            0.141215|             0.521481|           0.034026|         0.696723
514  |*i_0_0_508|            0.472526|             2.182793|           0.014353|         2.669673
515  |*i_0_0_509|            0.918518|             5.939237|           0.034026|         6.891781
516  |*i_0_0_510|            0.977579|             2.072799|           0.032612|         3.082989
517  |*i_0_0_511|            1.164959|             1.340598|           0.033938|         2.539495
518  |*i_0_0_512|            0.673673|             0.506786|           0.033938|         1.214397
519  |*i_0_0_513|            0.134564|             0.472518|           0.034026|         0.641108
520  |*i_0_0_514|            1.020564|             2.455082|           0.032612|         3.508258
521  |*i_0_0_515|            1.135077|             2.835972|           0.034026|         4.005075
522  |*i_0_0_516|            0.415162|             1.248755|           0.014353|         1.678269
523  |*i_0_0_517|            1.179681|             6.865742|           0.033938|         8.079361
524  |*i_0_0_518|            0.673673|             0.506786|           0.033938|         1.214397
525  |*i_0_0_519|            0.165662|             0.608617|           0.034026|         0.808306
526  |*i_0_0_520|            0.445642|             2.058603|           0.014353|         2.518599
527  |*i_0_0_521|            0.858713|             5.601325|           0.034026|         6.494064
528  |*i_0_0_522|            0.919447|             2.189052|           0.032612|         3.141110
529  |*i_0_0_523|            1.164968|             2.228521|           0.033938|         3.427426
530  |*i_0_0_524|            0.673673|             0.506786|           0.033938|         1.214397
531  |*i_0_0_525|            0.161881|             0.840653|           0.034026|         1.036560
532  |*i_0_0_526|            1.091919|             2.940342|           0.034026|         4.066288
533  |*i_0_0_527|            0.436476|             2.191887|           0.014353|         2.642716
534  |*i_0_0_528|            0.933386|             5.850362|           0.032612|         6.816360
535  |*i_0_0_529|            1.165817|             2.593895|           0.033938|         3.793650
536  |*i_0_0_530|            0.673673|             0.506786|           0.033938|         1.214397
537  |*i_0_0_531|            0.155933|             0.611257|           0.034026|         0.801216
538  |*i_0_0_532|            0.414632|             1.915357|           0.014353|         2.344343
539  |*i_0_0_533|            0.815305|             5.211562|           0.034026|         6.060893
540  |*i_0_0_534|            0.920498|             2.189052|           0.032612|         3.142162
541  |*i_0_0_535|            1.166422|             2.611038|           0.033938|         3.811398
542  |*i_0_0_536|            0.546064|             5.534012|           0.017393|         6.097470
543  |*i_0_0_537|            0.673673|             0.506786|           0.033938|         1.214397
544  |*i_0_0_538|            0.150072|             0.561149|           0.034026|         0.745247
545  |*i_0_0_539|            1.077357|             2.915045|           0.034026|         4.026428
546  |*i_0_0_540|            1.169228|             2.948279|           0.032612|         4.150119
547  |*i_0_0_541|            0.893102|             2.965422|           0.022619|         3.881143
548  |*i_0_0_542|            0.636558|             0.689321|           0.033938|         1.359817
549  |*i_0_0_543|            0.112591|             0.542053|           0.034026|         0.688671
550  |*i_0_0_544|            0.380875|             1.759417|           0.014353|         2.154645
551  |*i_0_0_545|            0.739546|             4.787259|           0.034026|         5.560832
552  |*i_0_0_546|            0.750635|             1.861153|           0.032612|         2.644399
553  |*i_0_0_547|            0.729067|             2.009176|           0.034026|         2.772269
554  |*i_0_0_548|            1.222660|             2.443550|           0.032612|         3.698822
555  |*i_0_0_549|            0.113240|             0.393300|           0.034026|         0.540566
556  |*i_0_0_550|            0.456744|             2.111168|           0.014353|         2.582266
557  |*i_0_0_551|            0.911842|             5.741336|           0.034026|         6.687204
558  |*i_0_0_552|            0.297478|             0.905284|           0.014353|         1.217116
559  |*i_0_0_553|            0.765942|             5.897771|           0.032612|         6.696325
560  |*i_0_0_554|            0.734098|             2.009176|           0.034026|         2.777301
561  |*i_0_0_555|            1.216476|             2.888487|           0.032612|         4.137575
562  |*i_0_0_556|            0.106379|             0.411649|           0.034026|         0.552054
563  |*i_0_0_557|            0.347949|             1.609270|           0.014353|         1.971572
564  |*i_0_0_558|            0.690977|             4.374125|           0.034026|         5.099128
565  |*i_0_0_559|            0.749006|             1.861153|           0.032612|         2.642770
566  |*i_0_0_560|            0.728914|             1.985184|           0.034026|         2.748125
567  |*i_0_0_561|            1.222863|             2.428893|           0.032612|         3.684369
568  |*i_0_0_562|            0.107331|             0.989467|           0.034026|         1.130824
569  |*i_0_0_563|            0.429696|             1.984942|           0.014353|         2.428991
570  |*i_0_0_564|            0.789445|             5.400897|           0.034026|         6.224368
571  |*i_0_0_565|            1.095290|             2.534186|           0.032612|         3.662088
572  |*i_0_0_566|            0.309524|             0.954782|           0.014353|         1.278660
573  |*i_0_0_567|            0.756654|             6.171850|           0.034026|         6.962530
574  |*i_0_0_568|            1.222660|             2.443550|           0.032612|         3.698822
575  |*i_0_0_569|            0.091553|             0.319517|           0.034026|         0.445096
576  |*i_0_0_570|            0.312839|             1.446008|           0.014353|         1.773200
577  |*i_0_0_571|            0.612440|             3.932428|           0.034026|         4.578894
578  |*i_0_0_572|            0.427522|             1.507890|           0.027858|         1.963271
579  |*i_0_0_573|            0.156792|             0.283806|           0.021200|         0.461797
580  |*i_0_0_574|            0.728751|             1.963104|           0.034026|         2.725881
581  |*i_0_0_575|            1.222863|             2.428893|           0.032612|         3.684369
582  |*i_0_0_576|            0.094083|             0.470224|           0.034026|         0.598333
583  |*i_0_0_577|            0.404268|             1.868611|           0.014353|         2.287232
584  |*i_0_0_578|            0.818117|             5.081701|           0.034026|         5.933844
585  |*i_0_0_579|            0.427522|             1.507890|           0.027858|         1.963271
586  |*i_0_0_580|            0.157746|             0.283806|           0.021200|         0.462752
587  |*i_0_0_581|            0.728729|             1.963104|           0.034026|         2.725859
588  |*i_0_0_582|            1.222660|             2.443550|           0.032612|         3.698822
589  |*i_0_0_583|            0.080300|             0.318986|           0.034026|         0.433313
590  |*i_0_0_584|            0.548640|             1.286535|           0.032612|         1.867787
591  |*i_0_0_585|            0.242810|             0.748990|           0.014353|         1.006153
592  |*i_0_0_586|            0.438176|             4.801025|           0.027858|         5.267059
593  |*i_0_0_587|            0.156601|             0.283806|           0.021200|         0.461606
594  |*i_0_0_588|            0.728900|             1.987096|           0.034026|         2.750022
595  |*i_0_0_589|            1.222863|             2.428893|           0.032612|         3.684369
596  |*i_0_0_590|            0.085780|             0.774675|           0.034026|         0.894481
597  |*i_0_0_591|            0.371582|             1.717531|           0.014353|         2.103467
598  |*i_0_0_592|            0.770545|             4.670838|           0.034026|         5.475409
599  |*i_0_0_593|            0.796784|             2.334199|           0.032612|         3.163595
600  |*i_0_0_594|            1.349936|             2.972113|           0.022695|         4.344745
601  |*i_0_0_595|            1.146731|             1.890039|           0.041741|         3.078511
602  |*i_0_0_596|            0.355654|            13.351870|           0.014353|        13.721877
603  |*i_0_0_597|            0.536896|             6.532907|           0.021200|         7.091002
604  |*i_0_0_598|            0.068383|             0.240934|           0.034026|         0.343343
605  |*i_0_0_599|            0.443150|             1.089400|           0.032612|         1.565162
606  |*i_0_0_600|            0.417153|             1.143545|           0.034026|         1.594724
607  |*i_0_0_601|            1.195537|             5.402433|           0.032612|         6.630582
608  |*i_0_0_602|            0.069328|             0.220383|           0.034026|         0.323737
609  |*i_0_0_603|            0.333161|             1.539942|           0.014353|         1.887457
610  |*i_0_0_604|            0.686322|             4.187883|           0.034026|         4.908232
611  |*i_0_0_605|            0.237125|             1.096706|           0.014353|         1.348184
612  |*i_0_0_606|            0.427514|             2.980935|           0.034026|         3.442475
613  |*i_0_0_607|            1.193358|             5.775193|           0.032612|         7.001163
614  |*i_0_0_608|            0.055813|             0.275736|           0.034026|         0.365575
615  |*i_0_0_609|            0.228829|             0.843939|           0.027858|         1.100627
616  |*i_0_0_610|            0.417151|             1.144646|           0.034026|         1.595823
617  |*i_0_0_611|            1.196030|             5.318036|           0.032612|         6.546678
618  |*i_0_0_612|            0.064478|             0.144907|           0.021200|         0.230584
619  |*i_0_0_613|            0.059266|             0.196920|           0.034026|         0.290213
620  |*i_0_0_614|            0.290061|             1.340724|           0.014353|         1.645138
621  |*i_0_0_615|            0.613270|             3.646107|           0.034026|         4.293404
622  |*i_0_0_616|            0.476120|             1.995992|           0.021200|         2.493311
623  |*i_0_0_617|            0.206726|             3.843933|           0.014353|         4.065012
624  |*i_0_0_618|            0.297646|             4.060267|           0.021200|         4.379112
625  |*i_0_0_619|            0.276364|             1.136616|           0.021200|         1.434180
626  |*i_0_0_620|            1.204040|             3.947572|           0.032612|         5.184224
627  |*i_0_0_621|            0.151327|             0.673336|           0.017393|         0.842056
628  |*i_0_0_622|            0.319375|             7.226518|           0.022695|         7.568588
629  |*i_0_0_623|            0.169144|             0.793721|           0.032612|         0.995477
630  |*i_0_0_624|            0.316548|             0.711581|           0.033938|         1.062066
631  |*i_0_0_625|            0.467652|             5.282898|           0.014353|         5.764903
632  |*i_0_0_626|            1.133366|             8.751196|           0.034026|         9.918588
633  |*i_0_0_627|            0.329136|             7.734933|           0.022695|         8.086764
634  |*i_0_0_628|            0.026408|             0.132981|           0.022619|         0.182008
635  |*i_0_0_629|            0.011899|             0.017194|           0.022039|         0.051132
636  |*i_0_0_630|            0.063488|             0.133401|           0.022695|         0.219584
637  |*i_0_0_631|            0.380596|             1.143960|           0.014353|         1.538909
638  |*i_0_0_632|            0.549376|             7.009633|           0.021200|         7.580208
639  |*i_0_0_633|            0.467629|             5.365840|           0.014353|         5.847823
640  |*i_0_0_634|            1.136244|             9.222108|           0.034026|        10.392378
641  |*i_0_0_635|            0.020697|             0.114095|           0.034566|         0.169358
642  |*i_0_0_636|            0.467778|             4.831697|           0.014353|         5.313828
643  |*i_0_0_637|            1.142436|            10.235226|           0.034026|        11.411688
644  |*i_0_0_638|            0.014497|             0.061058|           0.026832|         0.102387
645  |*i_0_0_639|            0.018608|             0.045504|           0.021200|         0.085311
646  |*i_0_0_640|            0.087000|             0.298780|           0.022695|         0.408474
647  |*i_0_0_641|            0.659572|             1.178007|           0.024415|         1.861993
648  |*i_0_0_642|            0.204372|             2.269048|           0.014353|         2.487773
649  |*i_0_0_643|            0.289346|             4.426028|           0.021200|         4.736574
650  |*i_0_0_644|            0.352692|            10.946487|           0.014353|        11.313532
651  |*i_0_0_645|            0.495466|            12.123772|           0.021200|        12.640438
652  |*i_0_0_646|            1.112833|             5.437089|           0.034026|         6.583948
653  |*i_0_0_647|            1.106689|             4.499179|           0.034026|         5.639895
654  |*i_0_0_648|            1.106763|             4.499179|           0.034026|         5.639968
655  |*i_0_0_649|            1.107199|             4.580699|           0.034026|         5.721924
656  |*i_0_0_650|            1.106183|             4.461119|           0.034026|         5.601328
657  |*i_0_0_651|            0.468075|             2.838387|           0.014353|         3.320815
658  |*i_0_0_652|            1.146912|            10.975039|           0.034026|        12.155977
659  |*i_0_0_653|            0.465451|             1.245658|           0.014353|         1.725462
660  |*i_0_0_654|            1.154890|            12.261834|           0.034026|        13.450750
661  |*i_0_0_655|            0.471425|            75.264938|           0.014353|        75.750710
662  |*i_0_0_656|            1.200122|            84.262650|           0.034026|        85.496796
663  |*i_0_0_657|            0.511525|             1.266502|           0.014353|         1.792380
664  |*i_0_0_658|            0.843873|             6.934112|           0.022619|         7.800604
665  |*i_0_0_659|            1.215844|             1.437567|           0.032612|         2.686023
666  |*i_0_0_660|            0.924192|             1.160140|           0.022039|         2.106371
667  |*i_0_0_661|            0.933987|             2.661917|           0.022619|         3.618525
668  |*i_0_0_662|            0.611474|             2.153851|           0.021200|         2.786525
669  |*i_0_0_663|            1.234516|             2.839525|           0.032612|         4.106653
670  |*i_0_0_664|            0.465697|             1.363797|           0.014353|         1.843847
671  |*i_0_0_665|            1.192618|             9.216595|           0.034026|        10.443239
672  |*i_0_0_666|            1.213492|             2.787000|           0.032612|         4.033104
673  |*i_0_0_667|            0.650825|             2.130764|           0.021200|         2.802788
674  |*i_0_0_668|            1.234942|             2.800505|           0.032612|         4.068058
675  |*i_0_0_669|            1.242586|             2.929568|           0.034026|         4.206180
676  |*i_0_0_670|            0.523264|             2.700600|           0.017393|         3.241257
677  |*i_0_0_671|            0.473172|             1.416745|           0.014353|         1.904270
678  |*i_0_0_672|            0.473795|            46.198513|           0.014353|        46.686661
679  |*i_0_0_673|            0.475280|             3.193329|           0.014353|         3.682962
680  |*i_0_0_674|            0.473840|            27.494108|           0.014353|        27.982302
681  |*i_0_0_675|            0.473848|            25.728350|           0.014353|        26.216553
682  |*i_0_0_676|            0.475248|             4.227620|           0.014353|         4.717221
683  |*i_0_0_677|            0.958971|             2.404814|           0.014353|         3.378139
684  |*i_0_0_678|            0.956854|             2.441366|           0.014353|         3.412573
685  |*i_0_0_679|            0.928842|             2.924953|           0.014353|         3.868148
686  |*i_0_0_680|            0.928842|             2.924953|           0.014353|         3.868148
687  |*i_0_0_681|            0.928842|             2.924953|           0.014353|         3.868148
688  |*i_0_0_682|            0.843127|             4.404675|           0.014353|         5.262155
689  |*i_0_0_683|            0.843458|             4.398960|           0.014353|         5.256770
690  |*i_0_0_684|            0.784086|             5.896594|           0.014353|         6.695034
691  |*i_0_0_685|            0.840186|             4.455437|           0.014353|         5.309976
692  |*i_0_0_686|            0.780686|             5.988230|           0.014353|         6.783269
693  |*i_0_0_687|            0.783506|             5.912230|           0.014353|         6.710089
694  |*i_0_0_688|            0.784143|             5.895067|           0.014353|         6.693563
695  |*i_0_0_689|            0.934628|             2.825065|           0.014353|         3.774046
696  |*i_0_0_690|            0.457203|            35.179363|           0.014353|        35.650921
697  |*i_0_0_691|            0.954597|             2.480330|           0.014353|         3.449281
698  |*i_0_0_692|            0.957712|             2.426554|           0.014353|         3.398619
699  |*i_0_0_693|            0.928842|             2.924953|           0.014353|         3.868148
700  |*i_0_0_694|            0.928842|             2.924953|           0.014353|         3.868148
701  |*i_0_0_695|            0.928842|             2.924953|           0.014353|         3.868148
702  |*i_0_0_696|            0.928842|             2.924953|           0.014353|         3.868148
703  |*i_0_0_697|            0.843127|             4.404675|           0.014353|         5.262155
704  |*i_0_0_698|            0.928842|             2.924953|           0.014353|         3.868148
705  |*i_0_0_699|            0.843380|             4.400300|           0.014353|         5.258033
706  |*i_0_0_700|            0.847165|             4.334961|           0.014353|         5.196479
707  |*i_0_0_701|            0.928842|             2.924953|           0.014353|         3.868148
708  |*i_0_0_702|            0.928842|             2.924953|           0.014353|         3.868148
709  |*i_0_0_703|            0.851306|             4.263478|           0.014353|         5.129137
710  |*i_0_0_704|            0.456646|            35.249760|           0.014353|        35.720760
711  |          |                    |                     |                   |                 
712  |*TOTAL    |          824.261230|          3463.200684|          29.471741|      4316.933594
-----+----------+--------------------+---------------------+-------------------+-----------------
