Report Physical info: 
------------------------+-------------+-----------+------------
                        |             |Area (squm)|Leakage (uW)
------------------------+-------------+-----------+------------
Design Name             |CSA          |           |            
  Total Instances       |          251|        317|       7.482
    Macros              |            0|          0|       0.000
    Pads                |            0|          0|       0.000
    Phys                |            0|          0|       0.000
    Blackboxes          |            0|          0|       0.000
    Cells               |          251|        317|       7.482
      Buffers           |            0|          0|       0.000
      Inverters         |           62|         33|       0.890
      Clock-Gates       |            0|          0|       0.000
      Combinational     |          189|        284|       6.593
      Latches           |            0|          0|       0.000
      FlipFlops         |            0|          0|       0.000
       Single-Bit FF    |            0|          0|       0.000
       Multi-Bit FF     |            0|          0|       0.000
       Clock-Gated      |            0|           |            
       Bits             |            0|          0|       0.000
         Load-Enabled   |            0|           |            
         Clock-Gated    |            0|           |            
  Tristate Pin Count    |            0|           |            
Physical Info           |Placed       |           |            
  Chip Size (mm x mm)   |0.083 x 0.083|       6887|            
  Fixed Cell Area       |             |          0|            
    Phys Only           |            0|          0|            
  Placeable Area        |             |        511|            
  Movable Cell Area     |             |        317|            
  Utilization (%)       |           62|           |            
  Chip Utilization (%)  |           62|           |            
  Total Wire Length (mm)|        5.675|           |            
  Longest Wire (mm)     |        0.086|           |            
  Average Wire (mm)     |        0.044|           |            
------------------------+-------------+-----------+------------
