Report End Points: 
-----+-------+------+-------+-----+-----+-----+-----+-----------+---------
     |Group  |Launch|Capture|Shift|Delay|Depth|Slack|Begin Point|End Point
-----+-------+------+-------+-----+-----+-----+-----+-----------+---------
1    |default|      |       |     |     |     |     |           |         
-----+-------+------+-------+-----+-----+-----+-----+-----------+---------
Report End Points: 
-----+-----+------+-------+-----+-----+-----+-----+-----------+---------
     |Group|Launch|Capture|Shift|Delay|Depth|Slack|Begin Point|End Point
-----+-----+------+-------+-----+-----+-----+-----+-----------+---------
1    |I2R  |      |       |     |     |     |     |           |         
-----+-----+------+-------+-----+-----+-----+-----+-----------+---------
Report End Points: 
-----+-----+--------------+-------+-------+------+-----+-------+-----------+---------
     |Group|Launch        |Capture|Shift  |Delay |Depth|Slack  |Begin Point|End Point
-----+-----+--------------+-------+-------+------+-----+-------+-----------+---------
1    |I2O  |rtDefaultClock|vsysclk|20000.0|2680.9|   65|15819.1|A[1]       |COUT     
2    |I2O  |rtDefaultClock|vsysclk|20000.0|2640.6|   63|15859.4|A[1]       |SUM[31]  
3    |I2O  |rtDefaultClock|vsysclk|20000.0|2560.0|   61|15940.0|A[1]       |SUM[30]  
-----+-----+--------------+-------+-------+------+-----+-------+-----------+---------
Report End Points: 
-----+-----+------+-------+-----+-----+-----+-----+-----------+---------
     |Group|Launch|Capture|Shift|Delay|Depth|Slack|Begin Point|End Point
-----+-----+------+-------+-----+-----+-----+-----+-----------+---------
1    |R2O  |      |       |     |     |     |     |           |         
-----+-----+------+-------+-----+-----+-----+-----+-----------+---------
