warning: No library characterized for (process = 1.00 voltage = 0.85 temperature = 25.00) can be found in the database for power domain '/PD_TOP'  [NL-174]
Report Power (instances with prefix '*' are included in total) : 
-----+---------------------+--------------------+---------------------+-------------------+-----------------
     | Instance            | Internal Power(uw) | Switching Power(uw) | Leakage Power(uw) | Total Power(uw) 
-----+---------------------+--------------------+---------------------+-------------------+-----------------
1    |*RippleAdder         |          147.337402|           520.195129|           3.665072|       671.197632
2    |*genblk1_1_FullAdder |            5.131567|            15.088916|           0.119293|        20.339775
3    |*genblk1_2_FullAdder |            5.129570|            15.687955|           0.119293|        20.936815
4    |*genblk1_3_FullAdder |            5.129570|            15.687955|           0.119293|        20.936815
5    |*genblk1_4_FullAdder |            5.129570|            15.687955|           0.119293|        20.936815
6    |*genblk1_5_FullAdder |            5.129570|            15.687955|           0.119293|        20.936815
7    |*genblk1_6_FullAdder |            5.129570|            15.687955|           0.119293|        20.936815
8    |*genblk1_7_FullAdder |            5.129570|            15.687955|           0.119293|        20.936815
9    |*genblk1_8_FullAdder |            5.129570|            15.687955|           0.119293|        20.936815
10   |*genblk1_9_FullAdder |            5.129570|            15.687955|           0.119293|        20.936815
11   |*genblk1_10_FullAdder|            5.129570|            15.687955|           0.119293|        20.936815
12   |*genblk1_11_FullAdder|            5.129570|            15.687955|           0.119293|        20.936815
13   |*genblk1_12_FullAdder|            5.129570|            15.687955|           0.119293|        20.936815
14   |*genblk1_13_FullAdder|            5.129570|            15.687955|           0.119293|        20.936815
15   |*genblk1_14_FullAdder|            5.129570|            15.687955|           0.119293|        20.936815
16   |*genblk1_15_FullAdder|            5.129570|            15.687955|           0.119293|        20.936815
17   |*genblk1_16_FullAdder|            5.129570|            15.687955|           0.119293|        20.936815
18   |*genblk1_17_FullAdder|            5.129570|            15.687955|           0.119293|        20.936815
19   |*genblk1_18_FullAdder|            5.129570|            15.687955|           0.119293|        20.936815
20   |*genblk1_19_FullAdder|            5.129570|            15.687955|           0.119293|        20.936815
21   |*genblk1_20_FullAdder|            5.129570|            15.687955|           0.119293|        20.936815
22   |*genblk1_21_FullAdder|            5.129570|            15.687955|           0.119293|        20.936815
23   |*genblk1_22_FullAdder|            5.129570|            15.687955|           0.119293|        20.936815
24   |*genblk1_23_FullAdder|            5.129570|            15.687955|           0.119293|        20.936815
25   |*genblk1_24_FullAdder|            5.129570|            15.687955|           0.119293|        20.936815
26   |*genblk1_25_FullAdder|            5.129570|            15.687955|           0.119293|        20.936815
27   |*genblk1_26_FullAdder|            5.129570|            15.687955|           0.119293|        20.936815
28   |*genblk1_27_FullAdder|            5.129570|            15.687955|           0.119293|        20.936815
29   |*genblk1_28_FullAdder|            5.129570|            15.687955|           0.119293|        20.936815
30   |*genblk1_29_FullAdder|            5.129570|            15.687955|           0.119293|        20.936815
31   |*genblk1_30_FullAdder|            5.129570|            15.687955|           0.119293|        20.936815
32   |*genblk1_31_FullAdder|            5.189332|            13.837833|           0.119293|        19.146458
33   |*genblk1_0_FullAdder |            5.142262|            17.119448|           0.119293|        22.381002
34   |                     |                    |                     |                   |                 
35   |*TOTAL               |          311.558075|          1021.191406|           7.482432|      1340.232056
-----+---------------------+--------------------+---------------------+-------------------+-----------------
