Report Physical info: 
------------------------+-------------+-----------+------------
                        |             |Area (squm)|Leakage (uW)
------------------------+-------------+-----------+------------
Design Name             |boothAlgoR4  |           |            
  Total Instances       |         3476|       5361|     111.011
    Macros              |            0|          0|       0.000
    Pads                |            0|          0|       0.000
    Phys                |            0|          0|       0.000
    Blackboxes          |            0|          0|       0.000
    Cells               |         3476|       5361|     111.011
      Buffers           |            1|          1|       0.021
      Inverters         |          553|        294|       7.937
      Clock-Gates       |            0|          0|       0.000
      Combinational     |         2794|       4726|      97.822
      Latches           |          128|        340|       5.230
      FlipFlops         |            0|          0|       0.000
       Single-Bit FF    |            0|          0|       0.000
       Multi-Bit FF     |            0|          0|       0.000
       Clock-Gated      |            0|           |            
       Bits             |            0|          0|       0.000
         Load-Enabled   |            0|           |            
         Clock-Gated    |            0|           |            
  Tristate Pin Count    |            0|           |            
Physical Info           |Placed       |           |            
  Chip Size (mm x mm)   |0.155 x 0.155|      23878|            
  Fixed Cell Area       |             |          0|            
    Phys Only           |            0|          0|            
  Placeable Area        |             |       8858|            
  Movable Cell Area     |             |       5361|            
  Utilization (%)       |           60|           |            
  Chip Utilization (%)  |           60|           |            
  Total Wire Length (mm)|       10.612|           |            
  Longest Wire (mm)     |        0.085|           |            
  Average Wire (mm)     |        0.080|           |            
------------------------+-------------+-----------+------------
