Report Physical info: 
------------------------+-------------+-----------+------------
                        |             |Area (squm)|Leakage (uW)
------------------------+-------------+-----------+------------
Design Name             |FPU_CBYA     |           |            
  Total Instances       |         1031|       1153|      27.405
    Macros              |            0|          0|       0.000
    Pads                |            0|          0|       0.000
    Phys                |            0|          0|       0.000
    Blackboxes          |           10|          0|       0.000
    Cells               |         1021|       1153|      27.405
      Buffers           |            0|          0|       0.000
      Inverters         |          247|        131|       3.545
      Clock-Gates       |            0|          0|       0.000
      Combinational     |          774|       1021|      23.860
      Latches           |            0|          0|       0.000
      FlipFlops         |            0|          0|       0.000
       Single-Bit FF    |            0|          0|       0.000
       Multi-Bit FF     |            0|          0|       0.000
       Clock-Gated      |            0|           |            
       Bits             |            0|          0|       0.000
         Load-Enabled   |            0|           |            
         Clock-Gated    |            0|           |            
  Tristate Pin Count    |            0|           |            
Physical Info           |Placed       |           |            
  Chip Size (mm x mm)   |0.104 x 0.104|      10780|            
  Fixed Cell Area       |             |          0|            
    Phys Only           |            0|          0|            
  Placeable Area        |             |       1897|            
  Movable Cell Area     |             |       1153|            
  Utilization (%)       |           60|           |            
  Chip Utilization (%)  |           60|           |            
  Total Wire Length (mm)|        9.229|           |            
  Longest Wire (mm)     |        0.083|           |            
  Average Wire (mm)     |        0.042|           |            
------------------------+-------------+-----------+------------
