warning: No library characterized for (process = 1.00 voltage = 0.85 temperature = 25.00) can be found in the database for power domain '/PD_TOP'  [NL-174]
Report Power (instances with prefix '*' are included in total) : 
-----+----------+--------------------+---------------------+-------------------+-----------------
     | Instance | Internal Power(uw) | Switching Power(uw) | Leakage Power(uw) | Total Power(uw) 
-----+----------+--------------------+---------------------+-------------------+-----------------
1    |*add1     |           35.469482|           194.514236|           0.896278|       230.880005
2    |*add2     |          143.496658|           512.603210|           3.759300|       659.859131
3    |*i_0_3    |           39.214050|            64.446281|           1.822795|       105.483131
4    |*i_0_18   |           50.168053|            72.107391|           1.317109|       123.592552
5    |*i_0_21   |           26.099260|            41.463043|           1.301777|        68.864082
6    |*i_0_0_0  |            2.429753|             2.615907|           0.061230|         5.106890
7    |*i_0_0_1  |            3.331441|             2.354034|           0.075762|         5.761238
8    |*i_0_0_2  |            3.097540|             2.212200|           0.075762|         5.385502
9    |*i_0_0_3  |            3.328798|             2.384143|           0.075762|         5.788703
10   |*i_0_0_4  |            3.313751|             2.320204|           0.075762|         5.709717
11   |*i_0_0_5  |            3.512806|             2.457793|           0.075762|         6.046361
12   |*i_0_0_6  |            3.578748|             2.566516|           0.075762|         6.221026
13   |*i_0_0_7  |            2.495898|             2.244560|           0.061230|         4.801688
14   |*i_0_0_8  |            2.251312|             1.842504|           0.061230|         4.155045
15   |*i_0_0_9  |            2.186706|             1.626160|           0.061230|         3.874095
16   |*i_0_0_10 |            2.182190|             1.523715|           0.061230|         3.767135
17   |*i_0_0_11 |            2.154358|             1.477384|           0.061230|         3.692972
18   |*i_0_0_12 |            2.161900|             1.455379|           0.061230|         3.678509
19   |*i_0_0_13 |            0.975495|             1.268459|           0.027858|         2.271813
20   |*i_0_0_14 |            0.564285|             2.706437|           0.021200|         3.291921
21   |*i_0_0_15 |            0.594441|             3.836020|           0.014353|         4.444814
22   |*i_0_0_16 |            1.166430|             7.870885|           0.034026|         9.071341
23   |*i_0_0_17 |            0.587028|             3.788184|           0.014353|         4.389565
24   |*i_0_0_18 |            1.154828|             7.772735|           0.034026|         8.961589
25   |*i_0_0_19 |            0.590743|             3.812154|           0.014353|         4.417250
26   |*i_0_0_20 |            1.159637|             7.821917|           0.034026|         9.015580
27   |*i_0_0_21 |            0.589823|             3.806216|           0.014353|         4.410391
28   |*i_0_0_22 |            1.157746|             7.809733|           0.034026|         9.001505
29   |*i_0_0_23 |            0.589280|             3.802713|           0.014353|         4.406346
30   |*i_0_0_24 |            1.156496|             7.802547|           0.034026|         8.993069
31   |*i_0_0_25 |            0.588172|             3.795562|           0.014353|         4.398087
32   |*i_0_0_26 |            1.157326|             7.787873|           0.034026|         8.979225
33   |*i_0_0_27 |            0.588788|             3.799541|           0.014353|         4.402681
34   |*i_0_0_28 |            1.151757|             7.796036|           0.034026|         8.981819
35   |*i_0_0_29 |            0.588687|             3.798887|           0.014353|         4.401927
36   |*i_0_0_30 |            1.155241|             7.794696|           0.034026|         8.983963
37   |*i_0_0_31 |            0.588485|             3.797581|           0.014353|         4.400419
38   |*i_0_0_32 |            1.158001|             7.792017|           0.034026|         8.984044
39   |*i_0_0_33 |            0.588598|             3.798311|           0.014353|         4.401261
40   |*i_0_0_34 |            1.155116|             7.793512|           0.034026|         8.982655
41   |*i_0_0_35 |            0.588579|             3.798193|           0.014353|         4.401126
42   |*i_0_0_36 |            1.154230|             7.793272|           0.034026|         8.981528
43   |*i_0_0_37 |            0.588569|             3.798128|           0.014353|         4.401051
44   |*i_0_0_38 |            1.155103|             7.793138|           0.034026|         8.982267
45   |*i_0_0_39 |            0.588564|             3.798090|           0.014353|         4.401007
46   |*i_0_0_40 |            1.154940|             7.793061|           0.034026|         8.982027
47   |*i_0_0_41 |            0.588560|             3.798070|           0.014353|         4.400983
48   |*i_0_0_42 |            1.154689|             7.793019|           0.034026|         8.981734
49   |*i_0_0_43 |            0.588558|             3.798058|           0.014353|         4.400970
50   |*i_0_0_44 |            1.153950|             7.792994|           0.034026|         8.980970
51   |*i_0_0_45 |            0.588557|             3.798051|           0.014353|         4.400961
52   |*i_0_0_46 |            1.155078|             7.792980|           0.034026|         8.982084
53   |*i_0_0_47 |            0.588557|             3.798048|           0.014353|         4.400958
54   |*i_0_0_48 |            1.154926|             7.792973|           0.034026|         8.981925
55   |*i_0_0_49 |            0.588557|             3.798045|           0.014353|         4.400955
56   |*i_0_0_50 |            1.154681|             7.792968|           0.034026|         8.981676
57   |*i_0_0_51 |            0.588556|             3.798044|           0.014353|         4.400954
58   |*i_0_0_52 |            1.154181|             7.792967|           0.034026|         8.981174
59   |*i_0_0_53 |            0.588556|             3.798044|           0.014353|         4.400953
60   |*i_0_0_54 |            1.151263|             7.792965|           0.034026|         8.978255
61   |*i_0_0_55 |            0.588556|             3.798044|           0.014353|         4.400953
62   |*i_0_0_56 |            1.151813|             7.792965|           0.034026|         8.978804
63   |*i_0_0_57 |            0.588556|             3.798043|           0.014353|         4.400952
64   |*i_0_0_58 |            1.150750|             7.792965|           0.034026|         8.977741
65   |*i_0_0_59 |            1.271890|             3.856450|           0.022695|         5.151034
66   |*i_0_0_60 |            0.519293|             6.568357|           0.014353|         7.102003
67   |*i_0_0_61 |            1.181580|             7.790338|           0.032612|         9.004530
68   |*i_0_0_62 |            0.533261|             4.851180|           0.014353|         5.398794
69   |*i_0_0_63 |            1.181580|             7.790338|           0.032612|         9.004530
70   |*i_0_0_64 |            0.559969|             3.667039|           0.014353|         4.241361
71   |*i_0_0_65 |            1.181580|             7.790338|           0.032612|         9.004530
72   |*i_0_0_66 |            0.566795|             3.426575|           0.014353|         4.007723
73   |*i_0_0_67 |            1.181580|             7.790338|           0.032612|         9.004530
74   |*i_0_0_68 |            0.566795|             3.426575|           0.014353|         4.007723
75   |*i_0_0_69 |            1.181580|             7.790338|           0.032612|         9.004530
76   |*i_0_0_70 |            0.533190|             4.859924|           0.014353|         5.407467
77   |*i_0_0_71 |            1.181580|             7.790338|           0.032612|         9.004530
78   |*i_0_0_72 |            0.560044|             3.664392|           0.014353|         4.238789
79   |*i_0_0_73 |            1.181580|             7.790338|           0.032612|         9.004530
80   |*i_0_0_74 |            1.101441|             3.491876|           0.034026|         4.627343
81   |*i_0_0_75 |            0.533190|             4.859924|           0.014353|         5.407467
82   |*i_0_0_76 |            1.181580|             7.790338|           0.032612|         9.004530
83   |*i_0_0_77 |            0.560044|             3.664392|           0.014353|         4.238789
84   |*i_0_0_78 |            1.181580|             7.790338|           0.032612|         9.004530
85   |*i_0_0_79 |            0.550149|             4.012996|           0.014353|         4.577497
86   |*i_0_0_80 |            1.181580|             7.790338|           0.032612|         9.004530
87   |*i_0_0_81 |            0.494913|            10.293266|           0.014353|        10.802532
88   |*i_0_0_82 |            1.181580|             7.790338|           0.032612|         9.004530
89   |*i_0_0_83 |            0.566795|             3.426575|           0.014353|         4.007723
90   |*i_0_0_84 |            1.181580|             7.790338|           0.032612|         9.004530
91   |*i_0_0_85 |            0.528842|             5.394478|           0.014353|         5.937673
92   |*i_0_0_86 |            1.181580|             7.790338|           0.032612|         9.004530
93   |*i_0_0_87 |            0.553248|             3.903820|           0.014353|         4.471421
94   |*i_0_0_88 |            1.181580|             7.790338|           0.032612|         9.004530
95   |*i_0_0_89 |            1.143156|            10.359405|           0.034026|        11.536587
96   |*i_0_0_90 |            0.566795|             3.426575|           0.014353|         4.007723
97   |*i_0_0_91 |            1.181580|             7.790338|           0.032612|         9.004530
98   |*i_0_0_92 |            0.528842|             5.394478|           0.014353|         5.937673
99   |*i_0_0_93 |            1.181580|             7.790338|           0.032612|         9.004530
100  |*i_0_0_94 |            0.553248|             3.903820|           0.014353|         4.471421
101  |*i_0_0_95 |            1.181580|             7.790338|           0.032612|         9.004530
102  |*i_0_0_96 |            0.494913|            10.293266|           0.014353|        10.802532
103  |*i_0_0_97 |            1.181580|             7.790338|           0.032612|         9.004530
104  |*i_0_0_98 |            1.101221|             3.491876|           0.034026|         4.627123
105  |*i_0_0_99 |            1.113271|             5.463311|           0.034026|         6.610608
106  |*i_0_0_100|            1.104120|             3.966183|           0.034026|         5.104330
107  |*i_0_0_101|            0.155158|             1.023757|           0.014353|         1.193268
108  |*i_0_0_102|            0.317218|             2.161129|           0.032612|         2.510958
109  |*i_0_0_103|            0.174570|             1.151838|           0.014353|         1.340761
110  |*i_0_0_104|            0.336959|             2.431506|           0.032612|         2.801078
111  |*i_0_0_105|            0.196501|             1.296548|           0.014353|         1.507402
112  |*i_0_0_106|            0.374629|             2.736984|           0.032612|         3.144225
113  |*i_0_0_107|            0.234733|             1.548803|           0.014353|         1.797889
114  |*i_0_0_108|            0.449397|             3.269490|           0.032612|         3.751499
115  |*i_0_0_109|            0.261511|             1.725495|           0.014353|         2.001359
116  |*i_0_0_110|            0.494562|             3.642482|           0.032612|         4.169656
117  |*i_0_0_111|            0.290218|             1.914906|           0.014353|         2.219477
118  |*i_0_0_112|            0.540310|             4.042325|           0.032612|         4.615248
119  |*i_0_0_113|            0.305978|             2.018894|           0.014353|         2.339226
120  |*i_0_0_114|            0.568122|             4.261841|           0.032612|         4.862576
121  |*i_0_0_115|            0.313777|             2.070352|           0.014353|         2.398482
122  |*i_0_0_116|            0.570584|             4.370467|           0.032612|         4.973663
123  |*i_0_0_117|            0.330079|             2.177917|           0.014353|         2.522349
124  |*i_0_0_118|            0.595505|             4.597535|           0.032612|         5.225653
125  |*i_0_0_119|            0.337099|             2.224232|           0.014353|         2.575685
126  |*i_0_0_120|            0.885250|             4.695306|           0.032612|         5.613169
127  |*i_0_0_121|            0.347187|             2.290795|           0.014353|         2.652335
128  |*i_0_0_122|            0.914130|             4.835819|           0.032612|         5.782561
129  |*i_0_0_123|            0.356303|             2.350942|           0.014353|         2.721597
130  |*i_0_0_124|            0.939113|             4.962787|           0.032612|         5.934512
131  |*i_0_0_125|            0.364558|             2.405413|           0.014353|         2.784324
132  |*i_0_0_126|            0.962733|             5.077775|           0.032612|         6.073120
133  |*i_0_0_127|            0.371856|             2.453565|           0.014353|         2.839774
134  |*i_0_0_128|            0.984167|             5.179423|           0.032612|         6.196202
135  |*i_0_0_129|            0.378503|             2.497425|           0.014353|         2.890281
136  |*i_0_0_130|            1.003205|             5.272009|           0.032612|         6.307826
137  |*i_0_0_131|            0.384251|             2.535348|           0.014353|         2.933953
138  |*i_0_0_132|            1.019449|             5.352065|           0.032612|         6.404127
139  |*i_0_0_133|            0.389368|             2.569113|           0.014353|         2.972835
140  |*i_0_0_134|            1.034560|             5.423342|           0.032612|         6.490514
141  |*i_0_0_135|            0.393716|             2.597801|           0.014353|         3.005871
142  |*i_0_0_136|            1.047993|             5.483902|           0.032612|         6.564507
143  |*i_0_0_137|            0.399795|             2.637913|           0.014353|         3.052062
144  |*i_0_0_138|            1.074508|             5.568578|           0.032612|         6.675698
145  |*i_0_0_139|            0.416662|             2.749202|           0.014353|         3.180218
146  |*i_0_0_140|            1.081194|             5.803507|           0.032612|         6.917313
147  |*i_0_0_141|            0.561551|             3.500936|           0.014353|         4.076840
148  |*i_0_0_142|            1.062296|             7.390399|           0.034026|         8.486721
149  |*i_0_0_143|            0.561187|             3.498663|           0.014353|         4.074203
150  |*i_0_0_144|            0.990178|             7.385602|           0.034026|         8.409807
151  |*i_0_0_145|            0.561411|             3.500065|           0.014353|         4.075830
152  |*i_0_0_146|            0.991892|             7.388561|           0.034026|         8.414479
153  |*i_0_0_147|            1.086076|            16.328421|           0.025066|        17.439562
154  |*i_0_0_148|            0.093756|             0.476361|           0.048314|         0.618431
155  |*i_0_0_149|            1.246077|             0.740866|           0.032612|         2.019555
156  |*i_0_0_150|            0.107847|             0.500808|           0.048314|         0.656968
157  |*i_0_0_151|            0.083607|             0.510656|           0.034026|         0.628289
158  |*i_0_0_152|            0.055418|             0.109641|           0.027858|         0.192917
159  |*i_0_0_153|            0.020266|             0.047833|           0.021200|         0.089299
160  |*i_0_0_154|            0.036998|             0.127599|           0.017393|         0.181990
161  |*i_0_0_155|            0.096813|             0.518826|           0.034026|         0.649665
162  |*i_0_0_156|            0.670538|             1.138440|           0.034026|         1.843004
163  |*i_0_0_157|            0.124872|             0.269771|           0.041741|         0.436385
164  |*i_0_0_158|            0.097061|             0.560937|           0.034026|         0.692024
165  |*i_0_0_159|            0.672710|             1.141320|           0.034026|         1.848057
166  |*i_0_0_160|            0.129238|             0.287932|           0.041741|         0.458911
167  |*i_0_0_161|            0.096947|             0.528828|           0.034026|         0.659801
168  |*i_0_0_162|            0.695099|             1.143638|           0.034026|         1.872764
169  |*i_0_0_163|            0.127412|             0.311221|           0.034026|         0.472658
170  |*i_0_0_164|            0.099625|             0.571276|           0.034026|         0.704927
171  |*i_0_0_165|            0.789705|             1.269196|           0.034026|         2.092927
172  |*i_0_0_166|            0.130035|             0.318975|           0.034026|         0.483036
173  |*i_0_0_167|            0.042638|             0.197028|           0.017393|         0.257059
174  |*i_0_0_168|            0.073136|             0.420257|           0.014353|         0.507747
175  |*i_0_0_169|            0.096988|             1.532103|           0.017393|         1.646484
176  |*i_0_0_170|            0.083918|             0.443449|           0.034026|         0.561393
177  |*i_0_0_171|            0.969993|             1.415694|           0.034026|         2.419713
178  |*i_0_0_172|            0.785727|             2.285084|           0.032612|         3.103424
179  |*i_0_0_173|            0.154591|             0.359898|           0.033938|         0.548427
180  |*i_0_0_174|            0.079853|             0.576728|           0.022619|         0.679201
181  |*i_0_0_175|            0.016184|             0.019601|           0.033938|         0.069722
182  |*i_0_0_176|            0.779383|             1.896943|           0.032612|         2.708939
183  |*i_0_0_177|            0.154629|             0.373813|           0.033938|         0.562379
184  |*i_0_0_178|            0.077620|             0.526354|           0.022619|         0.626594
185  |*i_0_0_179|            0.011783|             0.015368|           0.033938|         0.061089
186  |*i_0_0_180|            0.104193|             0.184433|           0.034026|         0.322652
187  |*i_0_0_181|            0.154423|             0.366236|           0.033938|         0.554596
188  |*i_0_0_182|            0.062489|             0.452112|           0.022619|         0.537220
189  |*i_0_0_183|            0.011753|             0.015337|           0.033938|         0.061028
190  |*i_0_0_184|            0.113792|             0.190814|           0.034026|         0.338632
191  |*i_0_0_185|            0.133910|             0.315802|           0.033938|         0.483650
192  |*i_0_0_186|            0.165091|             1.112933|           0.021200|         1.299224
193  |*i_0_0_187|            0.062496|             0.416626|           0.022619|         0.501742
194  |*i_0_0_188|            0.011706|             0.015293|           0.033938|         0.060937
195  |*i_0_0_189|            0.092568|             0.160838|           0.034026|         0.287432
196  |*i_0_0_190|            0.562668|             2.602348|           0.014353|         3.179368
197  |*i_0_0_191|            0.981358|             7.073390|           0.034026|         8.088775
198  |*i_0_0_192|            0.062512|             0.453153|           0.022619|         0.538284
199  |*i_0_0_193|            0.011785|             0.015370|           0.033938|         0.061092
200  |*i_0_0_194|            0.099739|             0.177225|           0.034026|         0.310990
201  |*i_0_0_195|            0.087938|             0.688111|           0.017393|         0.793442
202  |*i_0_0_196|            0.618781|             2.863900|           0.014353|         3.497034
203  |*i_0_0_197|            1.063267|             7.779538|           0.034026|         8.876831
204  |*i_0_0_198|            0.062545|             0.423363|           0.022619|         0.508528
205  |*i_0_0_199|            0.011853|             0.015436|           0.033938|         0.061227
206  |*i_0_0_200|            0.117547|             0.200363|           0.034026|         0.351936
207  |*i_0_0_201|            0.618086|             2.872279|           0.014353|         3.504719
208  |*i_0_0_202|            1.061036|             7.775052|           0.034026|         8.870114
209  |*i_0_0_203|            0.062560|             0.453480|           0.022619|         0.538659
210  |*i_0_0_204|            0.012163|             0.015481|           0.033938|         0.061582
211  |*i_0_0_205|            0.132511|             0.205562|           0.034026|         0.372099
212  |*i_0_0_206|            0.067084|             0.521919|           0.017393|         0.606396
213  |*i_0_0_207|            0.617583|             2.871967|           0.014353|         3.503903
214  |*i_0_0_208|            1.021465|             7.769464|           0.034026|         8.824955
215  |*i_0_0_209|            0.006000|             0.058112|           0.017393|         0.081505
216  |*i_0_0_210|            0.063715|             0.418163|           0.022619|         0.504498
217  |*i_0_0_211|            0.012179|             0.015498|           0.033938|         0.061615
218  |*i_0_0_212|            0.126507|             0.224129|           0.034026|         0.384662
219  |*i_0_0_213|            0.069386|             0.320717|           0.014353|         0.404456
220  |*i_0_0_214|            0.137920|             0.872192|           0.034026|         1.044138
221  |*i_0_0_215|            0.868879|             2.923962|           0.032612|         3.825453
222  |*i_0_0_216|            0.062574|             0.454465|           0.022619|         0.539658
223  |*i_0_0_217|            0.012179|             0.015496|           0.033938|         0.061613
224  |*i_0_0_218|            0.115679|             0.209978|           0.034026|         0.359684
225  |*i_0_0_219|            0.073273|             0.338683|           0.014353|         0.426309
226  |*i_0_0_220|            0.120231|             0.921050|           0.034026|         1.075307
227  |*i_0_0_221|            0.856533|             2.898653|           0.032612|         3.787798
228  |*i_0_0_222|            0.064440|             0.375181|           0.034026|         0.473648
229  |*i_0_0_223|            0.192995|             0.163429|           0.047399|         0.403823
230  |*i_0_0_224|            0.116970|             0.232153|           0.034026|         0.383149
231  |*i_0_0_225|            0.464397|            17.706104|           0.014353|        18.184855
232  |*i_0_0_226|            0.680222|            21.104248|           0.021200|        21.805670
233  |*i_0_0_227|            0.073068|             0.339789|           0.014353|         0.427210
234  |*i_0_0_228|            0.119980|             0.919224|           0.034026|         1.073230
235  |*i_0_0_229|            0.901454|             2.901077|           0.034026|         3.836557
236  |*i_0_0_230|            0.099530|             0.677291|           0.017393|         0.794214
237  |*i_0_0_231|            0.064327|             0.466842|           0.022619|         0.553788
238  |*i_0_0_232|            0.011850|             0.018705|           0.022039|         0.052594
239  |*i_0_0_233|            0.824978|             1.402858|           0.027858|         2.255696
240  |*i_0_0_234|            0.781201|             1.353919|           0.034026|         2.169146
241  |*i_0_0_235|            0.047015|             0.240006|           0.014353|         0.301374
242  |*i_0_0_236|            0.077550|             0.926497|           0.027858|         1.031905
243  |*i_0_0_237|            0.023694|             0.039744|           0.021200|         0.084637
244  |*i_0_0_238|            0.903349|             2.895541|           0.034026|         3.832917
245  |*i_0_0_239|            0.064627|             0.432242|           0.022619|         0.519488
246  |*i_0_0_240|            0.013759|             0.019223|           0.022039|         0.055021
247  |*i_0_0_241|            0.832707|             1.382868|           0.027858|         2.243433
248  |*i_0_0_242|            0.927875|             1.408186|           0.034026|         2.370086
249  |*i_0_0_243|            0.054927|             0.168709|           0.014353|         0.237989
250  |*i_0_0_244|            0.125989|             1.260135|           0.034026|         1.420151
251  |*i_0_0_245|            0.905277|             2.916882|           0.034026|         3.856184
252  |*i_0_0_246|            0.081276|             0.474461|           0.034026|         0.589763
253  |*i_0_0_247|            1.115456|             1.492350|           0.043178|         2.650984
254  |*i_0_0_248|            0.055189|             0.342105|           0.014353|         0.411647
255  |*i_0_0_249|            0.149004|             1.149780|           0.034026|         1.332810
256  |*i_0_0_250|            0.903629|             2.907293|           0.034026|         3.844948
257  |*i_0_0_251|            0.023880|             0.042396|           0.022619|         0.088896
258  |*i_0_0_252|            0.080849|             0.438229|           0.034026|         0.553104
259  |*i_0_0_253|            1.451487|             1.481032|           0.043178|         2.975697
260  |*i_0_0_254|            0.121433|             0.484007|           0.034026|         0.639466
261  |*i_0_0_255|            0.902941|             2.909073|           0.034026|         3.846040
262  |*i_0_0_256|            0.031413|             0.521994|           0.017393|         0.570800
263  |*i_0_0_257|            0.025814|             0.045453|           0.022619|         0.093886
264  |*i_0_0_258|            0.068246|             0.417526|           0.034026|         0.519798
265  |*i_0_0_259|            0.476569|             0.487381|           0.041741|         1.005691
266  |*i_0_0_260|            0.216274|             0.256219|           0.022619|         0.495113
267  |*i_0_0_261|            0.115696|             0.179166|           0.022039|         0.316901
268  |*i_0_0_262|            0.877761|             1.224696|           0.022039|         2.124496
269  |*i_0_0_263|            0.113137|             0.141286|           0.033938|         0.288361
270  |*i_0_0_264|            0.044348|             0.134961|           0.014353|         0.193662
271  |*i_0_0_265|            0.072543|             0.875169|           0.022619|         0.970332
272  |*i_0_0_266|            0.113117|             0.134982|           0.033938|         0.282037
273  |*i_0_0_267|            0.302310|             2.737373|           0.014353|         3.054037
274  |*i_0_0_268|            0.550423|             5.933139|           0.022619|         6.506182
275  |*i_0_0_269|            0.112358|             0.278727|           0.041741|         0.432827
276  |*i_0_0_270|            0.820961|             1.097689|           0.022039|         1.940689
277  |*i_0_0_271|            0.113220|             0.141356|           0.033938|         0.288513
278  |*i_0_0_272|            0.276065|             3.675923|           0.014353|         3.966341
279  |*i_0_0_273|            0.403508|             5.414188|           0.021200|         5.838895
280  |*i_0_0_274|            0.264079|             0.322477|           0.043178|         0.629734
281  |*i_0_0_275|            0.757435|             0.840030|           0.027858|         1.625324
282  |*i_0_0_276|            0.065253|             0.280546|           0.014353|         0.360153
283  |*i_0_0_277|            0.091539|             0.920763|           0.022619|         1.034921
284  |*i_0_0_278|            0.141719|             0.168028|           0.033938|         0.343685
285  |*i_0_0_279|            0.443438|             3.484247|           0.014353|         3.942039
286  |*i_0_0_280|            0.655262|            10.957538|           0.017393|        11.630193
287  |*i_0_0_281|            0.161508|             0.369985|           0.033938|         0.565430
288  |*i_0_0_282|            0.113000|             0.099247|           0.033938|         0.246185
289  |*i_0_0_283|            0.065186|             0.283779|           0.014353|         0.363318
290  |*i_0_0_284|            0.091001|             0.920821|           0.022619|         1.034442
291  |*i_0_0_285|            0.141712|             0.168043|           0.033938|         0.343692
292  |*i_0_0_286|            0.095025|             2.351782|           0.014353|         2.461159
293  |*i_0_0_287|            0.247869|             1.999567|           0.034026|         2.281462
294  |*i_0_0_288|            0.000017|             0.000201|           0.017393|         0.017612
295  |*i_0_0_289|            0.094811|             4.079512|           0.014353|         4.188676
296  |*i_0_0_290|            0.219870|             5.342687|           0.027858|         5.590415
297  |*i_0_0_291|            0.126893|             0.568973|           0.021200|         0.717066
298  |*i_0_0_292|            0.019348|             0.227433|           0.014353|         0.261135
299  |*i_0_0_293|            0.043343|             0.377416|           0.022619|         0.443379
300  |*i_0_0_294|            0.000198|             0.001091|           0.014353|         0.015642
301  |*i_0_0_295|            0.000293|             0.004432|           0.021200|         0.025924
302  |*i_0_0_296|            0.347012|             9.458163|           0.014353|         9.819528
303  |*i_0_0_297|            0.648453|            18.275421|           0.027858|        18.951735
304  |*i_0_0_298|            0.299475|             1.235766|           0.017393|         1.552634
305  |*i_0_0_299|            0.404184|             4.142933|           0.014353|         4.561470
306  |*i_0_0_300|            0.598558|            10.006579|           0.017393|        10.622530
307  |*i_0_0_301|            0.019294|             0.514222|           0.014353|         0.547870
308  |*i_0_0_302|            0.028802|             0.940641|           0.021200|         0.990642
309  |*i_0_0_303|            0.019561|             0.118238|           0.014353|         0.152152
310  |*i_0_0_304|            0.023762|             0.441796|           0.021200|         0.486757
311  |*i_0_0_305|            0.202155|             4.849215|           0.022695|         5.074066
312  |*i_0_0_306|            0.054721|             0.160267|           0.022695|         0.237683
313  |*i_0_0_307|            0.007616|             0.017773|           0.021200|         0.046589
314  |*i_0_0_308|            0.300344|             0.287001|           0.026733|         0.614079
315  |*i_0_0_309|            0.324737|             0.314082|           0.026733|         0.665552
316  |*i_0_0_310|            0.774354|             5.109048|           0.017393|         5.900796
317  |*i_0_0_311|            0.575989|             2.208486|           0.014353|         2.798828
318  |*i_0_0_312|            0.800700|             7.752121|           0.027858|         8.580680
319  |*i_0_0_313|            0.553016|             1.071605|           0.017393|         1.642014
320  |*i_0_0_314|            1.030652|             1.893721|           0.022695|         2.947068
321  |*i_0_0_315|            0.469702|            20.997507|           0.014353|        21.481564
322  |*i_0_0_316|            0.789898|            26.931496|           0.021200|        27.742594
323  |*i_0_0_317|            0.789336|             5.634274|           0.017393|         6.441003
324  |*i_0_0_318|            1.348445|             2.333913|           0.032612|         3.714970
325  |*i_0_0_319|            0.789463|             5.192943|           0.017393|         5.999800
326  |*i_0_0_320|            1.344360|             2.316086|           0.032612|         3.693058
327  |*i_0_0_321|            0.788327|             5.629014|           0.017393|         6.434734
328  |*i_0_0_322|            1.349597|             2.302420|           0.032612|         3.684629
329  |*i_0_0_323|            0.788908|             5.187099|           0.017393|         5.993401
330  |*i_0_0_324|            1.342064|             2.293701|           0.032612|         3.668377
331  |*i_0_0_325|            0.789814|             5.648755|           0.017393|         6.455962
332  |*i_0_0_326|            1.347649|             2.335864|           0.032612|         3.716125
333  |*i_0_0_327|            0.790934|             5.191441|           0.017393|         5.999769
334  |*i_0_0_328|            1.347687|             2.321393|           0.032612|         3.701693
335  |*i_0_0_329|            0.606052|             5.650996|           0.017393|         6.274441
336  |*i_0_0_330|            0.014666|             0.352971|           0.014353|         0.381991
337  |*i_0_0_331|            0.034276|             0.271136|           0.034026|         0.339438
338  |*i_0_0_332|            0.338533|             0.346878|           0.018127|         0.703538
339  |*i_0_0_333|            0.338421|             0.350047|           0.018127|         0.706595
340  |*i_0_0_334|            0.338521|             0.347236|           0.018127|         0.703884
341  |*i_0_0_335|            0.338506|             0.347654|           0.018127|         0.704287
342  |*i_0_0_336|            0.653389|             2.197762|           0.014353|         2.865504
343  |*i_0_0_337|            1.026231|             7.912730|           0.034026|         8.972987
344  |*i_0_0_338|            0.758041|             1.089057|           0.036441|         1.883539
345  |*i_0_0_339|            1.610989|             1.447615|           0.036441|         3.095046
346  |*i_0_0_340|            1.447346|             1.302537|           0.036441|         2.786324
347  |*i_0_0_341|            0.075416|             0.230030|           0.014353|         0.319799
348  |*i_0_0_342|            0.125311|             2.681288|           0.021200|         2.827798
349  |*i_0_0_343|            0.075746|             0.613584|           0.014353|         0.703683
350  |*i_0_0_344|            0.147725|             2.952955|           0.026832|         3.127511
351  |*i_0_0_345|            0.118633|             0.949031|           0.021200|         1.088864
352  |*i_0_0_346|            0.394601|             3.512967|           0.014353|         3.921921
353  |*i_0_0_347|            0.805735|             8.917521|           0.022619|         9.745875
354  |*i_0_0_348|            0.222934|             0.470757|           0.021200|         0.714890
355  |*i_0_0_349|            0.224241|             0.474917|           0.021200|         0.720358
356  |*i_0_0_350|            0.316738|             0.498823|           0.027858|         0.843419
357  |*i_0_0_351|            0.236621|             4.654605|           0.014353|         4.905579
358  |*i_0_0_352|            0.352654|             5.131291|           0.021200|         5.505145
359  |*i_0_0_353|            0.481520|             2.848383|           0.014353|         3.344256
360  |*i_0_0_354|            1.402022|             9.303284|           0.041741|        10.747047
361  |*i_0_0_355|            0.924661|             1.014711|           0.022619|         1.961992
362  |*i_0_0_356|            0.596513|             0.399668|           0.027025|         1.023206
363  |*i_0_0_357|            0.884557|             0.911997|           0.022619|         1.819174
364  |*i_0_0_358|            0.949097|             1.312625|           0.034566|         2.296288
365  |*i_0_0_359|            0.856929|             0.953658|           0.022619|         1.833206
366  |*i_0_0_360|            0.881258|             1.408581|           0.027858|         2.317697
367  |*i_0_0_361|            0.265777|             0.243854|           0.032601|         0.542233
368  |*i_0_0_362|            0.621061|             1.200933|           0.017393|         1.839387
369  |*i_0_0_363|            0.819292|             1.287501|           0.027858|         2.134651
370  |*i_0_0_364|            0.845411|             1.384438|           0.022619|         2.252469
371  |*i_0_0_365|            0.834078|             1.361531|           0.027858|         2.223468
372  |*i_0_0_366|            0.704478|             1.166694|           0.022619|         1.893791
373  |*i_0_0_367|            0.754949|             1.226207|           0.027858|         2.009014
374  |*i_0_0_368|            0.779657|             1.283926|           0.022619|         2.086201
375  |*i_0_0_369|            0.836912|             1.319728|           0.027858|         2.184498
376  |*i_0_0_370|            0.803510|             6.115119|           0.022619|         6.941248
377  |*i_0_0_371|            0.690544|             1.102059|           0.027858|         1.820461
378  |*i_0_0_372|            0.659072|             1.088146|           0.022619|         1.769837
379  |*i_0_0_373|            0.770307|             1.061967|           0.034566|         1.866840
380  |*i_0_0_374|            0.643448|             0.729212|           0.022619|         1.395279
381  |*i_0_0_375|            0.671009|             0.915481|           0.034566|         1.621055
382  |*i_0_0_376|            0.481243|             0.546738|           0.022619|         1.050601
383  |*i_0_0_377|            0.564079|             2.655952|           0.021200|         3.241231
384  |*i_0_0_378|            0.000000|             0.000000|           0.032601|         0.032602
385  |*i_0_0_379|            0.011964|             0.011410|           0.026733|         0.050107
386  |*i_0_0_380|            0.470359|             4.824936|           0.014353|         5.309648
387  |*i_0_0_381|            1.154514|            11.729315|           0.032612|        12.916441
388  |*i_0_0_382|            0.277798|             0.516801|           0.014353|         0.808952
389  |*i_0_0_383|            0.413039|             5.440948|           0.021200|         5.875187
390  |*i_0_0_384|            0.459725|             3.809119|           0.014353|         4.283197
391  |*i_0_0_385|            1.159129|            13.544847|           0.034026|        14.738002
392  |*i_0_0_386|            0.466849|             5.267597|           0.014353|         5.748798
393  |*i_0_0_387|            1.162213|            13.079678|           0.034026|        14.275917
394  |*i_0_0_388|            0.125215|             0.339206|           0.018105|         0.482526
395  |*i_0_0_389|            0.430290|             1.816084|           0.021200|         2.267574
396  |*i_0_0_390|            0.467640|             5.169044|           0.014353|         5.651036
397  |*i_0_0_391|            1.157174|            12.111618|           0.034026|        13.302818
398  |*i_0_0_392|            0.467625|             3.814849|           0.014353|         4.296826
399  |*i_0_0_393|            1.160335|            13.099912|           0.034026|        14.294273
400  |*i_0_0_394|            0.416759|             0.872708|           0.017393|         1.306860
401  |*i_0_0_395|            0.467550|             3.854047|           0.014353|         4.335950
402  |*i_0_0_396|            1.179248|            15.936008|           0.034026|        17.149282
403  |*i_0_0_397|            0.467977|             2.356754|           0.014353|         2.839084
404  |*i_0_0_398|            1.173277|            15.827243|           0.034026|        17.034546
405  |*i_0_0_399|            0.053564|             0.174179|           0.022695|         0.250437
406  |*i_0_0_400|            0.326520|             0.841904|           0.018105|         1.186529
407  |*i_0_0_401|            0.467963|             3.362970|           0.014353|         3.845287
408  |*i_0_0_402|            1.148127|            10.685996|           0.032612|        11.866735
409  |*i_0_0_403|            0.467247|             1.933303|           0.014353|         2.414903
410  |*i_0_0_404|            1.150385|            13.453211|           0.032612|        14.636208
411  |*i_0_0_405|            1.183014|             2.160271|           0.025066|         3.368351
412  |*i_0_0_406|            0.468100|             2.408518|           0.014353|         2.890971
413  |*i_0_0_407|            1.139278|            10.059323|           0.032612|        11.231213
414  |*i_0_0_408|            1.130402|             4.538224|           0.032612|         5.701238
415  |*i_0_0_409|            0.327304|             0.838923|           0.018105|         1.184332
416  |*i_0_0_410|            0.603183|             2.542269|           0.021200|         3.166651
417  |*i_0_0_411|            0.467841|             4.186590|           0.014353|         4.668784
418  |*i_0_0_412|            1.148907|            10.195573|           0.032612|        11.377092
419  |*i_0_0_413|            0.467936|             3.392100|           0.014353|         3.874389
420  |*i_0_0_414|            1.156259|             9.237463|           0.032612|        10.426334
421  |*i_0_0_415|            0.584038|             1.222965|           0.017393|         1.824396
422  |*i_0_0_416|            0.466330|             0.989701|           0.014353|         1.470385
423  |*i_0_0_417|            1.160167|            13.477780|           0.032612|        14.670559
424  |*i_0_0_418|            0.467937|             3.885761|           0.014353|         4.368051
425  |*i_0_0_419|            1.141198|            11.895847|           0.032612|        13.069657
426  |*i_0_0_420|            0.011381|             0.033275|           0.014353|         0.059009
427  |*i_0_0_421|            0.015803|             0.223525|           0.021200|         0.260528
428  |*i_0_0_422|            0.107636|             0.321478|           0.014353|         0.443467
429  |*i_0_0_423|            0.208541|             2.124653|           0.018105|         2.351299
430  |*i_0_0_424|            0.467773|             4.744843|           0.014353|         5.226969
431  |*i_0_0_425|            1.142566|            10.686382|           0.032612|        11.861560
432  |*i_0_0_426|            0.468001|             3.238312|           0.014353|         3.720666
433  |*i_0_0_427|            1.155591|            11.998679|           0.034026|        13.188296
434  |*i_0_0_428|            0.515828|             1.853190|           0.021200|         2.390217
435  |*i_0_0_429|            0.468011|             3.752417|           0.014353|         4.234781
436  |*i_0_0_430|            1.137553|            11.683342|           0.032612|        12.853507
437  |*i_0_0_431|            0.467924|             3.750963|           0.014353|         4.233240
438  |*i_0_0_432|            1.146110|            10.586461|           0.034026|        11.766597
439  |*i_0_0_433|            0.327220|             1.034686|           0.018105|         1.380011
440  |*i_0_0_434|            0.602037|             2.541618|           0.021200|         3.164854
441  |*i_0_0_435|            0.467641|             5.179136|           0.014353|         5.661130
442  |*i_0_0_436|            1.143794|             9.198617|           0.032612|        10.375023
443  |*i_0_0_437|            0.467861|             4.297818|           0.014353|         4.780031
444  |*i_0_0_438|            1.142769|            10.613878|           0.032612|        11.789259
445  |*i_0_0_439|            0.583878|             1.222628|           0.017393|         1.823900
446  |*i_0_0_440|            0.468114|             2.367502|           0.014353|         2.849969
447  |*i_0_0_441|            1.145208|            13.432660|           0.032612|        14.610480
448  |*i_0_0_442|            0.467974|             3.783119|           0.014353|         4.265447
449  |*i_0_0_443|            1.140156|            11.896476|           0.032612|        13.069244
450  |*i_0_0_444|            0.031363|             0.117493|           0.017393|         0.166249
451  |*i_0_0_445|            0.411345|             2.388962|           0.014353|         2.814660
452  |*i_0_0_446|            0.590546|             8.038587|           0.017393|         8.646525
453  |*i_0_0_447|            1.148565|             2.777260|           0.032612|         3.958437
454  |*i_0_0_448|            0.465779|             1.394608|           0.014353|         1.874740
455  |*i_0_0_449|            1.160550|            10.000113|           0.032612|        11.193275
456  |*i_0_0_450|            0.079985|             0.343295|           0.021200|         0.444479
457  |*i_0_0_451|            0.264105|             0.829919|           0.018105|         1.112129
458  |*i_0_0_452|            0.643170|             1.190861|           0.017393|         1.851424
459  |*i_0_0_453|            1.147217|             4.287640|           0.032612|         5.467468
460  |*i_0_0_454|            1.147474|             3.588373|           0.032612|         4.768459
461  |*i_0_0_455|            1.010249|             2.201330|           0.025066|         3.236645
462  |*i_0_0_456|            1.114944|             2.277757|           0.032612|         3.425313
463  |*i_0_0_457|            0.465756|             1.385866|           0.014353|         1.865974
464  |*i_0_0_458|            1.143548|             8.592238|           0.034026|         9.769812
465  |*i_0_0_459|            0.919223|             2.885506|           0.022619|         3.827348
466  |*i_0_0_460|            1.141028|             3.203228|           0.032612|         4.376868
467  |*i_0_0_461|            0.926654|             3.570809|           0.027858|         4.525322
468  |*i_0_0_462|            0.877361|             3.527308|           0.027858|         4.432528
469  |*i_0_0_463|            0.870811|             3.527221|           0.027858|         4.425891
470  |*i_0_0_464|            0.872155|             3.536045|           0.027858|         4.436059
471  |*i_0_0_465|            0.875127|             3.543407|           0.027858|         4.446393
472  |*i_0_0_466|            0.877692|             3.548172|           0.027858|         4.453723
473  |*i_0_0_467|            1.571301|             2.771399|           0.036164|         4.378862
474  |*i_0_0_468|            0.055947|             0.182474|           0.021200|         0.259621
475  |*i_0_0_469|            1.104358|             2.925322|           0.034026|         4.063705
476  |*i_0_0_470|            0.058264|             0.353312|           0.014353|         0.425929
477  |*i_0_0_471|            0.094414|             1.134050|           0.021200|         1.249664
478  |*i_0_0_472|            1.104358|             2.925322|           0.034026|         4.063705
479  |*i_0_0_473|            0.100968|             0.612263|           0.014353|         0.727584
480  |*i_0_0_474|            0.159554|             1.965226|           0.021200|         2.145979
481  |*i_0_0_475|            1.103996|             2.925322|           0.034026|         4.063344
482  |*i_0_0_476|            0.171206|             1.038187|           0.014353|         1.223746
483  |*i_0_0_477|            0.262558|             3.332342|           0.021200|         3.616100
484  |*i_0_0_478|            1.104371|             2.925322|           0.034026|         4.063719
485  |*i_0_0_479|            0.278097|             1.686369|           0.014353|         1.978819
486  |*i_0_0_480|            0.414733|             5.412858|           0.021200|         5.848790
487  |*i_0_0_481|            1.104358|             2.925322|           0.034026|         4.063705
488  |*i_0_0_482|            0.411244|             2.493766|           0.014353|         2.919363
489  |*i_0_0_483|            0.603020|             8.004417|           0.021200|         8.628638
490  |*i_0_0_484|            1.104371|             2.925322|           0.034026|         4.063719
491  |*i_0_0_485|            1.121088|             5.763794|           0.034026|         6.918909
492  |*i_0_0_486|            0.473089|            10.284595|           0.014353|        10.772037
493  |*i_0_0_487|            1.208639|            18.211021|           0.034026|        19.453686
494  |*i_0_0_488|            0.534792|             1.322625|           0.014353|         1.871770
495  |*i_0_0_489|            0.890504|             7.249063|           0.022619|         8.162188
496  |*i_0_0_490|            1.239820|             1.458456|           0.032612|         2.730888
497  |*i_0_0_491|            0.908984|             1.460909|           0.022619|         2.392513
498  |*i_0_0_492|            0.624649|             1.333906|           0.021200|         1.979755
499  |*i_0_0_493|            0.867794|             0.880048|           0.017393|         1.765235
500  |*i_0_0_494|            0.211074|             1.484142|           0.022619|         1.717836
501  |*i_0_0_495|            0.051447|             0.148727|           0.014353|         0.214527
502  |*i_0_0_496|            0.103070|             0.849028|           0.034566|         0.986664
503  |*i_0_0_497|            1.285112|             0.941551|           0.041741|         2.268404
504  |*i_0_0_498|            1.156204|             0.862734|           0.033938|         2.052876
505  |*i_0_0_499|            0.667204|             0.501985|           0.033938|         1.203128
506  |*i_0_0_500|            0.178874|             0.924430|           0.034026|         1.137331
507  |*i_0_0_501|            1.108473|             2.935359|           0.034026|         4.077858
508  |*i_0_0_502|            0.666058|             1.415676|           0.014353|         2.096088
509  |*i_0_0_503|            1.054606|             7.770116|           0.034026|         8.858748
510  |*i_0_0_504|            0.664614|             1.047114|           0.022619|         1.734348
511  |*i_0_0_505|            0.666260|             0.682791|           0.033938|         1.382989
512  |*i_0_0_506|            0.924692|             1.447433|           0.022619|         2.394744
513  |*i_0_0_507|            0.138999|             0.513413|           0.034026|         0.686438
514  |*i_0_0_508|            0.471106|             2.176230|           0.014353|         2.661689
515  |*i_0_0_509|            0.916138|             5.921379|           0.034026|         6.871543
516  |*i_0_0_510|            0.975510|             2.068399|           0.032612|         3.076521
517  |*i_0_0_511|            1.159437|             1.337760|           0.033938|         2.531135
518  |*i_0_0_512|            0.667204|             0.501985|           0.033938|         1.203128
519  |*i_0_0_513|            0.132360|             0.464943|           0.034026|         0.631328
520  |*i_0_0_514|            1.019416|             2.450713|           0.032612|         3.502741
521  |*i_0_0_515|            1.134794|             2.834420|           0.034026|         4.003241
522  |*i_0_0_516|            0.414283|             1.246111|           0.014353|         1.674746
523  |*i_0_0_517|            1.178773|             6.851206|           0.033938|         8.063916
524  |*i_0_0_518|            0.667204|             0.501985|           0.033938|         1.203128
525  |*i_0_0_519|            0.163132|             0.599601|           0.034026|         0.796759
526  |*i_0_0_520|            0.443781|             2.050007|           0.014353|         2.508142
527  |*i_0_0_521|            0.855340|             5.577935|           0.034026|         6.467301
528  |*i_0_0_522|            0.916628|             2.179631|           0.032612|         3.128871
529  |*i_0_0_523|            1.159347|             2.223802|           0.033938|         3.417086
530  |*i_0_0_524|            0.667204|             0.501985|           0.033938|         1.203128
531  |*i_0_0_525|            0.159301|             0.827788|           0.034026|         1.021115
532  |*i_0_0_526|            1.091110|             2.939491|           0.034026|         4.064627
533  |*i_0_0_527|            0.434597|             2.182454|           0.014353|         2.631405
534  |*i_0_0_528|            0.930539|             5.825187|           0.032612|         6.788338
535  |*i_0_0_529|            1.164844|             2.588403|           0.033938|         3.787184
536  |*i_0_0_530|            0.667204|             0.501985|           0.033938|         1.203128
537  |*i_0_0_531|            0.153369|             0.601554|           0.034026|         0.788949
538  |*i_0_0_532|            0.412160|             1.903936|           0.014353|         2.330450
539  |*i_0_0_533|            0.810974|             5.180486|           0.034026|         6.025486
540  |*i_0_0_534|            0.917680|             2.179631|           0.032612|         3.129923
541  |*i_0_0_535|            1.160791|             2.605510|           0.033938|         3.800239
542  |*i_0_0_536|            0.558092|             5.585422|           0.017393|         6.160907
543  |*i_0_0_537|            0.667204|             0.501985|           0.033938|         1.203128
544  |*i_0_0_538|            0.147486|             0.551928|           0.034026|         0.733440
545  |*i_0_0_539|            1.076075|             2.913436|           0.034026|         4.023538
546  |*i_0_0_540|            1.168502|             2.947588|           0.032612|         4.148703
547  |*i_0_0_541|            0.892252|             2.965533|           0.022619|         3.880404
548  |*i_0_0_542|            0.630513|             0.682791|           0.033938|         1.347242
549  |*i_0_0_543|            0.110097|             0.530034|           0.034026|         0.674157
550  |*i_0_0_544|            0.377702|             1.744760|           0.014353|         2.136815
551  |*i_0_0_545|            0.733627|             4.747378|           0.034026|         5.515032
552  |*i_0_0_546|            0.744258|             1.845120|           0.032612|         2.621990
553  |*i_0_0_547|            0.722370|             1.991279|           0.034026|         2.747675
554  |*i_0_0_548|            1.222660|             2.443550|           0.032612|         3.698822
555  |*i_0_0_549|            0.110741|             0.384577|           0.034026|         0.529345
556  |*i_0_0_550|            0.453454|             2.095960|           0.014353|         2.563767
557  |*i_0_0_551|            0.905723|             5.699977|           0.034026|         6.639726
558  |*i_0_0_552|            0.294915|             0.897486|           0.014353|         1.206754
559  |*i_0_0_553|            0.759421|             5.846965|           0.032612|         6.638998
560  |*i_0_0_554|            0.727696|             1.991279|           0.034026|         2.753001
561  |*i_0_0_555|            1.216476|             2.888487|           0.032612|         4.137575
562  |*i_0_0_556|            0.104024|             0.402499|           0.034026|         0.540549
563  |*i_0_0_557|            0.344955|             1.595423|           0.014353|         1.954731
564  |*i_0_0_558|            0.685212|             4.336488|           0.034026|         5.055726
565  |*i_0_0_559|            0.742886|             1.845120|           0.032612|         2.620618
566  |*i_0_0_560|            0.722220|             1.967501|           0.034026|         2.723747
567  |*i_0_0_561|            1.222863|             2.428893|           0.032612|         3.684369
568  |*i_0_0_562|            0.104956|             0.967488|           0.034026|         1.106470
569  |*i_0_0_563|            0.426453|             1.969960|           0.014353|         2.410766
570  |*i_0_0_564|            0.783799|             5.360131|           0.034026|         6.177957
571  |*i_0_0_565|            1.089198|             2.518695|           0.032612|         3.640506
572  |*i_0_0_566|            0.306767|             0.946277|           0.014353|         1.267398
573  |*i_0_0_567|            0.749744|             6.116873|           0.034026|         6.900643
574  |*i_0_0_568|            1.222660|             2.443550|           0.032612|         3.698822
575  |*i_0_0_569|            0.089531|             0.312486|           0.034026|         0.436043
576  |*i_0_0_570|            0.310081|             1.433261|           0.014353|         1.757696
577  |*i_0_0_571|            0.607184|             3.897763|           0.034026|         4.538973
578  |*i_0_0_572|            0.423323|             1.494190|           0.027858|         1.945372
579  |*i_0_0_573|            0.155121|             0.280556|           0.021200|         0.456876
580  |*i_0_0_574|            0.722058|             1.945617|           0.034026|         2.701701
581  |*i_0_0_575|            1.222863|             2.428893|           0.032612|         3.684369
582  |*i_0_0_576|            0.092018|             0.459864|           0.034026|         0.585908
583  |*i_0_0_577|            0.401237|             1.854603|           0.014353|         2.270193
584  |*i_0_0_578|            0.812312|             5.043605|           0.034026|         5.889943
585  |*i_0_0_579|            0.423323|             1.494190|           0.027858|         1.945372
586  |*i_0_0_580|            0.156068|             0.280556|           0.021200|         0.457823
587  |*i_0_0_581|            0.722036|             1.945618|           0.034026|         2.701680
588  |*i_0_0_582|            1.222660|             2.443550|           0.032612|         3.698822
589  |*i_0_0_583|            0.078513|             0.311929|           0.034026|         0.424469
590  |*i_0_0_584|            0.543696|             1.274751|           0.032612|         1.851059
591  |*i_0_0_585|            0.240604|             0.742184|           0.014353|         0.997141
592  |*i_0_0_586|            0.433893|             4.757403|           0.027858|         5.219155
593  |*i_0_0_587|            0.154932|             0.280556|           0.021200|         0.456687
594  |*i_0_0_588|            0.722205|             1.969396|           0.034026|         2.725626
595  |*i_0_0_589|            1.222863|             2.428893|           0.032612|         3.684369
596  |*i_0_0_590|            0.083887|             0.757529|           0.034026|         0.875442
597  |*i_0_0_591|            0.368666|             1.704052|           0.014353|         2.087071
598  |*i_0_0_592|            0.764763|             4.634180|           0.034026|         5.432969
599  |*i_0_0_593|            0.791835|             2.319051|           0.032612|         3.143497
600  |*i_0_0_594|            1.347598|             2.966779|           0.022695|         4.337072
601  |*i_0_0_595|            1.143767|             1.875239|           0.041741|         3.060747
602  |*i_0_0_596|            0.352289|            13.225525|           0.014353|        13.592167
603  |*i_0_0_597|            0.536664|             6.471088|           0.021200|         7.028951
604  |*i_0_0_598|            0.066834|             0.235503|           0.034026|         0.336363
605  |*i_0_0_599|            0.439008|             1.079091|           0.032612|         1.550711
606  |*i_0_0_600|            0.413172|             1.132469|           0.034026|         1.579667
607  |*i_0_0_601|            1.195537|             5.402433|           0.032612|         6.630582
608  |*i_0_0_602|            0.067761|             0.215412|           0.034026|         0.317199
609  |*i_0_0_603|            0.330278|             1.526616|           0.014353|         1.871248
610  |*i_0_0_604|            0.680559|             4.151642|           0.034026|         4.866228
611  |*i_0_0_605|            0.234828|             1.086084|           0.014353|         1.335265
612  |*i_0_0_606|            0.423427|             2.952062|           0.034026|         3.409516
613  |*i_0_0_607|            1.193358|             5.775193|           0.032612|         7.001163
614  |*i_0_0_608|            0.054542|             0.269494|           0.034026|         0.358063
615  |*i_0_0_609|            0.226455|             0.835761|           0.027858|         1.090074
616  |*i_0_0_610|            0.413170|             1.133559|           0.034026|         1.580755
617  |*i_0_0_611|            1.196030|             5.318036|           0.032612|         6.546678
618  |*i_0_0_612|            0.063791|             0.143444|           0.021200|         0.228435
619  |*i_0_0_613|            0.057923|             0.192467|           0.034026|         0.284417
620  |*i_0_0_614|            0.287435|             1.328587|           0.014353|         1.630375
621  |*i_0_0_615|            0.607836|             3.613100|           0.034026|         4.254962
622  |*i_0_0_616|            0.472307|             1.980092|           0.021200|         2.473598
623  |*i_0_0_617|            0.204569|             3.803814|           0.014353|         4.022736
624  |*i_0_0_618|            0.294343|             4.017890|           0.021200|         4.333433
625  |*i_0_0_619|            0.273805|             1.125343|           0.021200|         1.420347
626  |*i_0_0_620|            1.204040|             3.947572|           0.032612|         5.184224
627  |*i_0_0_621|            0.149786|             0.666800|           0.017393|         0.833979
628  |*i_0_0_622|            0.315496|             7.142235|           0.022695|         7.480426
629  |*i_0_0_623|            0.166801|             0.782725|           0.032612|         0.982138
630  |*i_0_0_624|            0.313478|             0.704686|           0.033938|         1.052102
631  |*i_0_0_625|            0.467652|             5.282898|           0.014353|         5.764903
632  |*i_0_0_626|            1.133366|             8.751196|           0.034026|         9.918588
633  |*i_0_0_627|            0.325147|             7.644945|           0.022695|         7.992787
634  |*i_0_0_628|            0.025800|             0.129984|           0.022619|         0.178403
635  |*i_0_0_629|            0.011628|             0.016803|           0.022039|         0.050470
636  |*i_0_0_630|            0.062068|             0.130398|           0.022695|         0.215161
637  |*i_0_0_631|            0.380596|             1.143960|           0.014353|         1.538909
638  |*i_0_0_632|            0.549376|             7.009633|           0.021200|         7.580208
639  |*i_0_0_633|            0.467629|             5.365840|           0.014353|         5.847823
640  |*i_0_0_634|            1.136244|             9.222108|           0.034026|        10.392378
641  |*i_0_0_635|            0.020223|             0.111511|           0.034566|         0.166300
642  |*i_0_0_636|            0.467778|             4.831697|           0.014353|         5.313828
643  |*i_0_0_637|            1.142436|            10.235226|           0.034026|        11.411688
644  |*i_0_0_638|            0.014168|             0.059673|           0.026832|         0.100673
645  |*i_0_0_639|            0.018178|             0.044476|           0.021200|         0.083854
646  |*i_0_0_640|            0.085046|             0.292084|           0.022695|         0.399825
647  |*i_0_0_641|            0.656022|             1.165472|           0.024415|         1.845909
648  |*i_0_0_642|            0.202543|             2.248744|           0.014353|         2.465641
649  |*i_0_0_643|            0.286552|             4.386424|           0.021200|         4.694176
650  |*i_0_0_644|            0.350007|            10.863153|           0.014353|        11.227513
651  |*i_0_0_645|            0.489039|            12.031474|           0.021200|        12.541713
652  |*i_0_0_646|            1.118108|             6.293648|           0.034026|         7.445782
653  |*i_0_0_647|            1.115510|             5.910138|           0.034026|         7.059673
654  |*i_0_0_648|            1.115510|             5.910138|           0.034026|         7.059674
655  |*i_0_0_649|            1.116019|             5.991658|           0.034026|         7.141703
656  |*i_0_0_650|            1.115099|             5.879467|           0.034026|         7.028592
657  |*i_0_0_651|            0.468075|             2.838387|           0.014353|         3.320815
658  |*i_0_0_652|            1.155758|            12.401881|           0.034026|        13.591665
659  |*i_0_0_653|            0.465451|             1.245658|           0.014353|         1.725462
660  |*i_0_0_654|            1.163772|            13.694542|           0.034026|        14.892340
661  |*i_0_0_655|            0.471425|            75.264938|           0.014353|        75.750710
662  |*i_0_0_656|            1.200122|            84.262650|           0.034026|        85.496796
663  |*i_0_0_657|            0.511525|             1.266502|           0.014353|         1.792380
664  |*i_0_0_658|            0.843873|             6.934112|           0.022619|         7.800604
665  |*i_0_0_659|            1.215844|             1.437567|           0.032612|         2.686023
666  |*i_0_0_660|            0.924192|             1.160140|           0.022039|         2.106371
667  |*i_0_0_661|            0.933987|             2.661917|           0.022619|         3.618525
668  |*i_0_0_662|            0.611474|             2.153851|           0.021200|         2.786525
669  |*i_0_0_663|            1.234516|             2.839525|           0.032612|         4.106653
670  |*i_0_0_664|            0.465697|             1.363797|           0.014353|         1.843847
671  |*i_0_0_665|            1.192618|             9.216595|           0.034026|        10.443239
672  |*i_0_0_666|            1.213492|             2.787000|           0.032612|         4.033104
673  |*i_0_0_667|            0.650825|             2.130764|           0.021200|         2.802788
674  |*i_0_0_668|            1.234942|             2.800505|           0.032612|         4.068058
675  |*i_0_0_669|            1.242586|             2.929568|           0.034026|         4.206180
676  |*i_0_0_670|            0.520938|             4.447669|           0.017393|         4.986001
677  |*i_0_0_671|            0.473172|             1.416745|           0.014353|         1.904270
678  |*i_0_0_672|            0.473795|            46.198513|           0.014353|        46.686661
679  |*i_0_0_673|            0.475280|             3.193329|           0.014353|         3.682962
680  |*i_0_0_674|            0.473840|            27.494108|           0.014353|        27.982302
681  |*i_0_0_675|            0.473855|            25.728689|           0.014353|        26.216898
682  |*i_0_0_676|            0.475255|             4.227688|           0.014353|         4.717297
683  |*i_0_0_677|            0.958971|             2.404814|           0.014353|         3.378139
684  |*i_0_0_678|            0.956854|             2.441366|           0.014353|         3.412573
685  |*i_0_0_679|            0.928842|             2.924953|           0.014353|         3.868148
686  |*i_0_0_680|            0.928842|             2.924953|           0.014353|         3.868148
687  |*i_0_0_681|            0.928842|             2.924953|           0.014353|         3.868148
688  |*i_0_0_682|            0.843127|             4.404675|           0.014353|         5.262155
689  |*i_0_0_683|            0.843458|             4.398960|           0.014353|         5.256770
690  |*i_0_0_684|            0.784086|             5.896594|           0.014353|         6.695034
691  |*i_0_0_685|            0.840186|             4.455437|           0.014353|         5.309976
692  |*i_0_0_686|            0.780686|             5.988230|           0.014353|         6.783269
693  |*i_0_0_687|            0.783506|             5.912230|           0.014353|         6.710089
694  |*i_0_0_688|            0.784143|             5.895067|           0.014353|         6.693563
695  |*i_0_0_689|            0.934628|             2.825065|           0.014353|         3.774046
696  |*i_0_0_690|            0.457203|            35.179363|           0.014353|        35.650921
697  |*i_0_0_691|            0.954597|             2.480330|           0.014353|         3.449281
698  |*i_0_0_692|            0.957712|             2.426554|           0.014353|         3.398619
699  |*i_0_0_693|            0.928842|             2.924953|           0.014353|         3.868148
700  |*i_0_0_694|            0.928842|             2.924953|           0.014353|         3.868148
701  |*i_0_0_695|            0.928842|             2.924953|           0.014353|         3.868148
702  |*i_0_0_696|            0.928842|             2.924953|           0.014353|         3.868148
703  |*i_0_0_697|            0.843127|             4.404675|           0.014353|         5.262155
704  |*i_0_0_698|            0.928842|             2.924953|           0.014353|         3.868148
705  |*i_0_0_699|            0.843380|             4.400300|           0.014353|         5.258033
706  |*i_0_0_700|            0.847165|             4.334961|           0.014353|         5.196479
707  |*i_0_0_701|            0.928842|             2.924953|           0.014353|         3.868148
708  |*i_0_0_702|            0.928842|             2.924953|           0.014353|         3.868148
709  |*i_0_0_703|            0.851306|             4.263478|           0.014353|         5.129137
710  |*i_0_0_704|            0.456646|            35.249760|           0.014353|        35.720760
711  |          |                    |                     |                   |                 
712  |*TOTAL    |          745.753723|          3555.658447|          27.405157|      4328.817871
-----+----------+--------------------+---------------------+-------------------+-----------------
