Report for group default
Report for group I2R
Report for group I2O
------------------------------------------------------------------------------------------------------------------------------------------------------------
Startpoint: B[24]
    (Clocked by rtDefaultClock R)
Endpoint: SUM[1]
    (Clocked by vsysclk R)
Path Group: I2O
Data required time: 19500.0
    (Clock shift: 20000.0, minus Uncertainty: 0.0, plus Latency 0.0, minus Out delay: 500.0)
Data arrival time: 4967.0
Slack: 14533.0
Logic depth: 91
------------------------------------------------------------------------------------------------------------------------------------------------------------
                                                     Arrival               Arc      Net               Net    Total   fan-                                   
Path                     Module/Cell           Edge     Time    Delay    Delay    Delay     Slew     Load     Load    out     Location Power Domain      (V)
                                                        (ps)     (ps)     (ps)     (ps)     (ps)     (ff)     (ff)    (#)      (um,um)                      
------------------------------------------------------------------------------------------------------------------------------------------------------------
B[24]                    {set_input_delay}        f   1000.0   1000.0   1000.0                        8.8     42.9      3     0,   46                       
i_0_0_665/B1->ZN         OAI22_X4*               fr   1113.9    113.9    112.8      1.1    100.0      1.5     31.0      2    54,   54  /PD_TOP        (1.10)
i_0_0_664/A->ZN          INV_X8                  rf   1120.9      7.0      7.0      0.0     15.3      0.6      4.6      1    54,   54  /PD_TOP        (1.10)
i_0_0_661/A->ZN          OAI21_X4                fr   1141.5     20.6     20.6      0.0      3.5      1.5      9.7      2    54,   54  /PD_TOP        (1.10)
i_0_0_491/B1->ZN         OAI21_X4                rf   1159.5     18.0     18.0      0.0     24.6      0.8      4.9      1    54,   54  /PD_TOP        (1.10)
i_0_0_490/B2->ZN         AOI22_X4                fr   1206.7     47.2     47.2      0.0      9.7      0.8      4.8      1    54,   54  /PD_TOP        (1.10)
i_0_0_489/B2->ZN         OAI21_X4                rf   1240.8     34.1     34.1      0.0     25.5      0.6     26.1      1    54,   54  /PD_TOP        (1.10)
i_0_0_488/A->ZN          INV_X8                  fr   1254.6     13.8     13.8      0.0     18.8      0.7      4.8      1    54,   54  /PD_TOP        (1.10)
i_0_0_487/B2->ZN         OAI22_X4*               rf   1303.1     48.5     48.5      0.0      5.4      6.5     60.3      8    54,   54  /PD_TOP        (1.10)
i_0_0_486/A->ZN          INV_X8                  fr   1326.6     23.5     23.3      0.2     15.3      5.7     34.1      7    54,   54  /PD_TOP        (1.10)
i_0_0_485/A2->ZN         OAI22_X4                rf   1355.3     28.7     28.5      0.2     12.7      1.5     19.4      4    54,   54  /PD_TOP        (1.10)
i_0_0_483/A1->ZN         NOR2_X4*                fr   1413.5     58.2     58.2      0.0     17.6      1.3     30.6      2    54,   54  /PD_TOP        (1.10)
i_0_0_482/A->ZN          INV_X8                  rf   1422.0      8.5      8.5      0.0     15.3      1.3      9.5      2    54,   54  /PD_TOP        (1.10)
i_0_0_480/A1->ZN         NOR2_X4*                fr   1475.0     53.0     53.0      0.0      4.0      1.3     30.6      2    54,   54  /PD_TOP        (1.10)
i_0_0_479/A->ZN          INV_X8                  rf   1483.5      8.5      8.5      0.0     15.3      1.3      9.5      2    54,   54  /PD_TOP        (1.10)
i_0_0_477/A1->ZN         NOR2_X4*                fr   1536.5     53.0     53.0      0.0      4.0      1.3     30.6      2    54,   54  /PD_TOP        (1.10)
i_0_0_476/A->ZN          INV_X8                  rf   1545.0      8.5      8.5      0.0     15.3      1.3      9.5      2    54,   54  /PD_TOP        (1.10)
i_0_0_474/A1->ZN         NOR2_X4*                fr   1598.0     53.0     53.0      0.0      4.0      1.3     30.6      2    54,   54  /PD_TOP        (1.10)
i_0_0_464/A->ZN          AOI21_X4                rf   1615.5     17.5     17.5      0.0     15.3      4.2     11.9      2    54,   54  /PD_TOP        (1.10)
add1/genblk1_1_rippleAdder/genblk1_0_FullAdder/i_0_0/B->Z
                         XOR2_X2                 ff   1678.3     62.6     62.6      0.0     10.8      1.4      8.5      2    68,   68  /PD_TOP        (1.10)
add1/genblk1_1_rippleAdder/genblk1_0_FullAdder/i_0_2/B1->ZN
                         AOI22_X4                fr   1750.4     72.1     72.1      0.0     14.8      0.7     26.2      1    68,   68  /PD_TOP        (1.10)
add1/genblk1_1_rippleAdder/genblk1_0_FullAdder/i_0_3/A->ZN
                         INV_X8                  rf   1759.0      8.6      8.6      0.0     50.8      1.4      8.9      2    68,   68  /PD_TOP        (1.10)
add1/genblk1_1_rippleAdder/genblk1_1_FullAdder/i_0_2/B2->ZN
                         AOI22_X4                fr   1831.0     72.0     72.0      0.0      4.0      0.7     26.2      1    68,   68  /PD_TOP        (1.10)
add1/genblk1_1_rippleAdder/genblk1_1_FullAdder/i_0_3/A->ZN
                         INV_X8                  rf   1839.6      8.6      8.6      0.0     50.8      1.4      8.9      2    68,   68  /PD_TOP        (1.10)
add1/genblk1_1_rippleAdder/genblk1_2_FullAdder/i_0_2/B2->ZN
                         AOI22_X4                fr   1911.6     72.0     72.0      0.0      4.0      4.2     26.2      1    68,   68  /PD_TOP        (1.10)
add1/genblk1_1_rippleAdder/genblk1_2_FullAdder/i_0_3/A->ZN
                         INV_X8                  rf   1920.2      8.6      8.6      0.0     50.8      4.9      8.9      2    68,   68  /PD_TOP        (1.10)
add1/genblk1_1_rippleAdder/genblk1_3_FullAdder/i_0_1/B->Z
                         XOR2_X2                 fr   1958.1     37.9     37.9      0.0      4.0      3.5      5.7      1    68,   68  /PD_TOP        (1.10)
i_0_0_641/A1->ZN         OR3_X4                  rr   1988.7     30.6     30.4      0.2     29.7      1.9      8.5      3    54,   54  /PD_TOP        (1.10)
i_0_0_627/A2->ZN         OR2_X4*                 rr   2051.8     63.1     63.1      0.0      9.3     17.9    102.1     21    54,   54  /PD_TOP        (1.10)
i_0_0_496/A->ZN          AOI211_X4               rf   2104.1     52.3     51.6      0.7     15.3      0.7     26.1      1    54,   54  /PD_TOP        (1.10)
i_0_0_495/A->ZN          INV_X8                  fr   2114.8     10.7     10.7      0.0     10.3      0.6      4.6      1    54,   54  /PD_TOP        (1.10)
i_0_0_494/A->ZN          OAI21_X4                rf   2141.5     26.7     26.7      0.0      5.4      2.1     22.2      5    54,   54  /PD_TOP        (1.10)
i_0_18/i_45/A3->ZN       OR3_X4                  ff   2220.7     79.2     79.2      0.0     17.1      1.9      9.6      3    54,   54  /PD_TOP        (1.10)
i_0_18/i_44/A1->ZN       OR2_X4                  ff   2264.6     43.9     43.9      0.0     13.4      1.2      6.8      2    54,   54  /PD_TOP        (1.10)
i_0_18/i_43/A1->ZN       OR2_X4                  ff   2309.3     44.7     44.7      0.0      9.0      2.0     11.6      3    54,   54  /PD_TOP        (1.10)
i_0_18/i_42/A1->ZN       OR3_X4                  ff   2370.5     61.2     61.2      0.0     10.3      1.9      9.6      3    54,   54  /PD_TOP        (1.10)
i_0_18/i_41/A1->ZN       OR2_X4                  ff   2417.1     46.6     46.6      0.0     13.4      2.0     11.6      3    54,   54  /PD_TOP        (1.10)
i_0_18/i_40/A1->ZN       OR3_X4                  ff   2479.7     62.6     62.6      0.0     10.3      1.9     11.7      3    54,   54  /PD_TOP        (1.10)
i_0_18/i_39/A1->ZN       NOR2_X4                 fr   2510.6     30.9     30.9      0.0     14.0      1.2      8.7      2    54,   54  /PD_TOP        (1.10)
i_0_18/i_38/A1->ZN       NAND2_X4                rf   2527.7     17.1     17.1      0.0     20.5      1.2      6.8      2    54,   54  /PD_TOP        (1.10)
i_0_18/i_37/A1->ZN       OR2_X4                  ff   2573.2     45.5     45.5      0.0      8.0      1.9     13.7      3    54,   54  /PD_TOP        (1.10)
i_0_18/i_35/A1->ZN       NOR3_X4                 fr   2617.0     43.8     43.8      0.0     10.8      1.3      8.8      2    54,   54  /PD_TOP        (1.10)
i_0_18/i_34/A1->ZN       NAND2_X4                rf   2636.5     19.5     19.5      0.0     35.7      1.2      6.8      2    54,   54  /PD_TOP        (1.10)
i_0_18/i_33/A1->ZN       OR2_X4                  ff   2678.1     41.6     41.6      0.0      8.0      1.2      6.8      2    54,   54  /PD_TOP        (1.10)
i_0_18/i_32/A1->ZN       OR2_X4                  ff   2722.8     44.7     44.7      0.0      9.0      2.0     11.6      3    54,   54  /PD_TOP        (1.10)
i_0_18/i_31/A1->ZN       OR3_X4                  ff   2787.2     64.4     64.4      0.0     10.3      2.7     14.4      4    54,   54  /PD_TOP        (1.10)
i_0_18/i_30/A1->ZN       OR3_X4                  ff   2853.2     66.0     66.0      0.0     14.8      2.7     14.4      4    54,   54  /PD_TOP        (1.10)
i_0_18/i_29/A1->ZN       OR3_X4                  ff   2913.2     60.0     60.0      0.0     14.8      1.3      5.6      2    54,   54  /PD_TOP        (1.10)
i_0_0_147/A2->ZN         AND2_X4*                ff   2972.7     59.5     59.5      0.0     12.2     15.3     74.0     16    54,   54  /PD_TOP        (1.10)
add2/genblk1_7_rippleAdder/genblk1_0_FullAdder/i_0_0/A->Z
                         XOR2_X2                 ff   3032.4     59.4     59.4      0.0     15.3      1.4      8.5      2    38,   38  /PD_TOP        (1.10)
add2/genblk1_7_rippleAdder/genblk1_0_FullAdder/i_0_2/B1->ZN
                         AOI22_X4                fr   3104.5     72.1     72.1      0.0     14.8      0.7     26.2      1    38,   38  /PD_TOP        (1.10)
add2/genblk1_7_rippleAdder/genblk1_0_FullAdder/i_0_3/A->ZN
                         INV_X8                  rf   3113.1      8.6      8.6      0.0     50.8      1.4      8.9      2    38,   38  /PD_TOP        (1.10)
add2/genblk1_7_rippleAdder/genblk1_1_FullAdder/i_0_2/B2->ZN
                         AOI22_X4                fr   3185.1     72.0     72.0      0.0      4.0      0.7     26.2      1    38,   38  /PD_TOP        (1.10)
add2/genblk1_7_rippleAdder/genblk1_1_FullAdder/i_0_3/A->ZN
                         INV_X8                  rf   3193.7      8.6      8.6      0.0     50.8      1.4      8.9      2    38,   38  /PD_TOP        (1.10)
add2/genblk1_7_rippleAdder/genblk1_2_FullAdder/i_0_2/B2->ZN
                         AOI22_X4                fr   3265.7     72.0     72.0      0.0      4.0     11.4     26.2      1    38,   38  /PD_TOP        (1.10)
add2/genblk1_7_rippleAdder/genblk1_2_FullAdder/i_0_3/A->ZN
                         INV_X8                  rf   3274.3      8.6      8.6      0.0     50.8     12.0      8.9      2    38,   38  /PD_TOP        (1.10)
add2/genblk1_7_rippleAdder/genblk1_3_FullAdder/i_0_1/B->Z
                         XOR2_X2*                fr   3405.1    130.8    130.8      0.0      4.0     10.7    197.0     34    38,   38  /PD_TOP        (1.10)
i_0_0_672/A->ZN          INV_X32                 rf   3421.4     16.3     16.0      0.3     15.3     27.1    152.7     31    54,   54  /PD_TOP        (1.10)
i_0_0_387/A1->ZN         OAI22_X4*               fr   3488.6     67.2     66.2      1.0      8.0      4.0     44.0      5    54,   54  /PD_TOP        (1.10)
i_0_0_386/A->ZN          INV_X8                  rf   3499.5     10.9     10.8      0.1     15.3      3.0     17.7      4    54,   54  /PD_TOP        (1.10)
i_0_0_369/A->ZN          AOI21_X4                fr   3537.3     37.8     37.7      0.1      5.0      0.7      4.8      1    54,   54  /PD_TOP        (1.10)
i_0_0_368/B2->ZN         OAI21_X4                rf   3557.9     20.6     20.6      0.0     22.2      0.7      4.9      1    54,   54  /PD_TOP        (1.10)
i_0_0_367/B2->ZN         AOI21_X4                fr   3589.9     32.0     32.0      0.0      9.7      0.7      4.8      1    54,   54  /PD_TOP        (1.10)
i_0_0_366/B2->ZN         OAI21_X4                rf   3610.5     20.6     20.6      0.0     22.2      0.7      4.9      1    54,   54  /PD_TOP        (1.10)
i_0_0_365/B2->ZN         AOI21_X4                fr   3642.5     32.0     32.0      0.0      9.7      0.7      4.8      1    54,   54  /PD_TOP        (1.10)
i_0_0_364/B2->ZN         OAI21_X4                rf   3663.1     20.6     20.6      0.0     22.2      0.7      4.9      1    54,   54  /PD_TOP        (1.10)
i_0_0_363/B2->ZN         AOI21_X4                fr   3694.9     31.8     31.8      0.0      9.7      0.8      4.6      1    54,   54  /PD_TOP        (1.10)
i_0_0_361/A4->ZN         NOR4_X4                 rf   3710.0     15.1     15.1      0.0     22.0      0.8      3.4      1    54,   54  /PD_TOP        (1.10)
i_0_0_358/B->ZN          AOI211_X2               fr   3781.7     71.7     71.7      0.0      7.0      0.8      4.8      1    54,   54  /PD_TOP        (1.10)
i_0_0_357/B2->ZN         OAI21_X4                rf   3805.3     23.6     23.6      0.0     45.3      0.8      3.1      1    54,   54  /PD_TOP        (1.10)
i_0_0_356/A4->ZN         AND4_X4                 ff   3840.3     35.0     35.0      0.0      8.9      0.9      3.5      1    54,   54  /PD_TOP        (1.10)
i_0_0_354/A->ZN          AOI221_X4               fr   3971.9    131.6    131.6      0.0      6.3      1.4     31.0      2    54,   54  /PD_TOP        (1.10)
i_0_0_353/A->ZN          INV_X8                  rf   3980.8      8.9      8.9      0.0     21.1      1.2      9.5      2    54,   54  /PD_TOP        (1.10)
i_0_0_316/A2->ZN         NOR2_X4*                fr   4059.3     78.5     78.5      0.0      4.0     14.4     89.8     17    54,   54  /PD_TOP        (1.10)
i_0_0_315/A->ZN          INV_X32                 rf   4071.6     12.3     11.8      0.5     15.3     15.3     70.0     18    54,   54  /PD_TOP        (1.10)
i_0_0_314/A2->ZN         OR2_X4                  ff   4118.5     46.9     46.3      0.6      5.6      1.5      8.2      2    54,   54  /PD_TOP        (1.10)
i_0_0_1/CI->CO           FA_X1                   ff   4190.2     71.7     71.7      0.0      9.4      0.8      3.6      1    54,   54  /PD_TOP        (1.10)
i_0_0_2/CI->CO           FA_X1                   ff   4264.4     74.2     74.2      0.0     15.9      0.8      3.6      1    54,   54  /PD_TOP        (1.10)
i_0_0_3/CI->CO           FA_X1                   ff   4338.6     74.2     74.2      0.0     15.9      0.8      3.6      1    54,   54  /PD_TOP        (1.10)
i_0_0_4/CI->CO           FA_X1                   ff   4412.8     74.2     74.2      0.0     15.9      0.8      3.6      1    54,   54  /PD_TOP        (1.10)
i_0_0_5/CI->CO           FA_X1                   ff   4487.0     74.2     74.2      0.0     15.9      0.8      3.6      1    54,   54  /PD_TOP        (1.10)
i_0_0_6/CI->CO           FA_X1                   ff   4561.8     74.8     74.8      0.0     15.9      0.7      3.8      1    54,   54  /PD_TOP        (1.10)
i_0_0_340/A->ZN          XNOR2_X2                ff   4603.1     41.3     41.3      0.0     16.2      0.6      4.3      1    54,   54  /PD_TOP        (1.10)
i_0_0_339/B->ZN          XNOR2_X2                ff   4643.7     40.6     40.6      0.0     11.2      0.7      4.8      1    54,   54  /PD_TOP        (1.10)
i_0_0_337/A2->ZN         OAI22_X4                fr   4705.6     61.9     61.9      0.0     11.7      0.7     26.2      1    54,   54  /PD_TOP        (1.10)
i_0_0_336/A->ZN          INV_X8                  rf   4713.0      7.4      7.4      0.0     56.9      1.3      7.3      2    54,   54  /PD_TOP        (1.10)
i_0_0_308/A1->ZN         OR4_X4                  ff   4785.9     72.9     72.9      0.0      3.8      0.7      4.9      1    54,   54  /PD_TOP        (1.10)
i_0_0_307/A2->ZN         NOR2_X4                 fr   4818.0     32.1     32.1      0.0     16.0      1.4      5.2      2    54,   54  /PD_TOP        (1.10)
i_0_0_306/A2->ZN         OR2_X4                  rr   4849.1     31.1     31.1      0.0     16.5      3.0     12.6      4    54,   54  /PD_TOP        (1.10)
i_0_0_302/A1->ZN         NOR2_X4*                rf   4886.5     37.4     37.3      0.1     11.2     11.8     76.4     14    54,   54  /PD_TOP        (1.10)
i_0_0_301/A->ZN          INV_X32                 fr   4904.4     17.9     17.5      0.4     15.3      7.4     41.8      9    54,   54  /PD_TOP        (1.10)
i_0_0_150/B3->ZN         OAI33_X1                rf   4966.0     61.6     61.4      0.2      8.4      7.4     17.4      1    54,   54  /PD_TOP        (1.10)
SUM[1]                                            f   4967.0      1.0               1.0     43.1                              0,   51                       
------------------------------------------------------------------------------------------------------------------------------------------------------------
Report for group R2O
