Report 'report_power_summary': Power
Generated on Thu Dec 22 20:24:14 2022
  
---------------------------------------------------------------------------
|                        Power Summary (nanowatt)                         |
|-------------------------------------------------------------------------|
| Component          Internal Switching  Dynamic Leakage  Total   Percent | 
|-------------------------------------------------------------------------|
| Entire design        766251    427053  1193304   38288  1231592  100.00 | 
|                                                                         | 
| Power of all cells   766251    327035  1093285   38288  1131573   91.88 | 
|   Clock cells         63061     13517    76578     578    77156    6.26 | 
|   Data cells         703169    313518  1016687   37710  1054396   85.61 | 
|     Combinational    245722    261519   507241   29621   536862   43.59 | 
|     Registers        457375     51999   509374    8088   517463   42.02 | 
|     Macros                0         0        0       0        0    0.00 | 
|     Physical              0         0        0       0        0    0.00 | 
|                                                                         | 
| Power of all nets              100019   100019           100019    8.12 | 
|   Clock nets                    38695    38695            38695    3.14 | 
|     Clock leaves                32897    32897            32897    2.67 | 
|   Data nets                     61323    61323            61323    4.98 | 
---------------------------------------------------------------------------


info UI33: performed report_power_summary for 0 sec (CPU time: 0 sec; MEM: RSS - 410M, CVMEM - 1741M, PVMEM - 2263M)
------------------------------------------------------------------------------------------------------------------------------------------------
| Corner     Enable Setup Hold  CRPR       SI    Power            EM   Voltage Drop DRC        Process                    RC Temp Scale Factor | 
|----------------------------------------------------------------------------------------------------------------------------------------------|
| slow       false  true  false setup_hold none  leakage          none none         trans, cap new_rcmaster_techFreePDK45 25      1            | 
| fast       false  false false setup_hold none  leakage          none none         trans, cap new_rcmaster_techFreePDK45 25      1            | 
| corner_0_0 true   true  true  setup_hold delay leakage, dynamic none none         trans, cap new_rcmaster_techFreePDK45 25      1            | 
------------------------------------------------------------------------------------------------------------------------------------------------


