warning: No library characterized for (process = 1.00 voltage = 0.85 temperature = 25.00) can be found in the database for power domain '/PD_TOP'  [NL-174]
Report Power (instances with prefix '*' are included in total) : 
-----+----------+--------------------+---------------------+-------------------+-----------------
     | Instance | Internal Power(uw) | Switching Power(uw) | Leakage Power(uw) | Total Power(uw) 
-----+----------+--------------------+---------------------+-------------------+-----------------
1    |*add1     |           30.525204|           193.852585|           0.823339|       225.201141
2    |*add2     |          109.071907|           419.758728|           2.924044|       531.754639
3    |*i_0_3    |           32.481567|            58.326595|           1.470861|        92.279022
4    |*i_0_16   |           52.393265|           181.825760|           1.317109|       235.536133
5    |*i_0_19   |           26.006037|            41.464390|           1.301777|        68.772202
6    |*i_0_0_0  |            2.404448|             2.615550|           0.061230|         5.081227
7    |*i_0_0_1  |            3.565713|             2.552181|           0.075762|         6.193656
8    |*i_0_0_2  |            3.588254|             2.569478|           0.075762|         6.233494
9    |*i_0_0_3  |            3.365043|             2.444761|           0.075762|         5.885566
10   |*i_0_0_4  |            3.558636|             2.538416|           0.075762|         6.172815
11   |*i_0_0_5  |            3.579231|             2.562213|           0.075762|         6.217206
12   |*i_0_0_6  |            3.597638|             2.642619|           0.075762|         6.316019
13   |*i_0_0_7  |            2.437287|             2.178594|           0.061230|         4.677111
14   |*i_0_0_8  |            2.241400|             1.776912|           0.061230|         4.079542
15   |*i_0_0_9  |            2.176831|             1.561032|           0.061230|         3.799093
16   |*i_0_0_10 |            2.172627|             1.458889|           0.061230|         3.692746
17   |*i_0_0_11 |            2.153172|             1.412724|           0.061230|         3.627126
18   |*i_0_0_12 |            2.160700|             1.390810|           0.061230|         3.612740
19   |*i_0_0_13 |            0.975389|             1.268309|           0.027858|         2.271556
20   |*i_0_0_14 |            0.564218|             2.706117|           0.021200|         3.291534
21   |*i_0_0_15 |            0.635621|             2.613894|           0.014353|         3.263868
22   |*i_0_0_16 |            1.166411|             7.871133|           0.034026|         9.071570
23   |*i_0_0_17 |            0.627698|             2.581310|           0.014353|         3.223361
24   |*i_0_0_18 |            1.154814|             7.773016|           0.034026|         8.961856
25   |*i_0_0_19 |            0.631659|             2.597601|           0.014353|         3.243614
26   |*i_0_0_20 |            1.159606|             7.822073|           0.034026|         9.015704
27   |*i_0_0_21 |            0.630672|             2.593541|           0.014353|         3.238566
28   |*i_0_0_22 |            1.157707|             7.809844|           0.034026|         9.001577
29   |*i_0_0_23 |            0.630089|             2.591144|           0.014353|         3.235586
30   |*i_0_0_24 |            1.156451|             7.802627|           0.034026|         8.993104
31   |*i_0_0_25 |            0.628901|             2.586257|           0.014353|         3.229511
32   |*i_0_0_26 |            1.157273|             7.787913|           0.034026|         8.979212
33   |*i_0_0_27 |            0.629561|             2.588971|           0.014353|         3.232885
34   |*i_0_0_28 |            1.151708|             7.796084|           0.034026|         8.981818
35   |*i_0_0_29 |            0.629452|             2.588523|           0.014353|         3.232328
36   |*i_0_0_30 |            1.155190|             7.794736|           0.034026|         8.983952
37   |*i_0_0_31 |            0.629234|             2.587630|           0.014353|         3.231217
38   |*i_0_0_32 |            1.157947|             7.792046|           0.034026|         8.984019
39   |*i_0_0_33 |            0.629356|             2.588128|           0.014353|         3.231837
40   |*i_0_0_34 |            1.155064|             7.793545|           0.034026|         8.982635
41   |*i_0_0_35 |            0.629336|             2.588048|           0.014353|         3.231737
42   |*i_0_0_36 |            1.154178|             7.793303|           0.034026|         8.981506
43   |*i_0_0_37 |            0.629325|             2.588002|           0.014353|         3.231681
44   |*i_0_0_38 |            1.155050|             7.793167|           0.034026|         8.982243
45   |*i_0_0_39 |            0.629319|             2.587977|           0.014353|         3.231649
46   |*i_0_0_40 |            1.154887|             7.793091|           0.034026|         8.982004
47   |*i_0_0_41 |            0.629315|             2.587963|           0.014353|         3.231632
48   |*i_0_0_42 |            1.154636|             7.793047|           0.034026|         8.981709
49   |*i_0_0_43 |            0.629314|             2.587955|           0.014353|         3.231621
50   |*i_0_0_44 |            1.153897|             7.793023|           0.034026|         8.980946
51   |*i_0_0_45 |            0.629312|             2.587950|           0.014353|         3.231616
52   |*i_0_0_46 |            1.155025|             7.793010|           0.034026|         8.982061
53   |*i_0_0_47 |            0.629312|             2.587948|           0.014353|         3.231612
54   |*i_0_0_48 |            1.154873|             7.793003|           0.034026|         8.981901
55   |*i_0_0_49 |            0.629311|             2.587946|           0.014353|         3.231611
56   |*i_0_0_50 |            1.154628|             7.792997|           0.034026|         8.981651
57   |*i_0_0_51 |            0.629311|             2.587945|           0.014353|         3.231610
58   |*i_0_0_52 |            1.154128|             7.792995|           0.034026|         8.981149
59   |*i_0_0_53 |            0.629311|             2.587945|           0.014353|         3.231609
60   |*i_0_0_54 |            1.155022|             7.792994|           0.034026|         8.982042
61   |*i_0_0_55 |            0.629311|             2.587945|           0.014353|         3.231609
62   |*i_0_0_56 |            1.151760|             7.792993|           0.034026|         8.978779
63   |*i_0_0_57 |            0.629311|             2.587945|           0.014353|         3.231609
64   |*i_0_0_58 |            1.154627|             7.792993|           0.034026|         8.981646
65   |*i_0_0_59 |            1.244437|             2.635550|           0.022695|         3.902682
66   |*i_0_0_60 |            0.522435|             6.173820|           0.014353|         6.710607
67   |*i_0_0_61 |            1.189554|             7.789416|           0.032612|         9.011582
68   |*i_0_0_62 |            0.533198|             4.850606|           0.014353|         5.398157
69   |*i_0_0_63 |            1.189554|             7.789416|           0.032612|         9.011582
70   |*i_0_0_64 |            0.559903|             3.666605|           0.014353|         4.240860
71   |*i_0_0_65 |            1.189554|             7.789416|           0.032612|         9.011582
72   |*i_0_0_66 |            0.566728|             3.426170|           0.014353|         4.007251
73   |*i_0_0_67 |            1.189554|             7.789416|           0.032612|         9.011582
74   |*i_0_0_68 |            0.566728|             3.426170|           0.014353|         4.007251
75   |*i_0_0_69 |            1.189554|             7.789416|           0.032612|         9.011582
76   |*i_0_0_70 |            0.533127|             4.859349|           0.014353|         5.406828
77   |*i_0_0_71 |            1.189554|             7.789416|           0.032612|         9.011582
78   |*i_0_0_72 |            0.559978|             3.663958|           0.014353|         4.238289
79   |*i_0_0_73 |            1.189554|             7.789416|           0.032612|         9.011582
80   |*i_0_0_74 |            1.107724|             3.491462|           0.034026|         4.633213
81   |*i_0_0_75 |            0.533127|             4.859349|           0.014353|         5.406828
82   |*i_0_0_76 |            1.189554|             7.789416|           0.032612|         9.011582
83   |*i_0_0_77 |            0.559978|             3.663958|           0.014353|         4.238289
84   |*i_0_0_78 |            1.189554|             7.789416|           0.032612|         9.011582
85   |*i_0_0_79 |            0.550084|             4.012521|           0.014353|         4.576958
86   |*i_0_0_80 |            1.189554|             7.789416|           0.032612|         9.011582
87   |*i_0_0_81 |            0.494854|            10.292048|           0.014353|        10.801255
88   |*i_0_0_82 |            1.189554|             7.789416|           0.032612|         9.011582
89   |*i_0_0_83 |            0.566728|             3.426170|           0.014353|         4.007251
90   |*i_0_0_84 |            1.189554|             7.789416|           0.032612|         9.011582
91   |*i_0_0_85 |            0.528779|             5.393840|           0.014353|         5.936972
92   |*i_0_0_86 |            1.189554|             7.789416|           0.032612|         9.011582
93   |*i_0_0_87 |            0.553182|             3.903358|           0.014353|         4.470893
94   |*i_0_0_88 |            1.189554|             7.789416|           0.032612|         9.011582
95   |*i_0_0_89 |            1.149005|            10.358178|           0.034026|        11.541209
96   |*i_0_0_90 |            0.566728|             3.426170|           0.014353|         4.007251
97   |*i_0_0_91 |            1.189554|             7.789416|           0.032612|         9.011582
98   |*i_0_0_92 |            0.528779|             5.393840|           0.014353|         5.936972
99   |*i_0_0_93 |            1.189554|             7.789416|           0.032612|         9.011582
100  |*i_0_0_94 |            0.553182|             3.903358|           0.014353|         4.470893
101  |*i_0_0_95 |            1.189554|             7.789416|           0.032612|         9.011582
102  |*i_0_0_96 |            0.494854|            10.292048|           0.014353|        10.801255
103  |*i_0_0_97 |            1.189554|             7.789416|           0.032612|         9.011582
104  |*i_0_0_98 |            0.566728|             3.426170|           0.014353|         4.007251
105  |*i_0_0_99 |            1.189554|             7.789416|           0.032612|         9.011582
106  |*i_0_0_100|            1.119427|             5.462664|           0.034026|         6.616117
107  |*i_0_0_101|            0.553182|             3.903358|           0.014353|         4.470893
108  |*i_0_0_102|            1.189554|             7.789416|           0.032612|         9.011582
109  |*i_0_0_103|            0.363541|             0.857662|           0.034026|         1.255229
110  |*i_0_0_104|            0.424788|             1.041983|           0.034026|         1.500797
111  |*i_0_0_105|            0.473115|             1.181056|           0.034026|         1.688197
112  |*i_0_0_106|            0.549566|             1.380439|           0.034026|         1.964031
113  |*i_0_0_107|            0.592102|             1.511807|           0.034026|         2.137935
114  |*i_0_0_108|            0.654410|             1.688797|           0.034026|         2.377234
115  |*i_0_0_109|            0.673415|             1.754106|           0.034026|         2.461546
116  |*i_0_0_110|            0.696742|             1.835699|           0.034026|         2.566468
117  |*i_0_0_111|            0.731540|             1.945020|           0.034026|         2.710586
118  |*i_0_0_112|            0.745635|             1.988304|           0.034026|         2.767965
119  |*i_0_0_113|            0.764859|             2.051970|           0.034026|         2.850855
120  |*i_0_0_114|            0.784115|             2.112646|           0.034026|         2.930787
121  |*i_0_0_115|            0.798986|             2.164621|           0.034026|         2.997633
122  |*i_0_0_116|            0.814089|             2.214075|           0.034026|         3.062191
123  |*i_0_0_117|            0.825581|             2.256713|           0.034026|         3.116320
124  |*i_0_0_118|            0.837426|             2.297195|           0.034026|         3.168648
125  |*i_0_0_119|            0.846131|             2.332175|           0.034026|         3.212332
126  |*i_0_0_120|            0.615059|             2.648415|           0.014353|         3.277828
127  |*i_0_0_121|            1.040075|             7.660129|           0.034026|         8.734230
128  |*i_0_0_122|            0.867121|             2.412302|           0.034026|         3.313450
129  |*i_0_0_123|            0.869082|             2.421645|           0.034026|         3.324753
130  |*i_0_0_124|            0.518573|             2.377009|           0.014353|         2.909936
131  |*i_0_0_125|            0.858968|             6.875129|           0.032612|         7.766709
132  |*i_0_0_126|            0.615165|             2.648872|           0.014353|         3.278391
133  |*i_0_0_127|            1.029464|             7.661450|           0.034026|         8.724940
134  |*i_0_0_128|            0.615135|             2.648740|           0.014353|         3.278228
135  |*i_0_0_129|            1.030313|             7.661067|           0.034026|         8.725406
136  |*i_0_0_130|            1.305899|             2.386134|           0.025066|         3.717098
137  |*i_0_0_131|            0.259785|             1.261385|           0.048314|         1.569484
138  |*i_0_0_132|            1.246044|             0.740866|           0.032612|         2.019522
139  |*i_0_0_133|            0.390135|             1.637077|           0.048314|         2.075526
140  |*i_0_0_134|            1.084809|             0.734403|           0.032612|         1.851824
141  |*i_0_0_135|            1.106647|             4.101734|           0.034026|         5.242407
142  |*i_0_0_136|            0.673025|             1.172328|           0.022619|         1.867972
143  |*i_0_0_137|            0.931177|             1.410434|           0.022619|         2.364230
144  |*i_0_0_138|            1.172314|             4.298779|           0.034026|         5.505119
145  |*i_0_0_139|            0.765098|             1.220345|           0.034026|         2.019470
146  |*i_0_0_140|            0.319153|             0.802936|           0.034026|         1.156116
147  |*i_0_0_141|            1.189050|             4.444314|           0.034026|         5.667390
148  |*i_0_0_142|            0.789535|             1.242480|           0.034026|         2.066041
149  |*i_0_0_143|            0.370701|             0.907905|           0.034026|         1.312632
150  |*i_0_0_144|            0.361930|             1.392324|           0.022695|         1.776949
151  |*i_0_0_145|            1.206694|             4.509821|           0.034026|         5.750542
152  |*i_0_0_146|            0.814479|             1.265896|           0.034026|         2.114402
153  |*i_0_0_147|            0.447540|             1.142896|           0.034026|         1.624462
154  |*i_0_0_148|            1.225731|             4.573198|           0.034026|         5.832955
155  |*i_0_0_149|            0.843935|             1.291798|           0.034026|         2.169760
156  |*i_0_0_150|            0.521579|             1.247823|           0.034026|         1.803428
157  |*i_0_0_151|            0.458721|             2.007116|           0.022695|         2.488531
158  |*i_0_0_152|            1.243148|             4.538074|           0.034026|         5.815247
159  |*i_0_0_153|            0.869176|             1.315655|           0.034026|         2.218857
160  |*i_0_0_154|            0.559138|             1.522512|           0.034026|         2.115676
161  |*i_0_0_155|            1.119563|             2.920150|           0.032612|         4.072325
162  |*i_0_0_156|            0.828360|             4.530657|           0.022619|         5.381638
163  |*i_0_0_157|            0.974901|             1.161731|           0.033938|         2.170570
164  |*i_0_0_158|            0.590464|             1.321790|           0.034026|         1.946281
165  |*i_0_0_159|            0.532704|             3.574614|           0.018105|         4.125423
166  |*i_0_0_160|            1.128976|             2.941199|           0.032612|         4.102787
167  |*i_0_0_161|            0.846143|             4.496121|           0.022619|         5.364884
168  |*i_0_0_162|            0.955109|             1.151279|           0.033938|         2.140326
169  |*i_0_0_163|            0.505206|             0.920695|           0.034026|         1.459927
170  |*i_0_0_164|            1.116500|             2.927927|           0.032612|         4.077040
171  |*i_0_0_165|            0.839014|             4.460351|           0.022619|         5.321984
172  |*i_0_0_166|            0.941179|             1.137783|           0.033938|         2.112900
173  |*i_0_0_167|            0.542960|             0.979299|           0.034026|         1.556285
174  |*i_0_0_168|            0.628581|             2.919285|           0.014353|         3.562220
175  |*i_0_0_169|            1.194542|             7.906426|           0.034026|         9.134994
176  |*i_0_0_170|            0.651857|             4.371439|           0.018105|         5.041401
177  |*i_0_0_171|            0.829354|             4.418309|           0.022619|         5.270282
178  |*i_0_0_172|            0.917031|             1.119572|           0.033938|         2.070540
179  |*i_0_0_173|            0.437401|             0.774980|           0.034026|         1.246407
180  |*i_0_0_174|            0.524972|             2.426533|           0.014353|         2.965858
181  |*i_0_0_175|            0.921941|             6.598971|           0.034026|         7.554938
182  |*i_0_0_176|            0.841045|             4.567013|           0.022619|         5.430677
183  |*i_0_0_177|            0.954664|             1.142191|           0.033938|         2.130793
184  |*i_0_0_178|            0.463511|             0.814966|           0.034026|         1.312502
185  |*i_0_0_179|            0.540565|             2.498605|           0.014353|         3.053524
186  |*i_0_0_180|            0.941843|             6.794974|           0.034026|         7.770843
187  |*i_0_0_181|            0.376847|             3.216599|           0.017393|         3.610840
188  |*i_0_0_182|            0.853476|             4.631161|           0.022619|         5.507256
189  |*i_0_0_183|            0.973165|             1.165980|           0.033938|         2.173083
190  |*i_0_0_184|            0.548592|             0.998019|           0.034026|         1.580638
191  |*i_0_0_185|            0.535662|             2.477700|           0.014353|         3.027715
192  |*i_0_0_186|            0.935308|             6.733988|           0.034026|         7.703323
193  |*i_0_0_187|            0.867167|             4.693015|           0.022619|         5.582801
194  |*i_0_0_188|            1.003270|             1.192340|           0.033938|         2.229547
195  |*i_0_0_189|            0.574354|             1.035648|           0.034026|         1.644028
196  |*i_0_0_190|            0.561243|             2.596025|           0.014353|         3.171621
197  |*i_0_0_191|            0.965665|             7.055577|           0.034026|         8.055268
198  |*i_0_0_192|            0.296150|             2.568505|           0.017393|         2.882048
199  |*i_0_0_193|            0.458854|             3.939425|           0.017393|         4.415672
200  |*i_0_0_194|            0.898434|             4.675142|           0.022619|         5.596196
201  |*i_0_0_195|            1.058304|             1.226454|           0.033938|         2.318696
202  |*i_0_0_196|            0.730294|             1.217564|           0.034026|         1.981885
203  |*i_0_0_197|            0.401110|             1.855142|           0.014353|         2.270606
204  |*i_0_0_198|            0.741410|             5.042426|           0.034026|         5.817863
205  |*i_0_0_199|            1.096809|             2.956702|           0.034026|         4.087536
206  |*i_0_0_200|            0.941002|             4.984735|           0.022619|         5.948357
207  |*i_0_0_201|            1.183206|             1.313766|           0.033938|         2.530910
208  |*i_0_0_202|            0.792536|             1.326030|           0.034026|         2.152591
209  |*i_0_0_203|            0.410836|             1.900124|           0.014353|         2.325314
210  |*i_0_0_204|            0.760248|             5.164690|           0.034026|         5.958964
211  |*i_0_0_205|            1.040998|             2.925225|           0.034026|         4.000249
212  |*i_0_0_206|            0.935157|             4.915098|           0.022619|         5.872875
213  |*i_0_0_207|            1.192535|             1.329054|           0.033938|         2.555526
214  |*i_0_0_208|            1.026863|             1.861728|           0.032612|         2.921203
215  |*i_0_0_209|            0.407281|             1.896212|           0.014353|         2.317847
216  |*i_0_0_210|            0.754094|             5.124591|           0.034026|         5.912711
217  |*i_0_0_211|            1.046707|             2.938394|           0.034026|         4.019126
218  |*i_0_0_212|            0.400986|             2.540315|           0.017393|         2.958694
219  |*i_0_0_213|            0.914818|             4.759592|           0.022619|         5.697029
220  |*i_0_0_214|            1.098000|             1.259822|           0.033938|         2.391759
221  |*i_0_0_215|            0.829122|             1.410939|           0.034026|         2.274087
222  |*i_0_0_216|            0.652050|             2.196723|           0.027858|         2.876631
223  |*i_0_0_217|            0.310246|             0.586675|           0.021200|         0.918121
224  |*i_0_0_218|            1.005112|             2.812627|           0.034026|         3.851765
225  |*i_0_0_219|            0.903627|             4.771572|           0.022619|         5.697818
226  |*i_0_0_220|            1.093588|             1.263762|           0.033938|         2.391288
227  |*i_0_0_221|            0.820164|             1.410876|           0.034026|         2.265066
228  |*i_0_0_222|            0.659070|             2.178754|           0.027858|         2.865682
229  |*i_0_0_223|            0.310030|             0.586241|           0.021200|         0.917471
230  |*i_0_0_224|            1.005049|             2.815667|           0.034026|         3.854743
231  |*i_0_0_225|            0.916943|             4.934076|           0.022619|         5.873639
232  |*i_0_0_226|            1.125447|             1.291216|           0.033938|         2.450601
233  |*i_0_0_227|            0.853186|             1.455388|           0.034026|         2.342600
234  |*i_0_0_228|            0.677113|             2.195474|           0.027858|         2.900445
235  |*i_0_0_229|            0.310113|             0.586408|           0.021200|         0.917720
236  |*i_0_0_230|            1.003939|             2.815153|           0.034026|         3.853118
237  |*i_0_0_231|            0.953532|             5.108326|           0.022619|         6.084477
238  |*i_0_0_232|            1.263163|             1.370932|           0.033938|         2.668033
239  |*i_0_0_233|            0.931429|             1.600308|           0.034026|         2.565763
240  |*i_0_0_234|            0.645565|             2.193660|           0.027858|         2.867085
241  |*i_0_0_235|            0.309773|             0.585727|           0.021200|         0.916699
242  |*i_0_0_236|            1.005751|             2.817247|           0.034026|         3.857025
243  |*i_0_0_237|            0.432375|             6.591254|           0.017393|         7.041023
244  |*i_0_0_238|            0.976852|             5.186560|           0.022619|         6.186031
245  |*i_0_0_239|            1.076403|             1.420467|           0.022039|         2.518909
246  |*i_0_0_240|            0.994739|             1.081227|           0.033938|         2.109904
247  |*i_0_0_241|            0.815819|             0.947505|           0.027858|         1.791182
248  |*i_0_0_242|            0.938546|             1.394759|           0.022619|         2.355924
249  |*i_0_0_243|            0.745624|             1.201772|           0.022619|         1.970015
250  |*i_0_0_244|            0.421735|             0.807442|           0.014353|         1.243530
251  |*i_0_0_245|            1.405055|             8.053980|           0.043178|         9.502213
252  |*i_0_0_246|            0.898356|             2.321734|           0.027858|         3.247949
253  |*i_0_0_247|            1.035962|             1.113690|           0.034026|         2.183678
254  |*i_0_0_248|            0.718664|             1.178315|           0.027858|         1.924838
255  |*i_0_0_249|            1.274058|             2.469991|           0.043178|         3.787227
256  |*i_0_0_250|            0.238381|             4.851593|           0.014353|         5.104327
257  |*i_0_0_251|            0.331695|            12.141640|           0.021200|        12.494535
258  |*i_0_0_252|            0.854829|             2.396649|           0.027858|         3.279336
259  |*i_0_0_253|            0.759135|             1.091488|           0.027858|         1.878481
260  |*i_0_0_254|            1.074782|             1.239001|           0.033938|         2.347720
261  |*i_0_0_255|            0.717082|             0.790795|           0.027858|         1.535735
262  |*i_0_0_256|            1.378627|             2.583536|           0.043178|         4.005341
263  |*i_0_0_257|            0.705893|             2.630573|           0.017393|         3.353859
264  |*i_0_0_258|            0.955393|             2.352710|           0.032612|         3.340716
265  |*i_0_0_259|            1.063678|             2.567650|           0.034026|         3.665354
266  |*i_0_0_260|            0.508463|             3.187778|           0.017393|         3.713634
267  |*i_0_0_261|            0.750545|             1.210648|           0.034026|         1.995219
268  |*i_0_0_262|            0.000661|             0.003761|           0.022695|         0.027117
269  |*i_0_0_263|            0.468868|             1.160888|           0.014353|         1.644109
270  |*i_0_0_264|            0.746293|             6.355872|           0.022619|         7.124784
271  |*i_0_0_265|            0.435788|            15.628889|           0.014353|        16.079029
272  |*i_0_0_266|            0.980321|            23.469303|           0.027858|        24.477482
273  |*i_0_0_267|            0.444277|             7.710765|           0.014353|         8.169395
274  |*i_0_0_268|            1.331724|            11.086962|           0.034026|        12.452712
275  |*i_0_0_269|            0.000747|             0.009666|           0.017393|         0.027807
276  |*i_0_0_270|            0.672260|             2.664400|           0.021200|         3.357859
277  |*i_0_0_271|            0.341713|             4.016720|           0.014353|         4.372786
278  |*i_0_0_272|            0.727174|             6.665585|           0.022619|         7.415379
279  |*i_0_0_273|            0.420770|             2.056982|           0.021200|         2.498952
280  |*i_0_0_274|            0.471981|            15.594275|           0.014353|        16.080608
281  |*i_0_0_275|            0.961613|            28.304689|           0.027858|        29.294163
282  |*i_0_0_276|            1.330885|             2.835037|           0.022695|         4.188616
283  |*i_0_0_277|            0.466395|            17.317610|           0.014353|        17.798361
284  |*i_0_0_278|            0.901163|            22.796200|           0.022619|        23.719984
285  |*i_0_0_279|            0.592624|            14.508579|           0.022695|        15.123898
286  |*i_0_0_280|            0.051083|             0.149515|           0.022695|         0.223293
287  |*i_0_0_281|            0.005864|             0.013614|           0.021200|         0.040678
288  |*i_0_0_282|            0.273331|             0.261221|           0.026733|         0.561285
289  |*i_0_0_283|            0.277011|             0.267897|           0.026733|         0.571641
290  |*i_0_0_284|            0.780382|             5.008667|           0.017393|         5.806441
291  |*i_0_0_285|            1.090960|             2.269034|           0.032612|         3.392606
292  |*i_0_0_286|            0.536949|             0.841484|           0.017393|         1.395826
293  |*i_0_0_287|            0.473615|            26.143721|           0.014353|        26.631689
294  |*i_0_0_288|            0.723331|            36.804070|           0.021200|        37.548599
295  |*i_0_0_289|            0.789334|             5.182473|           0.017393|         5.989201
296  |*i_0_0_290|            0.924255|             2.329868|           0.032612|         3.286734
297  |*i_0_0_291|            0.788860|             5.072958|           0.017393|         5.879212
298  |*i_0_0_292|            0.914253|             2.313038|           0.032612|         3.259903
299  |*i_0_0_293|            0.788329|             5.067347|           0.017393|         5.873070
300  |*i_0_0_294|            0.909619|             2.294476|           0.032612|         3.236707
301  |*i_0_0_295|            0.786367|             5.057981|           0.017393|         5.861741
302  |*i_0_0_296|            0.906123|             2.284435|           0.032612|         3.223170
303  |*i_0_0_297|            0.788136|             5.174474|           0.017393|         5.980003
304  |*i_0_0_298|            0.907022|             2.325806|           0.032612|         3.265440
305  |*i_0_0_299|            0.788064|             5.180860|           0.017393|         5.986318
306  |*i_0_0_300|            0.906629|             2.311326|           0.032612|         3.250566
307  |*i_0_0_301|            0.608082|             5.197354|           0.017393|         5.822830
308  |*i_0_0_302|            0.014666|             0.352971|           0.014353|         0.381991
309  |*i_0_0_303|            0.034276|             0.271136|           0.034026|         0.339438
310  |*i_0_0_304|            0.338533|             0.346878|           0.018127|         0.703538
311  |*i_0_0_305|            0.338421|             0.350047|           0.018127|         0.706595
312  |*i_0_0_306|            0.338521|             0.347236|           0.018127|         0.703884
313  |*i_0_0_307|            0.338506|             0.347654|           0.018127|         0.704287
314  |*i_0_0_308|            0.653174|             2.197037|           0.014353|         2.864565
315  |*i_0_0_309|            1.048587|             7.910123|           0.034026|         8.992736
316  |*i_0_0_310|            0.768991|             1.089041|           0.036441|         1.894473
317  |*i_0_0_311|            1.617030|             1.447667|           0.036441|         3.101137
318  |*i_0_0_312|            1.431019|             1.302723|           0.036441|         2.770183
319  |*i_0_0_313|            0.226464|             0.690746|           0.014353|         0.931563
320  |*i_0_0_314|            0.387147|             8.156847|           0.021200|         8.565194
321  |*i_0_0_315|            0.226794|             5.677751|           0.014353|         5.918898
322  |*i_0_0_316|            0.328196|             5.618988|           0.017393|         5.964578
323  |*i_0_0_317|            0.420865|             4.250614|           0.021200|         4.692678
324  |*i_0_0_318|            0.473273|             1.917763|           0.014353|         2.405389
325  |*i_0_0_319|            0.820144|             6.644447|           0.022619|         7.487211
326  |*i_0_0_320|            0.079520|             0.193284|           0.014353|         0.287158
327  |*i_0_0_321|            0.125342|             1.076853|           0.022619|         1.224815
328  |*i_0_0_322|            0.142685|             0.246294|           0.027858|         0.416837
329  |*i_0_0_323|            1.053141|             3.306889|           0.022695|         4.382724
330  |*i_0_0_324|            0.473264|             2.197127|           0.014353|         2.684745
331  |*i_0_0_325|            0.978980|            10.762738|           0.027858|        11.769576
332  |*i_0_0_326|            0.850393|             1.356724|           0.022619|         2.229737
333  |*i_0_0_327|            0.481193|             0.778178|           0.022619|         1.281990
334  |*i_0_0_328|            0.362413|             0.768470|           0.021200|         1.152082
335  |*i_0_0_329|            0.380787|             0.776934|           0.021200|         1.178920
336  |*i_0_0_330|            0.575006|             0.794635|           0.034566|         1.404207
337  |*i_0_0_331|            0.452685|             0.520589|           0.022619|         0.995893
338  |*i_0_0_332|            0.642948|             1.665457|           0.022619|         2.331024
339  |*i_0_0_333|            0.917704|             3.793189|           0.022619|         4.733512
340  |*i_0_0_334|            0.837749|             1.287721|           0.022619|         2.148089
341  |*i_0_0_335|            0.819784|             1.206719|           0.027858|         2.054362
342  |*i_0_0_336|            0.784176|             1.185149|           0.022619|         1.991945
343  |*i_0_0_337|            0.760450|             1.231990|           0.027858|         2.020298
344  |*i_0_0_338|            0.839401|             1.317296|           0.022619|         2.179316
345  |*i_0_0_339|            0.225687|             0.212913|           0.027025|         0.465625
346  |*i_0_0_340|            0.760664|             1.218961|           0.022619|         2.002244
347  |*i_0_0_341|            0.755963|             1.227386|           0.027858|         2.011208
348  |*i_0_0_342|            0.791098|             1.297557|           0.022619|         2.111274
349  |*i_0_0_343|            0.845423|             1.372319|           0.027858|         2.245601
350  |*i_0_0_344|            0.774071|             1.270241|           0.022619|         2.066931
351  |*i_0_0_345|            0.511769|             1.243920|           0.014353|         1.770042
352  |*i_0_0_346|            0.814775|             6.930307|           0.022619|         7.767702
353  |*i_0_0_347|            0.886735|             1.405688|           0.027858|         2.320281
354  |*i_0_0_348|            0.530937|             1.281953|           0.014353|         1.827244
355  |*i_0_0_349|            0.857375|             7.187262|           0.022619|         8.067257
356  |*i_0_0_350|            0.000000|             0.000000|           0.014353|         0.014353
357  |*i_0_0_351|            0.000000|             0.000000|           0.018127|         0.018127
358  |*i_0_0_352|            0.177816|             0.285726|           0.026832|         0.490373
359  |*i_0_0_353|            0.470093|             7.158210|           0.014353|         7.642656
360  |*i_0_0_354|            1.118812|            11.041056|           0.032612|        12.192480
361  |*i_0_0_355|            0.461990|             1.520430|           0.026832|         2.009251
362  |*i_0_0_356|            0.420066|             0.901993|           0.021200|         1.343258
363  |*i_0_0_357|            0.466239|             7.082998|           0.014353|         7.563591
364  |*i_0_0_358|            1.180830|            11.712264|           0.034026|        12.927120
365  |*i_0_0_359|            0.466968|             5.768259|           0.014353|         6.249579
366  |*i_0_0_360|            1.195566|            13.492661|           0.034026|        14.722253
367  |*i_0_0_361|            0.396474|             0.639449|           0.027858|         1.063782
368  |*i_0_0_362|            0.473116|             4.238212|           0.014353|         4.725680
369  |*i_0_0_363|            1.130711|            15.449074|           0.032612|        16.612396
370  |*i_0_0_364|            0.469632|             4.194832|           0.014353|         4.678817
371  |*i_0_0_365|            1.115275|            14.638544|           0.032612|        15.786431
372  |*i_0_0_366|            0.290796|             1.683307|           0.014353|         1.988456
373  |*i_0_0_367|            0.433085|             5.686045|           0.021200|         6.140329
374  |*i_0_0_368|            0.466874|             4.250732|           0.014353|         4.731959
375  |*i_0_0_369|            1.205132|            15.063411|           0.034026|        16.302568
376  |*i_0_0_370|            0.467090|             4.317114|           0.014353|         4.798557
377  |*i_0_0_371|            1.188980|            13.529308|           0.034026|        14.752314
378  |*i_0_0_372|            0.004712|             0.018895|           0.021200|         0.044807
379  |*i_0_0_373|            0.157814|             0.504281|           0.018105|         0.680200
380  |*i_0_0_374|            0.497383|             1.041681|           0.017393|         1.556457
381  |*i_0_0_375|            1.168586|            10.120581|           0.034026|        11.323193
382  |*i_0_0_376|            0.468904|             2.808251|           0.014353|         3.291508
383  |*i_0_0_377|            1.118645|            12.928782|           0.032612|        14.080039
384  |*i_0_0_378|            0.429917|             1.811838|           0.021200|         2.262954
385  |*i_0_0_379|            0.467530|             4.266760|           0.014353|         4.748643
386  |*i_0_0_380|            1.171785|            10.194694|           0.034026|        11.400506
387  |*i_0_0_381|            0.467742|             2.883682|           0.014353|         3.365778
388  |*i_0_0_382|            1.178846|            11.586318|           0.034026|        12.799190
389  |*i_0_0_383|            0.125194|             0.408666|           0.018105|         0.551965
390  |*i_0_0_384|            0.429543|             1.542021|           0.021200|         1.992764
391  |*i_0_0_385|            0.467784|             2.861179|           0.014353|         3.343316
392  |*i_0_0_386|            1.181810|            12.017575|           0.034026|        13.233411
393  |*i_0_0_387|            0.467292|             5.666809|           0.014353|         6.148453
394  |*i_0_0_388|            1.166487|             9.194436|           0.034026|        10.394950
395  |*i_0_0_389|            0.467440|             5.249994|           0.014353|         5.731787
396  |*i_0_0_390|            1.173890|            10.682006|           0.034026|        11.889922
397  |*i_0_0_391|            0.467940|             2.370064|           0.014353|         2.852357
398  |*i_0_0_392|            1.196915|            13.376984|           0.034026|        14.607925
399  |*i_0_0_393|            0.000745|             0.003468|           0.021200|         0.025412
400  |*i_0_0_394|            0.005946|             0.015690|           0.018127|         0.039763
401  |*i_0_0_395|            0.097342|             0.395977|           0.021200|         0.514518
402  |*i_0_0_396|            0.471355|             1.796803|           0.017393|         2.285552
403  |*i_0_0_397|            1.137054|             5.206603|           0.034026|         6.377683
404  |*i_0_0_398|            1.136959|             5.155362|           0.034026|         6.326347
405  |*i_0_0_399|            0.449638|             1.815381|           0.017393|         2.282412
406  |*i_0_0_400|            0.465869|             1.386202|           0.014353|         1.866424
407  |*i_0_0_401|            1.194124|            12.445914|           0.034026|        13.674064
408  |*i_0_0_402|            1.141817|             5.125785|           0.034026|         6.301628
409  |*i_0_0_403|            0.125287|             0.203078|           0.018105|         0.346469
410  |*i_0_0_404|            0.418103|             0.875494|           0.017393|         1.310990
411  |*i_0_0_405|            1.170056|             9.306989|           0.034026|        10.511071
412  |*i_0_0_406|            0.468026|             2.715127|           0.014353|         3.197506
413  |*i_0_0_407|            1.195160|            13.210089|           0.034026|        14.439275
414  |*i_0_0_408|            0.875058|             2.685821|           0.025066|         3.585944
415  |*i_0_0_409|            0.468145|             2.752774|           0.014353|         3.235272
416  |*i_0_0_410|            1.182840|            10.879788|           0.034026|        12.096654
417  |*i_0_0_411|            1.143848|             5.020506|           0.034026|         6.198380
418  |*i_0_0_412|            0.671919|             3.085810|           0.022619|         3.780349
419  |*i_0_0_413|            0.821324|             2.423246|           0.022619|         3.267190
420  |*i_0_0_414|            0.898362|             1.944160|           0.022695|         2.865217
421  |*i_0_0_415|            0.808563|             1.745047|           0.022695|         2.576305
422  |*i_0_0_416|            1.093021|             3.410692|           0.022695|         4.526408
423  |*i_0_0_417|            0.927668|             2.630913|           0.027858|         3.586440
424  |*i_0_0_418|            0.871276|             2.598972|           0.027858|         3.498106
425  |*i_0_0_419|            0.865772|             2.598984|           0.027858|         3.492615
426  |*i_0_0_420|            0.868385|             2.605515|           0.027858|         3.501758
427  |*i_0_0_421|            0.872532|             2.610947|           0.027858|         3.511338
428  |*i_0_0_422|            0.876270|             2.723428|           0.027858|         3.627556
429  |*i_0_0_423|            1.578567|             0.900522|           0.036164|         2.515253
430  |*i_0_0_424|            0.055860|             0.182182|           0.021200|         0.259241
431  |*i_0_0_425|            1.101137|             2.925517|           0.034026|         4.060679
432  |*i_0_0_426|            0.058185|             0.352833|           0.014353|         0.425372
433  |*i_0_0_427|            0.094291|             1.132514|           0.021200|         1.248004
434  |*i_0_0_428|            1.100901|             2.925516|           0.034026|         4.060443
435  |*i_0_0_429|            0.100857|             0.611591|           0.014353|         0.726801
436  |*i_0_0_430|            0.159386|             1.963069|           0.021200|         2.143655
437  |*i_0_0_431|            1.100977|             2.925516|           0.034026|         4.060519
438  |*i_0_0_432|            0.171064|             1.037325|           0.014353|         1.222742
439  |*i_0_0_433|            0.262352|             3.329576|           0.021200|         3.613127
440  |*i_0_0_434|            1.100601|             2.925516|           0.034026|         4.060143
441  |*i_0_0_435|            0.277944|             1.685443|           0.014353|         1.977740
442  |*i_0_0_436|            0.414515|             5.409887|           0.021200|         5.845601
443  |*i_0_0_437|            1.100817|             2.925516|           0.034026|         4.060359
444  |*i_0_0_438|            0.411140|             2.493140|           0.014353|         2.918633
445  |*i_0_0_439|            0.600110|             8.002408|           0.021200|         8.623718
446  |*i_0_0_440|            1.116850|             5.649467|           0.034026|         6.800343
447  |*i_0_0_441|            1.100405|             2.897470|           0.034026|         4.031901
448  |*i_0_0_442|            0.472093|            10.262946|           0.014353|        10.749392
449  |*i_0_0_443|            0.914149|            18.143499|           0.022619|        19.080269
450  |*i_0_0_444|            0.877619|             1.322395|           0.022619|         2.222634
451  |*i_0_0_445|            1.250365|             1.409286|           0.032612|         2.692263
452  |*i_0_0_446|            1.343570|             1.438816|           0.033938|         2.816324
453  |*i_0_0_447|            1.226206|             0.898695|           0.033938|         2.158839
454  |*i_0_0_448|            1.404971|             1.051267|           0.033938|         2.490176
455  |*i_0_0_449|            0.760985|             0.638603|           0.022039|         1.421628
456  |*i_0_0_450|            0.867794|             0.880048|           0.017393|         1.765235
457  |*i_0_0_451|            0.123448|             1.510979|           0.014353|         1.648780
458  |*i_0_0_452|            0.250921|             1.889485|           0.022039|         2.162445
459  |*i_0_0_453|            0.919954|             1.255234|           0.022039|         2.197227
460  |*i_0_0_454|            0.848895|             1.018609|           0.033938|         1.901441
461  |*i_0_0_455|            0.659800|             0.692090|           0.022619|         1.374509
462  |*i_0_0_456|            0.672774|             0.691251|           0.033938|         1.397963
463  |*i_0_0_457|            0.943644|             1.013545|           0.022619|         1.979808
464  |*i_0_0_458|            0.104372|             0.744823|           0.014353|         0.863548
465  |*i_0_0_459|            0.279995|             2.027342|           0.033938|         2.341275
466  |*i_0_0_460|            1.127501|             2.447634|           0.032612|         3.607747
467  |*i_0_0_461|            1.014763|             1.509221|           0.034026|         2.558010
468  |*i_0_0_462|            0.666020|             1.047364|           0.022619|         1.736004
469  |*i_0_0_463|            0.672774|             0.691251|           0.033938|         1.397963
470  |*i_0_0_464|            0.923795|             1.456995|           0.022619|         2.403410
471  |*i_0_0_465|            0.094378|             0.436229|           0.014353|         0.544960
472  |*i_0_0_466|            0.254528|             1.819724|           0.033938|         2.108190
473  |*i_0_0_467|            0.892441|             1.502903|           0.034026|         2.429370
474  |*i_0_0_468|            0.979520|             2.433290|           0.032612|         3.445422
475  |*i_0_0_469|            1.165479|             1.341234|           0.033938|         2.540651
476  |*i_0_0_470|            0.673774|             0.508205|           0.033938|         1.215917
477  |*i_0_0_471|            0.091750|             0.378041|           0.014353|         0.484143
478  |*i_0_0_472|            0.240340|             1.767454|           0.033938|         2.041732
479  |*i_0_0_473|            0.996499|             1.634415|           0.034026|         2.664939
480  |*i_0_0_474|            1.175681|             2.836387|           0.032612|         4.044681
481  |*i_0_0_475|            1.159860|             1.341234|           0.033938|         2.535032
482  |*i_0_0_476|            0.673774|             0.508205|           0.033938|         1.215917
483  |*i_0_0_477|            0.106246|             0.437772|           0.014353|         0.558371
484  |*i_0_0_478|            0.288310|             2.046716|           0.033938|         2.368963
485  |*i_0_0_479|            0.834064|             1.417560|           0.034026|         2.285650
486  |*i_0_0_480|            0.919972|             2.190575|           0.032612|         3.143159
487  |*i_0_0_481|            1.165336|             2.179811|           0.033938|         3.379085
488  |*i_0_0_482|            0.673774|             0.508205|           0.033938|         1.215917
489  |*i_0_0_483|            0.098181|             0.702484|           0.014353|         0.815018
490  |*i_0_0_484|            0.260356|             1.907192|           0.033938|         2.201487
491  |*i_0_0_485|            1.127928|             1.956941|           0.032612|         3.117481
492  |*i_0_0_486|            0.921198|             2.205219|           0.032612|         3.159029
493  |*i_0_0_487|            1.166848|             2.596448|           0.033938|         3.797234
494  |*i_0_0_488|            0.673774|             0.508205|           0.033938|         1.215917
495  |*i_0_0_489|            0.103093|             0.475937|           0.014353|         0.593383
496  |*i_0_0_490|            0.278490|             1.987738|           0.033938|         2.300165
497  |*i_0_0_491|            0.767333|             1.318899|           0.034026|         2.120258
498  |*i_0_0_492|            0.848863|             2.191705|           0.032612|         3.073179
499  |*i_0_0_493|            1.172134|             2.644069|           0.033938|         3.850141
500  |*i_0_0_494|            0.540991|             5.876659|           0.017393|         6.435043
501  |*i_0_0_495|            0.673774|             0.508205|           0.033938|         1.215917
502  |*i_0_0_496|            0.095877|             0.395045|           0.014353|         0.505275
503  |*i_0_0_497|            0.264071|             1.846956|           0.033938|         2.144965
504  |*i_0_0_498|            1.115765|             1.954776|           0.032612|         3.103153
505  |*i_0_0_499|            1.118751|             3.057943|           0.034026|         4.210720
506  |*i_0_0_500|            0.542386|             2.900904|           0.014353|         3.457643
507  |*i_0_0_501|            0.880254|             7.816290|           0.022619|         8.719163
508  |*i_0_0_502|            0.640642|             0.691251|           0.033938|         1.365831
509  |*i_0_0_503|            0.085549|             0.612101|           0.014353|         0.712004
510  |*i_0_0_504|            0.223865|             1.661811|           0.033938|         1.919614
511  |*i_0_0_505|            0.719904|             1.193455|           0.034026|         1.947385
512  |*i_0_0_506|            0.749554|             1.862360|           0.032612|         2.644526
513  |*i_0_0_507|            0.734645|             1.986518|           0.034026|         2.755189
514  |*i_0_0_508|            1.223041|             2.888145|           0.032612|         4.143798
515  |*i_0_0_509|            0.083323|             0.384666|           0.014353|         0.482343
516  |*i_0_0_510|            0.220158|             1.606549|           0.033938|         1.860644
517  |*i_0_0_511|            0.823940|             1.452601|           0.034026|         2.310568
518  |*i_0_0_512|            0.749628|             1.873850|           0.032612|         2.656090
519  |*i_0_0_513|            0.734645|             1.986518|           0.034026|         2.755189
520  |*i_0_0_514|            1.223041|             2.888145|           0.032612|         4.143798
521  |*i_0_0_515|            0.083325|             0.446399|           0.014353|         0.544078
522  |*i_0_0_516|            0.215189|             1.609987|           0.033938|         1.859114
523  |*i_0_0_517|            0.671372|             1.090770|           0.034026|         1.796168
524  |*i_0_0_518|            0.750942|             1.861400|           0.032612|         2.644954
525  |*i_0_0_519|            0.733667|             1.986518|           0.034026|         2.754210
526  |*i_0_0_520|            1.229273|             2.427102|           0.032612|         3.688987
527  |*i_0_0_521|            0.078803|             1.486242|           0.014353|         1.579399
528  |*i_0_0_522|            0.211317|             1.554615|           0.033938|         1.799870
529  |*i_0_0_523|            0.764666|             1.366684|           0.034026|         2.165376
530  |*i_0_0_524|            1.098678|             2.536167|           0.032612|         3.667456
531  |*i_0_0_525|            0.732220|             1.973565|           0.034026|         2.739810
532  |*i_0_0_526|            1.229075|             2.441758|           0.032612|         3.703445
533  |*i_0_0_527|            0.081108|             0.334192|           0.014353|         0.429652
534  |*i_0_0_528|            0.207257|             1.562447|           0.033938|         1.803642
535  |*i_0_0_529|            0.594111|             0.981007|           0.034026|         1.609144
536  |*i_0_0_530|            0.428125|             1.509913|           0.027858|         1.965896
537  |*i_0_0_531|            0.157951|             0.284215|           0.021200|         0.463365
538  |*i_0_0_532|            0.731195|             1.988430|           0.034026|         2.753652
539  |*i_0_0_533|            1.229054|             2.443261|           0.032612|         3.704927
540  |*i_0_0_534|            0.077169|             0.640903|           0.014353|         0.732425
541  |*i_0_0_535|            0.202770|             1.504133|           0.033938|         1.740841
542  |*i_0_0_536|            0.795492|             1.286703|           0.034026|         2.116222
543  |*i_0_0_537|            0.428125|             1.509913|           0.027858|         1.965896
544  |*i_0_0_538|            0.157951|             0.284215|           0.021200|         0.463365
545  |*i_0_0_539|            0.729176|             1.988430|           0.034026|         2.751632
546  |*i_0_0_540|            1.229273|             2.427102|           0.032612|         3.688987
547  |*i_0_0_541|            0.078143|             0.400474|           0.014353|         0.492970
548  |*i_0_0_542|            0.198306|             1.508813|           0.033938|         1.741056
549  |*i_0_0_543|            0.510659|             0.857991|           0.034026|         1.402677
550  |*i_0_0_544|            0.428084|             1.510697|           0.027858|         1.966639
551  |*i_0_0_545|            0.156764|             0.284215|           0.021200|         0.462178
552  |*i_0_0_546|            0.738948|             1.964422|           0.034026|         2.737396
553  |*i_0_0_547|            1.229273|             2.427102|           0.032612|         3.688987
554  |*i_0_0_548|            0.073519|             1.386581|           0.014353|         1.474453
555  |*i_0_0_549|            0.193633|             1.450369|           0.033938|         1.677940
556  |*i_0_0_550|            0.751750|             1.182886|           0.034026|         1.968662
557  |*i_0_0_551|            0.797570|             2.336633|           0.032612|         3.166816
558  |*i_0_0_552|            1.350175|             2.972512|           0.022695|         4.345381
559  |*i_0_0_553|            1.138471|             1.892250|           0.041741|         3.072462
560  |*i_0_0_554|            0.355674|            13.711025|           0.014353|        14.081052
561  |*i_0_0_555|            0.534631|             6.533293|           0.021200|         7.089124
562  |*i_0_0_556|            0.075420|             0.310756|           0.014353|         0.400529
563  |*i_0_0_557|            0.192648|             1.452881|           0.033938|         1.679466
564  |*i_0_0_558|            0.448031|             0.732313|           0.034026|         1.214370
565  |*i_0_0_559|            0.237649|             1.097800|           0.014353|         1.349802
566  |*i_0_0_560|            0.430924|             2.987042|           0.034026|         3.451993
567  |*i_0_0_561|            1.200781|             5.776012|           0.032612|         7.009405
568  |*i_0_0_562|            0.072192|             0.297454|           0.014353|         0.383999
569  |*i_0_0_563|            0.183512|             1.390689|           0.033938|         1.608139
570  |*i_0_0_564|            0.599545|             1.053043|           0.034026|         1.686614
571  |*i_0_0_565|            0.237630|             1.098376|           0.014353|         1.350359
572  |*i_0_0_566|            0.428324|             2.987041|           0.034026|         3.449391
573  |*i_0_0_567|            1.200789|             5.774510|           0.032612|         7.007911
574  |*i_0_0_568|            0.070815|             0.731666|           0.014353|         0.816834
575  |*i_0_0_569|            0.178071|             1.174861|           0.033938|         1.386870
576  |*i_0_0_570|            0.330735|             0.567392|           0.034026|         0.932153
577  |*i_0_0_571|            0.237611|             1.098953|           0.014353|         1.350916
578  |*i_0_0_572|            0.428912|             2.987042|           0.034026|         3.449980
579  |*i_0_0_573|            1.203394|             5.307357|           0.032612|         6.543363
580  |*i_0_0_574|            0.069815|             0.322306|           0.014353|         0.406474
581  |*i_0_0_575|            0.175891|             1.346102|           0.033938|         1.555931
582  |*i_0_0_576|            0.493878|             0.923854|           0.034026|         1.451758
583  |*i_0_0_577|            0.151905|             0.678386|           0.017393|         0.847684
584  |*i_0_0_578|            0.476822|             2.001066|           0.021200|         2.499088
585  |*i_0_0_579|            0.207093|             3.850076|           0.014353|         4.071522
586  |*i_0_0_580|            0.297928|             4.067460|           0.021200|         4.386588
587  |*i_0_0_581|            0.276894|             1.139002|           0.021200|         1.437096
588  |*i_0_0_582|            1.211035|             3.937055|           0.032612|         5.180702
589  |*i_0_0_583|            0.066551|             0.484631|           0.014353|         0.565535
590  |*i_0_0_584|            0.135241|             1.313320|           0.022039|         1.470600
591  |*i_0_0_585|            0.940135|             1.479927|           0.022619|         2.442682
592  |*i_0_0_586|            0.327240|             0.586455|           0.041741|         0.955436
593  |*i_0_0_587|            1.197171|             6.423297|           0.032612|         7.653080
594  |*i_0_0_588|            0.024417|             0.115263|           0.027858|         0.167539
595  |*i_0_0_589|            0.028886|             0.048623|           0.022619|         0.100129
596  |*i_0_0_590|            0.494303|             0.967023|           0.021200|         1.482525
597  |*i_0_0_591|            0.550891|             2.338584|           0.021200|         2.910675
598  |*i_0_0_592|            0.467597|             5.280818|           0.014353|         5.762768
599  |*i_0_0_593|            1.142157|             9.221017|           0.034026|        10.397200
600  |*i_0_0_594|            0.018970|             0.113799|           0.027858|         0.160628
601  |*i_0_0_595|            1.189337|             7.828195|           0.032612|         9.050144
602  |*i_0_0_596|            0.007850|             0.051098|           0.021200|         0.080147
603  |*i_0_0_597|            0.018754|             0.086176|           0.017393|         0.122323
604  |*i_0_0_598|            0.082317|             0.168993|           0.025066|         0.276376
605  |*i_0_0_599|            0.204843|             2.980747|           0.014353|         3.199942
606  |*i_0_0_600|            0.290386|             4.360236|           0.021200|         4.671822
607  |*i_0_0_601|            0.353384|            11.006024|           0.014353|        11.373761
608  |*i_0_0_602|            0.497706|            12.147558|           0.021200|        12.666464
609  |*i_0_0_603|            0.430166|            10.577241|           0.026832|        11.034239
610  |*i_0_0_604|            0.468032|             2.734367|           0.014353|         3.216753
611  |*i_0_0_605|            1.166669|            13.196130|           0.034026|        14.396825
612  |*i_0_0_606|            1.116876|             5.196190|           0.034026|         6.347092
613  |*i_0_0_607|            1.117060|             5.196190|           0.034026|         6.347276
614  |*i_0_0_608|            1.117441|             5.277700|           0.034026|         6.429167
615  |*i_0_0_609|            1.116933|             5.160064|           0.034026|         6.311023
616  |*i_0_0_610|            0.468019|             2.838051|           0.014353|         3.320424
617  |*i_0_0_611|            1.157709|            11.675739|           0.034026|        12.867474
618  |*i_0_0_612|            0.465395|             1.245511|           0.014353|         1.725260
619  |*i_0_0_613|            1.165878|            13.017324|           0.034026|        14.217228
620  |*i_0_0_614|            0.473196|            75.620766|           0.014353|        76.108322
621  |*i_0_0_615|            0.398112|            84.771133|           0.022619|        85.191864
622  |*i_0_0_616|            0.872553|             1.291227|           0.022619|         2.186399
623  |*i_0_0_617|            1.562446|             1.327321|           0.047399|         2.937165
624  |*i_0_0_618|            1.000686|             0.978045|           0.027858|         2.006590
625  |*i_0_0_619|            0.354798|             1.032110|           0.014353|         1.401261
626  |*i_0_0_620|            0.576106|             6.940345|           0.021200|         7.537651
627  |*i_0_0_621|            1.193801|             0.815564|           0.033938|         2.043303
628  |*i_0_0_622|            1.455068|             1.051268|           0.033938|         2.540274
629  |*i_0_0_623|            0.731169|             0.638603|           0.022039|         1.391811
630  |*i_0_0_624|            1.242176|             2.844642|           0.034026|         4.120844
631  |*i_0_0_625|            1.235094|             2.800504|           0.032612|         4.068211
632  |*i_0_0_626|            1.177089|             2.740279|           0.022695|         3.940063
633  |*i_0_0_627|            0.331975|             0.580989|           0.014353|         0.927318
634  |*i_0_0_628|            0.261449|             0.780407|           0.014353|         1.056209
635  |*i_0_0_629|            0.518740|             0.907845|           0.014353|         1.440938
636  |*i_0_0_630|            0.597597|             1.045853|           0.014353|         1.657803
637  |*i_0_0_631|            0.659335|             1.153901|           0.014353|         1.827589
638  |*i_0_0_632|            0.423422|             1.263885|           0.014353|         1.701660
639  |*i_0_0_633|            0.747049|             1.307408|           0.014353|         2.068810
640  |*i_0_0_634|            0.773967|             1.354517|           0.014353|         2.142838
641  |*i_0_0_635|            0.468579|             1.398675|           0.014353|         1.881608
642  |*i_0_0_636|            0.806757|             1.411903|           0.014353|         2.233013
643  |*i_0_0_637|            0.792993|             1.428169|           0.014353|         2.235515
644  |*i_0_0_638|            0.821446|             1.437610|           0.014353|         2.273409
645  |*i_0_0_639|            0.823665|             1.441494|           0.014353|         2.279512
646  |*i_0_0_640|            0.799882|             1.440576|           0.014353|         2.254812
647  |*i_0_0_641|            0.797104|             1.435573|           0.014353|         2.247031
648  |*i_0_0_642|            0.815631|             1.427434|           0.014353|         2.257419
649  |*i_0_0_643|            0.809213|             1.416201|           0.014353|         2.239767
650  |*i_0_0_644|            0.461631|             1.377936|           0.014353|         1.853920
651  |*i_0_0_645|            0.783608|             1.371391|           0.014353|         2.169352
652  |*i_0_0_646|            0.467246|             2.801848|           0.014353|         3.283447
653  |*i_0_0_647|            0.483264|            38.777649|           0.014353|        39.275265
654  |*i_0_0_648|            0.452283|            26.430771|           0.014353|        26.897406
655  |*i_0_0_649|            0.473829|            30.089041|           0.014353|        30.577223
656  |*i_0_0_650|            0.473849|            27.116432|           0.014353|        27.604633
657  |*i_0_0_651|            0.475255|             4.227687|           0.014353|         4.717296
658  |*i_0_0_652|            0.954597|             2.480330|           0.014353|         3.449281
659  |*i_0_0_653|            0.957712|             2.426554|           0.014353|         3.398619
660  |*i_0_0_654|            0.928842|             2.924953|           0.014353|         3.868148
661  |*i_0_0_655|            0.842488|             4.415710|           0.014353|         5.272551
662  |*i_0_0_656|            0.803700|             5.368085|           0.014353|         6.186138
663  |*i_0_0_657|            0.820657|             4.911158|           0.014353|         5.746168
664  |*i_0_0_658|            0.870996|             3.923551|           0.014353|         4.808900
665  |*i_0_0_659|            0.802622|             5.397146|           0.014353|         6.214120
666  |*i_0_0_660|            0.744315|             6.968287|           0.014353|         7.726955
667  |*i_0_0_661|            0.784143|             5.895067|           0.014353|         6.693563
668  |*i_0_0_662|            0.844687|             4.377746|           0.014353|         5.236785
669  |*i_0_0_663|            0.452693|            35.749756|           0.014353|        36.216801
670  |*i_0_0_664|            0.958971|             2.404814|           0.014353|         3.378139
671  |*i_0_0_665|            0.956854|             2.441366|           0.014353|         3.412573
672  |*i_0_0_666|            0.928842|             2.924953|           0.014353|         3.868148
673  |*i_0_0_667|            0.844500|             4.380963|           0.014353|         5.239816
674  |*i_0_0_668|            0.802437|             5.402127|           0.014353|         6.218917
675  |*i_0_0_669|            0.823051|             4.846640|           0.014353|         5.684044
676  |*i_0_0_670|            0.763087|             6.462442|           0.014353|         7.239882
677  |*i_0_0_671|            0.873296|             3.883848|           0.014353|         4.771497
678  |*i_0_0_672|            0.928842|             2.924953|           0.014353|         3.868148
679  |*i_0_0_673|            0.928842|             2.924953|           0.014353|         3.868148
680  |*i_0_0_674|            0.456646|            35.249760|           0.014353|        35.720760
681  |          |                    |                     |                   |                 
682  |*TOTAL    |          762.096313|          3608.124512|          25.516130|      4395.736816
-----+----------+--------------------+---------------------+-------------------+-----------------
