Report for group default
Report for group I2R
Report for group I2O
------------------------------------------------------------------------------------------------------------------------------------------------------------
Startpoint: B[24]
    (Clocked by rtDefaultClock R)
Endpoint: SUM[1]
    (Clocked by vsysclk R)
Path Group: I2O
Data required time: 19500.0
    (Clock shift: 20000.0, minus Uncertainty: 0.0, plus Latency 0.0, minus Out delay: 500.0)
Data arrival time: 5412.2
Slack: 14087.8
Logic depth: 108
------------------------------------------------------------------------------------------------------------------------------------------------------------
                                                     Arrival               Arc      Net               Net    Total   fan-                                   
Path                     Module/Cell           Edge     Time    Delay    Delay    Delay     Slew     Load     Load    out     Location Power Domain      (V)
                                                        (ps)     (ps)     (ps)     (ps)     (ps)     (ff)     (ff)    (#)      (um,um)                      
------------------------------------------------------------------------------------------------------------------------------------------------------------
B[24]                    {set_input_delay}        f   1000.0   1000.0   1000.0                        6.5     44.6      4    51,    0                       
i_0_0_449/C1->ZN         OAI211_X4               fr   1061.4     61.4     60.7      0.7    100.0      0.9      3.5      1    51,   50  /PD_TOP        (1.10)
i_0_0_448/A->ZN          OAI221_X2               rf   1097.9     36.5     36.5      0.0     20.4      0.9      3.5      1    51,   50  /PD_TOP        (1.10)
i_0_0_447/A->ZN          OAI221_X2               fr   1126.0     28.1     28.1      0.0     18.2      0.9      3.5      1    51,   50  /PD_TOP        (1.10)
i_0_0_446/A->ZN          OAI221_X2               rf   1170.8     44.8     44.8      0.0     38.8      0.9      5.0      1    51,   50  /PD_TOP        (1.10)
i_0_0_445/B2->ZN         AOI22_X4                fr   1222.7     51.9     51.9      0.0     20.1      0.8      4.8      1    51,   50  /PD_TOP        (1.10)
i_0_0_444/B2->ZN         OAI21_X4                rf   1243.8     21.1     21.1      0.0     25.5      0.7      4.7      1    51,   50  /PD_TOP        (1.10)
i_0_0_443/A->ZN          OAI21_X4*               fr   1293.8     50.0     50.0      0.0      9.6      6.4     60.2      8    51,   50  /PD_TOP        (1.10)
i_0_0_442/A->ZN          INV_X8                  rf   1308.4     14.6     14.4      0.2     15.3      5.7     34.1      7    51,   50  /PD_TOP        (1.10)
i_0_0_440/A2->ZN         OAI22_X4                fr   1359.3     50.9     50.7      0.2      6.9      2.8     19.0      4    51,   50  /PD_TOP        (1.10)
i_0_0_439/A2->ZN         NOR2_X4*                rf   1390.3     31.0     30.9      0.1     48.3      1.3     30.6      2    51,   50  /PD_TOP        (1.10)
i_0_0_417/A->ZN          AOI21_X4                fr   1437.8     47.5     47.5      0.0     15.3      1.5      8.8      2    51,   50  /PD_TOP        (1.10)
add1/i_0_25/A->Z         XOR2_X2                 rf   1465.0     27.2     27.2      0.0     26.9      1.4      9.2      2    51,   50  /PD_TOP        (1.10)
add1/i_0_24/B2->ZN       AOI22_X4*               fr   1545.7     80.7     80.7      0.0     15.2      1.4     29.9      2    51,   50  /PD_TOP        (1.10)
add1/i_0_23/A->ZN        INV_X8                  rf   1552.7      7.0      7.0      0.0     15.3      0.7      4.5      1    51,   50  /PD_TOP        (1.10)
add1/i_0_21/B1->ZN       AOI22_X4*               fr   1623.0     70.3     70.3      0.0      3.5      1.4     29.9      2    51,   50  /PD_TOP        (1.10)
add1/i_0_20/A->ZN        INV_X8                  rf   1630.0      7.0      7.0      0.0     15.3      0.7      4.5      1    51,   50  /PD_TOP        (1.10)
add1/i_0_18/B1->ZN       AOI22_X4*               fr   1700.3     70.3     70.3      0.0      3.5      1.4     29.9      2    51,   50  /PD_TOP        (1.10)
add1/i_0_17/A->ZN        INV_X8                  rf   1707.3      7.0      7.0      0.0     15.3      0.7      4.5      1    51,   50  /PD_TOP        (1.10)
add1/i_0_15/B1->ZN       AOI22_X4*               fr   1777.6     70.3     70.3      0.0      3.5      1.4     29.9      2    51,   50  /PD_TOP        (1.10)
add1/i_0_14/A->ZN        INV_X8                  rf   1784.6      7.0      7.0      0.0     15.3      0.7      4.5      1    51,   50  /PD_TOP        (1.10)
add1/i_0_12/B1->ZN       AOI22_X4                fr   1829.1     44.5     44.5      0.0      3.5      1.5      8.7      2    51,   50  /PD_TOP        (1.10)
add1/i_0_10/B1->ZN       OAI21_X4                rf   1847.3     18.2     18.2      0.0     30.2      0.7      3.9      1    51,   50  /PD_TOP        (1.10)
add1/i_0_8/A->Z          XOR2_X2                 ff   1900.9     53.6     53.6      0.0      9.3      0.7      4.8      1    51,   50  /PD_TOP        (1.10)
i_0_0_603/A1->ZN         NOR3_X4*                fr   2002.7    101.8    101.8      0.0     12.9     20.3     79.4     22    51,   50  /PD_TOP        (1.10)
i_0_0_459/A->ZN          OAI221_X4               rf   2083.2     80.5     79.7      0.8     15.3      1.6     31.1      2    51,   50  /PD_TOP        (1.10)
i_0_0_458/A->ZN          INV_X8                  fr   2097.2     14.0     14.0      0.0     11.8      2.0     11.4      3    51,   50  /PD_TOP        (1.10)
i_0_16/i_0/A->Z          XOR2_X2                 rr   2202.4    105.2    105.2      0.0      7.1      0.6     26.0      1    51,   50  /PD_TOP        (1.10)
i_0_0_627/A->ZN          INV_X8                  rf   2207.2      4.8      4.8      0.0     76.9      0.7      4.8      1    51,   50  /PD_TOP        (1.10)
i_0_0_103/A2->ZN         OAI22_X4                fr   2244.0     36.8     36.8      0.0      3.5      1.5      9.2      2    51,   50  /PD_TOP        (1.10)
add2/i_0_96/B->Z         XOR2_X2                 rf   2273.3     29.3     29.3      0.0     36.4      1.4      9.2      2    51,   50  /PD_TOP        (1.10)
add2/i_0_95/B2->ZN       AOI22_X4*               fr   2354.0     80.7     80.7      0.0     15.2      1.4     29.9      2    51,   50  /PD_TOP        (1.10)
add2/i_0_94/A->ZN        INV_X8                  rf   2361.0      7.0      7.0      0.0     15.3      0.7      4.5      1    51,   50  /PD_TOP        (1.10)
add2/i_0_92/B1->ZN       AOI22_X4*               fr   2431.3     70.3     70.3      0.0      3.5      1.4     29.9      2    51,   50  /PD_TOP        (1.10)
add2/i_0_91/A->ZN        INV_X8                  rf   2438.3      7.0      7.0      0.0     15.3      0.7      4.5      1    51,   50  /PD_TOP        (1.10)
add2/i_0_89/B1->ZN       AOI22_X4*               fr   2508.6     70.3     70.3      0.0      3.5      1.4     29.9      2    51,   50  /PD_TOP        (1.10)
add2/i_0_88/A->ZN        INV_X8                  rf   2515.6      7.0      7.0      0.0     15.3      0.7      4.5      1    51,   50  /PD_TOP        (1.10)
add2/i_0_86/B1->ZN       AOI22_X4*               fr   2585.9     70.3     70.3      0.0      3.5      1.4     29.9      2    51,   50  /PD_TOP        (1.10)
add2/i_0_85/A->ZN        INV_X8                  rf   2592.9      7.0      7.0      0.0     15.3      0.7      4.5      1    51,   50  /PD_TOP        (1.10)
add2/i_0_83/B1->ZN       AOI22_X4*               fr   2663.2     70.3     70.3      0.0      3.5      1.4     29.9      2    51,   50  /PD_TOP        (1.10)
add2/i_0_82/A->ZN        INV_X8                  rf   2670.2      7.0      7.0      0.0     15.3      0.7      4.5      1    51,   50  /PD_TOP        (1.10)
add2/i_0_80/B1->ZN       AOI22_X4*               fr   2740.5     70.3     70.3      0.0      3.5      1.4     29.9      2    51,   50  /PD_TOP        (1.10)
add2/i_0_79/A->ZN        INV_X8                  rf   2747.5      7.0      7.0      0.0     15.3      0.7      4.5      1    51,   50  /PD_TOP        (1.10)
add2/i_0_77/B1->ZN       AOI22_X4*               fr   2817.8     70.3     70.3      0.0      3.5      1.4     29.9      2    51,   50  /PD_TOP        (1.10)
add2/i_0_76/A->ZN        INV_X8                  rf   2824.8      7.0      7.0      0.0     15.3      0.7      4.5      1    51,   50  /PD_TOP        (1.10)
add2/i_0_74/B1->ZN       AOI22_X4*               fr   2895.1     70.3     70.3      0.0      3.5      1.4     29.9      2    51,   50  /PD_TOP        (1.10)
add2/i_0_73/A->ZN        INV_X8                  rf   2902.1      7.0      7.0      0.0     15.3      0.7      4.5      1    51,   50  /PD_TOP        (1.10)
add2/i_0_71/B1->ZN       AOI22_X4*               fr   2972.4     70.3     70.3      0.0      3.5      1.4     29.9      2    51,   50  /PD_TOP        (1.10)
add2/i_0_70/A->ZN        INV_X8                  rf   2979.4      7.0      7.0      0.0     15.3      0.7      4.5      1    51,   50  /PD_TOP        (1.10)
add2/i_0_68/B1->ZN       AOI22_X4*               fr   3049.7     70.3     70.3      0.0      3.5      1.4     29.9      2    51,   50  /PD_TOP        (1.10)
add2/i_0_67/A->ZN        INV_X8                  rf   3056.7      7.0      7.0      0.0     15.3      0.7      4.5      1    51,   50  /PD_TOP        (1.10)
add2/i_0_65/B1->ZN       AOI22_X4*               fr   3127.0     70.3     70.3      0.0      3.5      1.4     29.9      2    51,   50  /PD_TOP        (1.10)
add2/i_0_64/A->ZN        INV_X8                  rf   3134.0      7.0      7.0      0.0     15.3      0.7      4.5      1    51,   50  /PD_TOP        (1.10)
add2/i_0_62/B1->ZN       AOI22_X4*               fr   3204.3     70.3     70.3      0.0      3.5      1.4     29.9      2    51,   50  /PD_TOP        (1.10)
add2/i_0_61/A->ZN        INV_X8                  rf   3211.3      7.0      7.0      0.0     15.3      0.7      4.5      1    51,   50  /PD_TOP        (1.10)
add2/i_0_59/B1->ZN       AOI22_X4*               fr   3281.6     70.3     70.3      0.0      3.5      1.4     29.9      2    51,   50  /PD_TOP        (1.10)
add2/i_0_58/A->ZN        INV_X8                  rf   3288.6      7.0      7.0      0.0     15.3      0.7      4.5      1    51,   50  /PD_TOP        (1.10)
add2/i_0_56/B1->ZN       AOI22_X4*               fr   3358.9     70.3     70.3      0.0      3.5      1.4     29.9      2    51,   50  /PD_TOP        (1.10)
add2/i_0_55/A->ZN        INV_X8                  rf   3365.9      7.0      7.0      0.0     15.3      0.7      4.5      1    51,   50  /PD_TOP        (1.10)
add2/i_0_53/B1->ZN       AOI22_X4*               fr   3436.2     70.3     70.3      0.0      3.5      1.4     29.9      2    51,   50  /PD_TOP        (1.10)
add2/i_0_52/A->ZN        INV_X8                  rf   3443.2      7.0      7.0      0.0     15.3      0.7      4.5      1    51,   50  /PD_TOP        (1.10)
add2/i_0_50/B1->ZN       AOI22_X4*               fr   3513.5     70.3     70.3      0.0      3.5      1.4     29.9      2    51,   50  /PD_TOP        (1.10)
add2/i_0_49/A->ZN        INV_X8                  rf   3520.5      7.0      7.0      0.0     15.3      0.7      4.5      1    51,   50  /PD_TOP        (1.10)
add2/i_0_47/B1->ZN       AOI22_X4*               fr   3590.8     70.3     70.3      0.0      3.5      1.4     29.9      2    51,   50  /PD_TOP        (1.10)
add2/i_0_46/A->ZN        INV_X8                  rf   3597.8      7.0      7.0      0.0     15.3      0.7      4.5      1    51,   50  /PD_TOP        (1.10)
add2/i_0_44/B1->ZN       AOI22_X4*               fr   3668.1     70.3     70.3      0.0      3.5      1.4     29.9      2    51,   50  /PD_TOP        (1.10)
add2/i_0_43/A->ZN        INV_X8                  rf   3675.1      7.0      7.0      0.0     15.3      0.7      4.5      1    51,   50  /PD_TOP        (1.10)
add2/i_0_41/B1->ZN       AOI22_X4*               fr   3745.4     70.3     70.3      0.0      3.5      1.4     29.9      2    51,   50  /PD_TOP        (1.10)
add2/i_0_40/A->ZN        INV_X8                  rf   3752.4      7.0      7.0      0.0     15.3      0.7      4.5      1    51,   50  /PD_TOP        (1.10)
add2/i_0_38/B1->ZN       AOI22_X4*               fr   3822.7     70.3     70.3      0.0      3.5      1.4     29.9      2    51,   50  /PD_TOP        (1.10)
add2/i_0_37/A->ZN        INV_X8                  rf   3829.7      7.0      7.0      0.0     15.3      0.7      4.5      1    51,   50  /PD_TOP        (1.10)
add2/i_0_35/B1->ZN       AOI22_X4*               fr   3900.0     70.3     70.3      0.0      3.5      1.4     29.9      2    51,   50  /PD_TOP        (1.10)
add2/i_0_34/A->ZN        INV_X8                  rf   3907.0      7.0      7.0      0.0     15.3      0.7      4.5      1    51,   50  /PD_TOP        (1.10)
add2/i_0_32/B1->ZN       AOI22_X4*               fr   3977.3     70.3     70.3      0.0      3.5      1.4     29.9      2    51,   50  /PD_TOP        (1.10)
add2/i_0_31/A->ZN        INV_X8                  rf   3984.3      7.0      7.0      0.0     15.3      0.7      4.5      1    51,   50  /PD_TOP        (1.10)
add2/i_0_29/B1->ZN       AOI22_X4                fr   4028.5     44.2     44.2      0.0      3.5      1.5      8.5      2    51,   50  /PD_TOP        (1.10)
add2/i_0_27/B1->ZN       AOI22_X4                rf   4067.8     39.3     39.3      0.0     29.9      0.7     26.2      1    51,   50  /PD_TOP        (1.10)
add2/i_0_26/A->ZN        INV_X32                 fr   4099.0     31.2     31.2      0.0     22.0     23.3    172.2     29    51,   50  /PD_TOP        (1.10)
i_0_0_647/A->ZN          INV_X32                 rf   4115.5     16.5     15.6      0.9     17.1     22.9    130.4     27    51,   50  /PD_TOP        (1.10)
i_0_0_365/A1->ZN         AOI22_X4*               fr   4188.2     72.7     71.8      0.9      7.4      4.8     49.0      6    51,   50  /PD_TOP        (1.10)
i_0_0_364/A->ZN          INV_X8                  rf   4198.2     10.0      9.9      0.1     15.3      2.3     14.0      3    51,   50  /PD_TOP        (1.10)
i_0_0_347/A->ZN          AOI21_X4                fr   4235.7     37.5     37.5      0.0      4.6      0.7      4.8      1    51,   50  /PD_TOP        (1.10)
i_0_0_346/B2->ZN         OAI21_X4                rf   4268.6     32.9     32.9      0.0     22.2      0.6     26.1      1    51,   50  /PD_TOP        (1.10)
i_0_0_345/A->ZN          INV_X8                  fr   4282.4     13.8     13.8      0.0     18.8      0.6      4.7      1    51,   50  /PD_TOP        (1.10)
i_0_0_344/B2->ZN         OAI21_X4                rf   4297.1     14.7     14.7      0.0      5.4      0.7      4.9      1    51,   50  /PD_TOP        (1.10)
i_0_0_343/B2->ZN         AOI21_X4                fr   4329.1     32.0     32.0      0.0      9.7      0.7      4.8      1    51,   50  /PD_TOP        (1.10)
i_0_0_342/B2->ZN         OAI21_X4                rf   4349.7     20.6     20.6      0.0     22.2      0.7      4.9      1    51,   50  /PD_TOP        (1.10)
i_0_0_341/B2->ZN         AOI21_X4                fr   4381.7     32.0     32.0      0.0      9.7      0.7      4.8      1    51,   50  /PD_TOP        (1.10)
i_0_0_340/B2->ZN         OAI21_X4                rf   4402.2     20.5     20.5      0.0     22.2      0.7      4.8      1    51,   50  /PD_TOP        (1.10)
i_0_0_335/B1->ZN         AOI21_X4                fr   4429.1     26.9     26.9      0.0      9.6      0.7      4.8      1    51,   50  /PD_TOP        (1.10)
i_0_0_333/B2->ZN         OAI21_X4                rf   4454.3     25.2     25.2      0.0     22.2      2.1     12.5      3    51,   50  /PD_TOP        (1.10)
i_0_0_288/A2->ZN         NOR2_X4*                fr   4542.3     88.0     88.0      0.0     12.8     22.1    121.7     25    51,   50  /PD_TOP        (1.10)
i_0_0_286/A2->ZN         NAND2_X4                rf   4557.8     15.5     14.6      0.9     15.3      0.7      3.5      1    51,   50  /PD_TOP        (1.10)
i_0_0_1/CI->CO           FA_X1                   ff   4628.5     70.7     70.7      0.0      6.6      0.8      3.6      1    51,   50  /PD_TOP        (1.10)
i_0_0_2/CI->CO           FA_X1                   ff   4702.7     74.2     74.2      0.0     15.9      0.8      3.6      1    51,   50  /PD_TOP        (1.10)
i_0_0_3/CI->CO           FA_X1                   ff   4776.9     74.2     74.2      0.0     15.9      0.8      3.6      1    51,   50  /PD_TOP        (1.10)
i_0_0_4/CI->CO           FA_X1                   ff   4851.1     74.2     74.2      0.0     15.9      0.8      3.6      1    51,   50  /PD_TOP        (1.10)
i_0_0_5/CI->CO           FA_X1                   ff   4925.3     74.2     74.2      0.0     15.9      0.8      3.6      1    51,   50  /PD_TOP        (1.10)
i_0_0_6/CI->CO           FA_X1                   ff   5000.1     74.8     74.8      0.0     15.9      0.7      3.8      1    51,   50  /PD_TOP        (1.10)
i_0_0_312/A->ZN          XNOR2_X2                ff   5041.4     41.3     41.3      0.0     16.2      0.6      4.3      1    51,   50  /PD_TOP        (1.10)
i_0_0_311/B->ZN          XNOR2_X2                ff   5082.0     40.6     40.6      0.0     11.2      0.7      4.8      1    51,   50  /PD_TOP        (1.10)
i_0_0_309/A2->ZN         OAI22_X4                fr   5143.9     61.9     61.9      0.0     11.7      0.7     26.2      1    51,   50  /PD_TOP        (1.10)
i_0_0_308/A->ZN          INV_X8                  rf   5151.3      7.4      7.4      0.0     56.9      1.3      7.3      2    51,   50  /PD_TOP        (1.10)
i_0_0_282/A1->ZN         OR4_X4                  ff   5224.2     72.9     72.9      0.0      3.8      0.7      4.9      1    51,   50  /PD_TOP        (1.10)
i_0_0_281/A2->ZN         NOR2_X4                 fr   5256.3     32.1     32.1      0.0     16.0      1.4      5.2      2    51,   50  /PD_TOP        (1.10)
i_0_0_280/A2->ZN         OR2_X4                  rr   5287.4     31.1     31.1      0.0     16.5      3.0     12.6      4    51,   50  /PD_TOP        (1.10)
i_0_0_251/A2->ZN         NOR2_X4*                rf   5326.9     39.5     39.4      0.1     11.1     14.2     79.8     16    51,   50  /PD_TOP        (1.10)
i_0_0_250/A->ZN          INV_X8                  fr   5350.1     23.2     22.7      0.5     15.3      5.7     31.9      7    51,   50  /PD_TOP        (1.10)
i_0_0_133/B3->ZN         OAI33_X1                rf   5411.4     61.3     61.1      0.2     12.1      6.7     16.7      1    51,   50  /PD_TOP        (1.10)
SUM[1]                                            f   5412.2      0.8               0.8     41.8                              0,   49                       
------------------------------------------------------------------------------------------------------------------------------------------------------------
Report for group R2O
