warning: No library characterized for (process = 1.00 voltage = 0.85 temperature = 25.00) can be found in the database for power domain '/PD_TOP'  [NL-174]
Report Power (instances with prefix '*' are included in total) : 
-----+----------+--------------------+---------------------+-------------------+-----------------
     | Instance | Internal Power(uw) | Switching Power(uw) | Leakage Power(uw) | Total Power(uw) 
-----+----------+--------------------+---------------------+-------------------+-----------------
1    |*add1     |           52.452003|           199.582489|           1.305012|       253.339508
2    |*add2     |          298.725739|           718.046082|           7.399591|      1024.171509
3    |*i_0_3    |           35.601624|            64.509018|           1.822795|       101.933434
4    |*i_0_16   |           50.178722|            72.127472|           1.317109|       123.623306
5    |*i_0_19   |           26.100735|            41.463043|           1.301777|        68.865555
6    |*i_0_0_0  |            2.455168|             2.615906|           0.061230|         5.132304
7    |*i_0_0_1  |            3.329323|             2.354033|           0.075762|         5.759119
8    |*i_0_0_2  |            3.095370|             2.212200|           0.075762|         5.383332
9    |*i_0_0_3  |            3.323140|             2.384143|           0.075762|         5.783045
10   |*i_0_0_4  |            3.313751|             2.320204|           0.075762|         5.709717
11   |*i_0_0_5  |            3.512806|             2.457793|           0.075762|         6.046361
12   |*i_0_0_6  |            3.578748|             2.566516|           0.075762|         6.221026
13   |*i_0_0_7  |            2.475284|             2.244559|           0.061230|         4.781073
14   |*i_0_0_8  |            2.241922|             1.842504|           0.061230|         4.145656
15   |*i_0_0_9  |            2.177584|             1.626160|           0.061230|         3.864973
16   |*i_0_0_10 |            2.189805|             1.523715|           0.061230|         3.774750
17   |*i_0_0_11 |            2.154358|             1.477384|           0.061230|         3.692972
18   |*i_0_0_12 |            2.161900|             1.455379|           0.061230|         3.678509
19   |*i_0_0_13 |            0.975495|             1.268459|           0.027858|         2.271813
20   |*i_0_0_14 |            0.564285|             2.706437|           0.021200|         3.291921
21   |*i_0_0_15 |            0.631982|             2.721282|           0.014353|         3.367617
22   |*i_0_0_16 |            1.166430|             7.870885|           0.034026|         9.071341
23   |*i_0_0_17 |            0.624101|             2.687347|           0.014353|         3.325802
24   |*i_0_0_18 |            1.154828|             7.772735|           0.034026|         8.961589
25   |*i_0_0_19 |            0.628050|             2.704352|           0.014353|         3.346755
26   |*i_0_0_20 |            1.159637|             7.821917|           0.034026|         9.015580
27   |*i_0_0_21 |            0.585734|             3.927617|           0.014353|         4.527704
28   |*i_0_0_22 |            1.157746|             7.809733|           0.034026|         9.001505
29   |*i_0_0_23 |            0.553728|             5.421854|           0.014353|         5.989935
30   |*i_0_0_24 |            1.156496|             7.802547|           0.034026|         8.993069
31   |*i_0_0_25 |            0.552687|             5.411658|           0.014353|         5.978697
32   |*i_0_0_26 |            1.157326|             7.787873|           0.034026|         8.979225
33   |*i_0_0_27 |            0.553266|             5.417330|           0.014353|         5.984949
34   |*i_0_0_28 |            1.151757|             7.796036|           0.034026|         8.981819
35   |*i_0_0_29 |            0.584606|             3.920054|           0.014353|         4.519013
36   |*i_0_0_30 |            1.155241|             7.794696|           0.034026|         8.983963
37   |*i_0_0_31 |            0.552981|             5.414537|           0.014353|         5.981871
38   |*i_0_0_32 |            1.158001|             7.792017|           0.034026|         8.984044
39   |*i_0_0_33 |            0.553087|             5.415576|           0.014353|         5.983016
40   |*i_0_0_34 |            1.155116|             7.793512|           0.034026|         8.982655
41   |*i_0_0_35 |            0.553070|             5.415409|           0.014353|         5.982832
42   |*i_0_0_36 |            1.154230|             7.793272|           0.034026|         8.981528
43   |*i_0_0_37 |            0.584490|             3.919271|           0.014353|         4.518113
44   |*i_0_0_38 |            1.155103|             7.793138|           0.034026|         8.982267
45   |*i_0_0_39 |            0.553055|             5.415262|           0.014353|         5.982670
46   |*i_0_0_40 |            1.154940|             7.793061|           0.034026|         8.982027
47   |*i_0_0_41 |            0.553052|             5.415233|           0.014353|         5.982638
48   |*i_0_0_42 |            1.154689|             7.793019|           0.034026|         8.981734
49   |*i_0_0_43 |            0.553050|             5.415216|           0.014353|         5.982619
50   |*i_0_0_44 |            1.153950|             7.792994|           0.034026|         8.980970
51   |*i_0_0_45 |            0.584478|             3.919192|           0.014353|         4.518023
52   |*i_0_0_46 |            1.155078|             7.792980|           0.034026|         8.982084
53   |*i_0_0_47 |            0.553049|             5.415202|           0.014353|         5.982604
54   |*i_0_0_48 |            1.154926|             7.792973|           0.034026|         8.981925
55   |*i_0_0_49 |            0.553048|             5.415199|           0.014353|         5.982600
56   |*i_0_0_50 |            1.154681|             7.792968|           0.034026|         8.981676
57   |*i_0_0_51 |            0.553048|             5.415197|           0.014353|         5.982598
58   |*i_0_0_52 |            1.154181|             7.792967|           0.034026|         8.981174
59   |*i_0_0_53 |            0.584477|             3.919184|           0.014353|         4.518013
60   |*i_0_0_54 |            1.151263|             7.792965|           0.034026|         8.978255
61   |*i_0_0_55 |            0.553048|             5.415196|           0.014353|         5.982597
62   |*i_0_0_56 |            1.151813|             7.792965|           0.034026|         8.978804
63   |*i_0_0_57 |            0.553048|             5.415196|           0.014353|         5.982597
64   |*i_0_0_58 |            1.150750|             7.792965|           0.034026|         8.977741
65   |*i_0_0_59 |            1.290298|             5.507590|           0.022695|         6.820584
66   |*i_0_0_60 |            0.528272|             5.464480|           0.014353|         6.007105
67   |*i_0_0_61 |            1.181580|             7.790338|           0.032612|         9.004530
68   |*i_0_0_62 |            0.533261|             4.851180|           0.014353|         5.398794
69   |*i_0_0_63 |            1.181580|             7.790338|           0.032612|         9.004530
70   |*i_0_0_64 |            0.559969|             3.667039|           0.014353|         4.241361
71   |*i_0_0_65 |            1.181580|             7.790338|           0.032612|         9.004530
72   |*i_0_0_66 |            0.566795|             3.426575|           0.014353|         4.007723
73   |*i_0_0_67 |            1.181580|             7.790338|           0.032612|         9.004530
74   |*i_0_0_68 |            0.566795|             3.426575|           0.014353|         4.007723
75   |*i_0_0_69 |            1.181580|             7.790338|           0.032612|         9.004530
76   |*i_0_0_70 |            0.533190|             4.859924|           0.014353|         5.407467
77   |*i_0_0_71 |            1.181580|             7.790338|           0.032612|         9.004530
78   |*i_0_0_72 |            0.560044|             3.664392|           0.014353|         4.238789
79   |*i_0_0_73 |            1.181580|             7.790338|           0.032612|         9.004530
80   |*i_0_0_74 |            1.101441|             3.491876|           0.034026|         4.627343
81   |*i_0_0_75 |            0.533190|             4.859924|           0.014353|         5.407467
82   |*i_0_0_76 |            1.181580|             7.790338|           0.032612|         9.004530
83   |*i_0_0_77 |            0.560044|             3.664392|           0.014353|         4.238789
84   |*i_0_0_78 |            1.181580|             7.790338|           0.032612|         9.004530
85   |*i_0_0_79 |            0.550149|             4.012996|           0.014353|         4.577497
86   |*i_0_0_80 |            1.181580|             7.790338|           0.032612|         9.004530
87   |*i_0_0_81 |            0.494913|            10.293266|           0.014353|        10.802532
88   |*i_0_0_82 |            1.181580|             7.790338|           0.032612|         9.004530
89   |*i_0_0_83 |            0.566795|             3.426575|           0.014353|         4.007723
90   |*i_0_0_84 |            1.181580|             7.790338|           0.032612|         9.004530
91   |*i_0_0_85 |            0.528842|             5.394478|           0.014353|         5.937673
92   |*i_0_0_86 |            1.181580|             7.790338|           0.032612|         9.004530
93   |*i_0_0_87 |            0.553248|             3.903820|           0.014353|         4.471421
94   |*i_0_0_88 |            1.181580|             7.790338|           0.032612|         9.004530
95   |*i_0_0_89 |            1.143156|            10.359405|           0.034026|        11.536587
96   |*i_0_0_90 |            0.566795|             3.426575|           0.014353|         4.007723
97   |*i_0_0_91 |            1.181580|             7.790338|           0.032612|         9.004530
98   |*i_0_0_92 |            0.528842|             5.394478|           0.014353|         5.937673
99   |*i_0_0_93 |            1.181580|             7.790338|           0.032612|         9.004530
100  |*i_0_0_94 |            0.553248|             3.903820|           0.014353|         4.471421
101  |*i_0_0_95 |            1.181580|             7.790338|           0.032612|         9.004530
102  |*i_0_0_96 |            0.494913|            10.293266|           0.014353|        10.802532
103  |*i_0_0_97 |            1.181580|             7.790338|           0.032612|         9.004530
104  |*i_0_0_98 |            1.101221|             3.491876|           0.034026|         4.627123
105  |*i_0_0_99 |            1.113271|             5.463311|           0.034026|         6.610608
106  |*i_0_0_100|            1.104120|             3.966183|           0.034026|         5.104330
107  |*i_0_0_101|            0.163597|             0.716589|           0.014353|         0.894539
108  |*i_0_0_102|            0.316751|             2.157840|           0.032612|         2.507203
109  |*i_0_0_103|            0.184194|             0.806811|           0.014353|         1.005358
110  |*i_0_0_104|            0.336732|             2.429523|           0.032612|         2.798867
111  |*i_0_0_105|            0.207414|             0.908516|           0.014353|         1.130282
112  |*i_0_0_106|            0.374516|             2.735783|           0.032612|         3.142911
113  |*i_0_0_107|            0.229635|             1.723888|           0.014353|         1.967876
114  |*i_0_0_108|            0.449209|             3.267989|           0.032612|         3.749810
115  |*i_0_0_109|            0.247932|             2.430919|           0.014353|         2.693205
116  |*i_0_0_110|            0.494446|             3.641422|           0.032612|         4.168480
117  |*i_0_0_111|            0.275198|             2.698252|           0.014353|         2.987803
118  |*i_0_0_112|            0.540289|             4.041876|           0.032612|         4.614777
119  |*i_0_0_113|            0.290183|             2.845175|           0.014353|         3.149710
120  |*i_0_0_114|            0.568186|             4.261961|           0.032612|         4.862759
121  |*i_0_0_115|            0.307273|             2.306729|           0.014353|         2.628356
122  |*i_0_0_116|            0.571053|             4.372885|           0.032612|         4.976551
123  |*i_0_0_117|            0.313301|             3.071840|           0.014353|         3.399494
124  |*i_0_0_118|            0.596156|             4.601497|           0.032612|         5.230265
125  |*i_0_0_119|            0.320000|             3.137528|           0.014353|         3.471881
126  |*i_0_0_120|            0.885931|             4.699894|           0.032612|         5.618436
127  |*i_0_0_121|            0.329627|             3.231919|           0.014353|         3.575900
128  |*i_0_0_122|            0.914986|             4.841288|           0.032612|         5.788887
129  |*i_0_0_123|            0.349165|             2.621210|           0.014353|         2.984728
130  |*i_0_0_124|            0.940125|             4.969050|           0.032612|         5.941787
131  |*i_0_0_125|            0.346201|             3.394424|           0.014353|         3.754979
132  |*i_0_0_126|            0.963884|             5.084715|           0.032612|         6.081211
133  |*i_0_0_127|            0.353163|             3.462679|           0.014353|         3.830195
134  |*i_0_0_128|            0.985437|             5.186957|           0.032612|         6.205007
135  |*i_0_0_129|            0.359502|             3.524831|           0.014353|         3.898686
136  |*i_0_0_130|            1.004581|             5.280059|           0.032612|         6.317252
137  |*i_0_0_131|            0.376681|             2.827778|           0.014353|         3.218812
138  |*i_0_0_132|            1.020924|             5.360643|           0.032612|         6.414179
139  |*i_0_0_133|            0.369870|             3.626486|           0.014353|         4.010709
140  |*i_0_0_134|            1.036124|             5.432334|           0.032612|         6.501070
141  |*i_0_0_135|            0.374017|             3.667151|           0.014353|         4.055522
142  |*i_0_0_136|            1.049638|             5.493249|           0.032612|         6.575499
143  |*i_0_0_137|            0.379819|             3.724037|           0.014353|         4.118209
144  |*i_0_0_138|            1.076263|             5.578462|           0.032612|         6.687337
145  |*i_0_0_139|            0.408344|             3.065476|           0.014353|         3.488174
146  |*i_0_0_140|            1.082711|             5.811250|           0.032612|         6.926573
147  |*i_0_0_141|            0.527212|             4.935237|           0.014353|         5.476803
148  |*i_0_0_142|            1.062987|             7.392793|           0.034026|         8.489806
149  |*i_0_0_143|            0.526867|             4.932001|           0.014353|         5.473220
150  |*i_0_0_144|            0.990561|             7.387945|           0.034026|         8.412532
151  |*i_0_0_145|            0.527079|             4.933986|           0.014353|         5.475418
152  |*i_0_0_146|            0.992272|             7.390919|           0.034026|         8.417217
153  |*i_0_0_147|            1.052130|            27.452173|           0.025066|        28.529369
154  |*i_0_0_148|            0.093545|             0.448781|           0.048314|         0.590640
155  |*i_0_0_149|            1.246077|             0.740866|           0.032612|         2.019555
156  |*i_0_0_150|            0.107808|             0.499169|           0.048314|         0.655291
157  |*i_0_0_151|            0.083341|             0.480871|           0.034026|         0.598238
158  |*i_0_0_152|            0.055411|             0.109628|           0.027858|         0.192897
159  |*i_0_0_153|            0.020263|             0.047825|           0.021200|         0.089288
160  |*i_0_0_154|            0.036998|             0.127599|           0.017393|         0.181990
161  |*i_0_0_155|            0.096771|             0.517244|           0.034026|         0.648041
162  |*i_0_0_156|            0.670532|             1.138435|           0.034026|         1.842994
163  |*i_0_0_157|            0.124863|             0.269749|           0.041741|         0.436353
164  |*i_0_0_158|            0.096701|             0.517365|           0.034026|         0.648092
165  |*i_0_0_159|            0.672705|             1.141315|           0.034026|         1.848046
166  |*i_0_0_160|            0.129215|             0.287877|           0.041741|         0.458833
167  |*i_0_0_161|            0.096957|             0.528862|           0.034026|         0.659845
168  |*i_0_0_162|            0.695096|             1.143636|           0.034026|         1.872758
169  |*i_0_0_163|            0.127406|             0.311210|           0.034026|         0.472642
170  |*i_0_0_164|            0.099359|             0.538389|           0.034026|         0.671774
171  |*i_0_0_165|            0.789702|             1.269193|           0.034026|         2.092922
172  |*i_0_0_166|            0.130017|             0.318948|           0.034026|         0.482991
173  |*i_0_0_167|            0.042638|             0.197028|           0.017393|         0.257059
174  |*i_0_0_168|            0.073136|             0.420257|           0.014353|         0.507746
175  |*i_0_0_169|            0.096988|             1.532101|           0.017393|         1.646482
176  |*i_0_0_170|            0.083958|             0.453093|           0.034026|         0.571077
177  |*i_0_0_171|            0.969992|             1.415692|           0.034026|         2.419710
178  |*i_0_0_172|            0.785727|             2.285085|           0.032612|         3.103424
179  |*i_0_0_173|            0.154592|             0.359889|           0.033938|         0.548419
180  |*i_0_0_174|            0.079874|             0.542224|           0.022619|         0.644717
181  |*i_0_0_175|            0.016184|             0.019601|           0.033938|         0.069722
182  |*i_0_0_176|            0.779375|             1.896927|           0.032612|         2.708915
183  |*i_0_0_177|            0.154640|             0.373829|           0.033938|         0.562406
184  |*i_0_0_178|            0.077629|             0.517314|           0.022619|         0.617562
185  |*i_0_0_179|            0.011783|             0.015368|           0.033938|         0.061089
186  |*i_0_0_180|            0.104187|             0.184418|           0.034026|         0.322631
187  |*i_0_0_181|            0.154427|             0.366242|           0.033938|         0.554606
188  |*i_0_0_182|            0.062493|             0.417033|           0.022619|         0.502145
189  |*i_0_0_183|            0.011753|             0.015337|           0.033938|         0.061028
190  |*i_0_0_184|            0.113758|             0.190763|           0.034026|         0.338548
191  |*i_0_0_185|            0.133867|             0.315678|           0.033938|         0.483483
192  |*i_0_0_186|            0.165091|             1.112931|           0.021200|         1.299221
193  |*i_0_0_187|            0.062466|             0.425476|           0.022619|         0.510561
194  |*i_0_0_188|            0.011706|             0.015293|           0.033938|         0.060936
195  |*i_0_0_189|            0.092559|             0.160820|           0.034026|         0.287405
196  |*i_0_0_190|            0.562609|             2.602077|           0.014353|         3.179040
197  |*i_0_0_191|            0.981266|             7.072656|           0.034026|         8.087948
198  |*i_0_0_192|            0.062506|             0.416692|           0.022619|         0.501818
199  |*i_0_0_193|            0.011784|             0.015370|           0.033938|         0.061092
200  |*i_0_0_194|            0.099712|             0.177182|           0.034026|         0.310920
201  |*i_0_0_195|            0.087938|             0.688112|           0.017393|         0.793443
202  |*i_0_0_196|            0.618758|             2.863794|           0.014353|         3.496905
203  |*i_0_0_197|            1.063262|             7.779249|           0.034026|         8.876537
204  |*i_0_0_198|            0.062539|             0.426407|           0.022619|         0.511566
205  |*i_0_0_199|            0.011853|             0.015436|           0.033938|         0.061227
206  |*i_0_0_200|            0.117542|             0.200354|           0.034026|         0.351922
207  |*i_0_0_201|            0.618078|             2.872242|           0.014353|         3.504673
208  |*i_0_0_202|            1.061034|             7.774951|           0.034026|         8.870012
209  |*i_0_0_203|            0.062562|             0.426557|           0.022619|         0.511738
210  |*i_0_0_204|            0.012163|             0.015481|           0.033938|         0.061582
211  |*i_0_0_205|            0.132499|             0.205544|           0.034026|         0.372069
212  |*i_0_0_206|            0.067084|             0.521919|           0.017393|         0.606396
213  |*i_0_0_207|            0.617536|             2.871749|           0.014353|         3.503638
214  |*i_0_0_208|            1.021331|             7.768873|           0.034026|         8.824230
215  |*i_0_0_209|            0.006000|             0.058111|           0.017393|         0.081504
216  |*i_0_0_210|            0.063656|             0.426361|           0.022619|         0.512636
217  |*i_0_0_211|            0.012179|             0.015498|           0.033938|         0.061615
218  |*i_0_0_212|            0.126507|             0.224127|           0.034026|         0.384660
219  |*i_0_0_213|            0.069383|             0.320705|           0.014353|         0.404441
220  |*i_0_0_214|            0.137917|             0.872159|           0.034026|         1.044102
221  |*i_0_0_215|            0.868875|             2.923835|           0.032612|         3.825322
222  |*i_0_0_216|            0.062569|             0.417946|           0.022619|         0.503134
223  |*i_0_0_217|            0.012179|             0.015496|           0.033938|         0.061612
224  |*i_0_0_218|            0.115647|             0.209930|           0.034026|         0.359604
225  |*i_0_0_219|            0.073276|             0.338696|           0.014353|         0.426325
226  |*i_0_0_220|            0.120235|             0.921085|           0.034026|         1.075346
227  |*i_0_0_221|            0.856593|             2.898811|           0.032612|         3.788016
228  |*i_0_0_222|            0.064401|             0.371396|           0.034026|         0.469823
229  |*i_0_0_223|            0.192996|             0.163418|           0.047399|         0.403813
230  |*i_0_0_224|            0.116981|             0.232172|           0.034026|         0.383179
231  |*i_0_0_225|            0.464397|            17.706102|           0.014353|        18.184853
232  |*i_0_0_226|            0.680222|            21.104244|           0.021200|        21.805666
233  |*i_0_0_227|            0.073069|             0.339794|           0.014353|         0.427216
234  |*i_0_0_228|            0.119981|             0.919237|           0.034026|         1.073245
235  |*i_0_0_229|            0.901479|             2.901130|           0.034026|         3.836635
236  |*i_0_0_230|            0.099530|             0.677291|           0.017393|         0.794214
237  |*i_0_0_231|            0.064328|             0.438714|           0.022619|         0.525661
238  |*i_0_0_232|            0.011850|             0.018705|           0.022039|         0.052594
239  |*i_0_0_233|            0.824980|             1.402860|           0.027858|         2.255698
240  |*i_0_0_234|            0.781201|             1.353917|           0.034026|         2.169144
241  |*i_0_0_235|            0.046993|             0.239894|           0.014353|         0.301240
242  |*i_0_0_236|            0.077512|             0.926064|           0.027858|         1.031434
243  |*i_0_0_237|            0.023687|             0.039731|           0.021200|         0.084617
244  |*i_0_0_238|            0.903510|             2.895840|           0.034026|         3.833376
245  |*i_0_0_239|            0.064604|             0.431191|           0.022619|         0.518414
246  |*i_0_0_240|            0.013759|             0.019223|           0.022039|         0.055021
247  |*i_0_0_241|            0.832708|             1.382869|           0.027858|         2.243435
248  |*i_0_0_242|            0.927875|             1.408186|           0.034026|         2.370087
249  |*i_0_0_243|            0.054934|             0.168732|           0.014353|         0.238020
250  |*i_0_0_244|            0.126005|             1.260307|           0.034026|         1.420338
251  |*i_0_0_245|            0.905310|             2.916878|           0.034026|         3.856214
252  |*i_0_0_246|            0.080951|             0.435327|           0.034026|         0.550304
253  |*i_0_0_247|            1.115455|             1.492350|           0.043178|         2.650983
254  |*i_0_0_248|            0.055193|             0.342135|           0.014353|         0.411681
255  |*i_0_0_249|            0.149016|             1.149879|           0.034026|         1.332921
256  |*i_0_0_250|            0.903616|             2.907197|           0.034026|         3.844840
257  |*i_0_0_251|            0.023880|             0.042396|           0.022619|         0.088896
258  |*i_0_0_252|            0.080896|             0.444181|           0.034026|         0.559104
259  |*i_0_0_253|            1.451487|             1.481031|           0.043178|         2.975696
260  |*i_0_0_254|            0.121429|             0.483991|           0.034026|         0.639446
261  |*i_0_0_255|            0.902939|             2.909039|           0.034026|         3.846004
262  |*i_0_0_256|            0.031413|             0.521994|           0.017393|         0.570800
263  |*i_0_0_257|            0.025814|             0.045453|           0.022619|         0.093886
264  |*i_0_0_258|            0.068028|             0.392044|           0.034026|         0.494097
265  |*i_0_0_259|            0.476558|             0.487367|           0.041741|         1.005666
266  |*i_0_0_260|            0.216269|             0.256214|           0.022619|         0.495103
267  |*i_0_0_261|            0.115695|             0.179165|           0.022039|         0.316899
268  |*i_0_0_262|            0.877766|             1.224699|           0.022039|         2.124504
269  |*i_0_0_263|            0.113131|             0.141279|           0.033938|         0.288348
270  |*i_0_0_264|            0.044346|             0.134953|           0.014353|         0.193652
271  |*i_0_0_265|            0.072539|             0.875117|           0.022619|         0.970275
272  |*i_0_0_266|            0.113111|             0.134974|           0.033938|         0.282023
273  |*i_0_0_267|            0.302301|             2.737293|           0.014353|         3.053948
274  |*i_0_0_268|            0.550402|             5.932966|           0.022619|         6.505988
275  |*i_0_0_269|            0.112300|             0.278579|           0.041741|         0.432620
276  |*i_0_0_270|            0.820914|             1.097664|           0.022039|         1.940617
277  |*i_0_0_271|            0.113170|             0.141288|           0.033938|         0.288396
278  |*i_0_0_272|            0.276065|             3.675925|           0.014353|         3.966343
279  |*i_0_0_273|            0.403508|             5.414190|           0.021200|         5.838899
280  |*i_0_0_274|            0.264077|             0.322469|           0.043178|         0.629725
281  |*i_0_0_275|            0.757479|             0.840070|           0.027858|         1.625407
282  |*i_0_0_276|            0.065259|             0.280570|           0.014353|         0.360181
283  |*i_0_0_277|            0.091546|             0.920839|           0.022619|         1.035004
284  |*i_0_0_278|            0.141733|             0.168042|           0.033938|         0.343713
285  |*i_0_0_279|            0.443439|             3.484249|           0.014353|         3.942041
286  |*i_0_0_280|            0.655263|            10.957544|           0.017393|        11.630200
287  |*i_0_0_281|            0.161485|             0.369939|           0.033938|         0.565362
288  |*i_0_0_282|            0.112976|             0.099226|           0.033938|         0.246139
289  |*i_0_0_283|            0.065198|             0.283830|           0.014353|         0.363381
290  |*i_0_0_284|            0.091018|             0.920986|           0.022619|         1.034624
291  |*i_0_0_285|            0.141742|             0.168073|           0.033938|         0.343752
292  |*i_0_0_286|            0.095025|             2.351782|           0.014353|         2.461160
293  |*i_0_0_287|            0.247869|             1.999567|           0.034026|         2.281463
294  |*i_0_0_288|            0.000017|             0.000202|           0.017393|         0.017612
295  |*i_0_0_289|            0.094811|             4.079505|           0.014353|         4.188669
296  |*i_0_0_290|            0.219869|             5.342678|           0.027858|         5.590405
297  |*i_0_0_291|            0.126893|             0.568972|           0.021200|         0.717065
298  |*i_0_0_292|            0.019348|             0.227431|           0.014353|         0.261132
299  |*i_0_0_293|            0.043339|             0.377412|           0.022619|         0.443370
300  |*i_0_0_294|            0.000198|             0.001093|           0.014353|         0.015644
301  |*i_0_0_295|            0.000293|             0.004436|           0.021200|         0.025929
302  |*i_0_0_296|            0.347012|             9.458162|           0.014353|         9.819527
303  |*i_0_0_297|            0.648453|            18.275421|           0.027858|        18.951735
304  |*i_0_0_298|            0.299476|             1.235769|           0.017393|         1.552638
305  |*i_0_0_299|            0.404184|             4.142930|           0.014353|         4.561467
306  |*i_0_0_300|            0.598557|            10.006572|           0.017393|        10.622523
307  |*i_0_0_301|            0.019294|             0.514222|           0.014353|         0.547870
308  |*i_0_0_302|            0.028802|             0.940641|           0.021200|         0.990642
309  |*i_0_0_303|            0.019561|             0.118238|           0.014353|         0.152152
310  |*i_0_0_304|            0.023762|             0.441796|           0.021200|         0.486757
311  |*i_0_0_305|            0.202155|             4.849216|           0.022695|         5.074066
312  |*i_0_0_306|            0.054721|             0.160267|           0.022695|         0.237683
313  |*i_0_0_307|            0.007616|             0.017773|           0.021200|         0.046589
314  |*i_0_0_308|            0.300344|             0.287001|           0.026733|         0.614079
315  |*i_0_0_309|            0.324737|             0.314082|           0.026733|         0.665552
316  |*i_0_0_310|            0.774184|             5.200308|           0.017393|         5.991886
317  |*i_0_0_311|            0.575989|             2.208486|           0.014353|         2.798828
318  |*i_0_0_312|            0.800700|             7.752121|           0.027858|         8.580680
319  |*i_0_0_313|            0.545092|             1.071606|           0.017393|         1.634092
320  |*i_0_0_314|            1.025562|             1.893719|           0.022695|         2.941977
321  |*i_0_0_315|            0.469702|            20.997499|           0.014353|        21.481556
322  |*i_0_0_316|            0.789897|            26.931488|           0.021200|        27.742586
323  |*i_0_0_317|            0.790520|             5.173381|           0.017393|         5.981295
324  |*i_0_0_318|            1.348445|             2.333913|           0.032612|         3.714970
325  |*i_0_0_319|            0.789513|             5.173509|           0.017393|         5.980415
326  |*i_0_0_320|            1.344360|             2.316086|           0.032612|         3.693058
327  |*i_0_0_321|            0.789211|             5.280509|           0.017393|         6.087113
328  |*i_0_0_322|            1.349597|             2.302420|           0.032612|         3.684629
329  |*i_0_0_323|            0.788963|             5.165542|           0.017393|         5.971899
330  |*i_0_0_324|            1.342064|             2.293702|           0.032612|         3.668377
331  |*i_0_0_325|            0.791034|             5.173942|           0.017393|         5.982369
332  |*i_0_0_326|            1.347649|             2.335864|           0.032612|         3.716125
333  |*i_0_0_327|            0.790669|             5.295021|           0.017393|         6.103084
334  |*i_0_0_328|            1.347687|             2.321394|           0.032612|         3.701693
335  |*i_0_0_329|            0.607680|             5.296543|           0.017393|         5.921616
336  |*i_0_0_330|            0.014666|             0.352971|           0.014353|         0.381991
337  |*i_0_0_331|            0.034276|             0.271136|           0.034026|         0.339438
338  |*i_0_0_332|            0.338533|             0.346878|           0.018127|         0.703538
339  |*i_0_0_333|            0.338421|             0.350047|           0.018127|         0.706595
340  |*i_0_0_334|            0.338521|             0.347236|           0.018127|         0.703884
341  |*i_0_0_335|            0.338506|             0.347654|           0.018127|         0.704287
342  |*i_0_0_336|            0.653389|             2.197762|           0.014353|         2.865504
343  |*i_0_0_337|            1.026231|             7.912730|           0.034026|         8.972987
344  |*i_0_0_338|            0.760285|             1.089057|           0.036441|         1.885783
345  |*i_0_0_339|            1.611500|             1.447615|           0.036441|         3.095556
346  |*i_0_0_340|            1.447346|             1.302537|           0.036441|         2.786324
347  |*i_0_0_341|            0.075416|             0.230030|           0.014353|         0.319799
348  |*i_0_0_342|            0.125311|             2.681288|           0.021200|         2.827799
349  |*i_0_0_343|            0.075746|             0.613584|           0.014353|         0.703684
350  |*i_0_0_344|            0.147725|             2.952955|           0.026832|         3.127512
351  |*i_0_0_345|            0.118633|             0.949031|           0.021200|         1.088864
352  |*i_0_0_346|            0.394602|             3.512972|           0.014353|         3.921927
353  |*i_0_0_347|            0.805738|             8.917534|           0.022619|         9.745891
354  |*i_0_0_348|            0.223004|             0.470898|           0.021200|         0.715101
355  |*i_0_0_349|            0.224368|             0.475182|           0.021200|         0.720749
356  |*i_0_0_350|            0.316964|             0.499156|           0.027858|         0.843978
357  |*i_0_0_351|            0.236620|             4.654596|           0.014353|         4.905570
358  |*i_0_0_352|            0.352653|             5.131281|           0.021200|         5.505134
359  |*i_0_0_353|            0.481520|             2.848382|           0.014353|         3.344255
360  |*i_0_0_354|            1.402022|             9.303280|           0.041741|        10.747043
361  |*i_0_0_355|            0.924661|             1.014711|           0.022619|         1.961992
362  |*i_0_0_356|            0.596520|             0.399673|           0.027025|         1.023218
363  |*i_0_0_357|            0.884547|             0.911991|           0.022619|         1.819158
364  |*i_0_0_358|            0.949051|             1.312566|           0.034566|         2.296182
365  |*i_0_0_359|            0.856911|             0.953623|           0.022619|         1.833153
366  |*i_0_0_360|            0.881280|             1.408614|           0.027858|         2.317753
367  |*i_0_0_361|            0.265990|             0.244045|           0.032601|         0.542637
368  |*i_0_0_362|            0.621222|             1.201242|           0.017393|         1.839857
369  |*i_0_0_363|            0.819286|             1.287495|           0.027858|         2.134639
370  |*i_0_0_364|            0.845411|             1.384422|           0.022619|         2.252453
371  |*i_0_0_365|            0.834072|             1.361537|           0.027858|         2.223468
372  |*i_0_0_366|            0.704227|             1.166268|           0.022619|         1.893113
373  |*i_0_0_367|            0.754939|             1.226191|           0.027858|         2.008988
374  |*i_0_0_368|            0.779584|             1.283809|           0.022619|         2.086012
375  |*i_0_0_369|            0.836944|             1.319772|           0.027858|         2.184574
376  |*i_0_0_370|            0.803510|             6.115116|           0.022619|         6.941245
377  |*i_0_0_371|            0.690539|             1.102053|           0.027858|         1.820450
378  |*i_0_0_372|            0.659007|             1.088059|           0.022619|         1.769685
379  |*i_0_0_373|            0.770241|             1.061917|           0.034566|         1.866724
380  |*i_0_0_374|            0.643389|             0.729169|           0.022619|         1.395178
381  |*i_0_0_375|            0.670926|             0.915386|           0.034566|         1.620878
382  |*i_0_0_376|            0.481130|             0.546620|           0.022619|         1.050370
383  |*i_0_0_377|            0.564079|             2.655952|           0.021200|         3.241231
384  |*i_0_0_378|            0.000000|             0.000000|           0.032601|         0.032602
385  |*i_0_0_379|            0.011895|             0.011413|           0.026733|         0.050041
386  |*i_0_0_380|            0.470338|             4.824728|           0.014353|         5.309420
387  |*i_0_0_381|            1.152787|            11.728809|           0.032612|        12.914208
388  |*i_0_0_382|            0.277868|             0.516933|           0.014353|         0.809155
389  |*i_0_0_383|            0.413147|             5.442337|           0.021200|         5.876684
390  |*i_0_0_384|            0.459761|             3.809410|           0.014353|         4.283523
391  |*i_0_0_385|            1.163185|            13.545878|           0.034026|        14.743090
392  |*i_0_0_386|            0.466857|             5.267691|           0.014353|         5.748901
393  |*i_0_0_387|            1.165742|            13.079910|           0.034026|        14.279678
394  |*i_0_0_388|            0.125241|             0.339278|           0.018105|         0.482624
395  |*i_0_0_389|            0.430224|             1.815803|           0.021200|         2.267227
396  |*i_0_0_390|            0.467634|             5.168982|           0.014353|         5.650969
397  |*i_0_0_391|            1.155331|            12.111472|           0.034026|        13.300830
398  |*i_0_0_392|            0.467609|             3.814720|           0.014353|         4.296682
399  |*i_0_0_393|            1.159839|            13.099472|           0.034026|        14.293337
400  |*i_0_0_394|            0.416896|             0.872990|           0.017393|         1.307279
401  |*i_0_0_395|            0.467596|             3.854427|           0.014353|         4.336376
402  |*i_0_0_396|            1.179371|            15.937579|           0.034026|        17.150976
403  |*i_0_0_397|            0.467976|             2.356747|           0.014353|         2.839077
404  |*i_0_0_398|            1.181096|            15.827198|           0.034026|        17.042320
405  |*i_0_0_399|            0.053622|             0.174367|           0.022695|         0.250684
406  |*i_0_0_400|            0.326729|             0.842427|           0.018105|         1.187261
407  |*i_0_0_401|            0.467958|             3.362930|           0.014353|         3.845241
408  |*i_0_0_402|            1.145496|            10.685868|           0.032612|        11.863976
409  |*i_0_0_403|            0.467237|             1.933258|           0.014353|         2.414848
410  |*i_0_0_404|            1.152541|            13.452897|           0.032612|        14.638050
411  |*i_0_0_405|            1.183380|             2.160938|           0.025066|         3.369384
412  |*i_0_0_406|            0.468076|             2.408396|           0.014353|         2.890826
413  |*i_0_0_407|            1.143829|            10.058814|           0.032612|        11.235255
414  |*i_0_0_408|            1.126991|             4.537712|           0.032612|         5.697314
415  |*i_0_0_409|            0.327421|             0.839217|           0.018105|         1.184743
416  |*i_0_0_410|            0.603186|             2.542284|           0.021200|         3.166670
417  |*i_0_0_411|            0.467839|             4.186576|           0.014353|         4.668768
418  |*i_0_0_412|            1.150339|            10.195539|           0.032612|        11.378490
419  |*i_0_0_413|            0.467936|             3.392100|           0.014353|         3.874389
420  |*i_0_0_414|            1.148686|             9.237463|           0.032612|        10.418761
421  |*i_0_0_415|            0.584161|             1.223216|           0.017393|         1.824770
422  |*i_0_0_416|            0.466325|             0.989691|           0.014353|         1.470369
423  |*i_0_0_417|            1.162367|            13.477636|           0.032612|        14.672614
424  |*i_0_0_418|            0.467891|             3.885379|           0.014353|         4.367622
425  |*i_0_0_419|            1.151455|            11.894679|           0.032612|        13.078746
426  |*i_0_0_420|            0.011391|             0.033304|           0.014353|         0.059048
427  |*i_0_0_421|            0.015816|             0.223721|           0.021200|         0.260737
428  |*i_0_0_422|            0.107649|             0.321517|           0.014353|         0.443519
429  |*i_0_0_423|            0.208568|             2.124911|           0.018105|         2.351584
430  |*i_0_0_424|            0.467766|             4.744772|           0.014353|         5.226891
431  |*i_0_0_425|            1.143755|            10.686222|           0.032612|        11.862589
432  |*i_0_0_426|            0.467988|             3.238224|           0.014353|         3.720564
433  |*i_0_0_427|            1.156379|            11.998350|           0.034026|        13.188754
434  |*i_0_0_428|            0.515894|             1.853441|           0.021200|         2.390535
435  |*i_0_0_429|            0.467948|             3.751917|           0.014353|         4.234219
436  |*i_0_0_430|            1.144036|            11.681787|           0.032612|        12.858435
437  |*i_0_0_431|            0.467896|             3.750739|           0.014353|         4.232988
438  |*i_0_0_432|            1.146547|            10.585830|           0.034026|        11.766403
439  |*i_0_0_433|            0.327443|             1.035378|           0.018105|         1.380925
440  |*i_0_0_434|            0.602081|             2.541804|           0.021200|         3.165085
441  |*i_0_0_435|            0.467635|             5.179067|           0.014353|         5.661055
442  |*i_0_0_436|            1.138920|             9.198494|           0.032612|        10.370026
443  |*i_0_0_437|            0.467849|             4.297708|           0.014353|         4.779910
444  |*i_0_0_438|            1.144980|            10.613606|           0.032612|        11.791198
445  |*i_0_0_439|            0.584074|             1.223033|           0.017393|         1.824500
446  |*i_0_0_440|            0.468089|             2.367372|           0.014353|         2.849813
447  |*i_0_0_441|            1.155048|            13.431923|           0.032612|        14.619583
448  |*i_0_0_442|            0.467918|             3.782665|           0.014353|         4.264936
449  |*i_0_0_443|            1.146638|            11.895046|           0.032612|        13.074296
450  |*i_0_0_444|            0.031363|             0.117493|           0.017393|         0.166249
451  |*i_0_0_445|            0.411345|             2.388962|           0.014353|         2.814660
452  |*i_0_0_446|            0.590546|             8.038587|           0.017393|         8.646525
453  |*i_0_0_447|            1.121802|             2.777260|           0.032612|         3.931674
454  |*i_0_0_448|            0.465779|             1.394608|           0.014353|         1.874740
455  |*i_0_0_449|            1.150482|            10.000113|           0.032612|        11.183207
456  |*i_0_0_450|            0.079985|             0.343295|           0.021200|         0.444479
457  |*i_0_0_451|            0.264105|             0.829919|           0.018105|         1.112129
458  |*i_0_0_452|            0.643170|             1.190861|           0.017393|         1.851424
459  |*i_0_0_453|            1.135619|             4.287639|           0.032612|         5.455870
460  |*i_0_0_454|            1.128395|             3.588373|           0.032612|         4.749380
461  |*i_0_0_455|            1.010249|             2.201330|           0.025066|         3.236645
462  |*i_0_0_456|            1.114944|             2.277757|           0.032612|         3.425313
463  |*i_0_0_457|            0.465756|             1.385866|           0.014353|         1.865974
464  |*i_0_0_458|            1.141410|             8.592238|           0.034026|         9.767674
465  |*i_0_0_459|            0.919223|             2.885506|           0.022619|         3.827348
466  |*i_0_0_460|            1.124615|             3.203228|           0.032612|         4.360455
467  |*i_0_0_461|            0.924528|             2.737798|           0.027858|         3.690185
468  |*i_0_0_462|            0.871977|             2.704445|           0.027858|         3.604280
469  |*i_0_0_463|            0.866323|             2.704379|           0.027858|         3.598561
470  |*i_0_0_464|            0.873379|             3.941458|           0.027858|         4.842696
471  |*i_0_0_465|            0.878251|             5.433579|           0.027858|         6.339688
472  |*i_0_0_466|            0.880232|             5.440886|           0.027858|         6.348977
473  |*i_0_0_467|            1.575775|             1.882317|           0.036164|         3.494256
474  |*i_0_0_468|            0.055947|             0.182474|           0.021200|         0.259621
475  |*i_0_0_469|            1.104358|             2.925322|           0.034026|         4.063705
476  |*i_0_0_470|            0.058264|             0.353312|           0.014353|         0.425929
477  |*i_0_0_471|            0.094414|             1.134050|           0.021200|         1.249664
478  |*i_0_0_472|            1.104358|             2.925322|           0.034026|         4.063705
479  |*i_0_0_473|            0.100968|             0.612263|           0.014353|         0.727584
480  |*i_0_0_474|            0.159554|             1.965226|           0.021200|         2.145979
481  |*i_0_0_475|            1.103996|             2.925322|           0.034026|         4.063344
482  |*i_0_0_476|            0.171206|             1.038187|           0.014353|         1.223746
483  |*i_0_0_477|            0.262558|             3.332342|           0.021200|         3.616100
484  |*i_0_0_478|            1.104371|             2.925322|           0.034026|         4.063719
485  |*i_0_0_479|            0.278097|             1.686369|           0.014353|         1.978819
486  |*i_0_0_480|            0.414733|             5.412858|           0.021200|         5.848790
487  |*i_0_0_481|            1.104358|             2.925322|           0.034026|         4.063705
488  |*i_0_0_482|            0.411244|             2.493766|           0.014353|         2.919363
489  |*i_0_0_483|            0.600524|             8.004417|           0.021200|         8.626141
490  |*i_0_0_484|            1.104371|             2.925322|           0.034026|         4.063719
491  |*i_0_0_485|            1.116140|             4.914494|           0.034026|         6.064660
492  |*i_0_0_486|            0.473089|            10.284595|           0.014353|        10.772037
493  |*i_0_0_487|            1.208639|            18.211021|           0.034026|        19.453686
494  |*i_0_0_488|            0.534792|             1.322625|           0.014353|         1.871770
495  |*i_0_0_489|            0.890504|             7.249063|           0.022619|         8.162188
496  |*i_0_0_490|            1.239820|             1.458456|           0.032612|         2.730888
497  |*i_0_0_491|            0.908984|             1.460909|           0.022619|         2.392513
498  |*i_0_0_492|            0.624649|             1.333906|           0.021200|         1.979755
499  |*i_0_0_493|            0.867794|             0.880048|           0.017393|         1.765235
500  |*i_0_0_494|            0.210367|             1.234967|           0.022619|         1.467954
501  |*i_0_0_495|            0.051348|             0.148439|           0.014353|         0.214140
502  |*i_0_0_496|            0.102869|             0.847388|           0.034566|         0.984822
503  |*i_0_0_497|            1.283756|             0.940742|           0.041741|         2.266240
504  |*i_0_0_498|            1.157858|             0.865044|           0.033938|         2.056839
505  |*i_0_0_499|            0.675367|             0.508043|           0.033938|         1.217348
506  |*i_0_0_500|            0.178674|             0.923221|           0.034026|         1.135921
507  |*i_0_0_501|            1.108835|             2.935388|           0.034026|         4.078249
508  |*i_0_0_502|            0.666434|             1.416474|           0.014353|         2.097261
509  |*i_0_0_503|            1.055538|             7.774496|           0.034026|         8.864060
510  |*i_0_0_504|            0.665891|             1.048467|           0.022619|         1.736978
511  |*i_0_0_505|            0.674406|             0.691031|           0.033938|         1.399374
512  |*i_0_0_506|            0.923902|             1.446912|           0.022619|         2.393433
513  |*i_0_0_507|            0.139060|             0.513674|           0.034026|         0.686760
514  |*i_0_0_508|            0.472851|             2.184291|           0.014353|         2.671495
515  |*i_0_0_509|            0.919079|             5.943312|           0.034026|         6.896417
516  |*i_0_0_510|            0.977911|             2.073950|           0.032612|         3.084473
517  |*i_0_0_511|            1.165602|             1.341341|           0.033938|         2.540881
518  |*i_0_0_512|            0.675367|             0.508043|           0.033938|         1.217348
519  |*i_0_0_513|            0.132517|             0.465462|           0.034026|         0.632005
520  |*i_0_0_514|            1.020850|             2.456080|           0.032612|         3.509543
521  |*i_0_0_515|            1.135026|             2.836414|           0.034026|         4.005467
522  |*i_0_0_516|            0.415392|             1.249447|           0.014353|         1.679192
523  |*i_0_0_517|            1.180290|             6.869549|           0.033938|         8.083776
524  |*i_0_0_518|            0.675367|             0.508043|           0.033938|         1.217348
525  |*i_0_0_519|            0.163153|             0.599554|           0.034026|         0.796732
526  |*i_0_0_520|            0.446024|             2.060368|           0.014353|         2.520745
527  |*i_0_0_521|            0.859405|             5.606126|           0.034026|         6.499557
528  |*i_0_0_522|            0.920325|             2.190985|           0.032612|         3.143921
529  |*i_0_0_523|            1.165612|             2.229756|           0.033938|         3.429306
530  |*i_0_0_524|            0.675367|             0.508043|           0.033938|         1.217348
531  |*i_0_0_525|            0.159421|             0.828097|           0.034026|         1.021544
532  |*i_0_0_526|            1.092171|             2.940581|           0.034026|         4.066779
533  |*i_0_0_527|            0.436861|             2.193822|           0.014353|         2.645037
534  |*i_0_0_528|            0.934281|             5.855529|           0.032612|         6.822423
535  |*i_0_0_529|            1.166436|             2.595333|           0.033938|         3.795707
536  |*i_0_0_530|            0.675367|             0.508043|           0.033938|         1.217348
537  |*i_0_0_531|            0.153558|             0.602105|           0.034026|         0.789689
538  |*i_0_0_532|            0.415014|             1.917121|           0.014353|         2.346488
539  |*i_0_0_533|            0.816016|             5.216360|           0.034026|         6.066401
540  |*i_0_0_534|            0.921377|             2.190985|           0.032612|         3.144974
541  |*i_0_0_535|            1.167066|             2.612486|           0.033938|         3.813490
542  |*i_0_0_536|            0.518777|             5.533804|           0.017393|         6.069975
543  |*i_0_0_537|            0.675367|             0.508043|           0.033938|         1.217348
544  |*i_0_0_538|            0.147778|             0.552721|           0.034026|         0.734525
545  |*i_0_0_539|            1.077636|             2.915357|           0.034026|         4.027020
546  |*i_0_0_540|            1.169311|             2.948585|           0.032612|         4.150508
547  |*i_0_0_541|            0.893120|             2.964991|           0.022619|         3.880730
548  |*i_0_0_542|            0.638141|             0.691031|           0.033938|         1.363109
549  |*i_0_0_543|            0.110871|             0.533920|           0.034026|         0.678817
550  |*i_0_0_544|            0.381250|             1.761152|           0.014353|         2.156756
551  |*i_0_0_545|            0.740247|             4.791980|           0.034026|         5.566253
552  |*i_0_0_546|            0.751252|             1.863051|           0.032612|         2.646914
553  |*i_0_0_547|            0.729737|             2.011296|           0.034026|         2.775059
554  |*i_0_0_548|            1.222660|             2.443550|           0.032612|         3.698822
555  |*i_0_0_549|            0.111505|             0.387432|           0.034026|         0.532964
556  |*i_0_0_550|            0.456979|             2.112253|           0.014353|         2.583585
557  |*i_0_0_551|            0.912227|             5.744285|           0.034026|         6.690538
558  |*i_0_0_552|            0.297781|             0.906208|           0.014353|         1.218342
559  |*i_0_0_553|            0.766565|             5.903785|           0.032612|         6.702962
560  |*i_0_0_554|            0.735108|             2.011296|           0.034026|         2.780431
561  |*i_0_0_555|            1.216476|             2.888487|           0.032612|         4.137575
562  |*i_0_0_556|            0.104763|             0.405554|           0.034026|         0.544343
563  |*i_0_0_557|            0.348401|             1.611363|           0.014353|         1.974117
564  |*i_0_0_558|            0.691806|             4.379813|           0.034026|         5.105645
565  |*i_0_0_559|            0.749867|             1.863050|           0.032612|         2.645530
566  |*i_0_0_560|            0.729584|             1.987279|           0.034026|         2.750890
567  |*i_0_0_561|            1.222863|             2.428893|           0.032612|         3.684369
568  |*i_0_0_562|            0.105712|             0.974926|           0.034026|         1.114664
569  |*i_0_0_563|            0.429990|             1.986300|           0.014353|         2.430643
570  |*i_0_0_564|            0.790048|             5.404592|           0.034026|         6.228665
571  |*i_0_0_565|            1.095295|             2.534856|           0.032612|         3.662763
572  |*i_0_0_566|            0.309851|             0.955790|           0.014353|         1.279994
573  |*i_0_0_567|            0.757351|             6.178362|           0.034026|         6.969740
574  |*i_0_0_568|            1.222660|             2.443550|           0.032612|         3.698822
575  |*i_0_0_569|            0.090218|             0.314960|           0.034026|         0.439203
576  |*i_0_0_570|            0.313376|             1.448493|           0.014353|         1.776223
577  |*i_0_0_571|            0.613465|             3.939186|           0.034026|         4.586677
578  |*i_0_0_572|            0.428330|             1.510562|           0.027858|         1.966751
579  |*i_0_0_573|            0.157076|             0.284360|           0.021200|         0.462636
580  |*i_0_0_574|            0.729421|             1.965176|           0.034026|         2.728623
581  |*i_0_0_575|            1.222863|             2.428893|           0.032612|         3.684369
582  |*i_0_0_576|            0.092710|             0.463546|           0.034026|         0.590282
583  |*i_0_0_577|            0.404784|             1.871000|           0.014353|         2.290137
584  |*i_0_0_578|            0.819084|             5.088196|           0.034026|         5.941306
585  |*i_0_0_579|            0.428330|             1.510562|           0.027858|         1.966751
586  |*i_0_0_580|            0.158033|             0.284360|           0.021200|         0.463592
587  |*i_0_0_581|            0.729400|             1.965176|           0.034026|         2.728601
588  |*i_0_0_582|            1.222660|             2.443550|           0.032612|         3.698822
589  |*i_0_0_583|            0.079143|             0.314486|           0.034026|         0.427655
590  |*i_0_0_584|            0.549695|             1.289154|           0.032612|         1.871461
591  |*i_0_0_585|            0.243240|             0.750317|           0.014353|         1.007910
592  |*i_0_0_586|            0.439001|             4.809533|           0.027858|         5.276393
593  |*i_0_0_587|            0.156885|             0.284360|           0.021200|         0.462445
594  |*i_0_0_588|            0.729571|             1.989192|           0.034026|         2.752789
595  |*i_0_0_589|            1.222863|             2.428893|           0.032612|         3.684369
596  |*i_0_0_590|            0.084545|             0.763817|           0.034026|         0.882388
597  |*i_0_0_591|            0.372125|             1.720043|           0.014353|         2.106522
598  |*i_0_0_592|            0.771572|             4.677668|           0.034026|         5.483266
599  |*i_0_0_593|            0.797593|             2.336574|           0.032612|         3.166778
600  |*i_0_0_594|            1.350126|             2.972431|           0.022695|         4.345252
601  |*i_0_0_595|            1.130952|             1.891788|           0.041741|         3.064481
602  |*i_0_0_596|            0.355674|            13.352633|           0.014353|        13.722660
603  |*i_0_0_597|            0.520454|             6.533280|           0.021200|         7.074934
604  |*i_0_0_598|            0.067423|             0.237634|           0.034026|         0.339084
605  |*i_0_0_599|            0.444235|             1.092099|           0.032612|         1.568946
606  |*i_0_0_600|            0.418294|             1.146446|           0.034026|         1.598766
607  |*i_0_0_601|            1.195537|             5.402433|           0.032612|         6.630582
608  |*i_0_0_602|            0.068354|             0.217375|           0.034026|         0.319756
609  |*i_0_0_603|            0.333813|             1.542954|           0.014353|         1.891121
610  |*i_0_0_604|            0.687601|             4.196075|           0.034026|         4.917702
611  |*i_0_0_605|            0.237726|             1.099488|           0.014353|         1.351568
612  |*i_0_0_606|            0.428682|             2.988497|           0.034026|         3.451205
613  |*i_0_0_607|            1.193358|             5.775193|           0.032612|         7.001163
614  |*i_0_0_608|            0.055039|             0.272001|           0.034026|         0.361066
615  |*i_0_0_609|            0.229540|             0.846370|           0.027858|         1.103769
616  |*i_0_0_610|            0.418292|             1.147550|           0.034026|         1.599868
617  |*i_0_0_611|            1.196030|             5.318036|           0.032612|         6.546678
618  |*i_0_0_612|            0.064733|             0.145451|           0.021200|         0.231383
619  |*i_0_0_613|            0.058465|             0.194285|           0.034026|         0.286776
620  |*i_0_0_614|            0.290688|             1.343623|           0.014353|         1.648664
621  |*i_0_0_615|            0.614520|             3.653991|           0.034026|         4.302537
622  |*i_0_0_616|            0.476884|             1.999331|           0.021200|         2.497415
623  |*i_0_0_617|            0.207094|             3.850768|           0.014353|         4.072215
624  |*i_0_0_618|            0.298226|             4.067487|           0.021200|         4.386912
625  |*i_0_0_619|            0.277035|             1.139571|           0.021200|         1.437805
626  |*i_0_0_620|            1.204040|             3.947572|           0.032612|         5.184224
627  |*i_0_0_621|            0.151899|             0.675762|           0.017393|         0.845055
628  |*i_0_0_622|            0.314260|             7.115361|           0.022695|         7.452315
629  |*i_0_0_623|            0.166587|             0.781870|           0.032612|         0.981069
630  |*i_0_0_624|            0.317688|             0.714140|           0.033938|         1.065765
631  |*i_0_0_625|            0.467652|             5.282898|           0.014353|         5.764903
632  |*i_0_0_626|            1.133366|             8.751196|           0.034026|         9.918588
633  |*i_0_0_627|            0.323876|             7.616250|           0.022695|         7.962820
634  |*i_0_0_628|            0.026068|             0.131308|           0.022619|         0.179995
635  |*i_0_0_629|            0.011748|             0.016975|           0.022039|         0.050762
636  |*i_0_0_630|            0.062695|             0.131725|           0.022695|         0.217115
637  |*i_0_0_631|            0.380596|             1.143960|           0.014353|         1.538909
638  |*i_0_0_632|            0.549376|             7.009633|           0.021200|         7.580208
639  |*i_0_0_633|            0.467629|             5.365840|           0.014353|         5.847823
640  |*i_0_0_634|            1.136244|             9.222108|           0.034026|        10.392378
641  |*i_0_0_635|            0.020432|             0.112653|           0.034566|         0.167651
642  |*i_0_0_636|            0.467778|             4.831697|           0.014353|         5.313828
643  |*i_0_0_637|            1.142436|            10.235226|           0.034026|        11.411688
644  |*i_0_0_638|            0.014314|             0.060284|           0.026832|         0.101430
645  |*i_0_0_639|            0.018368|             0.044930|           0.021200|         0.084498
646  |*i_0_0_640|            0.085875|             0.295042|           0.022695|         0.403612
647  |*i_0_0_641|            0.651294|             1.161469|           0.024415|         1.837177
648  |*i_0_0_642|            0.205050|             2.276576|           0.014353|         2.495979
649  |*i_0_0_643|            0.290359|             4.440712|           0.021200|         4.752271
650  |*i_0_0_644|            0.353392|            10.968217|           0.014353|        11.335962
651  |*i_0_0_645|            0.500504|            12.147839|           0.021200|        12.669543
652  |*i_0_0_646|            1.112833|             5.437089|           0.034026|         6.583948
653  |*i_0_0_647|            1.110385|             5.090434|           0.034026|         6.234845
654  |*i_0_0_648|            1.110428|             5.090434|           0.034026|         6.234888
655  |*i_0_0_649|            1.110895|             5.171954|           0.034026|         6.316875
656  |*i_0_0_650|            1.119553|             6.588009|           0.034026|         7.741588
657  |*i_0_0_651|            0.468075|             2.838387|           0.014353|         3.320815
658  |*i_0_0_652|            1.166840|            14.189430|           0.034026|        15.390296
659  |*i_0_0_653|            0.465451|             1.245658|           0.014353|         1.725462
660  |*i_0_0_654|            1.174836|            15.479016|           0.034026|        16.687878
661  |*i_0_0_655|            0.471425|            75.264938|           0.014353|        75.750710
662  |*i_0_0_656|            1.200122|            84.262650|           0.034026|        85.496796
663  |*i_0_0_657|            0.511525|             1.266502|           0.014353|         1.792380
664  |*i_0_0_658|            0.843873|             6.934112|           0.022619|         7.800604
665  |*i_0_0_659|            1.215844|             1.437567|           0.032612|         2.686023
666  |*i_0_0_660|            0.924192|             1.160140|           0.022039|         2.106371
667  |*i_0_0_661|            0.933987|             2.661917|           0.022619|         3.618525
668  |*i_0_0_662|            0.611474|             2.153851|           0.021200|         2.786525
669  |*i_0_0_663|            1.234516|             2.839525|           0.032612|         4.106653
670  |*i_0_0_664|            0.465697|             1.363797|           0.014353|         1.843847
671  |*i_0_0_665|            1.192618|             9.216595|           0.034026|        10.443239
672  |*i_0_0_666|            1.213492|             2.787000|           0.032612|         4.033104
673  |*i_0_0_667|            0.650825|             2.130764|           0.021200|         2.802788
674  |*i_0_0_668|            1.234942|             2.800505|           0.032612|         4.068058
675  |*i_0_0_669|            1.242586|             2.929568|           0.034026|         4.206180
676  |*i_0_0_670|            0.523863|             3.580733|           0.017393|         4.121988
677  |*i_0_0_671|            0.473172|             1.416745|           0.014353|         1.904270
678  |*i_0_0_672|            0.473795|            46.198513|           0.014353|        46.686661
679  |*i_0_0_673|            0.475280|             3.193329|           0.014353|         3.682962
680  |*i_0_0_674|            0.473840|            27.494108|           0.014353|        27.982302
681  |*i_0_0_675|            0.473855|            25.728689|           0.014353|        26.216898
682  |*i_0_0_676|            0.475255|             4.227688|           0.014353|         4.717297
683  |*i_0_0_677|            0.958971|             2.404814|           0.014353|         3.378139
684  |*i_0_0_678|            0.956854|             2.441366|           0.014353|         3.412573
685  |*i_0_0_679|            0.928842|             2.924953|           0.014353|         3.868148
686  |*i_0_0_680|            0.928842|             2.924953|           0.014353|         3.868148
687  |*i_0_0_681|            0.928842|             2.924953|           0.014353|         3.868148
688  |*i_0_0_682|            0.843127|             4.404675|           0.014353|         5.262155
689  |*i_0_0_683|            0.843458|             4.398960|           0.014353|         5.256770
690  |*i_0_0_684|            0.784086|             5.896594|           0.014353|         6.695034
691  |*i_0_0_685|            0.840186|             4.455437|           0.014353|         5.309976
692  |*i_0_0_686|            0.780686|             5.988230|           0.014353|         6.783269
693  |*i_0_0_687|            0.783506|             5.912230|           0.014353|         6.710089
694  |*i_0_0_688|            0.784143|             5.895067|           0.014353|         6.693563
695  |*i_0_0_689|            0.934628|             2.825065|           0.014353|         3.774046
696  |*i_0_0_690|            0.457203|            35.179363|           0.014353|        35.650921
697  |*i_0_0_691|            0.954597|             2.480330|           0.014353|         3.449281
698  |*i_0_0_692|            0.957712|             2.426554|           0.014353|         3.398619
699  |*i_0_0_693|            0.928842|             2.924953|           0.014353|         3.868148
700  |*i_0_0_694|            0.928842|             2.924953|           0.014353|         3.868148
701  |*i_0_0_695|            0.928842|             2.924953|           0.014353|         3.868148
702  |*i_0_0_696|            0.928842|             2.924953|           0.014353|         3.868148
703  |*i_0_0_697|            0.843127|             4.404675|           0.014353|         5.262155
704  |*i_0_0_698|            0.928842|             2.924953|           0.014353|         3.868148
705  |*i_0_0_699|            0.843380|             4.400300|           0.014353|         5.258033
706  |*i_0_0_700|            0.847165|             4.334961|           0.014353|         5.196479
707  |*i_0_0_701|            0.928842|             2.924953|           0.014353|         3.868148
708  |*i_0_0_702|            0.928842|             2.924953|           0.014353|         3.868148
709  |*i_0_0_703|            0.851306|             4.263478|           0.014353|         5.129137
710  |*i_0_0_704|            0.456646|            35.249760|           0.014353|        35.720760
711  |          |                    |                     |                   |                 
712  |*TOTAL    |          913.934326|          3813.726562|          31.454241|      4759.114746
-----+----------+--------------------+---------------------+-------------------+-----------------
