Report for group default
Report for group I2R
Report for group I2O
------------------------------------------------------------------------------------------------------------------------------------------------------------
Startpoint: B[24]
    (Clocked by rtDefaultClock R)
Endpoint: SUM[1]
    (Clocked by vsysclk R)
Path Group: I2O
Data required time: 19500.0
    (Clock shift: 20000.0, minus Uncertainty: 0.0, plus Latency 0.0, minus Out delay: 500.0)
Data arrival time: 5090.5
Slack: 14409.5
Logic depth: 94
------------------------------------------------------------------------------------------------------------------------------------------------------------
                                                     Arrival               Arc      Net               Net    Total   fan-                                   
Path                     Module/Cell           Edge     Time    Delay    Delay    Delay     Slew     Load     Load    out     Location Power Domain      (V)
                                                        (ps)     (ps)     (ps)     (ps)     (ps)     (ff)     (ff)    (#)      (um,um)                      
------------------------------------------------------------------------------------------------------------------------------------------------------------
B[24]                    {set_input_delay}        f   1000.0   1000.0   1000.0                        7.1     41.9      3     0,   50                       
i_0_0_665/B1->ZN         OAI22_X4*               fr   1113.7    113.7    112.8      0.9    100.0      1.5     31.0      2    53,   52  /PD_TOP        (1.10)
i_0_0_664/A->ZN          INV_X8                  rf   1120.7      7.0      7.0      0.0     15.3      0.6      4.6      1    53,   52  /PD_TOP        (1.10)
i_0_0_661/A->ZN          OAI21_X4                fr   1141.3     20.6     20.6      0.0      3.5      1.5      9.7      2    53,   52  /PD_TOP        (1.10)
i_0_0_491/B1->ZN         OAI21_X4                rf   1159.3     18.0     18.0      0.0     24.6      0.8      4.9      1    53,   52  /PD_TOP        (1.10)
i_0_0_490/B2->ZN         AOI22_X4                fr   1206.5     47.2     47.2      0.0      9.7      0.8      4.8      1    53,   52  /PD_TOP        (1.10)
i_0_0_489/B2->ZN         OAI21_X4                rf   1240.6     34.1     34.1      0.0     25.5      0.6     26.1      1    53,   52  /PD_TOP        (1.10)
i_0_0_488/A->ZN          INV_X8                  fr   1254.4     13.8     13.8      0.0     18.8      0.7      4.8      1    53,   52  /PD_TOP        (1.10)
i_0_0_487/B2->ZN         OAI22_X4*               rf   1302.9     48.5     48.5      0.0      5.4      6.5     60.3      8    53,   52  /PD_TOP        (1.10)
i_0_0_486/A->ZN          INV_X8                  fr   1326.4     23.5     23.3      0.2     15.3      5.7     34.1      7    53,   52  /PD_TOP        (1.10)
i_0_0_484/A2->ZN         OAI22_X4                rf   1349.8     23.4     23.2      0.2     12.7      1.5      9.8      2    53,   52  /PD_TOP        (1.10)
i_0_0_483/A2->ZN         NOR2_X4*                fr   1411.2     61.4     61.4      0.0     13.3      1.3     30.6      2    53,   52  /PD_TOP        (1.10)
i_0_0_482/A->ZN          INV_X8                  rf   1419.7      8.5      8.5      0.0     15.3      1.3      9.5      2    53,   52  /PD_TOP        (1.10)
i_0_0_480/A1->ZN         NOR2_X4*                fr   1472.7     53.0     53.0      0.0      4.0      1.3     30.6      2    53,   52  /PD_TOP        (1.10)
i_0_0_479/A->ZN          INV_X8                  rf   1481.2      8.5      8.5      0.0     15.3      1.3      9.5      2    53,   52  /PD_TOP        (1.10)
i_0_0_477/A1->ZN         NOR2_X4*                fr   1534.2     53.0     53.0      0.0      4.0      1.3     30.6      2    53,   52  /PD_TOP        (1.10)
i_0_0_476/A->ZN          INV_X8                  rf   1542.7      8.5      8.5      0.0     15.3      1.3      9.5      2    53,   52  /PD_TOP        (1.10)
i_0_0_474/A1->ZN         NOR2_X4*                fr   1595.7     53.0     53.0      0.0      4.0      1.3     30.6      2    53,   52  /PD_TOP        (1.10)
i_0_0_473/A->ZN          INV_X8                  rf   1604.2      8.5      8.5      0.0     15.3      1.3      9.5      2    53,   52  /PD_TOP        (1.10)
i_0_0_471/A1->ZN         NOR2_X4*                fr   1657.2     53.0     53.0      0.0      4.0      1.3     30.6      2    53,   52  /PD_TOP        (1.10)
i_0_0_465/A->ZN          AOI21_X4                rf   1676.8     19.6     19.6      0.0     15.3      2.9     18.3      4    53,   52  /PD_TOP        (1.10)
add1/genblk1_1_rippleAdder_LOW/genblk1_1_FullAdder/i_0_0/B->Z
                         XOR2_X2                 ff   1740.6     63.8     63.7      0.1     13.4      1.4      8.5      2    53,   52  /PD_TOP        (1.10)
add1/genblk1_1_rippleAdder_LOW/genblk1_1_FullAdder/i_0_2/B1->ZN
                         AOI22_X4                fr   1812.7     72.1     72.1      0.0     14.8      0.7     26.2      1    53,   52  /PD_TOP        (1.10)
add1/genblk1_1_rippleAdder_LOW/genblk1_1_FullAdder/i_0_3/A->ZN
                         INV_X8                  rf   1821.3      8.6      8.6      0.0     50.8      1.4      8.9      2    53,   52  /PD_TOP        (1.10)
add1/genblk1_1_rippleAdder_LOW/genblk1_2_FullAdder/i_0_2/B2->ZN
                         AOI22_X4                fr   1893.3     72.0     72.0      0.0      4.0      0.7     26.2      1    53,   52  /PD_TOP        (1.10)
add1/genblk1_1_rippleAdder_LOW/genblk1_2_FullAdder/i_0_3/A->ZN
                         INV_X8                  rf   1899.4      6.1      6.1      0.0     50.8      0.6      4.0      1    53,   52  /PD_TOP        (1.10)
add1/genblk1_1_rippleAdder_LOW/genblk1_3_FullAdder/i_0_1/B->Z
                         XOR2_X2                 fr   1927.5     28.1     28.1      0.0      3.4      0.7      1.9      1    53,   52  /PD_TOP        (1.10)
add1/genblk2_1_select/i_0_3/A->Z
                         MUX2_X2                 rr   1969.6     42.1     42.1      0.0     20.9      0.7      2.9      1    53,   52  /PD_TOP        (1.10)
i_0_0_641/A1->ZN         OR3_X4                  rr   1995.2     25.6     25.6      0.0     11.5      1.9      8.5      3    53,   52  /PD_TOP        (1.10)
i_0_0_627/A2->ZN         OR2_X4*                 rr   2058.3     63.1     63.1      0.0      9.3     17.9    102.1     21    53,   52  /PD_TOP        (1.10)
i_0_0_496/A->ZN          AOI211_X4               rf   2110.6     52.3     51.6      0.7     15.3      0.7     26.1      1    53,   52  /PD_TOP        (1.10)
i_0_0_495/A->ZN          INV_X8                  fr   2121.3     10.7     10.7      0.0     10.3      0.6      4.6      1    53,   52  /PD_TOP        (1.10)
i_0_0_494/A->ZN          OAI21_X4                rf   2146.0     24.7     24.7      0.0      5.4      3.3     18.5      5    53,   52  /PD_TOP        (1.10)
i_0_16/i_45/A3->ZN       OR3_X4                  ff   2224.7     78.7     78.6      0.1     15.4      1.9      9.6      3    53,   52  /PD_TOP        (1.10)
i_0_16/i_44/A1->ZN       OR2_X4                  ff   2268.6     43.9     43.9      0.0     13.4      1.2      6.8      2    53,   52  /PD_TOP        (1.10)
i_0_16/i_43/A1->ZN       OR2_X4                  ff   2313.3     44.7     44.7      0.0      9.0      2.0     11.6      3    53,   52  /PD_TOP        (1.10)
i_0_16/i_42/A1->ZN       OR3_X4                  ff   2374.5     61.2     61.2      0.0     10.3      1.9      9.6      3    53,   52  /PD_TOP        (1.10)
i_0_16/i_41/A1->ZN       OR2_X4                  ff   2421.1     46.6     46.6      0.0     13.4      2.0     11.6      3    53,   52  /PD_TOP        (1.10)
i_0_16/i_40/A1->ZN       OR3_X4                  ff   2483.7     62.6     62.6      0.0     10.3      1.9     11.7      3    53,   52  /PD_TOP        (1.10)
i_0_16/i_39/A1->ZN       NOR2_X4                 fr   2514.6     30.9     30.9      0.0     14.0      1.2      8.7      2    53,   52  /PD_TOP        (1.10)
i_0_16/i_38/A1->ZN       NAND2_X4                rf   2531.7     17.1     17.1      0.0     20.5      1.2      6.8      2    53,   52  /PD_TOP        (1.10)
i_0_16/i_37/A1->ZN       OR2_X4                  ff   2577.2     45.5     45.5      0.0      8.0      1.9     13.7      3    53,   52  /PD_TOP        (1.10)
i_0_16/i_35/A1->ZN       NOR3_X4                 fr   2621.0     43.8     43.8      0.0     10.8      1.3      8.8      2    53,   52  /PD_TOP        (1.10)
i_0_16/i_34/A1->ZN       NAND2_X4                rf   2640.5     19.5     19.5      0.0     35.7      1.2      6.8      2    53,   52  /PD_TOP        (1.10)
i_0_16/i_33/A1->ZN       OR2_X4                  ff   2682.1     41.6     41.6      0.0      8.0      1.2      6.8      2    53,   52  /PD_TOP        (1.10)
i_0_16/i_32/A1->ZN       OR2_X4                  ff   2726.8     44.7     44.7      0.0      9.0      2.0     11.6      3    53,   52  /PD_TOP        (1.10)
i_0_16/i_31/A1->ZN       OR3_X4                  ff   2791.2     64.4     64.4      0.0     10.3      2.7     14.4      4    53,   52  /PD_TOP        (1.10)
i_0_16/i_30/A1->ZN       OR3_X4                  ff   2857.2     66.0     66.0      0.0     14.8      2.7     14.4      4    53,   52  /PD_TOP        (1.10)
i_0_16/i_24/A1->ZN       AND2_X4                 ff   2886.7     29.5     29.5      0.0     14.8      0.7      4.8      1    53,   52  /PD_TOP        (1.10)
i_0_0_142/A2->ZN         OAI22_X4                fr   2946.2     59.5     59.5      0.0      5.7      0.7     26.2      1    53,   52  /PD_TOP        (1.10)
i_0_0_141/A->ZN          INV_X8                  rf   2958.8     12.6     12.6      0.0     56.9      2.8     17.5      4    53,   52  /PD_TOP        (1.10)
add2/genblk1_5_rippleAdder_HIGH/genblk1_1_FullAdder/i_0_0/A->Z
                         XOR2_X2                 ff   3013.9     55.1     55.0      0.1      4.9      1.4      8.5      2    53,   52  /PD_TOP        (1.10)
add2/genblk1_5_rippleAdder_HIGH/genblk1_1_FullAdder/i_0_2/B1->ZN
                         AOI22_X4                fr   3086.0     72.1     72.1      0.0     14.8      0.7     26.2      1    53,   52  /PD_TOP        (1.10)
add2/genblk1_5_rippleAdder_HIGH/genblk1_1_FullAdder/i_0_3/A->ZN
                         INV_X8                  rf   3094.6      8.6      8.6      0.0     50.8      1.4      8.9      2    53,   52  /PD_TOP        (1.10)
add2/genblk1_5_rippleAdder_HIGH/genblk1_2_FullAdder/i_0_2/B2->ZN
                         AOI22_X4                fr   3166.6     72.0     72.0      0.0      4.0      0.7     26.2      1    53,   52  /PD_TOP        (1.10)
add2/genblk1_5_rippleAdder_HIGH/genblk1_2_FullAdder/i_0_3/A->ZN
                         INV_X8                  rf   3175.2      8.6      8.6      0.0     50.8      1.4      8.9      2    53,   52  /PD_TOP        (1.10)
add2/genblk1_5_rippleAdder_HIGH/genblk1_3_FullAdder/i_0_2/B2->ZN
                         AOI22_X4                fr   3247.2     72.0     72.0      0.0      4.0      0.7     26.2      1    53,   52  /PD_TOP        (1.10)
add2/genblk1_5_rippleAdder_HIGH/genblk1_3_FullAdder/i_0_3/A->ZN
                         INV_X8                  rf   3252.2      5.0      5.0      0.0     50.8      0.6      2.0      1    53,   52  /PD_TOP        (1.10)
add2/genblk2_5_select/i_0_4/B->Z
                         MUX2_X2                 ff   3319.2     67.0     67.0      0.0      3.2      3.6     15.0      5    53,   52  /PD_TOP        (1.10)
add2/genblk2_6_select/i_0_4/S->Z
                         MUX2_X2                 fr   3393.9     74.7     74.6      0.1     16.6      2.9     12.0      4    53,   52  /PD_TOP        (1.10)
add2/genblk2_7_select/i_0_3/S->Z
                         MUX2_X2*                rf   3531.6    137.7    137.6      0.1     18.6     28.8    194.7     34    53,   52  /PD_TOP        (1.10)
i_0_0_387/B1->ZN         OAI22_X4*               fr   3612.3     80.7     79.6      1.1     15.3      4.0     44.0      5    53,   52  /PD_TOP        (1.10)
i_0_0_386/A->ZN          INV_X8                  rf   3623.2     10.9     10.8      0.1     15.3      3.0     17.7      4    53,   52  /PD_TOP        (1.10)
i_0_0_369/A->ZN          AOI21_X4                fr   3661.0     37.8     37.7      0.1      5.0      0.7      4.8      1    53,   52  /PD_TOP        (1.10)
i_0_0_368/B2->ZN         OAI21_X4                rf   3681.6     20.6     20.6      0.0     22.2      0.7      4.9      1    53,   52  /PD_TOP        (1.10)
i_0_0_367/B2->ZN         AOI21_X4                fr   3713.6     32.0     32.0      0.0      9.7      0.7      4.8      1    53,   52  /PD_TOP        (1.10)
i_0_0_366/B2->ZN         OAI21_X4                rf   3734.2     20.6     20.6      0.0     22.2      0.7      4.9      1    53,   52  /PD_TOP        (1.10)
i_0_0_365/B2->ZN         AOI21_X4                fr   3766.2     32.0     32.0      0.0      9.7      0.7      4.8      1    53,   52  /PD_TOP        (1.10)
i_0_0_364/B2->ZN         OAI21_X4                rf   3786.8     20.6     20.6      0.0     22.2      0.7      4.9      1    53,   52  /PD_TOP        (1.10)
i_0_0_363/B2->ZN         AOI21_X4                fr   3818.6     31.8     31.8      0.0      9.7      0.8      4.6      1    53,   52  /PD_TOP        (1.10)
i_0_0_361/A4->ZN         NOR4_X4                 rf   3833.7     15.1     15.1      0.0     22.0      0.8      3.4      1    53,   52  /PD_TOP        (1.10)
i_0_0_358/B->ZN          AOI211_X2               fr   3905.4     71.7     71.7      0.0      7.0      0.8      4.8      1    53,   52  /PD_TOP        (1.10)
i_0_0_357/B2->ZN         OAI21_X4                rf   3929.0     23.6     23.6      0.0     45.3      0.8      3.1      1    53,   52  /PD_TOP        (1.10)
i_0_0_356/A4->ZN         AND4_X4                 ff   3964.0     35.0     35.0      0.0      8.9      0.9      3.5      1    53,   52  /PD_TOP        (1.10)
i_0_0_354/A->ZN          AOI221_X4               fr   4095.6    131.6    131.6      0.0      6.3      1.4     31.0      2    53,   52  /PD_TOP        (1.10)
i_0_0_353/A->ZN          INV_X8                  rf   4104.5      8.9      8.9      0.0     21.1      1.2      9.5      2    53,   52  /PD_TOP        (1.10)
i_0_0_316/A2->ZN         NOR2_X4*                fr   4183.0     78.5     78.5      0.0      4.0     14.4     89.8     17    53,   52  /PD_TOP        (1.10)
i_0_0_315/A->ZN          INV_X32                 rf   4195.3     12.3     11.8      0.5     15.3     15.3     70.0     18    53,   52  /PD_TOP        (1.10)
i_0_0_314/A2->ZN         OR2_X4                  ff   4242.2     46.9     46.3      0.6      5.6      1.5      8.2      2    53,   52  /PD_TOP        (1.10)
i_0_0_1/CI->CO           FA_X1                   ff   4313.9     71.7     71.7      0.0      9.4      0.8      3.6      1    53,   52  /PD_TOP        (1.10)
i_0_0_2/CI->CO           FA_X1                   ff   4388.1     74.2     74.2      0.0     15.9      0.8      3.6      1    53,   52  /PD_TOP        (1.10)
i_0_0_3/CI->CO           FA_X1                   ff   4462.3     74.2     74.2      0.0     15.9      0.8      3.6      1    53,   52  /PD_TOP        (1.10)
i_0_0_4/CI->CO           FA_X1                   ff   4536.5     74.2     74.2      0.0     15.9      0.8      3.6      1    53,   52  /PD_TOP        (1.10)
i_0_0_5/CI->CO           FA_X1                   ff   4610.7     74.2     74.2      0.0     15.9      0.8      3.6      1    53,   52  /PD_TOP        (1.10)
i_0_0_6/CI->CO           FA_X1                   ff   4685.5     74.8     74.8      0.0     15.9      0.7      3.8      1    53,   52  /PD_TOP        (1.10)
i_0_0_340/A->ZN          XNOR2_X2                ff   4726.8     41.3     41.3      0.0     16.2      0.6      4.3      1    53,   52  /PD_TOP        (1.10)
i_0_0_339/B->ZN          XNOR2_X2                ff   4767.4     40.6     40.6      0.0     11.2      0.7      4.8      1    53,   52  /PD_TOP        (1.10)
i_0_0_337/A2->ZN         OAI22_X4                fr   4829.3     61.9     61.9      0.0     11.7      0.7     26.2      1    53,   52  /PD_TOP        (1.10)
i_0_0_336/A->ZN          INV_X8                  rf   4836.7      7.4      7.4      0.0     56.9      1.3      7.3      2    53,   52  /PD_TOP        (1.10)
i_0_0_308/A1->ZN         OR4_X4                  ff   4909.6     72.9     72.9      0.0      3.8      0.7      4.9      1    53,   52  /PD_TOP        (1.10)
i_0_0_307/A2->ZN         NOR2_X4                 fr   4941.7     32.1     32.1      0.0     16.0      1.4      5.2      2    53,   52  /PD_TOP        (1.10)
i_0_0_306/A2->ZN         OR2_X4                  rr   4972.8     31.1     31.1      0.0     16.5      3.0     12.6      4    53,   52  /PD_TOP        (1.10)
i_0_0_302/A1->ZN         NOR2_X4*                rf   5010.2     37.4     37.3      0.1     11.2     11.8     76.4     14    53,   52  /PD_TOP        (1.10)
i_0_0_301/A->ZN          INV_X32                 fr   5028.1     17.9     17.5      0.4     15.3      7.4     41.8      9    53,   52  /PD_TOP        (1.10)
i_0_0_150/B3->ZN         OAI33_X1                rf   5089.6     61.5     61.3      0.2      8.4      7.4     17.4      1    53,   52  /PD_TOP        (1.10)
SUM[1]                                            f   5090.5      0.9               0.9     43.0                             48,    0                       
------------------------------------------------------------------------------------------------------------------------------------------------------------
Report for group R2O
