Report Physical info: 
------------------------+-------------+-----------+------------
                        |             |Area (squm)|Leakage (uW)
------------------------+-------------+-----------+------------
Design Name             |boothAlgo    |           |            
  Total Instances       |         1120|       1445|      31.209
    Macros              |            0|          0|       0.000
    Pads                |            0|          0|       0.000
    Phys                |            0|          0|       0.000
    Blackboxes          |            0|          0|       0.000
    Cells               |         1120|       1445|      31.209
      Buffers           |            0|          0|       0.000
      Inverters         |          197|        105|       2.828
      Clock-Gates       |            0|          0|       0.000
      Combinational     |          819|       1064|      24.132
      Latches           |          104|        277|       4.250
      FlipFlops         |            0|          0|       0.000
       Single-Bit FF    |            0|          0|       0.000
       Multi-Bit FF     |            0|          0|       0.000
       Clock-Gated      |            0|           |            
       Bits             |            0|          0|       0.000
         Load-Enabled   |            0|           |            
         Clock-Gated    |            0|           |            
  Tristate Pin Count    |            0|           |            
Physical Info           |Placed       |           |            
  Chip Size (mm x mm)   |0.109 x 0.109|      11898|            
  Fixed Cell Area       |             |          0|            
    Phys Only           |            0|          0|            
  Placeable Area        |             |       2402|            
  Movable Cell Area     |             |       1445|            
  Utilization (%)       |           60|           |            
  Chip Utilization (%)  |           60|           |            
  Total Wire Length (mm)|        7.598|           |            
  Longest Wire (mm)     |        0.063|           |            
  Average Wire (mm)     |        0.058|           |            
------------------------+-------------+-----------+------------
