Report End Points: 
-----+-------+------+-------+------+-----+-----+-----+----------------------+-----------------------
     |Group  |Launch|Capture|Shift |Delay|Depth|Slack|Begin Point           |End Point              
-----+-------+------+-------+------+-----+-----+-----+----------------------+-----------------------
1    |default|sysclk|sysclk |1250.0|921.0|   26|167.8|accumulator_A_reg[3]/Q|accumulator_A_reg[30]/D
2    |default|sysclk|sysclk |1250.0|886.6|   25|202.2|accumulator_A_reg[3]/Q|accumulator_A_reg[29]/D
3    |default|sysclk|sysclk |1250.0|843.0|   24|245.8|accumulator_A_reg[3]/Q|accumulator_A_reg[28]/D
-----+-------+------+-------+------+-----+-----+-----+----------------------+-----------------------
Report End Points: 
-----+-----+--------------+-------+------+-----+-----+-----+-----------+----------------------
     |Group|Launch        |Capture|Shift |Delay|Depth|Slack|Begin Point|End Point             
-----+-----+--------------+-------+------+-----+-----+-----+-----------+----------------------
1    |I2R  |rtDefaultClock|sysclk |1250.0|984.3|   22|  7.9|A[1]       |multiplier_M_reg[30]/D
2    |I2R  |rtDefaultClock|sysclk |1250.0|984.3|   21|  7.9|A[1]       |multiplier_M_reg[28]/D
3    |I2R  |rtDefaultClock|sysclk |1250.0|970.1|   22| 22.1|A[1]       |multiplier_M_reg[29]/D
-----+-----+--------------+-------+------+-----+-----+-----+-----------+----------------------
Report End Points: 
-----+-----+------+-------+-----+-----+-----+-----+-----------+---------
     |Group|Launch|Capture|Shift|Delay|Depth|Slack|Begin Point|End Point
-----+-----+------+-------+-----+-----+-----+-----+-----------+---------
1    |I2O  |      |       |     |     |     |     |           |         
-----+-----+------+-------+-----+-----+-----+-----+-----------+---------
Report End Points: 
-----+-----+------+-------+-----+-----+-----+-----+-----------+---------
     |Group|Launch|Capture|Shift|Delay|Depth|Slack|Begin Point|End Point
-----+-----+------+-------+-----+-----+-----+-----+-----------+---------
1    |R2O  |      |       |     |     |     |     |           |         
-----+-----+------+-------+-----+-----+-----+-----+-----------+---------
