warning: No library characterized for (process = 1.00 voltage = 0.85 temperature = 25.00) can be found in the database for power domain '/PD_TOP'  [NL-174]
Report Power (instances with prefix '*' are included in total) : 
-----+-----------------------+--------------------+---------------------+-------------------+-----------------
     | Instance              | Internal Power(uw) | Switching Power(uw) | Leakage Power(uw) | Total Power(uw) 
-----+-----------------------+--------------------+---------------------+-------------------+-----------------
1    |*i_0_0                 |           49.951588|            42.935223|           1.822795|        94.709610
2    |*i_0_1                 |           61.308887|            56.372478|           1.822795|       119.504158
3    |*i_0_3                 |           25.422375|            24.348200|           3.772386|        53.542965
4    |*isNeg_reg[1]          |            1.446118|             0.469804|           0.040863|         1.956785
5    |*isNeg_reg[0]          |            1.479146|             1.044665|           0.040863|         2.564674
6    |*i_0_12                |           66.565773|           181.159683|           4.934707|       252.660156
7    |*i_0_13                |           75.151489|           252.031479|           5.439891|       332.622894
8    |*accumulator_A_reg[30] |            1.384167|             8.687178|           0.040863|        10.112208
9    |*accumulator_A_reg[29] |            1.384779|             7.782245|           0.040863|         9.207887
10   |*accumulator_A_reg[28] |            1.384951|             7.684754|           0.040863|         9.110568
11   |*accumulator_A_reg[27] |            1.385005|             7.704192|           0.040863|         9.130059
12   |*accumulator_A_reg[26] |            1.385708|             6.244677|           0.040863|         7.671248
13   |*accumulator_A_reg[25] |            1.384415|             8.186182|           0.040863|         9.611460
14   |*accumulator_A_reg[24] |            1.385865|             9.029893|           0.040863|        10.456621
15   |*accumulator_A_reg[23] |            1.384323|             9.572308|           0.040863|        10.997494
16   |*accumulator_A_reg[22] |            1.386202|             4.855385|           0.040863|         6.282451
17   |*accumulator_A_reg[21] |            1.384979|             7.066513|           0.040863|         8.492355
18   |*accumulator_A_reg[20] |            1.385334|            10.008749|           0.040863|        11.434946
19   |*accumulator_A_reg[19] |            1.384662|             8.923783|           0.040863|        10.349308
20   |*accumulator_A_reg[18] |            1.385804|             5.650755|           0.040863|         7.077423
21   |*accumulator_A_reg[17] |            1.384688|             7.662334|           0.040863|         9.087885
22   |*accumulator_A_reg[16] |            1.386298|             8.252394|           0.040863|         9.679555
23   |*accumulator_A_reg[15] |            1.386128|             6.134393|           0.040863|         7.561384
24   |*accumulator_A_reg[14] |            1.385998|             4.899654|           0.040863|         6.326516
25   |*accumulator_A_reg[13] |            1.384938|             6.906725|           0.040863|         8.332527
26   |*accumulator_A_reg[12] |            1.385168|             6.978824|           0.040863|         8.404855
27   |*accumulator_A_reg[11] |            1.385792|             6.692899|           0.040863|         8.119554
28   |*accumulator_A_reg[10] |            1.384666|             7.653396|           0.040863|         9.078925
29   |*accumulator_A_reg[9]  |            1.384914|             7.130434|           0.040863|         8.556210
30   |*accumulator_A_reg[8]  |            1.383949|             9.681549|           0.040863|        11.106361
31   |*accumulator_A_reg[7]  |            1.385891|             6.330283|           0.040863|         7.757037
32   |*accumulator_A_reg[6]  |            1.384348|             7.704230|           0.040863|         9.129441
33   |*accumulator_A_reg[5]  |            1.384860|             6.897304|           0.040863|         8.323027
34   |*accumulator_A_reg[4]  |            1.383670|             9.662326|           0.040863|        11.086859
35   |*accumulator_A_reg[3]  |            1.384218|             8.561176|           0.040863|         9.986257
36   |*accumulator_A_reg[2]  |            1.384480|             7.665516|           0.040863|         9.090860
37   |*accumulator_A_reg[1]  |            1.384382|             8.257520|           0.040863|         9.682765
38   |*accumulator_A_reg[0]  |            1.385368|             6.294499|           0.040863|         7.720730
39   |*multiplicand_Q_reg[32]|            1.398518|             4.847515|           0.040863|         6.286897
40   |*multiplicand_Q_reg[31]|            1.368779|             2.258134|           0.040863|         3.667776
41   |*multiplicand_Q_reg[30]|            1.371303|             2.793607|           0.040863|         4.205772
42   |*multiplicand_Q_reg[29]|            1.374164|             3.400636|           0.040863|         4.815663
43   |*multiplicand_Q_reg[28]|            1.367834|             2.057668|           0.040863|         3.466365
44   |*multiplicand_Q_reg[27]|            1.375087|             4.821302|           0.040863|         6.237252
45   |*multiplicand_Q_reg[26]|            1.368611|             2.222500|           0.040863|         3.631974
46   |*multiplicand_Q_reg[25]|            1.371234|             2.779059|           0.040863|         4.191156
47   |*multiplicand_Q_reg[24]|            1.374332|             3.436270|           0.040863|         4.851465
48   |*multiplicand_Q_reg[23]|            1.367710|             2.031455|           0.040863|         3.440028
49   |*multiplicand_Q_reg[22]|            1.375090|             4.811882|           0.040863|         6.227835
50   |*multiplicand_Q_reg[21]|            1.368587|             2.217374|           0.040863|         3.626823
51   |*multiplicand_Q_reg[20]|            1.371361|             2.806006|           0.040863|         4.218231
52   |*multiplicand_Q_reg[19]|            1.374138|             3.395078|           0.040863|         4.810079
53   |*multiplicand_Q_reg[18]|            1.367609|             2.009882|           0.040863|         3.418354
54   |*multiplicand_Q_reg[17]|            1.367642|             2.016907|           0.040863|         3.425412
55   |*multiplicand_Q_reg[16]|            1.368292|             2.154881|           0.040863|         3.564037
56   |*multiplicand_Q_reg[15]|            1.370585|             2.641391|           0.040863|         4.052839
57   |*multiplicand_Q_reg[14]|            1.375087|             4.821302|           0.040863|         6.237252
58   |*multiplicand_Q_reg[13]|            1.368789|             2.260290|           0.040863|         3.669942
59   |*multiplicand_Q_reg[12]|            1.375087|             4.821302|           0.040863|         6.237252
60   |*multiplicand_Q_reg[11]|            1.368789|             2.260290|           0.040863|         3.669942
61   |*multiplicand_Q_reg[10]|            1.368098|             2.114120|           0.040863|         3.523081
62   |*multiplicand_Q_reg[9] |            1.370393|             2.600630|           0.040863|         4.011886
63   |*multiplicand_Q_reg[8] |            1.367834|             2.057668|           0.040863|         3.466365
64   |*multiplicand_Q_reg[7] |            1.368148|             2.128669|           0.040863|         3.537680
65   |*multiplicand_Q_reg[6] |            1.370417|             2.605757|           0.040863|         4.017037
66   |*multiplicand_Q_reg[5] |            1.367642|             2.016907|           0.040863|         3.425412
67   |*multiplicand_Q_reg[4] |            1.367710|             2.031455|           0.040863|         3.440028
68   |*multiplicand_Q_reg[3] |            1.367880|             2.120323|           0.040863|         3.529067
69   |*multiplicand_Q_reg[2] |            1.369657|             2.444521|           0.040863|         3.855042
70   |*multiplicand_Q_reg[1] |            1.374673|             5.386123|           0.040863|         6.801659
71   |*multiplicand_Q_reg[0] |            1.378866|             3.149002|           0.040863|         4.568730
72   |*multiplier_M_reg[31]  |            1.519646|             0.941044|           0.040863|         2.501553
73   |*multiplier_M_reg[30]  |            1.524160|             6.816050|           0.040863|         8.381072
74   |*multiplier_M_reg[29]  |            1.517943|             4.025793|           0.040863|         5.584599
75   |*multiplier_M_reg[28]  |            1.519614|             4.776248|           0.040863|         6.336726
76   |*multiplier_M_reg[27]  |            1.525621|             7.471910|           0.040863|         9.038393
77   |*multiplier_M_reg[26]  |            1.519762|             4.842296|           0.040863|         6.402921
78   |*multiplier_M_reg[25]  |            1.519128|             4.557997|           0.040863|         6.117989
79   |*multiplier_M_reg[24]  |            1.522377|             6.016055|           0.040863|         7.579295
80   |*multiplier_M_reg[23]  |            1.510505|             2.482809|           0.040863|         4.034177
81   |*multiplier_M_reg[22]  |            1.518008|             4.054901|           0.040863|         5.613771
82   |*multiplier_M_reg[21]  |            1.512375|             2.815944|           0.040863|         4.369182
83   |*multiplier_M_reg[20]  |            1.522377|             6.016055|           0.040863|         7.579295
84   |*multiplier_M_reg[19]  |            1.506775|             1.829537|           0.040863|         3.377175
85   |*multiplier_M_reg[18]  |            1.519788|             4.853961|           0.040863|         6.414612
86   |*multiplier_M_reg[17]  |            1.515597|             3.390241|           0.040863|         4.946701
87   |*multiplier_M_reg[16]  |            1.514589|             3.210593|           0.040863|         4.766045
88   |*multiplier_M_reg[15]  |            1.510137|             2.417196|           0.040863|         3.968196
89   |*multiplier_M_reg[14]  |            1.519788|             4.853961|           0.040863|         6.414612
90   |*multiplier_M_reg[13]  |            1.512367|             2.814527|           0.040863|         4.367756
91   |*multiplier_M_reg[12]  |            1.515585|             3.388107|           0.040863|         4.944555
92   |*multiplier_M_reg[11]  |            1.510329|             2.451485|           0.040863|         4.002678
93   |*multiplier_M_reg[10]  |            1.519788|             4.853961|           0.040863|         6.414612
94   |*multiplier_M_reg[9]   |            1.512340|             2.814527|           0.040863|         4.367730
95   |*multiplier_M_reg[8]   |            1.515740|             3.415700|           0.040863|         4.972303
96   |*multiplier_M_reg[7]   |            1.510226|             2.433077|           0.040863|         3.984166
97   |*multiplier_M_reg[6]   |            1.515486|             3.408586|           0.040863|         4.964935
98   |*multiplier_M_reg[5]   |            1.515597|             3.390241|           0.040863|         4.946701
99   |*multiplier_M_reg[4]   |            1.514534|             3.200736|           0.040863|         4.756133
100  |*multiplier_M_reg[3]   |            1.519367|             4.664975|           0.040863|         6.225204
101  |*multiplier_M_reg[2]   |            1.509904|             2.817653|           0.040863|         4.368420
102  |*multiplier_M_reg[1]   |            1.514537|             3.201347|           0.040863|         4.756747
103  |*multiplier_M_reg[0]   |            1.505175|             2.223336|           0.040863|         3.769374
104  |*ready_reg             |            1.483003|             1.723909|           0.040863|         3.247776
105  |*counter_reg[4]        |            1.381077|             3.598197|           0.040863|         5.020137
106  |*counter_reg[3]        |            1.365719|             1.633052|           0.040863|         3.039634
107  |*counter_reg[2]        |            1.365977|             1.466363|           0.040863|         2.873203
108  |*counter_reg[1]        |            1.372913|             1.939898|           0.040863|         3.353674
109  |*counter_reg[0]        |            1.375785|             2.523219|           0.040863|         3.939867
110  |*i_0_2_0               |            0.511107|             0.000000|           0.022039|         0.533146
111  |*i_0_2_1               |            0.319784|             0.000000|           0.017393|         0.337178
112  |*i_0_2_2               |            0.021630|             0.000000|           0.018127|         0.039757
113  |*i_0_2_3               |            0.193365|             0.000000|           0.021200|         0.214565
114  |*i_0_2_4               |            0.200006|             0.000000|           0.021200|         0.221205
115  |*i_0_2_5               |            0.599636|             0.585817|           0.036164|         1.221617
116  |*i_0_2_6               |            0.238026|             0.000000|           0.027858|         0.265885
117  |*i_0_2_7               |            0.345284|             0.558742|           0.022619|         0.926645
118  |*i_0_2_8               |            0.200006|             0.000000|           0.021200|         0.221205
119  |*i_0_2_9               |            0.442634|             0.585817|           0.036164|         1.064615
120  |*i_0_2_10              |            0.197872|             0.000000|           0.021200|         0.219071
121  |*i_0_2_11              |            0.383021|             0.586040|           0.036441|         1.005502
122  |*i_0_2_12              |            0.067878|             0.122082|           0.021200|         0.211159
123  |*i_0_2_13              |            0.259140|             0.726393|           0.024415|         1.009947
124  |*i_0_2_14              |            0.153761|             0.241554|           0.026832|         0.422147
125  |*i_0_2_15              |            0.380696|             0.000000|           0.022695|         0.403391
126  |*i_0_2_16              |            0.442494|             0.000000|           0.027858|         0.470353
127  |*i_0_2_17              |            0.120649|             0.000000|           0.014353|         0.135003
128  |*i_0_2_18              |            0.356569|             0.000000|           0.047399|         0.403968
129  |*i_0_2_19              |            0.120648|             0.000000|           0.014353|         0.135001
130  |*i_0_2_20              |            0.356149|             0.000000|           0.047399|         0.403547
131  |*i_0_2_21              |            0.120962|             0.000000|           0.014353|         0.135315
132  |*i_0_2_22              |            0.356907|             0.000000|           0.047399|         0.404305
133  |*i_0_2_23              |            0.120666|             0.000000|           0.014353|         0.135019
134  |*i_0_2_24              |            0.355791|             0.000000|           0.047399|         0.403190
135  |*i_0_2_25              |            0.120658|             0.000000|           0.014353|         0.135011
136  |*i_0_2_26              |            0.355684|             0.000000|           0.047399|         0.403083
137  |*i_0_2_27              |            0.120967|             0.000000|           0.014353|         0.135321
138  |*i_0_2_28              |            0.356598|             0.000000|           0.047399|         0.403997
139  |*i_0_2_29              |            0.121141|             0.000000|           0.014353|         0.135495
140  |*i_0_2_30              |            0.357129|             0.000000|           0.047399|         0.404528
141  |*i_0_2_31              |            0.119824|             0.000000|           0.014353|         0.134177
142  |*i_0_2_32              |            0.352132|             0.000000|           0.047399|         0.399531
143  |*i_0_2_33              |            0.120185|             0.000000|           0.014353|         0.134538
144  |*i_0_2_34              |            0.353708|             0.000000|           0.047399|         0.401107
145  |*i_0_2_35              |            0.120703|             0.000000|           0.014353|         0.135056
146  |*i_0_2_36              |            0.355461|             0.000000|           0.047399|         0.402859
147  |*i_0_2_37              |            0.120678|             0.000000|           0.014353|         0.135031
148  |*i_0_2_38              |            0.355463|             0.000000|           0.047399|         0.402862
149  |*i_0_2_39              |            0.119691|             0.000000|           0.014353|         0.134044
150  |*i_0_2_40              |            0.351590|             0.000000|           0.047399|         0.398989
151  |*i_0_2_41              |            0.120426|             0.000000|           0.014353|         0.134780
152  |*i_0_2_42              |            0.354312|             0.000000|           0.047399|         0.401710
153  |*i_0_2_43              |            0.120838|             0.000000|           0.014353|         0.135191
154  |*i_0_2_44              |            0.355828|             0.000000|           0.047399|         0.403227
155  |*i_0_2_45              |            0.120754|             0.000000|           0.014353|         0.135108
156  |*i_0_2_46              |            0.355671|             0.000000|           0.047399|         0.403070
157  |*i_0_2_47              |            0.119618|             0.000000|           0.014353|         0.133971
158  |*i_0_2_48              |            0.351338|             0.000000|           0.047399|         0.398737
159  |*i_0_2_49              |            0.117637|             0.000000|           0.014353|         0.131990
160  |*i_0_2_50              |            0.346130|             0.000000|           0.047399|         0.393529
161  |*i_0_2_51              |            0.120638|             0.000000|           0.014353|         0.134991
162  |*i_0_2_52              |            0.355202|             0.000000|           0.047399|         0.402601
163  |*i_0_2_53              |            0.120479|             0.000000|           0.014353|         0.134832
164  |*i_0_2_54              |            0.354813|             0.000000|           0.047399|         0.402212
165  |*i_0_2_55              |            0.119659|             0.000000|           0.014353|         0.134012
166  |*i_0_2_56              |            0.351516|             0.000000|           0.047399|         0.398915
167  |*i_0_2_57              |            0.117651|             0.000000|           0.014353|         0.132005
168  |*i_0_2_58              |            0.346174|             0.000000|           0.047399|         0.393573
169  |*i_0_2_59              |            0.120651|             0.000000|           0.014353|         0.135004
170  |*i_0_2_60              |            0.355240|             0.000000|           0.047399|         0.402639
171  |*i_0_2_61              |            0.120484|             0.000000|           0.014353|         0.134837
172  |*i_0_2_62              |            0.354829|             0.000000|           0.047399|         0.402227
173  |*i_0_2_63              |            0.119665|             0.000000|           0.014353|         0.134018
174  |*i_0_2_64              |            0.351535|             0.000000|           0.047399|         0.398934
175  |*i_0_2_65              |            0.117654|             0.000000|           0.014353|         0.132007
176  |*i_0_2_66              |            0.346181|             0.000000|           0.047399|         0.393580
177  |*i_0_2_67              |            0.120653|             0.000000|           0.014353|         0.135006
178  |*i_0_2_68              |            0.355211|             0.000000|           0.047399|         0.402610
179  |*i_0_2_69              |            0.120169|             0.000000|           0.014353|         0.134522
180  |*i_0_2_70              |            0.353532|             0.000000|           0.047399|         0.400931
181  |*i_0_2_71              |            0.120107|             0.000000|           0.014353|         0.134460
182  |*i_0_2_72              |            0.352808|             0.000000|           0.047399|         0.400207
183  |*i_0_2_73              |            0.120206|             0.000000|           0.014353|         0.134559
184  |*i_0_2_74              |            0.353293|             0.000000|           0.047399|         0.400692
185  |*i_0_2_75              |            0.120399|             0.000000|           0.014353|         0.134752
186  |*i_0_2_76              |            0.354218|             0.000000|           0.047399|         0.401617
187  |*i_0_2_77              |            0.120647|             0.000000|           0.014353|         0.135001
188  |*i_0_2_78              |            0.355176|             0.000000|           0.047399|         0.402575
189  |*i_0_2_79              |            0.345348|             0.000000|           0.025066|         0.370414
190  |*i_0_2_80              |            0.604205|             0.000000|           0.035928|         0.640134
191  |*i_0_2_81              |            0.138235|             0.000000|           0.014353|         0.152589
192  |*i_0_2_82              |            0.306004|             0.000000|           0.047399|         0.353403
193  |*i_0_2_83              |            0.138678|             0.000000|           0.014353|         0.153031
194  |*i_0_2_84              |            0.307151|             0.000000|           0.047399|         0.354550
195  |*i_0_2_85              |            0.138235|             0.000000|           0.014353|         0.152589
196  |*i_0_2_86              |            0.305418|             0.000000|           0.047399|         0.352817
197  |*i_0_2_87              |            0.138235|             0.000000|           0.014353|         0.152589
198  |*i_0_2_88              |            0.308869|             0.000000|           0.047399|         0.356268
199  |*i_0_2_89              |            0.138235|             0.000000|           0.014353|         0.152589
200  |*i_0_2_90              |            0.306069|             0.000000|           0.047399|         0.353468
201  |*i_0_2_91              |            0.138272|             0.000000|           0.014353|         0.152625
202  |*i_0_2_92              |            0.305861|             0.000000|           0.047399|         0.353260
203  |*i_0_2_93              |            0.138235|             0.000000|           0.014353|         0.152589
204  |*i_0_2_94              |            0.308804|             0.000000|           0.047399|         0.356203
205  |*i_0_2_95              |            0.138235|             0.000000|           0.014353|         0.152589
206  |*i_0_2_96              |            0.305939|             0.000000|           0.047399|         0.353338
207  |*i_0_2_97              |            0.138240|             0.000000|           0.014353|         0.152593
208  |*i_0_2_98              |            0.306985|             0.000000|           0.047399|         0.354383
209  |*i_0_2_99              |            0.138235|             0.000000|           0.014353|         0.152589
210  |*i_0_2_100             |            0.300957|             0.000000|           0.047399|         0.348355
211  |*i_0_2_101             |            0.138235|             0.000000|           0.014353|         0.152589
212  |*i_0_2_102             |            0.306834|             0.000000|           0.047399|         0.354233
213  |*i_0_2_103             |            0.138235|             0.000000|           0.014353|         0.152589
214  |*i_0_2_104             |            0.300957|             0.000000|           0.047399|         0.348355
215  |*i_0_2_105             |            0.138235|             0.000000|           0.014353|         0.152589
216  |*i_0_2_106             |            0.309048|             0.000000|           0.047399|         0.356447
217  |*i_0_2_107             |            0.138235|             0.000000|           0.014353|         0.152589
218  |*i_0_2_108             |            0.306183|             0.000000|           0.047399|         0.353582
219  |*i_0_2_109             |            0.138235|             0.000000|           0.014353|         0.152589
220  |*i_0_2_110             |            0.305418|             0.000000|           0.047399|         0.352817
221  |*i_0_2_111             |            0.138235|             0.000000|           0.014353|         0.152589
222  |*i_0_2_112             |            0.305471|             0.000000|           0.047399|         0.352870
223  |*i_0_2_113             |            0.138235|             0.000000|           0.014353|         0.152589
224  |*i_0_2_114             |            0.300957|             0.000000|           0.047399|         0.348355
225  |*i_0_2_115             |            0.138235|             0.000000|           0.014353|         0.152589
226  |*i_0_2_116             |            0.310041|             0.000000|           0.047399|         0.357440
227  |*i_0_2_117             |            0.138235|             0.000000|           0.014353|         0.152589
228  |*i_0_2_118             |            0.306573|             0.000000|           0.047399|         0.353972
229  |*i_0_2_119             |            0.138235|             0.000000|           0.014353|         0.152589
230  |*i_0_2_120             |            0.300940|             0.000000|           0.047399|         0.348339
231  |*i_0_2_121             |            0.138235|             0.000000|           0.014353|         0.152589
232  |*i_0_2_122             |            0.305467|             0.000000|           0.047399|         0.352865
233  |*i_0_2_123             |            0.138235|             0.000000|           0.014353|         0.152589
234  |*i_0_2_124             |            0.300957|             0.000000|           0.047399|         0.348355
235  |*i_0_2_125             |            0.138235|             0.000000|           0.014353|         0.152589
236  |*i_0_2_126             |            0.309846|             0.000000|           0.047399|         0.357245
237  |*i_0_2_127             |            0.138235|             0.000000|           0.014353|         0.152589
238  |*i_0_2_128             |            0.306573|             0.000000|           0.047399|         0.353972
239  |*i_0_2_129             |            0.138235|             0.000000|           0.014353|         0.152589
240  |*i_0_2_130             |            0.300940|             0.000000|           0.047399|         0.348339
241  |*i_0_2_131             |            0.138235|             0.000000|           0.014353|         0.152589
242  |*i_0_2_132             |            0.305614|             0.000000|           0.047399|         0.353012
243  |*i_0_2_133             |            0.138235|             0.000000|           0.014353|         0.152589
244  |*i_0_2_134             |            0.301074|             0.000000|           0.047399|         0.348473
245  |*i_0_2_135             |            0.138235|             0.000000|           0.014353|         0.152589
246  |*i_0_2_136             |            0.309976|             0.000000|           0.047399|         0.357375
247  |*i_0_2_137             |            0.138235|             0.000000|           0.014353|         0.152589
248  |*i_0_2_138             |            0.306769|             0.000000|           0.047399|         0.354168
249  |*i_0_2_139             |            0.138235|             0.000000|           0.014353|         0.152589
250  |*i_0_2_140             |            0.300940|             0.000000|           0.047399|         0.348339
251  |*i_0_2_141             |            0.053297|             0.000000|           0.026832|         0.080128
252  |*i_0_2_142             |            0.148349|             0.000000|           0.017393|         0.165743
253  |*i_0_2_143             |            0.229689|             0.000000|           0.047399|         0.277088
254  |*i_0_2_144             |            0.133870|             0.000000|           0.026832|         0.160702
255  |*i_0_2_145             |            0.047711|             0.000000|           0.017393|         0.065104
256  |*i_0_2_146             |            0.181523|             0.000000|           0.025066|         0.206589
257  |*i_0_2_147             |            0.320972|             0.000000|           0.025066|         0.346038
258  |*i_0_2_148             |            0.191572|             0.000000|           0.021200|         0.212771
259  |*i_0_2_149             |            0.590322|             0.576795|           0.036441|         1.203558
260  |*i_0_2_150             |            0.045417|             0.000000|           0.026832|         0.072249
261  |*i_0_2_151             |            1.021483|             0.371837|           0.025066|         1.418386
262  |*i_0_2_152             |            0.487245|             0.350992|           0.014353|         0.852590
263  |*i_0_2_153             |            0.836066|             5.679600|           0.032612|         6.548277
264  |*i_0_2_154             |            0.501751|             0.361441|           0.014353|         0.877545
265  |*i_0_2_155             |            0.859455|             5.848689|           0.032612|         6.740756
266  |*i_0_2_156             |            0.487245|             0.350992|           0.014353|         0.852590
267  |*i_0_2_157             |            0.836066|             5.679600|           0.032612|         6.548277
268  |*i_0_2_158             |            0.487245|             0.350992|           0.014353|         0.852590
269  |*i_0_2_159             |            0.836066|             5.679600|           0.032612|         6.548277
270  |*i_0_2_160             |            0.487245|             0.350992|           0.014353|         0.852590
271  |*i_0_2_161             |            0.836066|             5.679600|           0.032612|         6.548277
272  |*i_0_2_162             |            0.488456|             0.351864|           0.014353|         0.854674
273  |*i_0_2_163             |            0.839843|             5.693722|           0.032612|         6.566177
274  |*i_0_2_164             |            0.487245|             0.350992|           0.014353|         0.852590
275  |*i_0_2_165             |            0.836066|             5.679600|           0.032612|         6.548277
276  |*i_0_2_166             |            0.487245|             0.350992|           0.014353|         0.852590
277  |*i_0_2_167             |            0.836066|             5.679600|           0.032612|         6.548277
278  |*i_0_2_168             |            0.487399|             0.351102|           0.014353|         0.852854
279  |*i_0_2_169             |            0.838312|             5.681393|           0.032612|         6.552317
280  |*i_0_2_170             |            0.487245|             0.350992|           0.014353|         0.852590
281  |*i_0_2_171             |            0.836066|             5.679600|           0.032612|         6.548277
282  |*i_0_2_172             |            0.487245|             0.350992|           0.014353|         0.852590
283  |*i_0_2_173             |            0.835872|             5.679600|           0.032612|         6.548084
284  |*i_0_2_174             |            0.487245|             0.350992|           0.014353|         0.852590
285  |*i_0_2_175             |            0.836066|             5.679600|           0.032612|         6.548277
286  |*i_0_2_176             |            0.487245|             0.350992|           0.014353|         0.852590
287  |*i_0_2_177             |            0.835872|             5.679600|           0.032612|         6.548084
288  |*i_0_2_178             |            0.487245|             0.350992|           0.014353|         0.852590
289  |*i_0_2_179             |            0.835872|             5.679600|           0.032612|         6.548084
290  |*i_0_2_180             |            0.487245|             0.350992|           0.014353|         0.852590
291  |*i_0_2_181             |            0.836066|             5.679600|           0.032612|         6.548277
292  |*i_0_2_182             |            0.487246|             0.350993|           0.014353|         0.852592
293  |*i_0_2_183             |            0.838091|             5.679615|           0.032612|         6.550318
294  |*i_0_2_184             |            0.487245|             0.350992|           0.014353|         0.852590
295  |*i_0_2_185             |            0.836066|             5.679600|           0.032612|         6.548277
296  |*i_0_2_186             |            0.487245|             0.350992|           0.014353|         0.852590
297  |*i_0_2_187             |            0.836066|             5.679600|           0.032612|         6.548277
298  |*i_0_2_188             |            0.487245|             0.350992|           0.014353|         0.852590
299  |*i_0_2_189             |            0.835872|             5.679600|           0.032612|         6.548084
300  |*i_0_2_190             |            0.487245|             0.350992|           0.014353|         0.852590
301  |*i_0_2_191             |            0.835872|             5.679600|           0.032612|         6.548084
302  |*i_0_2_192             |            0.487245|             0.350992|           0.014353|         0.852590
303  |*i_0_2_193             |            0.835872|             5.679600|           0.032612|         6.548084
304  |*i_0_2_194             |            0.487245|             0.350992|           0.014353|         0.852590
305  |*i_0_2_195             |            0.836066|             5.679600|           0.032612|         6.548277
306  |*i_0_2_196             |            0.487245|             0.350992|           0.014353|         0.852590
307  |*i_0_2_197             |            0.836066|             5.679600|           0.032612|         6.548277
308  |*i_0_2_198             |            0.487245|             0.350992|           0.014353|         0.852590
309  |*i_0_2_199             |            0.835872|             5.679600|           0.032612|         6.548084
310  |*i_0_2_200             |            0.487245|             0.350992|           0.014353|         0.852590
311  |*i_0_2_201             |            0.835872|             5.679600|           0.032612|         6.548084
312  |*i_0_2_202             |            0.487245|             0.350992|           0.014353|         0.852590
313  |*i_0_2_203             |            0.836066|             5.679600|           0.032612|         6.548277
314  |*i_0_2_204             |            2.059483|             0.350992|           0.014353|         2.424828
315  |*i_0_2_205             |            3.354012|             5.679600|           0.032612|         9.066224
316  |*i_0_2_206             |            2.059483|             0.350992|           0.014353|         2.424828
317  |*i_0_2_207             |            3.359915|             5.679600|           0.032612|         9.072127
318  |*i_0_2_208             |            2.059483|             0.350992|           0.014353|         2.424828
319  |*i_0_2_209             |            3.355714|             5.679600|           0.032612|         9.067926
320  |*i_0_2_210             |            2.059483|             0.350992|           0.014353|         2.424828
321  |*i_0_2_211             |            3.355714|             5.679600|           0.032612|         9.067926
322  |*i_0_2_212             |            0.297310|            32.079552|           0.021200|        32.398064
323  |*i_0_2_213             |            1.942387|             0.216905|           0.025066|         2.184357
324  |*i_0_2_214             |            0.190688|             0.000000|           0.014353|         0.205042
325  |*i_0_2_215             |            0.470040|             0.000000|           0.025066|         0.495106
326  |*i_0_2_216             |            0.224916|             0.000000|           0.018105|         0.243021
327  |*i_0_2_217             |            0.522534|             0.371837|           0.021200|         0.915570
328  |*i_0_2_218             |            1.161959|            35.856041|           0.025066|        37.043068
329  |*i_0_2_219             |            0.367460|             2.142981|           0.027858|         2.538300
330  |*i_0_2_220             |            0.337281|             0.523324|           0.027858|         0.888464
331  |*i_0_2_221             |            0.698735|             2.086103|           0.035928|         2.820766
332  |*i_0_2_222             |            0.699281|             2.072813|           0.035928|         2.808022
333  |*i_0_2_223             |            0.698979|             2.106825|           0.035928|         2.841733
334  |*i_0_2_224             |            0.698841|             2.089061|           0.035928|         2.823831
335  |*i_0_2_225             |            0.699225|             2.155747|           0.035928|         2.890901
336  |*i_0_2_226             |            0.699351|             2.110843|           0.035928|         2.846123
337  |*i_0_2_227             |            0.699359|             2.155747|           0.035928|         2.891035
338  |*i_0_2_228             |            0.698598|             2.071924|           0.035928|         2.806451
339  |*i_0_2_229             |            0.699105|             2.090465|           0.035928|         2.825499
340  |*i_0_2_230             |            0.698669|             2.073015|           0.035928|         2.807612
341  |*i_0_2_231             |            0.699706|             2.111188|           0.035928|         2.846822
342  |*i_0_2_232             |            0.698826|             2.093424|           0.035928|         2.828179
343  |*i_0_2_233             |            0.700106|             2.160110|           0.035928|         2.896144
344  |*i_0_2_234             |            0.698914|             2.115237|           0.035928|         2.850080
345  |*i_0_2_235             |            0.699553|             2.160110|           0.035928|         2.895591
346  |*i_0_2_236             |            0.698671|             2.067562|           0.035928|         2.802162
347  |*i_0_2_237             |            0.698889|             2.094828|           0.035928|         2.829645
348  |*i_0_2_238             |            0.699124|             2.068652|           0.035928|         2.803705
349  |*i_0_2_239             |            0.699115|             2.115550|           0.035928|         2.850593
350  |*i_0_2_240             |            0.699103|             2.097787|           0.035928|         2.832819
351  |*i_0_2_241             |            0.700142|             2.164472|           0.035928|         2.900542
352  |*i_0_2_242             |            0.699080|             2.119600|           0.035928|         2.854608
353  |*i_0_2_243             |            0.699907|             2.164472|           0.035928|         2.900307
354  |*i_0_2_244             |            0.698734|             2.063199|           0.035928|         2.797862
355  |*i_0_2_245             |            0.699114|             2.099191|           0.035928|         2.834233
356  |*i_0_2_246             |            0.699322|             2.064290|           0.035928|         2.799541
357  |*i_0_2_247             |            0.699077|             2.119913|           0.035928|         2.854919
358  |*i_0_2_248             |            0.699398|             2.102149|           0.035928|         2.837476
359  |*i_0_2_249             |            0.699511|             2.168834|           0.035928|         2.904274
360  |*i_0_2_250             |            0.699299|             2.123962|           0.035928|         2.859190
361  |*i_0_2_251             |            0.700177|             2.168835|           0.035928|         2.904941
362  |*i_0_2_252             |            0.699044|             2.058837|           0.035928|         2.793809
363  |*i_0_2_253             |            0.699409|             2.103553|           0.035928|         2.838891
364  |*i_0_2_254             |            0.699286|             2.059927|           0.035928|         2.795142
365  |*i_0_2_255             |            0.699813|             2.124276|           0.035928|         2.860017
366  |*i_0_2_256             |            0.699668|             2.106512|           0.035928|         2.842108
367  |*i_0_2_257             |            0.699978|             2.173197|           0.035928|         2.909104
368  |*i_0_2_258             |            0.699612|             2.128325|           0.035928|         2.863865
369  |*i_0_2_259             |            0.700213|             2.173197|           0.035928|         2.909338
370  |*i_0_2_260             |            0.699303|             2.061953|           0.035928|         2.797184
371  |*i_0_2_261             |            0.699445|             2.107916|           0.035928|         2.843290
372  |*i_0_2_262             |            0.699312|             2.063044|           0.035928|         2.798284
373  |*i_0_2_263             |            0.699614|             2.128638|           0.035928|         2.864181
374  |*i_0_2_264             |            0.699702|             2.110875|           0.035928|         2.846505
375  |*i_0_2_265             |            0.700014|             2.177560|           0.035928|         2.913502
376  |*i_0_2_266             |            0.699647|             2.132688|           0.035928|         2.868263
377  |*i_0_2_267             |            0.700014|             2.177560|           0.035928|         2.913502
378  |*i_0_2_268             |            0.699105|             2.066315|           0.035928|         2.801349
379  |*i_0_2_269             |            0.699715|             2.112278|           0.035928|         2.847922
380  |*i_0_2_270             |            0.699348|             2.067406|           0.035928|         2.802682
381  |*i_0_2_271             |            0.699884|             2.133001|           0.035928|         2.868814
382  |*i_0_2_272             |            0.699505|             2.115237|           0.035928|         2.850671
383  |*i_0_2_273             |            0.700284|             2.181923|           0.035928|         2.918135
384  |*i_0_2_274             |            0.699917|             2.137050|           0.035928|         2.872896
385  |*i_0_2_275             |            0.700284|             2.181923|           0.035928|         2.918135
386  |*i_0_2_276             |            0.699141|             2.070678|           0.035928|         2.805747
387  |*i_0_2_277             |            0.699744|             2.116641|           0.035928|         2.852313
388  |*i_0_2_278             |            0.699150|             2.071769|           0.035928|         2.806847
389  |*i_0_2_279             |            0.699920|             2.137363|           0.035928|         2.873211
390  |*i_0_2_280             |            0.699775|             2.119600|           0.035928|         2.855303
391  |*i_0_2_281             |            0.700085|             2.186285|           0.035928|         2.922299
392  |*i_0_2_282             |            0.699953|             2.141413|           0.035928|         2.877294
393  |*i_0_2_283             |            0.700281|             2.186285|           0.035928|         2.922494
394  |*i_0_2_284             |            0.189265|             0.565280|           0.014353|         0.768898
395  |*i_0_2_285             |            0.334847|            26.908161|           0.017393|        27.260403
396  |*i_0_2_286             |            0.597637|             0.548218|           0.036164|         1.182019
397  |*i_0_2_287             |            0.000000|             0.000000|           0.026733|         0.026733
398  |*i_0_2_288             |            0.000030|             0.000023|           0.018127|         0.018179
399  |*i_0_2_289             |            0.105388|             0.133941|           0.032601|         0.271931
400  |*i_0_2_290             |            0.105325|             0.130933|           0.032601|         0.268860
401  |*i_0_2_291             |            0.105281|             0.128762|           0.032601|         0.266644
402  |*i_0_2_292             |            0.105217|             0.125699|           0.032601|         0.263517
403  |*i_0_2_293             |            0.000030|             0.000023|           0.018127|         0.018179
404  |*i_0_2_294             |            0.105388|             0.133941|           0.032601|         0.271931
405  |*i_0_2_295             |            0.105325|             0.130933|           0.032601|         0.268860
406  |*i_0_2_296             |            0.105281|             0.128762|           0.032601|         0.266644
407  |*i_0_2_297             |            0.105217|             0.125699|           0.032601|         0.263517
408  |*i_0_2_298             |            0.000061|             0.000044|           0.018127|         0.018232
409  |*i_0_2_299             |            0.155368|             0.247170|           0.026832|         0.429370
410  |*i_0_2_300             |            0.105709|             0.130933|           0.032601|         0.269243
411  |*i_0_2_301             |            0.106047|             0.128762|           0.032601|         0.267411
412  |*i_0_2_302             |            0.106518|             0.125699|           0.032601|         0.264818
413  |*i_0_2_303             |            0.000030|             0.000022|           0.018127|         0.018179
414  |*i_0_2_304             |            0.106203|             0.133941|           0.032601|         0.272746
415  |*i_0_2_305             |            0.106582|             0.130933|           0.032601|         0.270116
416  |*i_0_2_306             |            0.105924|             0.128762|           0.032601|         0.267287
417  |*i_0_2_307             |            0.106324|             0.125699|           0.032601|         0.264624
418  |*i_0_2_308             |            0.484624|             4.660580|           0.014353|         5.159557
419  |*i_0_2_309             |            0.929219|             2.918443|           0.014353|         3.862015
420  |*i_0_2_310             |            0.189239|             0.555565|           0.014353|         0.759158
421  |*i_0_2_311             |            0.202632|             1.415209|           0.014353|         1.632194
422  |                       |                    |                     |                   |                 
423  |*TOTAL                 |          573.610535|          1451.770020|          31.209066|      2056.589600
-----+-----------------------+--------------------+---------------------+-------------------+-----------------
