Report for group default
------------------------------------------------------------------------------------------------------------------------------------------------------------
Startpoint: accumulator_A_reg[3]/Q
    (Clocked by sysclk R)
Endpoint: accumulator_A_reg[30]/D
    (Clocked by sysclk F)
Path Group: default
Data required time: 1193.4
    (Clock shift: 1250.0, minus Uncertainty: 0.0, plus Latency 0.0, minus Setup time: 56.6)
Data arrival time: 1025.6
Slack: 167.8
Logic depth: 26
------------------------------------------------------------------------------------------------------------------------------------------------------------
                                                     Arrival               Arc      Net               Net    Total   fan-                                   
Path                     Module/Cell           Edge     Time    Delay    Delay    Delay     Slew     Load     Load    out     Location Power Domain      (V)
                                                        (ps)     (ps)     (ps)     (ps)     (ps)     (ff)     (ff)    (#)      (um,um)                      
------------------------------------------------------------------------------------------------------------------------------------------------------------
clk                      {create_clock}           r      0.0      0.0      0.0                        0.0      0.0      3     0,   53                       
i_0_2_216/A1->ZN         NAND3_X1                rf      0.0      0.0      0.0      0.0      0.0      0.0      0.0      4    54,   54  /PD_TOP        (1.10)
i_0_2_215/A2->ZN         AND2_X2                 ff      0.0      0.0      0.0      0.0      0.0      0.0      0.0     33    54,   54  /PD_TOP        (1.10)
i_0_2_214/A->ZN          INV_X1                  fr      0.0      0.0      0.0      0.0      0.0      0.0      0.0     42    54,   54  /PD_TOP        (1.10)
i_0_2_15/A1->ZN          OR2_X2                  rr      0.0      0.0      0.0      0.0      0.0      0.0      0.0     69    54,   54  /PD_TOP        (1.10)
accumulator_A_reg[3]/G->Q
                         DLH_X2*                 rf    104.6    104.6    104.6      0.0      0.0      5.0     70.8      7    54,   54  /PD_TOP        (1.10)
i_0_13/i_80/A->ZN        INV_X8                  fr    120.8     16.2     16.1      0.1     15.3      2.1     12.5      3    54,   54  /PD_TOP        (1.10)
i_0_13/i_75/A1->ZN       NAND2_X4*               rf    147.2     26.4     26.4      0.0      7.3      1.3     30.6      2    54,   54  /PD_TOP        (1.10)
i_0_13/i_74/A->ZN        INV_X8                  fr    161.3     14.1     14.1      0.0     15.3      1.5      7.9      2    54,   54  /PD_TOP        (1.10)
i_0_13/i_67/A1->ZN       NOR3_X4                 rf    169.7      8.4      8.4      0.0      6.2      0.7      4.7      1    54,   54  /PD_TOP        (1.10)
i_0_13/i_66/A->ZN        OAI21_X4                fr    188.0     18.3     18.3      0.0      6.7      0.8      3.4      1    54,   54  /PD_TOP        (1.10)
i_0_13/i_65/A->ZN        OAI221_X4               rf    268.1     80.1     80.1      0.0     17.4      1.4     30.0      2    54,   54  /PD_TOP        (1.10)
i_0_13/i_64/A->ZN        INV_X8                  fr    281.2     13.1     13.1      0.0     11.6      1.4      9.4      2    54,   54  /PD_TOP        (1.10)
i_0_13/i_93/A3->ZN       NOR3_X4                 rf    292.8     11.6     11.6      0.0      6.6      1.3      9.7      2    54,   54  /PD_TOP        (1.10)
i_0_13/i_152/A2->ZN      NOR2_X4                 fr    320.9     28.1     28.1      0.0      8.0      0.6      4.8      1    54,   54  /PD_TOP        (1.10)
i_0_13/i_151/A2->ZN      NOR2_X4                 rf    332.2     11.3     11.3      0.0     16.0      0.8      3.4      1    54,   54  /PD_TOP        (1.10)
i_0_13/i_148/C2->ZN      AOI221_X4               fr    435.2    103.0    103.0      0.0      5.4      2.4     13.5      3    54,   54  /PD_TOP        (1.10)
i_0_13/i_179/A4->ZN      NOR4_X4                 rf    456.1     20.9     20.9      0.0     81.0      0.8      4.7      1    54,   54  /PD_TOP        (1.10)
i_0_13/i_177/A4->ZN      NOR4_X4                 fr    561.7    105.6    105.6      0.0      7.3      2.3     13.5      3    54,   54  /PD_TOP        (1.10)
i_0_13/i_203/A3->ZN      NOR3_X4                 rf    579.9     18.2     18.2      0.0     65.1      0.8      4.6      1    54,   54  /PD_TOP        (1.10)
i_0_13/i_201/A4->ZN      NOR4_X4                 fr    685.9    106.0    106.0      0.0      6.7      2.2     13.7      3    54,   54  /PD_TOP        (1.10)
i_0_13/i_226/A2->ZN      NOR2_X4                 rf    699.3     13.4     13.4      0.0     65.6      0.7      3.3      1    54,   54  /PD_TOP        (1.10)
i_0_13/i_225/B->ZN       AOI211_X2               fr    764.2     64.9     64.9      0.0      5.3      0.9      3.3      1    54,   54  /PD_TOP        (1.10)
i_0_13/i_224/C2->ZN      OAI221_X2               rf    820.6     56.4     56.4      0.0     39.8      2.3     14.4      3    54,   54  /PD_TOP        (1.10)
i_0_13/i_223/A2->ZN      NAND2_X4*               fr    865.9     45.3     45.3      0.0     32.2      1.3     30.6      2    54,   54  /PD_TOP        (1.10)
i_0_13/i_222/A->ZN       INV_X8                  rf    872.9      7.0      7.0      0.0     15.3      0.7      4.8      1    54,   54  /PD_TOP        (1.10)
i_0_13/i_221/B2->ZN      OAI22_X4                fr    925.6     52.7     52.7      0.0      3.5      2.2     13.5      3    54,   54  /PD_TOP        (1.10)
i_0_13/i_237/A2->ZN      NAND2_X4                rf    943.3     17.7     17.7      0.0     41.6      0.8      3.1      1    54,   54  /PD_TOP        (1.10)
i_0_13/i_236/C2->ZN      OAI222_X2               fr   1003.1     59.8     59.8      0.0      6.5      0.8      4.1      1    54,   54  /PD_TOP        (1.10)
i_0_13/i_57/A->Z         XOR2_X2                 rf   1025.6     22.5     22.5      0.0     50.8      0.8      3.3      1    54,   54  /PD_TOP        (1.10)
i_0_2_78/B2->ZN          AOI222_X1               fr   1025.6      0.0      0.0      0.0     12.0      0.0      0.0      1    54,   54  /PD_TOP        (1.10)
i_0_2_77/A->ZN           INV_X1                  rf   1025.6      0.0      0.0      0.0      0.0      0.0      0.0      1    54,   54  /PD_TOP        (1.10)
accumulator_A_reg[30]/D  DLH_X2                   f   1025.6      0.0               0.0      0.0                             54,   54  /PD_TOP        (1.10)
------------------------------------------------------------------------------------------------------------------------------------------------------------
Report for group I2R
------------------------------------------------------------------------------------------------------------------------------------------------------------
Startpoint: A[1]
    (Clocked by rtDefaultClock R)
Endpoint: multiplier_M_reg[30]/D
    (Clocked by sysclk F)
Path Group: I2R
Data required time: 1192.2
    (Clock shift: 1250.0, minus Uncertainty: 0.0, plus Latency 0.0, minus Setup time: 57.8)
Data arrival time: 1184.3
Slack: 7.9
Logic depth: 22
------------------------------------------------------------------------------------------------------------------------------------------------------------
                                                     Arrival               Arc      Net               Net    Total   fan-                                   
Path                     Module/Cell           Edge     Time    Delay    Delay    Delay     Slew     Load     Load    out     Location Power Domain      (V)
                                                        (ps)     (ps)     (ps)     (ps)     (ps)     (ff)     (ff)    (#)      (um,um)                      
------------------------------------------------------------------------------------------------------------------------------------------------------------
A[1]                     {set_input_delay}        f    200.0    200.0    200.0                        9.8     23.3      4    50,    0                       
i_0_1/i_60/A2->ZN        OR3_X4                  ff    305.7    105.7    104.7      1.0    100.0      1.9      9.6      3    54,   54  /PD_TOP        (1.10)
i_0_1/i_59/A1->ZN        OR2_X4                  ff    349.6     43.9     43.9      0.0     13.4      1.2      6.8      2    54,   54  /PD_TOP        (1.10)
i_0_1/i_58/A1->ZN        OR2_X4                  ff    394.3     44.7     44.7      0.0      9.0      2.0     11.6      3    54,   54  /PD_TOP        (1.10)
i_0_1/i_57/A1->ZN        OR3_X4                  ff    455.5     61.2     61.2      0.0     10.3      1.9      9.6      3    54,   54  /PD_TOP        (1.10)
i_0_1/i_56/A1->ZN        OR2_X4                  ff    502.1     46.6     46.6      0.0     13.4      2.0     11.6      3    54,   54  /PD_TOP        (1.10)
i_0_1/i_55/A1->ZN        OR3_X4                  ff    564.7     62.6     62.6      0.0     10.3      1.9     11.7      3    54,   54  /PD_TOP        (1.10)
i_0_1/i_54/A1->ZN        NOR2_X4                 fr    595.6     30.9     30.9      0.0     14.0      1.2      8.7      2    54,   54  /PD_TOP        (1.10)
i_0_1/i_53/A1->ZN        NAND2_X4                rf    617.1     21.5     21.5      0.0     20.5      1.9     13.7      3    54,   54  /PD_TOP        (1.10)
i_0_1/i_51/A1->ZN        NOR3_X4                 fr    660.8     43.7     43.7      0.0     10.7      1.3      8.8      2    54,   54  /PD_TOP        (1.10)
i_0_1/i_50/A1->ZN        NAND2_X4                rf    684.4     23.6     23.6      0.0     35.7      2.0     11.6      3    54,   54  /PD_TOP        (1.10)
i_0_1/i_49/A1->ZN        OR3_X4                  ff    745.4     61.0     61.0      0.0      9.8      1.9      9.6      3    54,   54  /PD_TOP        (1.10)
i_0_1/i_48/A1->ZN        OR2_X4                  ff    795.5     50.1     50.1      0.0     13.4      2.7     18.7      4    54,   54  /PD_TOP        (1.10)
i_0_1/i_45/A1->ZN        NOR4_X4                 fr    854.4     58.9     58.9      0.0     12.1      1.4      8.9      2    54,   54  /PD_TOP        (1.10)
i_0_1/i_44/A1->ZN        NAND2_X4                rf    875.6     21.2     21.2      0.0     53.8      1.2      6.8      2    54,   54  /PD_TOP        (1.10)
i_0_1/i_43/A1->ZN        OR2_X4                  ff    921.1     45.5     45.5      0.0      8.0      1.9     13.7      3    54,   54  /PD_TOP        (1.10)
i_0_1/i_41/A1->ZN        NOR3_X4                 fr    964.9     43.8     43.8      0.0     10.8      1.3      8.8      2    54,   54  /PD_TOP        (1.10)
i_0_1/i_40/A1->ZN        NAND2_X4                rf    988.5     23.6     23.6      0.0     35.7      2.0     11.6      3    54,   54  /PD_TOP        (1.10)
i_0_1/i_39/A1->ZN        OR3_X4                  ff   1056.6     68.1     68.1      0.0      9.8      3.4     21.5      5    54,   54  /PD_TOP        (1.10)
i_0_1/i_37/A1->ZN        NOR3_X4                 fr   1093.9     37.3     37.2      0.1     16.7      0.7      4.4      1    54,   54  /PD_TOP        (1.10)
i_0_1/i_34/B->ZN         XNOR2_X2                rf   1118.9     25.0     25.0      0.0     27.7      0.7      4.8      1    54,   54  /PD_TOP        (1.10)
i_0_2_211/A1->ZN         AOI22_X4                fr   1179.5     60.6     60.6      0.0     11.7      0.7     26.2      1    54,   54  /PD_TOP        (1.10)
i_0_2_210/A->ZN          INV_X4                  rf   1184.3      4.8      4.8      0.0     50.8      0.6      1.6      1    54,   54  /PD_TOP        (1.10)
multiplier_M_reg[30]/D   DLH_X2                   f   1184.3      0.0               0.0      3.3                             54,   54  /PD_TOP        (1.10)
------------------------------------------------------------------------------------------------------------------------------------------------------------
Report for group I2O
Report for group R2O
