Report 'report_power_summary': Power
Generated on Thu Dec 22 21:45:50 2022
  
--------------------------------------------------------------------------
|                        Power Summary (nanowatt)                        |
|------------------------------------------------------------------------|
| Component          Internal Switching  Dynamic Leakage  Total  Percent | 
|------------------------------------------------------------------------|
| Entire design        311258     65901   377159   67470  444629  100.00 | 
|                                                                        | 
| Power of all cells   311258     40184   351442   67470  418912   94.22 | 
|   Clock cells          7137      6646    13783     182   13965    3.14 | 
|   Data cells         304111     33538   337649   67288  404937   91.07 | 
|     Combinational         0         0        0   60618   60618   13.63 | 
|     Registers        304111     33538   337649    6671  344319   77.44 | 
|     Macros                0         0        0       0       0    0.00 | 
|     Physical              0         0        0       0       0    0.00 | 
|                                                                        | 
| Power of all nets               25717    25717           25717    5.78 | 
|   Clock nets                    25717    25717           25717    5.78 | 
|     Clock leaves                20728    20728           20728    4.66 | 
|   Data nets                         0        0               0    0.00 | 
--------------------------------------------------------------------------


info UI33: performed report_power_summary for 0 sec (CPU time: 0 sec; MEM: RSS - 389M, CVMEM - 1784M, PVMEM - 2263M)
-----------------------------------------------------------------------------------------------------------------------------------------------
| Corner     Enable Setup Hold  CRPR       SI   Power            EM   Voltage Drop DRC        Process                    RC Temp Scale Factor | 
|---------------------------------------------------------------------------------------------------------------------------------------------|
| slow       false  true  false setup_hold none leakage          none none         trans, cap new_rcmaster_techFreePDK45 25      1            | 
| fast       false  false false setup_hold none leakage          none none         trans, cap new_rcmaster_techFreePDK45 25      1            | 
| corner_0_0 true   true  true  setup_hold none leakage, dynamic none none         trans, cap new_rcmaster_techFreePDK45 25      1            | 
-----------------------------------------------------------------------------------------------------------------------------------------------


