Report Physical info: 
------------------------+------------------------+-----------+------------
                        |                        |Area (squm)|Leakage (uW)
------------------------+------------------------+-----------+------------
Design Name             |FPU_sequentialMultiplier|           |            
  Total Instances       |                     833|       1170|      23.307
    Macros              |                       0|          0|       0.000
    Pads                |                       0|          0|       0.000
    Phys                |                       0|          0|       0.000
    Blackboxes          |                       0|          0|       0.000
    Cells               |                     833|       1170|      23.307
      Buffers           |                       0|          0|       0.000
      Inverters         |                     156|         83|       2.239
      Clock-Gates       |                       0|          0|       0.000
      Combinational     |                     486|        579|      13.263
      Latches           |                     191|        508|       7.805
      FlipFlops         |                       0|          0|       0.000
       Single-Bit FF    |                       0|          0|       0.000
       Multi-Bit FF     |                       0|          0|       0.000
       Clock-Gated      |                       0|           |            
       Bits             |                       0|          0|       0.000
         Load-Enabled   |                       0|           |            
         Clock-Gated    |                       0|           |            
  Tristate Pin Count    |                       0|           |            
Physical Info           |Placed                  |           |            
  Chip Size (mm x mm)   |0.104 x 0.104           |      10850|            
  Fixed Cell Area       |                        |          0|            
    Phys Only           |                       0|          0|            
  Placeable Area        |                        |       1913|            
  Movable Cell Area     |                        |       1170|            
  Utilization (%)       |                      61|           |            
  Chip Utilization (%)  |                      61|           |            
  Total Wire Length (mm)|                   5.314|           |            
  Longest Wire (mm)     |                   0.056|           |            
  Average Wire (mm)     |                   0.054|           |            
------------------------+------------------------+-----------+------------
