Report Physical info: 
------------------------+-------------+-----------+------------
                        |             |Area (squm)|Leakage (uW)
------------------------+-------------+-----------+------------
Design Name             |CSelA        |           |            
  Total Instances       |          267|        363|       8.194
    Macros              |            0|          0|       0.000
    Pads                |            0|          0|       0.000
    Phys                |            0|          0|       0.000
    Blackboxes          |            0|          0|       0.000
    Cells               |          267|        363|       8.194
      Buffers           |            0|          0|       0.000
      Inverters         |           49|         26|       0.703
      Clock-Gates       |            0|          0|       0.000
      Combinational     |          218|        336|       7.491
      Latches           |            0|          0|       0.000
      FlipFlops         |            0|          0|       0.000
       Single-Bit FF    |            0|          0|       0.000
       Multi-Bit FF     |            0|          0|       0.000
       Clock-Gated      |            0|           |            
       Bits             |            0|          0|       0.000
         Load-Enabled   |            0|           |            
         Clock-Gated    |            0|           |            
  Tristate Pin Count    |            0|           |            
Physical Info           |Placed       |           |            
  Chip Size (mm x mm)   |0.085 x 0.085|       7154|            
  Fixed Cell Area       |             |          0|            
    Phys Only           |            0|          0|            
  Placeable Area        |             |        583|            
  Movable Cell Area     |             |        363|            
  Utilization (%)       |           62|           |            
  Chip Utilization (%)  |           62|           |            
  Total Wire Length (mm)|        4.351|           |            
  Longest Wire (mm)     |        0.046|           |            
  Average Wire (mm)     |        0.044|           |            
------------------------+-------------+-----------+------------
