warning: No library characterized for (process = 1.00 voltage = 0.85 temperature = 25.00) can be found in the database for power domain '/PD_TOP'  [NL-174]
Report Power (instances with prefix '*' are included in total) : 
-----+---------------------------+--------------------+---------------------+-------------------+-----------------
     | Instance                  | Internal Power(uw) | Switching Power(uw) | Leakage Power(uw) | Total Power(uw) 
-----+---------------------------+--------------------+---------------------+-------------------+-----------------
1    |*genblk1_0_rippleAdder_LOW |           18.130453|            39.736351|           0.419107|        58.285915
2    |*genblk1_0_rippleAdder_HIGH|           17.894228|            41.520527|           0.417014|        59.831768
3    |*genblk1_1_rippleAdder_LOW |           18.130453|            39.736351|           0.419107|        58.285915
4    |*genblk1_1_rippleAdder_HIGH|           17.894228|            41.520527|           0.417014|        59.831768
5    |*genblk1_2_rippleAdder_LOW |           18.130453|            39.736351|           0.419107|        58.285915
6    |*genblk1_2_rippleAdder_HIGH|           17.894228|            41.520527|           0.417014|        59.831768
7    |*genblk1_3_rippleAdder_LOW |           18.130453|            39.736351|           0.419107|        58.285915
8    |*genblk1_3_rippleAdder_HIGH|           17.894228|            41.520527|           0.417014|        59.831768
9    |*genblk1_4_rippleAdder_LOW |           18.130453|            39.736351|           0.419107|        58.285915
10   |*genblk1_4_rippleAdder_HIGH|           17.894228|            41.520527|           0.417014|        59.831768
11   |*genblk1_5_rippleAdder_LOW |           18.130453|            39.736351|           0.419107|        58.285915
12   |*genblk1_5_rippleAdder_HIGH|           17.894228|            41.520527|           0.417014|        59.831768
13   |*genblk1_6_rippleAdder_LOW |           18.130453|            39.736351|           0.419107|        58.285915
14   |*genblk1_6_rippleAdder_HIGH|           17.894228|            41.520527|           0.417014|        59.831768
15   |*genblk1_7_rippleAdder_LOW |           18.130453|            39.736351|           0.419107|        58.285915
16   |*genblk1_7_rippleAdder_HIGH|           17.894228|            41.520527|           0.417014|        59.831768
17   |*genblk2_0_select          |            9.571729|            23.415352|           0.179642|        33.166721
18   |*genblk2_1_select          |            8.676222|            23.433165|           0.179642|        32.289028
19   |*genblk2_2_select          |            8.675467|            23.450071|           0.179642|        32.305183
20   |*genblk2_3_select          |            8.675654|            23.476551|           0.179642|        32.331848
21   |*genblk2_4_select          |            8.675793|            23.493692|           0.179642|        32.349125
22   |*genblk2_5_select          |            8.676005|            23.520178|           0.179642|        32.375828
23   |*genblk2_6_select          |            8.676142|            23.537317|           0.179642|        32.393101
24   |*genblk2_7_select          |            8.689955|            25.186005|           0.179642|        34.055599
25   |*i_0_0_0                   |            0.520488|             0.976655|           0.017393|         1.514536
26   |*i_0_0_1                   |            1.039903|             1.316520|           0.014353|         2.370776
27   |*i_0_0_2                   |            1.798978|             4.756795|           0.036441|         6.592215
28   |                           |                    |                     |                   |                 
29   |*TOTAL                     |          361.873749|           846.617371|           8.194292|      1216.685425
-----+---------------------------+--------------------+---------------------+-------------------+-----------------
