Report for group default
Report for group I2R
Report for group I2O
------------------------------------------------------------------------------------------------------------------------------------------------------------
Startpoint: A[1]
    (Clocked by rtDefaultClock R)
Endpoint: OVF
    (Clocked by vsysclk R)
Path Group: I2O
Data required time: 19500.0
    (Clock shift: 20000.0, minus Uncertainty: 0.0, plus Latency 0.0, minus Out delay: 500.0)
Data arrival time: 2059.8
Slack: 17440.2
Logic depth: 17
------------------------------------------------------------------------------------------------------------------------------------------------------------
                                                     Arrival               Arc      Net               Net    Total   fan-                                   
Path                     Module/Cell           Edge     Time    Delay    Delay    Delay     Slew     Load     Load    out     Location Power Domain      (V)
                                                        (ps)     (ps)     (ps)     (ps)     (ps)     (ff)     (ff)    (#)      (um,um)                      
------------------------------------------------------------------------------------------------------------------------------------------------------------
A[1]                     {set_input_delay}        f   1000.0   1000.0   1000.0                        5.6     22.5      4     0,   44                       
genblk1_0_rippleAdder_HIGH/genblk1_1_FullAdder/i_0_0/A->Z
                         XOR2_X2                 ff   1096.0     95.5     95.5      0.0    100.0      1.4      8.5      2    43,   43  /PD_TOP        (1.10)
genblk1_0_rippleAdder_HIGH/genblk1_1_FullAdder/i_0_2/B1->ZN
                         AOI22_X4                fr   1168.1     72.1     72.1      0.0     14.8      0.7     26.2      1    43,   43  /PD_TOP        (1.10)
genblk1_0_rippleAdder_HIGH/genblk1_1_FullAdder/i_0_3/A->ZN
                         INV_X8                  rf   1176.7      8.6      8.6      0.0     50.8      1.4      8.9      2    43,   43  /PD_TOP        (1.10)
genblk1_0_rippleAdder_HIGH/genblk1_2_FullAdder/i_0_2/B2->ZN
                         AOI22_X4                fr   1248.7     72.0     72.0      0.0      4.0      0.7     26.2      1    43,   43  /PD_TOP        (1.10)
genblk1_0_rippleAdder_HIGH/genblk1_2_FullAdder/i_0_3/A->ZN
                         INV_X8                  rf   1257.3      8.6      8.6      0.0     50.8      1.4      8.9      2    43,   43  /PD_TOP        (1.10)
genblk1_0_rippleAdder_HIGH/genblk1_3_FullAdder/i_0_2/B2->ZN
                         AOI22_X4                fr   1329.3     72.0     72.0      0.0      4.0      0.7     26.2      1    43,   43  /PD_TOP        (1.10)
genblk1_0_rippleAdder_HIGH/genblk1_3_FullAdder/i_0_3/A->ZN
                         INV_X8                  rf   1334.3      5.0      5.0      0.0     50.8      0.6      2.0      1    43,   43  /PD_TOP        (1.10)
genblk2_0_select/i_0_4/B->Z
                         MUX2_X2                 ff   1401.3     67.0     67.0      0.0      3.2      3.6     15.0      5    43,   43  /PD_TOP        (1.10)
genblk2_1_select/i_0_4/S->Z
                         MUX2_X2                 fr   1479.9     78.6     78.5      0.1     16.6      3.6     15.0      5    43,   43  /PD_TOP        (1.10)
genblk2_2_select/i_0_4/S->Z
                         MUX2_X2                 rf   1569.7     89.8     89.7      0.1     21.7      3.6     15.0      5    43,   43  /PD_TOP        (1.10)
genblk2_3_select/i_0_4/S->Z
                         MUX2_X2                 fr   1648.3     78.6     78.5      0.1     16.6      3.6     15.0      5    43,   43  /PD_TOP        (1.10)
genblk2_4_select/i_0_4/S->Z
                         MUX2_X2                 rf   1738.1     89.8     89.7      0.1     21.7      3.6     15.0      5    43,   43  /PD_TOP        (1.10)
genblk2_5_select/i_0_4/S->Z
                         MUX2_X2                 fr   1816.7     78.6     78.5      0.1     16.6      3.6     15.0      5    43,   43  /PD_TOP        (1.10)
genblk2_6_select/i_0_4/S->Z
                         MUX2_X2                 rf   1906.5     89.8     89.7      0.1     21.7      3.6     15.0      5    43,   43  /PD_TOP        (1.10)
genblk2_7_select/i_0_3/S->Z
                         MUX2_X2                 fr   1991.9     85.4     85.3      0.1     16.6      0.7     20.5      2    43,   43  /PD_TOP        (1.10)
i_0_0_0/A2->ZN           NAND2_X4                rf   2009.0     17.1     17.1      0.0     27.8      0.6      4.3      1    43,   43  /PD_TOP        (1.10)
i_0_0_2/B->ZN            XNOR2_X2                ff   2059.2     50.2     50.2      0.0      7.0      5.7     15.7      1    43,   43  /PD_TOP        (1.10)
OVF                                               f   2059.8      0.6               0.6     21.3                             45,   84                       
------------------------------------------------------------------------------------------------------------------------------------------------------------
Report for group R2O
