Report 'report_power_summary': Power
Generated on Thu Dec 22 21:39:39 2022
  
--------------------------------------------------------------------------
|                        Power Summary (nanowatt)                        |
|------------------------------------------------------------------------|
| Component          Internal Switching  Dynamic Leakage  Total  Percent | 
|------------------------------------------------------------------------|
| Entire design        193461     85332   278793   84842  363635  100.00 | 
|                                                                        | 
| Power of all cells   193461     44955   238416   84842  323258   88.90 | 
|   Clock cells         22483     11417    33900     348   34247    9.42 | 
|   Data cells         170973     33538   204511   84495  289006   79.48 | 
|     Combinational         0         0        0   77844   77844   21.41 | 
|     Registers        170973     33538   204511    6651  211162   58.07 | 
|     Macros                0         0        0       0       0    0.00 | 
|     Physical              0         0        0       0       0    0.00 | 
|                                                                        | 
| Power of all nets               40377    40377           40377   11.10 | 
|   Clock nets                    40377    40377           40377   11.10 | 
|     Clock leaves                30108    30108           30108    8.28 | 
|   Data nets                         0        0               0    0.00 | 
--------------------------------------------------------------------------


info UI33: performed report_power_summary for 0 sec (CPU time: 0 sec; MEM: RSS - 434M, CVMEM - 1775M, PVMEM - 2263M)
-----------------------------------------------------------------------------------------------------------------------------------------------
| Corner     Enable Setup Hold  CRPR       SI   Power            EM   Voltage Drop DRC        Process                    RC Temp Scale Factor | 
|---------------------------------------------------------------------------------------------------------------------------------------------|
| slow       false  true  false setup_hold none leakage          none none         trans, cap new_rcmaster_techFreePDK45 25      1            | 
| fast       false  false false setup_hold none leakage          none none         trans, cap new_rcmaster_techFreePDK45 25      1            | 
| corner_0_0 true   true  true  setup_hold none leakage, dynamic none none         trans, cap new_rcmaster_techFreePDK45 25      1            | 
-----------------------------------------------------------------------------------------------------------------------------------------------


