Report Physical info: 
------------------------+-------------+-----------+------------
                        |             |Area (squm)|Leakage (uW)
------------------------+-------------+-----------+------------
Design Name             |CIA          |           |            
  Total Instances       |          180|        230|       5.352
    Macros              |            0|          0|       0.000
    Pads                |            0|          0|       0.000
    Phys                |            0|          0|       0.000
    Blackboxes          |            0|          0|       0.000
    Cells               |          180|        230|       5.352
      Buffers           |            0|          0|       0.000
      Inverters         |           26|         14|       0.373
      Clock-Gates       |            0|          0|       0.000
      Combinational     |          154|        216|       4.979
      Latches           |            0|          0|       0.000
      FlipFlops         |            0|          0|       0.000
       Single-Bit FF    |            0|          0|       0.000
       Multi-Bit FF     |            0|          0|       0.000
       Clock-Gated      |            0|           |            
       Bits             |            0|          0|       0.000
         Load-Enabled   |            0|           |            
         Clock-Gated    |            0|           |            
  Tristate Pin Count    |            0|           |            
Physical Info           |Placed       |           |            
  Chip Size (mm x mm)   |0.080 x 0.080|       6331|            
  Fixed Cell Area       |             |          0|            
    Phys Only           |            0|          0|            
  Placeable Area        |             |        356|            
  Movable Cell Area     |             |        230|            
  Utilization (%)       |           64|           |            
  Chip Utilization (%)  |           64|           |            
  Total Wire Length (mm)|        4.102|           |            
  Longest Wire (mm)     |        0.043|           |            
  Average Wire (mm)     |        0.041|           |            
------------------------+-------------+-----------+------------
