Report End Points: 
-----+-------+------+-------+-----+-----+-----+-----+-----------+---------
     |Group  |Launch|Capture|Shift|Delay|Depth|Slack|Begin Point|End Point
-----+-------+------+-------+-----+-----+-----+-----+-----------+---------
1    |default|      |       |     |     |     |     |           |         
-----+-------+------+-------+-----+-----+-----+-----+-----------+---------
Report End Points: 
-----+-----+------+-------+-----+-----+-----+-----+-----------+---------
     |Group|Launch|Capture|Shift|Delay|Depth|Slack|Begin Point|End Point
-----+-----+------+-------+-----+-----+-----+-----+-----------+---------
1    |I2R  |      |       |     |     |     |     |           |         
-----+-----+------+-------+-----+-----+-----+-----+-----------+---------
Report End Points: 
-----+-----+--------------+-------+-------+------+-----+-------+-----------+---------
     |Group|Launch        |Capture|Shift  |Delay |Depth|Slack  |Begin Point|End Point
-----+-----+--------------+-------+-------+------+-----+-------+-----------+---------
1    |I2O  |rtDefaultClock|vsysclk|20000.0|1571.7|   45|16928.3|A[0]       |OVF      
2    |I2O  |rtDefaultClock|vsysclk|20000.0|1497.9|   44|17002.1|A[0]       |COUT     
3    |I2O  |rtDefaultClock|vsysclk|20000.0|1496.4|   43|17003.6|A[0]       |SUM[31]  
-----+-----+--------------+-------+-------+------+-----+-------+-----------+---------
Report End Points: 
-----+-----+------+-------+-----+-----+-----+-----+-----------+---------
     |Group|Launch|Capture|Shift|Delay|Depth|Slack|Begin Point|End Point
-----+-----+------+-------+-----+-----+-----+-----+-----------+---------
1    |R2O  |      |       |     |     |     |     |           |         
-----+-----+------+-------+-----+-----+-----+-----+-----------+---------
