warning: No library characterized for (process = 1.00 voltage = 0.85 temperature = 25.00) can be found in the database for power domain '/PD_TOP'  [NL-174]
Report Power (instances with prefix '*' are included in total) : 
-----+----------------------+--------------------+---------------------+-------------------+-----------------
     | Instance             | Internal Power(uw) | Switching Power(uw) | Leakage Power(uw) | Total Power(uw) 
-----+----------------------+--------------------+---------------------+-------------------+-----------------
1    |*genblk2_0_rippleAdder|           20.325312|            69.537758|           0.477170|        90.340240
2    |*genblk2_1_rippleAdder|           18.144173|            45.555439|           0.419107|        64.118721
3    |*genblk2_2_rippleAdder|           18.144173|            45.555439|           0.419107|        64.118721
4    |*genblk2_3_rippleAdder|           18.144173|            45.555439|           0.419107|        64.118721
5    |*genblk2_4_rippleAdder|           18.144173|            45.555439|           0.419107|        64.118721
6    |*genblk2_5_rippleAdder|           18.144173|            45.555439|           0.419107|        64.118721
7    |*genblk2_6_rippleAdder|           18.144173|            45.555439|           0.419107|        64.118721
8    |*genblk2_7_rippleAdder|           18.144173|            45.555439|           0.419107|        64.118721
9    |*genblk3_1_incByOneSt |           10.317278|            23.279341|           0.267614|        33.864231
10   |*genblk3_2_incByOneSt |           10.322677|            23.340876|           0.267614|        33.931168
11   |*genblk3_3_incByOneSt |           10.322981|            23.352875|           0.267614|        33.943474
12   |*genblk3_4_incByOneSt |           10.322934|            23.385633|           0.267614|        33.976185
13   |*genblk3_5_incByOneSt |           10.322915|            23.396542|           0.267614|        33.987072
14   |*genblk3_6_incByOneSt |           10.322857|            23.429262|           0.267614|        34.019737
15   |*genblk3_7_incByOneSt |           10.385669|            27.294397|           0.267614|        37.947685
16   |*i_0_0_0              |            0.583696|             0.976654|           0.017393|         1.577744
17   |*i_0_0_1              |            1.039903|             1.316520|           0.014353|         2.370776
18   |*i_0_0_2              |            1.799723|             4.664086|           0.036441|         6.500251
19   |                      |                    |                     |                   |                 
20   |*TOTAL                |          223.075150|           562.861938|           5.352408|       791.289490
-----+----------------------+--------------------+---------------------+-------------------+-----------------
